[ 2017-03-18T09:48:26+08:00 ] 192.168.1.99 /index.php/Mobile/Changepw/index.html
INFO: [ app_init ] --START--
INFO: Run Behavior\BuildLiteBehavior [ RunTime:0.000000s ]
INFO: [ app_init ] --END-- [ RunTime:0.001000s ]
INFO: [ app_begin ] --START--
INFO: Run Behavior\ReadHtmlCacheBehavior [ RunTime:0.001000s ]
INFO: [ app_begin ] --END-- [ RunTime:0.001000s ]
SQL: SHOW COLUMNS FROM `setting` [ RunTime:0.0060s ]
SQL: SELECT * FROM `setting`  [ RunTime:0.0010s ]
INFO: [ view_parse ] --START--
INFO: [ template_filter ] --START--
INFO: Run Behavior\ContentReplaceBehavior [ RunTime:0.000000s ]
INFO: [ template_filter ] --END-- [ RunTime:0.000000s ]
INFO: Run Behavior\ParseTemplateBehavior [ RunTime:0.012000s ]
INFO: [ view_parse ] --END-- [ RunTime:0.012000s ]
INFO: [ view_filter ] --START--
INFO: Run Behavior\WriteHtmlCacheBehavior [ RunTime:0.001001s ]
INFO: [ view_filter ] --END-- [ RunTime:0.001001s ]
INFO: [ app_end ] --START--
INFO: Run Behavior\ShowPageTraceBehavior [ RunTime:0.001000s ]
INFO: [ app_end ] --END-- [ RunTime:0.001000s ]

[ 2017-03-18T09:48:29+08:00 ] 192.168.1.99 /index.php/Mobile/Index/index.html
INFO: [ app_init ] --START--
INFO: Run Behavior\BuildLiteBehavior [ RunTime:0.000000s ]
INFO: [ app_init ] --END-- [ RunTime:0.001000s ]
INFO: [ app_begin ] --START--
INFO: Run Behavior\ReadHtmlCacheBehavior [ RunTime:0.001000s ]
INFO: [ app_begin ] --END-- [ RunTime:0.001000s ]
SQL: SHOW COLUMNS FROM `setting` [ RunTime:0.0050s ]
SQL: SELECT * FROM `setting`  [ RunTime:0.0000s ]
SQL: SHOW COLUMNS FROM `num` [ RunTime:0.0060s ]
SQL: SHOW COLUMNS FROM `page` [ RunTime:0.0060s ]
SQL: SHOW COLUMNS FROM `link_exch` [ RunTime:0.0060s ]
SQL: SELECT COUNT(*) AS tp_count FROM `page` LIMIT 1   [ RunTime:0.0000s ]
SQL: SELECT * FROM `page`  [ RunTime:0.0010s ]
SQL: SELECT COUNT(*) AS tp_count FROM `page` LIMIT 1   [ RunTime:0.0000s ]
SQL: UPDATE `num` SET `val`='13' WHERE `key` = 'page' [ RunTime:0.3860s ]
SQL: SHOW COLUMNS FROM `msg` [ RunTime:0.0060s ]
SQL: SELECT COUNT(*) AS tp_count FROM `msg` LIMIT 1   [ RunTime:0.0000s ]
SQL: UPDATE `num` SET `val`='7' WHERE `key` = 'msg' [ RunTime:0.0020s ]
SQL: SHOW COLUMNS FROM `user` [ RunTime:0.0060s ]
SQL: SELECT COUNT(*) AS tp_count FROM `user` LIMIT 1   [ RunTime:0.0000s ]
SQL: UPDATE `num` SET `val`='1' WHERE `key` = 'user' [ RunTime:0.0030s ]
SQL: SHOW COLUMNS FROM `submit` [ RunTime:0.0070s ]
SQL: SELECT COUNT(*) AS tp_count FROM `submit` LIMIT 1   [ RunTime:0.0000s ]
SQL: UPDATE `num` SET `val`='12' WHERE `key` = 'submit' [ RunTime:0.0030s ]
NOTIC: [8] Undefined variable: zancount C:\www\tpblog\Application\Mobile\Controller\IndexController.class.php 第 73 行.
SQL: UPDATE `num` SET `val`='1008' WHERE `key` = 'zan' [ RunTime:0.0010s ]
NOTIC: [8] Undefined variable: readcount C:\www\tpblog\Application\Mobile\Controller\IndexController.class.php 第 83 行.
SQL: UPDATE `num` SET `val`='1424' WHERE `key` = 'read' [ RunTime:0.0040s ]
SQL: SELECT * FROM `num` WHERE `key` = 'vst' LIMIT 1   [ RunTime:0.0010s ]
SQL: SELECT * FROM `num`  [ RunTime:0.0000s ]
SQL: UPDATE `num` SET `val`='1732' WHERE `key` = 'vst' [ RunTime:0.0040s ]
SQL: SELECT * FROM `page` ORDER BY pid desc LIMIT 0,10   [ RunTime:0.0010s ]
SQL: SELECT * FROM `page` WHERE `img` <> '' ORDER BY pid desc LIMIT 0,10   [ RunTime:0.0010s ]
SQL: SELECT * FROM `link_exch` ORDER BY lid desc  [ RunTime:0.0000s ]
INFO: [ view_parse ] --START--
INFO: [ template_filter ] --START--
INFO: Run Behavior\ContentReplaceBehavior [ RunTime:0.000000s ]
INFO: [ template_filter ] --END-- [ RunTime:0.000000s ]
SQL: SHOW COLUMNS FROM `classes` [ RunTime:0.0060s ]
SQL: SELECT * FROM `classes` WHERE `name` = '教程'  [ RunTime:0.0000s ]
SQL: SELECT * FROM `classes` WHERE `name` = ''  [ RunTime:0.0010s ]
NOTIC: [8] Undefined offset: 0 C:\www\tpblog\Application\Runtime\Cache\Mobile\7ec09d81604f503b335cba670e471690.php 第 140 行.
SQL: SELECT * FROM `classes` WHERE `name` = ''  [ RunTime:0.0010s ]
NOTIC: [8] Undefined offset: 0 C:\www\tpblog\Application\Runtime\Cache\Mobile\7ec09d81604f503b335cba670e471690.php 第 140 行.
SQL: SELECT * FROM `classes` WHERE `name` = '未分类'  [ RunTime:0.0000s ]
SQL: SELECT * FROM `classes` WHERE `name` = '下载'  [ RunTime:0.0000s ]
SQL: SELECT * FROM `classes` WHERE `name` = '教程'  [ RunTime:0.0010s ]
SQL: SELECT * FROM `classes` WHERE `name` = '未分类'  [ RunTime:0.0010s ]
SQL: SELECT * FROM `classes` WHERE `name` = '未分类'  [ RunTime:0.0000s ]
SQL: SELECT * FROM `classes` WHERE `name` = '未分类'  [ RunTime:0.0000s ]
SQL: SELECT * FROM `classes` WHERE `name` = '未分类'  [ RunTime:0.0010s ]
INFO: Run Behavior\ParseTemplateBehavior [ RunTime:0.023002s ]
INFO: [ view_parse ] --END-- [ RunTime:0.023002s ]
INFO: [ view_filter ] --START--
INFO: Run Behavior\WriteHtmlCacheBehavior [ RunTime:0.000000s ]
INFO: [ view_filter ] --END-- [ RunTime:0.000000s ]
INFO: [ app_end ] --START--
INFO: Run Behavior\ShowPageTraceBehavior [ RunTime:0.001000s ]
INFO: [ app_end ] --END-- [ RunTime:0.001000s ]

[ 2017-03-18T09:48:50+08:00 ] 192.168.1.99 /index.php/Mobile/Index/index.html
INFO: [ app_init ] --START--
INFO: Run Behavior\BuildLiteBehavior [ RunTime:0.000000s ]
INFO: [ app_init ] --END-- [ RunTime:0.000000s ]
INFO: [ app_begin ] --START--
INFO: Run Behavior\ReadHtmlCacheBehavior [ RunTime:0.001000s ]
INFO: [ app_begin ] --END-- [ RunTime:0.001000s ]
SQL: SHOW COLUMNS FROM `setting` [ RunTime:0.0060s ]
SQL: SELECT * FROM `setting`  [ RunTime:0.0010s ]
SQL: SHOW COLUMNS FROM `num` [ RunTime:0.0060s ]
SQL: SHOW COLUMNS FROM `page` [ RunTime:0.0060s ]
SQL: SHOW COLUMNS FROM `link_exch` [ RunTime:0.0060s ]
SQL: SELECT COUNT(*) AS tp_count FROM `page` LIMIT 1   [ RunTime:0.0010s ]
SQL: SELECT * FROM `page`  [ RunTime:0.0000s ]
SQL: SELECT COUNT(*) AS tp_count FROM `page` LIMIT 1   [ RunTime:0.0000s ]
SQL: UPDATE `num` SET `val`='13' WHERE `key` = 'page' [ RunTime:0.0050s ]
SQL: SHOW COLUMNS FROM `msg` [ RunTime:0.0060s ]
SQL: SELECT COUNT(*) AS tp_count FROM `msg` LIMIT 1   [ RunTime:0.0010s ]
SQL: UPDATE `num` SET `val`='7' WHERE `key` = 'msg' [ RunTime:0.0050s ]
SQL: SHOW COLUMNS FROM `user` [ RunTime:0.0070s ]
SQL: SELECT COUNT(*) AS tp_count FROM `user` LIMIT 1   [ RunTime:0.0000s ]
SQL: UPDATE `num` SET `val`='1' WHERE `key` = 'user' [ RunTime:0.0020s ]
SQL: SHOW COLUMNS FROM `submit` [ RunTime:0.0060s ]
SQL: SELECT COUNT(*) AS tp_count FROM `submit` LIMIT 1   [ RunTime:0.0010s ]
SQL: UPDATE `num` SET `val`='12' WHERE `key` = 'submit' [ RunTime:0.0030s ]
NOTIC: [8] Undefined variable: zancount C:\www\tpblog\Application\Mobile\Controller\IndexController.class.php 第 73 行.
SQL: UPDATE `num` SET `val`='1008' WHERE `key` = 'zan' [ RunTime:0.0030s ]
NOTIC: [8] Undefined variable: readcount C:\www\tpblog\Application\Mobile\Controller\IndexController.class.php 第 83 行.
SQL: UPDATE `num` SET `val`='1424' WHERE `key` = 'read' [ RunTime:0.0030s ]
SQL: SELECT * FROM `num` WHERE `key` = 'vst' LIMIT 1   [ RunTime:0.0000s ]
SQL: SELECT * FROM `num`  [ RunTime:0.0010s ]
SQL: UPDATE `num` SET `val`='1733' WHERE `key` = 'vst' [ RunTime:0.0030s ]
SQL: SELECT * FROM `page` ORDER BY pid desc LIMIT 0,10   [ RunTime:0.0010s ]
SQL: SELECT * FROM `page` WHERE `img` <> '' ORDER BY pid desc LIMIT 0,10   [ RunTime:0.0010s ]
SQL: SELECT * FROM `link_exch` ORDER BY lid desc  [ RunTime:0.0000s ]
INFO: [ view_parse ] --START--
INFO: [ template_filter ] --START--
INFO: Run Behavior\ContentReplaceBehavior [ RunTime:0.000000s ]
INFO: [ template_filter ] --END-- [ RunTime:0.000000s ]
SQL: SHOW COLUMNS FROM `classes` [ RunTime:0.0060s ]
SQL: SELECT * FROM `classes` WHERE `name` = '教程'  [ RunTime:0.0010s ]
SQL: SELECT * FROM `classes` WHERE `name` = ''  [ RunTime:0.0010s ]
NOTIC: [8] Undefined offset: 0 C:\www\tpblog\Application\Runtime\Cache\Mobile\7ec09d81604f503b335cba670e471690.php 第 140 行.
SQL: SELECT * FROM `classes` WHERE `name` = ''  [ RunTime:0.0010s ]
NOTIC: [8] Undefined offset: 0 C:\www\tpblog\Application\Runtime\Cache\Mobile\7ec09d81604f503b335cba670e471690.php 第 140 行.
SQL: SELECT * FROM `classes` WHERE `name` = '未分类'  [ RunTime:0.0010s ]
SQL: SELECT * FROM `classes` WHERE `name` = '下载'  [ RunTime:0.0000s ]
SQL: SELECT * FROM `classes` WHERE `name` = '教程'  [ RunTime:0.0000s ]
SQL: SELECT * FROM `classes` WHERE `name` = '未分类'  [ RunTime:0.0010s ]
SQL: SELECT * FROM `classes` WHERE `name` = '未分类'  [ RunTime:0.0010s ]
SQL: SELECT * FROM `classes` WHERE `name` = '未分类'  [ RunTime:0.0000s ]
SQL: SELECT * FROM `classes` WHERE `name` = '未分类'  [ RunTime:0.0000s ]
INFO: Run Behavior\ParseTemplateBehavior [ RunTime:0.023001s ]
INFO: [ view_parse ] --END-- [ RunTime:0.023001s ]
INFO: [ view_filter ] --START--
INFO: Run Behavior\WriteHtmlCacheBehavior [ RunTime:0.000000s ]
INFO: [ view_filter ] --END-- [ RunTime:0.001000s ]
INFO: [ app_end ] --START--
INFO: Run Behavior\ShowPageTraceBehavior [ RunTime:0.001001s ]
INFO: [ app_end ] --END-- [ RunTime:0.001001s ]

[ 2017-03-18T09:48:57+08:00 ] 192.168.1.99 /index.php/Mobile/Index/index.html
INFO: [ app_init ] --START--
INFO: Run Behavior\BuildLiteBehavior [ RunTime:0.000000s ]
INFO: [ app_init ] --END-- [ RunTime:0.001000s ]
INFO: [ app_begin ] --START--
INFO: Run Behavior\ReadHtmlCacheBehavior [ RunTime:0.001000s ]
INFO: [ app_begin ] --END-- [ RunTime:0.001000s ]
SQL: SHOW COLUMNS FROM `setting` [ RunTime:0.0060s ]
SQL: SELECT * FROM `setting`  [ RunTime:0.0010s ]
SQL: SHOW COLUMNS FROM `num` [ RunTime:0.0060s ]
SQL: SHOW COLUMNS FROM `page` [ RunTime:0.0050s ]
SQL: SHOW COLUMNS FROM `link_exch` [ RunTime:0.0060s ]
SQL: SELECT COUNT(*) AS tp_count FROM `page` LIMIT 1   [ RunTime:0.0000s ]
SQL: SELECT * FROM `page`  [ RunTime:0.0010s ]
SQL: SELECT COUNT(*) AS tp_count FROM `page` LIMIT 1   [ RunTime:0.0010s ]
SQL: UPDATE `num` SET `val`='13' WHERE `key` = 'page' [ RunTime:0.0060s ]
SQL: SHOW COLUMNS FROM `msg` [ RunTime:0.0060s ]
SQL: SELECT COUNT(*) AS tp_count FROM `msg` LIMIT 1   [ RunTime:0.0010s ]
SQL: UPDATE `num` SET `val`='7' WHERE `key` = 'msg' [ RunTime:0.0300s ]
SQL: SHOW COLUMNS FROM `user` [ RunTime:0.0050s ]
SQL: SELECT COUNT(*) AS tp_count FROM `user` LIMIT 1   [ RunTime:0.0010s ]
SQL: UPDATE `num` SET `val`='1' WHERE `key` = 'user' [ RunTime:0.0040s ]
SQL: SHOW COLUMNS FROM `submit` [ RunTime:0.0060s ]
SQL: SELECT COUNT(*) AS tp_count FROM `submit` LIMIT 1   [ RunTime:0.0010s ]
SQL: UPDATE `num` SET `val`='12' WHERE `key` = 'submit' [ RunTime:0.0040s ]
NOTIC: [8] Undefined variable: zancount C:\www\tpblog\Application\Mobile\Controller\IndexController.class.php 第 73 行.
SQL: UPDATE `num` SET `val`='1008' WHERE `key` = 'zan' [ RunTime:0.0020s ]
NOTIC: [8] Undefined variable: readcount C:\www\tpblog\Application\Mobile\Controller\IndexController.class.php 第 83 行.
SQL: UPDATE `num` SET `val`='1424' WHERE `key` = 'read' [ RunTime:0.0020s ]
SQL: SELECT * FROM `num` WHERE `key` = 'vst' LIMIT 1   [ RunTime:0.0000s ]
SQL: SELECT * FROM `num`  [ RunTime:0.0000s ]
SQL: UPDATE `num` SET `val`='1734' WHERE `key` = 'vst' [ RunTime:0.0020s ]
SQL: SELECT * FROM `page` ORDER BY pid desc LIMIT 0,10   [ RunTime:0.0010s ]
SQL: SELECT * FROM `page` WHERE `img` <> '' ORDER BY pid desc LIMIT 0,10   [ RunTime:0.0000s ]
SQL: SELECT * FROM `link_exch` ORDER BY lid desc  [ RunTime:0.0000s ]
INFO: [ view_parse ] --START--
INFO: [ template_filter ] --START--
INFO: Run Behavior\ContentReplaceBehavior [ RunTime:0.000000s ]
INFO: [ template_filter ] --END-- [ RunTime:0.000000s ]
SQL: SHOW COLUMNS FROM `classes` [ RunTime:0.0050s ]
SQL: SELECT * FROM `classes` WHERE `name` = '教程'  [ RunTime:0.0000s ]
SQL: SELECT * FROM `classes` WHERE `name` = ''  [ RunTime:0.0010s ]
NOTIC: [8] Undefined offset: 0 C:\www\tpblog\Application\Runtime\Cache\Mobile\7ec09d81604f503b335cba670e471690.php 第 140 行.
SQL: SELECT * FROM `classes` WHERE `name` = ''  [ RunTime:0.0010s ]
NOTIC: [8] Undefined offset: 0 C:\www\tpblog\Application\Runtime\Cache\Mobile\7ec09d81604f503b335cba670e471690.php 第 140 行.
SQL: SELECT * FROM `classes` WHERE `name` = '未分类'  [ RunTime:0.0010s ]
SQL: SELECT * FROM `classes` WHERE `name` = '下载'  [ RunTime:0.0000s ]
SQL: SELECT * FROM `classes` WHERE `name` = '教程'  [ RunTime:0.0010s ]
SQL: SELECT * FROM `classes` WHERE `name` = '未分类'  [ RunTime:0.0010s ]
SQL: SELECT * FROM `classes` WHERE `name` = '未分类'  [ RunTime:0.0000s ]
SQL: SELECT * FROM `classes` WHERE `name` = '未分类'  [ RunTime:0.0000s ]
SQL: SELECT * FROM `classes` WHERE `name` = '未分类'  [ RunTime:0.0010s ]
INFO: Run Behavior\ParseTemplateBehavior [ RunTime:0.024001s ]
INFO: [ view_parse ] --END-- [ RunTime:0.024001s ]
INFO: [ view_filter ] --START--
INFO: Run Behavior\WriteHtmlCacheBehavior [ RunTime:0.000000s ]
INFO: [ view_filter ] --END-- [ RunTime:0.000000s ]
INFO: [ app_end ] --START--
INFO: Run Behavior\ShowPageTraceBehavior [ RunTime:0.000000s ]
INFO: [ app_end ] --END-- [ RunTime:0.000000s ]

[ 2017-03-18T09:49:24+08:00 ] 192.168.1.99 /index.php/Mobile/Index/index.html
INFO: [ app_init ] --START--
INFO: Run Behavior\BuildLiteBehavior [ RunTime:0.000000s ]
INFO: [ app_init ] --END-- [ RunTime:0.001001s ]
INFO: [ app_begin ] --START--
INFO: Run Behavior\ReadHtmlCacheBehavior [ RunTime:0.000000s ]
INFO: [ app_begin ] --END-- [ RunTime:0.000000s ]
SQL: SHOW COLUMNS FROM `setting` [ RunTime:0.0050s ]
SQL: SELECT * FROM `setting`  [ RunTime:0.0000s ]
SQL: SHOW COLUMNS FROM `num` [ RunTime:0.0050s ]
SQL: SHOW COLUMNS FROM `page` [ RunTime:0.0060s ]
SQL: SHOW COLUMNS FROM `link_exch` [ RunTime:0.0060s ]
SQL: SELECT COUNT(*) AS tp_count FROM `page` LIMIT 1   [ RunTime:0.0010s ]
SQL: SELECT * FROM `page`  [ RunTime:0.0010s ]
SQL: SELECT COUNT(*) AS tp_count FROM `page` LIMIT 1   [ RunTime:0.0010s ]
SQL: UPDATE `num` SET `val`='13' WHERE `key` = 'page' [ RunTime:0.0050s ]
SQL: SHOW COLUMNS FROM `msg` [ RunTime:0.0060s ]
SQL: SELECT COUNT(*) AS tp_count FROM `msg` LIMIT 1   [ RunTime:0.0010s ]
SQL: UPDATE `num` SET `val`='7' WHERE `key` = 'msg' [ RunTime:0.0020s ]
SQL: SHOW COLUMNS FROM `user` [ RunTime:0.0060s ]
SQL: SELECT COUNT(*) AS tp_count FROM `user` LIMIT 1   [ RunTime:0.0010s ]
SQL: UPDATE `num` SET `val`='1' WHERE `key` = 'user' [ RunTime:0.0020s ]
SQL: SHOW COLUMNS FROM `submit` [ RunTime:0.0050s ]
SQL: SELECT COUNT(*) AS tp_count FROM `submit` LIMIT 1   [ RunTime:0.0010s ]
SQL: UPDATE `num` SET `val`='12' WHERE `key` = 'submit' [ RunTime:0.0020s ]
NOTIC: [8] Undefined variable: zancount C:\www\tpblog\Application\Mobile\Controller\IndexController.class.php 第 73 行.
SQL: UPDATE `num` SET `val`='1008' WHERE `key` = 'zan' [ RunTime:0.0030s ]
NOTIC: [8] Undefined variable: readcount C:\www\tpblog\Application\Mobile\Controller\IndexController.class.php 第 83 行.
SQL: UPDATE `num` SET `val`='1424' WHERE `key` = 'read' [ RunTime:0.0030s ]
SQL: SELECT * FROM `num` WHERE `key` = 'vst' LIMIT 1   [ RunTime:0.0010s ]
SQL: SELECT * FROM `num`  [ RunTime:0.0000s ]
SQL: UPDATE `num` SET `val`='1735' WHERE `key` = 'vst' [ RunTime:0.0040s ]
SQL: SELECT * FROM `page` ORDER BY pid desc LIMIT 0,10   [ RunTime:0.0010s ]
SQL: SELECT * FROM `page` WHERE `img` <> '' ORDER BY pid desc LIMIT 0,10   [ RunTime:0.0010s ]
SQL: SELECT * FROM `link_exch` ORDER BY lid desc  [ RunTime:0.0000s ]
INFO: [ view_parse ] --START--
INFO: [ template_filter ] --START--
INFO: Run Behavior\ContentReplaceBehavior [ RunTime:0.000000s ]
INFO: [ template_filter ] --END-- [ RunTime:0.000000s ]
SQL: SHOW COLUMNS FROM `classes` [ RunTime:0.0050s ]
SQL: SELECT * FROM `classes` WHERE `name` = '教程'  [ RunTime:0.0010s ]
SQL: SELECT * FROM `classes` WHERE `name` = ''  [ RunTime:0.0010s ]
NOTIC: [8] Undefined offset: 0 C:\www\tpblog\Application\Runtime\Cache\Mobile\7ec09d81604f503b335cba670e471690.php 第 131 行.
SQL: SELECT * FROM `classes` WHERE `name` = ''  [ RunTime:0.0000s ]
NOTIC: [8] Undefined offset: 0 C:\www\tpblog\Application\Runtime\Cache\Mobile\7ec09d81604f503b335cba670e471690.php 第 131 行.
SQL: SELECT * FROM `classes` WHERE `name` = '未分类'  [ RunTime:0.0000s ]
SQL: SELECT * FROM `classes` WHERE `name` = '下载'  [ RunTime:0.0010s ]
SQL: SELECT * FROM `classes` WHERE `name` = '教程'  [ RunTime:0.0010s ]
SQL: SELECT * FROM `classes` WHERE `name` = '未分类'  [ RunTime:0.0010s ]
SQL: SELECT * FROM `classes` WHERE `name` = '未分类'  [ RunTime:0.0000s ]
SQL: SELECT * FROM `classes` WHERE `name` = '未分类'  [ RunTime:0.0000s ]
SQL: SELECT * FROM `classes` WHERE `name` = '未分类'  [ RunTime:0.0010s ]
INFO: Run Behavior\ParseTemplateBehavior [ RunTime:0.023001s ]
INFO: [ view_parse ] --END-- [ RunTime:0.023001s ]
INFO: [ view_filter ] --START--
INFO: Run Behavior\WriteHtmlCacheBehavior [ RunTime:0.000000s ]
INFO: [ view_filter ] --END-- [ RunTime:0.000000s ]
INFO: [ app_end ] --START--
INFO: Run Behavior\ShowPageTraceBehavior [ RunTime:0.001000s ]
INFO: [ app_end ] --END-- [ RunTime:0.001000s ]

[ 2017-03-18T09:49:35+08:00 ] 192.168.1.99 /index.php/Mobile/Index/index.html
INFO: [ app_init ] --START--
INFO: Run Behavior\BuildLiteBehavior [ RunTime:0.000000s ]
INFO: [ app_init ] --END-- [ RunTime:0.001000s ]
INFO: [ app_begin ] --START--
INFO: Run Behavior\ReadHtmlCacheBehavior [ RunTime:0.001000s ]
INFO: [ app_begin ] --END-- [ RunTime:0.001000s ]
SQL: SHOW COLUMNS FROM `setting` [ RunTime:0.0060s ]
SQL: SELECT * FROM `setting`  [ RunTime:0.0010s ]
SQL: SHOW COLUMNS FROM `num` [ RunTime:0.0070s ]
SQL: SHOW COLUMNS FROM `page` [ RunTime:0.0060s ]
SQL: SHOW COLUMNS FROM `link_exch` [ RunTime:0.0060s ]
SQL: SELECT COUNT(*) AS tp_count FROM `page` LIMIT 1   [ RunTime:0.0000s ]
SQL: SELECT * FROM `page`  [ RunTime:0.0010s ]
SQL: SELECT COUNT(*) AS tp_count FROM `page` LIMIT 1   [ RunTime:0.0010s ]
SQL: UPDATE `num` SET `val`='13' WHERE `key` = 'page' [ RunTime:0.0060s ]
SQL: SHOW COLUMNS FROM `msg` [ RunTime:0.0060s ]
SQL: SELECT COUNT(*) AS tp_count FROM `msg` LIMIT 1   [ RunTime:0.0000s ]
SQL: UPDATE `num` SET `val`='7' WHERE `key` = 'msg' [ RunTime:0.0020s ]
SQL: SHOW COLUMNS FROM `user` [ RunTime:0.0050s ]
SQL: SELECT COUNT(*) AS tp_count FROM `user` LIMIT 1   [ RunTime:0.0000s ]
SQL: UPDATE `num` SET `val`='1' WHERE `key` = 'user' [ RunTime:0.0030s ]
SQL: SHOW COLUMNS FROM `submit` [ RunTime:0.0060s ]
SQL: SELECT COUNT(*) AS tp_count FROM `submit` LIMIT 1   [ RunTime:0.0000s ]
SQL: UPDATE `num` SET `val`='12' WHERE `key` = 'submit' [ RunTime:0.0030s ]
NOTIC: [8] Undefined variable: zancount C:\www\tpblog\Application\Mobile\Controller\IndexController.class.php 第 73 行.
SQL: UPDATE `num` SET `val`='1008' WHERE `key` = 'zan' [ RunTime:0.0010s ]
NOTIC: [8] Undefined variable: readcount C:\www\tpblog\Application\Mobile\Controller\IndexController.class.php 第 83 行.
SQL: UPDATE `num` SET `val`='1424' WHERE `key` = 'read' [ RunTime:0.0030s ]
SQL: SELECT * FROM `num` WHERE `key` = 'vst' LIMIT 1   [ RunTime:0.0010s ]
SQL: SELECT * FROM `num`  [ RunTime:0.0010s ]
SQL: UPDATE `num` SET `val`='1736' WHERE `key` = 'vst' [ RunTime:0.0010s ]
SQL: SELECT * FROM `page` ORDER BY pid desc LIMIT 0,10   [ RunTime:0.0010s ]
SQL: SELECT * FROM `page` WHERE `img` <> '' ORDER BY pid desc LIMIT 0,10   [ RunTime:0.0010s ]
SQL: SELECT * FROM `link_exch` ORDER BY lid desc  [ RunTime:0.0010s ]
INFO: [ view_parse ] --START--
INFO: [ template_filter ] --START--
INFO: Run Behavior\ContentReplaceBehavior [ RunTime:0.000000s ]
INFO: [ template_filter ] --END-- [ RunTime:0.000000s ]
SQL: SHOW COLUMNS FROM `classes` [ RunTime:0.0070s ]
SQL: SELECT * FROM `classes` WHERE `name` = '教程'  [ RunTime:0.0000s ]
SQL: SELECT * FROM `classes` WHERE `name` = ''  [ RunTime:0.0000s ]
NOTIC: [8] Undefined offset: 0 C:\www\tpblog\Application\Runtime\Cache\Mobile\7ec09d81604f503b335cba670e471690.php 第 139 行.
SQL: SELECT * FROM `classes` WHERE `name` = ''  [ RunTime:0.0010s ]
NOTIC: [8] Undefined offset: 0 C:\www\tpblog\Application\Runtime\Cache\Mobile\7ec09d81604f503b335cba670e471690.php 第 139 行.
SQL: SELECT * FROM `classes` WHERE `name` = '未分类'  [ RunTime:0.0010s ]
SQL: SELECT * FROM `classes` WHERE `name` = '下载'  [ RunTime:0.0000s ]
SQL: SELECT * FROM `classes` WHERE `name` = '教程'  [ RunTime:0.0010s ]
SQL: SELECT * FROM `classes` WHERE `name` = '未分类'  [ RunTime:0.0010s ]
SQL: SELECT * FROM `classes` WHERE `name` = '未分类'  [ RunTime:0.0000s ]
SQL: SELECT * FROM `classes` WHERE `name` = '未分类'  [ RunTime:0.0010s ]
SQL: SELECT * FROM `classes` WHERE `name` = '未分类'  [ RunTime:0.0010s ]
INFO: Run Behavior\ParseTemplateBehavior [ RunTime:0.026001s ]
INFO: [ view_parse ] --END-- [ RunTime:0.026001s ]
INFO: [ view_filter ] --START--
INFO: Run Behavior\WriteHtmlCacheBehavior [ RunTime:0.001001s ]
INFO: [ view_filter ] --END-- [ RunTime:0.001001s ]
INFO: [ app_end ] --START--
INFO: Run Behavior\ShowPageTraceBehavior [ RunTime:0.001000s ]
INFO: [ app_end ] --END-- [ RunTime:0.001000s ]

[ 2017-03-18T09:49:38+08:00 ] 192.168.1.99 /index.php/Mobile/Index/index.html
INFO: [ app_init ] --START--
INFO: Run Behavior\BuildLiteBehavior [ RunTime:0.000000s ]
INFO: [ app_init ] --END-- [ RunTime:0.001000s ]
INFO: [ app_begin ] --START--
INFO: Run Behavior\ReadHtmlCacheBehavior [ RunTime:0.001000s ]
INFO: [ app_begin ] --END-- [ RunTime:0.001000s ]
SQL: SHOW COLUMNS FROM `setting` [ RunTime:0.0060s ]
SQL: SELECT * FROM `setting`  [ RunTime:0.0010s ]
SQL: SHOW COLUMNS FROM `num` [ RunTime:0.0070s ]
SQL: SHOW COLUMNS FROM `page` [ RunTime:0.0060s ]
SQL: SHOW COLUMNS FROM `link_exch` [ RunTime:0.0060s ]
SQL: SELECT COUNT(*) AS tp_count FROM `page` LIMIT 1   [ RunTime:0.0000s ]
SQL: SELECT * FROM `page`  [ RunTime:0.0010s ]
SQL: SELECT COUNT(*) AS tp_count FROM `page` LIMIT 1   [ RunTime:0.0010s ]
SQL: UPDATE `num` SET `val`='13' WHERE `key` = 'page' [ RunTime:0.0410s ]
SQL: SHOW COLUMNS FROM `msg` [ RunTime:0.0070s ]
SQL: SELECT COUNT(*) AS tp_count FROM `msg` LIMIT 1   [ RunTime:0.0000s ]
SQL: UPDATE `num` SET `val`='7' WHERE `key` = 'msg' [ RunTime:0.0040s ]
SQL: SHOW COLUMNS FROM `user` [ RunTime:0.0050s ]
SQL: SELECT COUNT(*) AS tp_count FROM `user` LIMIT 1   [ RunTime:0.0010s ]
SQL: UPDATE `num` SET `val`='1' WHERE `key` = 'user' [ RunTime:0.0020s ]
SQL: SHOW COLUMNS FROM `submit` [ RunTime:0.0060s ]
SQL: SELECT COUNT(*) AS tp_count FROM `submit` LIMIT 1   [ RunTime:0.0010s ]
SQL: UPDATE `num` SET `val`='12' WHERE `key` = 'submit' [ RunTime:0.0020s ]
NOTIC: [8] Undefined variable: zancount C:\www\tpblog\Application\Mobile\Controller\IndexController.class.php 第 73 行.
SQL: UPDATE `num` SET `val`='1008' WHERE `key` = 'zan' [ RunTime:0.0010s ]
NOTIC: [8] Undefined variable: readcount C:\www\tpblog\Application\Mobile\Controller\IndexController.class.php 第 83 行.
SQL: UPDATE `num` SET `val`='1424' WHERE `key` = 'read' [ RunTime:0.0030s ]
SQL: SELECT * FROM `num` WHERE `key` = 'vst' LIMIT 1   [ RunTime:0.0010s ]
SQL: SELECT * FROM `num`  [ RunTime:0.0010s ]
SQL: UPDATE `num` SET `val`='1737' WHERE `key` = 'vst' [ RunTime:0.0030s ]
SQL: SELECT * FROM `page` ORDER BY pid desc LIMIT 0,10   [ RunTime:0.0010s ]
SQL: SELECT * FROM `page` WHERE `img` <> '' ORDER BY pid desc LIMIT 0,10   [ RunTime:0.0010s ]
SQL: SELECT * FROM `link_exch` ORDER BY lid desc  [ RunTime:0.0000s ]
INFO: [ view_parse ] --START--
INFO: [ template_filter ] --START--
INFO: Run Behavior\ContentReplaceBehavior [ RunTime:0.000000s ]
INFO: [ template_filter ] --END-- [ RunTime:0.000000s ]
SQL: SHOW COLUMNS FROM `classes` [ RunTime:0.0050s ]
SQL: SELECT * FROM `classes` WHERE `name` = '教程'  [ RunTime:0.0000s ]
SQL: SELECT * FROM `classes` WHERE `name` = ''  [ RunTime:0.0010s ]
NOTIC: [8] Undefined offset: 0 C:\www\tpblog\Application\Runtime\Cache\Mobile\7ec09d81604f503b335cba670e471690.php 第 139 行.
SQL: SELECT * FROM `classes` WHERE `name` = ''  [ RunTime:0.0010s ]
NOTIC: [8] Undefined offset: 0 C:\www\tpblog\Application\Runtime\Cache\Mobile\7ec09d81604f503b335cba670e471690.php 第 139 行.
SQL: SELECT * FROM `classes` WHERE `name` = '未分类'  [ RunTime:0.0000s ]
SQL: SELECT * FROM `classes` WHERE `name` = '下载'  [ RunTime:0.0000s ]
SQL: SELECT * FROM `classes` WHERE `name` = '教程'  [ RunTime:0.0010s ]
SQL: SELECT * FROM `classes` WHERE `name` = '未分类'  [ RunTime:0.0010s ]
SQL: SELECT * FROM `classes` WHERE `name` = '未分类'  [ RunTime:0.0000s ]
SQL: SELECT * FROM `classes` WHERE `name` = '未分类'  [ RunTime:0.0000s ]
SQL: SELECT * FROM `classes` WHERE `name` = '未分类'  [ RunTime:0.0010s ]
INFO: Run Behavior\ParseTemplateBehavior [ RunTime:0.025001s ]
INFO: [ view_parse ] --END-- [ RunTime:0.025001s ]
INFO: [ view_filter ] --START--
INFO: Run Behavior\WriteHtmlCacheBehavior [ RunTime:0.001000s ]
INFO: [ view_filter ] --END-- [ RunTime:0.001000s ]
INFO: [ app_end ] --START--
INFO: Run Behavior\ShowPageTraceBehavior [ RunTime:0.001000s ]
INFO: [ app_end ] --END-- [ RunTime:0.001000s ]

[ 2017-03-18T09:49:40+08:00 ] 192.168.1.99 /index.php/Mobile/Index/index.html
INFO: [ app_init ] --START--
INFO: Run Behavior\BuildLiteBehavior [ RunTime:0.000000s ]
INFO: [ app_init ] --END-- [ RunTime:0.000000s ]
INFO: [ app_begin ] --START--
INFO: Run Behavior\ReadHtmlCacheBehavior [ RunTime:0.001000s ]
INFO: [ app_begin ] --END-- [ RunTime:0.001000s ]
SQL: SHOW COLUMNS FROM `setting` [ RunTime:0.0060s ]
SQL: SELECT * FROM `setting`  [ RunTime:0.0010s ]
SQL: SHOW COLUMNS FROM `num` [ RunTime:0.0060s ]
SQL: SHOW COLUMNS FROM `page` [ RunTime:0.0060s ]
SQL: SHOW COLUMNS FROM `link_exch` [ RunTime:0.0060s ]
SQL: SELECT COUNT(*) AS tp_count FROM `page` LIMIT 1   [ RunTime:0.0010s ]
SQL: SELECT * FROM `page`  [ RunTime:0.0000s ]
SQL: SELECT COUNT(*) AS tp_count FROM `page` LIMIT 1   [ RunTime:0.0000s ]
SQL: UPDATE `num` SET `val`='13' WHERE `key` = 'page' [ RunTime:0.0030s ]
SQL: SHOW COLUMNS FROM `msg` [ RunTime:0.0060s ]
SQL: SELECT COUNT(*) AS tp_count FROM `msg` LIMIT 1   [ RunTime:0.0010s ]
SQL: UPDATE `num` SET `val`='7' WHERE `key` = 'msg' [ RunTime:0.0030s ]
SQL: SHOW COLUMNS FROM `user` [ RunTime:0.0050s ]
SQL: SELECT COUNT(*) AS tp_count FROM `user` LIMIT 1   [ RunTime:0.0010s ]
SQL: UPDATE `num` SET `val`='1' WHERE `key` = 'user' [ RunTime:0.0030s ]
SQL: SHOW COLUMNS FROM `submit` [ RunTime:0.0050s ]
SQL: SELECT COUNT(*) AS tp_count FROM `submit` LIMIT 1   [ RunTime:0.0000s ]
SQL: UPDATE `num` SET `val`='12' WHERE `key` = 'submit' [ RunTime:0.0030s ]
NOTIC: [8] Undefined variable: zancount C:\www\tpblog\Application\Mobile\Controller\IndexController.class.php 第 73 行.
SQL: UPDATE `num` SET `val`='1008' WHERE `key` = 'zan' [ RunTime:0.0020s ]
NOTIC: [8] Undefined variable: readcount C:\www\tpblog\Application\Mobile\Controller\IndexController.class.php 第 83 行.
SQL: UPDATE `num` SET `val`='1424' WHERE `key` = 'read' [ RunTime:0.0020s ]
SQL: SELECT * FROM `num` WHERE `key` = 'vst' LIMIT 1   [ RunTime:0.0000s ]
SQL: SELECT * FROM `num`  [ RunTime:0.0000s ]
SQL: UPDATE `num` SET `val`='1738' WHERE `key` = 'vst' [ RunTime:0.0020s ]
SQL: SELECT * FROM `page` ORDER BY pid desc LIMIT 0,10   [ RunTime:0.0010s ]
SQL: SELECT * FROM `page` WHERE `img` <> '' ORDER BY pid desc LIMIT 0,10   [ RunTime:0.0010s ]
SQL: SELECT * FROM `link_exch` ORDER BY lid desc  [ RunTime:0.0000s ]
INFO: [ view_parse ] --START--
INFO: [ template_filter ] --START--
INFO: Run Behavior\ContentReplaceBehavior [ RunTime:0.000000s ]
INFO: [ template_filter ] --END-- [ RunTime:0.000000s ]
SQL: SHOW COLUMNS FROM `classes` [ RunTime:0.0060s ]
SQL: SELECT * FROM `classes` WHERE `name` = '教程'  [ RunTime:0.0010s ]
SQL: SELECT * FROM `classes` WHERE `name` = ''  [ RunTime:0.0010s ]
NOTIC: [8] Undefined offset: 0 C:\www\tpblog\Application\Runtime\Cache\Mobile\7ec09d81604f503b335cba670e471690.php 第 139 行.
SQL: SELECT * FROM `classes` WHERE `name` = ''  [ RunTime:0.0000s ]
NOTIC: [8] Undefined offset: 0 C:\www\tpblog\Application\Runtime\Cache\Mobile\7ec09d81604f503b335cba670e471690.php 第 139 行.
SQL: SELECT * FROM `classes` WHERE `name` = '未分类'  [ RunTime:0.0010s ]
SQL: SELECT * FROM `classes` WHERE `name` = '下载'  [ RunTime:0.0010s ]
SQL: SELECT * FROM `classes` WHERE `name` = '教程'  [ RunTime:0.0000s ]
SQL: SELECT * FROM `classes` WHERE `name` = '未分类'  [ RunTime:0.0000s ]
SQL: SELECT * FROM `classes` WHERE `name` = '未分类'  [ RunTime:0.0010s ]
SQL: SELECT * FROM `classes` WHERE `name` = '未分类'  [ RunTime:0.0010s ]
SQL: SELECT * FROM `classes` WHERE `name` = '未分类'  [ RunTime:0.0000s ]
INFO: Run Behavior\ParseTemplateBehavior [ RunTime:0.024002s ]
INFO: [ view_parse ] --END-- [ RunTime:0.024002s ]
INFO: [ view_filter ] --START--
INFO: Run Behavior\WriteHtmlCacheBehavior [ RunTime:0.000000s ]
INFO: [ view_filter ] --END-- [ RunTime:0.000000s ]
INFO: [ app_end ] --START--
INFO: Run Behavior\ShowPageTraceBehavior [ RunTime:0.000000s ]
INFO: [ app_end ] --END-- [ RunTime:0.001000s ]

[ 2017-03-18T09:49:43+08:00 ] 192.168.1.99 /index.php/Mobile/Index/index.html
INFO: [ app_init ] --START--
INFO: Run Behavior\BuildLiteBehavior [ RunTime:0.000000s ]
INFO: [ app_init ] --END-- [ RunTime:0.001000s ]
INFO: [ app_begin ] --START--
INFO: Run Behavior\ReadHtmlCacheBehavior [ RunTime:0.001000s ]
INFO: [ app_begin ] --END-- [ RunTime:0.001000s ]
SQL: SHOW COLUMNS FROM `setting` [ RunTime:0.0060s ]
SQL: SELECT * FROM `setting`  [ RunTime:0.0010s ]
SQL: SHOW COLUMNS FROM `num` [ RunTime:0.0060s ]
SQL: SHOW COLUMNS FROM `page` [ RunTime:0.0070s ]
SQL: SHOW COLUMNS FROM `link_exch` [ RunTime:0.0060s ]
SQL: SELECT COUNT(*) AS tp_count FROM `page` LIMIT 1   [ RunTime:0.0000s ]
SQL: SELECT * FROM `page`  [ RunTime:0.0010s ]
SQL: SELECT COUNT(*) AS tp_count FROM `page` LIMIT 1   [ RunTime:0.0010s ]
SQL: UPDATE `num` SET `val`='13' WHERE `key` = 'page' [ RunTime:0.0040s ]
SQL: SHOW COLUMNS FROM `msg` [ RunTime:0.0060s ]
SQL: SELECT COUNT(*) AS tp_count FROM `msg` LIMIT 1   [ RunTime:0.0010s ]
SQL: UPDATE `num` SET `val`='7' WHERE `key` = 'msg' [ RunTime:0.0040s ]
SQL: SHOW COLUMNS FROM `user` [ RunTime:0.0060s ]
SQL: SELECT COUNT(*) AS tp_count FROM `user` LIMIT 1   [ RunTime:0.0000s ]
SQL: UPDATE `num` SET `val`='1' WHERE `key` = 'user' [ RunTime:0.0040s ]
SQL: SHOW COLUMNS FROM `submit` [ RunTime:0.0070s ]
SQL: SELECT COUNT(*) AS tp_count FROM `submit` LIMIT 1   [ RunTime:0.0000s ]
SQL: UPDATE `num` SET `val`='12' WHERE `key` = 'submit' [ RunTime:0.0040s ]
NOTIC: [8] Undefined variable: zancount C:\www\tpblog\Application\Mobile\Controller\IndexController.class.php 第 73 行.
SQL: UPDATE `num` SET `val`='1008' WHERE `key` = 'zan' [ RunTime:0.0020s ]
NOTIC: [8] Undefined variable: readcount C:\www\tpblog\Application\Mobile\Controller\IndexController.class.php 第 83 行.
SQL: UPDATE `num` SET `val`='1424' WHERE `key` = 'read' [ RunTime:0.0020s ]
SQL: SELECT * FROM `num` WHERE `key` = 'vst' LIMIT 1   [ RunTime:0.0010s ]
SQL: SELECT * FROM `num`  [ RunTime:0.0000s ]
SQL: UPDATE `num` SET `val`='1739' WHERE `key` = 'vst' [ RunTime:0.0030s ]
SQL: SELECT * FROM `page` ORDER BY pid desc LIMIT 0,10   [ RunTime:0.0010s ]
SQL: SELECT * FROM `page` WHERE `img` <> '' ORDER BY pid desc LIMIT 0,10   [ RunTime:0.0010s ]
SQL: SELECT * FROM `link_exch` ORDER BY lid desc  [ RunTime:0.0010s ]
INFO: [ view_parse ] --START--
INFO: [ template_filter ] --START--
INFO: Run Behavior\ContentReplaceBehavior [ RunTime:0.000000s ]
INFO: [ template_filter ] --END-- [ RunTime:0.000000s ]
SQL: SHOW COLUMNS FROM `classes` [ RunTime:0.0060s ]
SQL: SELECT * FROM `classes` WHERE `name` = '教程'  [ RunTime:0.0010s ]
SQL: SELECT * FROM `classes` WHERE `name` = ''  [ RunTime:0.0000s ]
NOTIC: [8] Undefined offset: 0 C:\www\tpblog\Application\Runtime\Cache\Mobile\7ec09d81604f503b335cba670e471690.php 第 139 行.
SQL: SELECT * FROM `classes` WHERE `name` = ''  [ RunTime:0.0010s ]
NOTIC: [8] Undefined offset: 0 C:\www\tpblog\Application\Runtime\Cache\Mobile\7ec09d81604f503b335cba670e471690.php 第 139 行.
SQL: SELECT * FROM `classes` WHERE `name` = '未分类'  [ RunTime:0.0010s ]
SQL: SELECT * FROM `classes` WHERE `name` = '下载'  [ RunTime:0.0000s ]
SQL: SELECT * FROM `classes` WHERE `name` = '教程'  [ RunTime:0.0000s ]
SQL: SELECT * FROM `classes` WHERE `name` = '未分类'  [ RunTime:0.0000s ]
SQL: SELECT * FROM `classes` WHERE `name` = '未分类'  [ RunTime:0.0010s ]
SQL: SELECT * FROM `classes` WHERE `name` = '未分类'  [ RunTime:0.0010s ]
SQL: SELECT * FROM `classes` WHERE `name` = '未分类'  [ RunTime:0.0000s ]
INFO: Run Behavior\ParseTemplateBehavior [ RunTime:0.023001s ]
INFO: [ view_parse ] --END-- [ RunTime:0.023001s ]
INFO: [ view_filter ] --START--
INFO: Run Behavior\WriteHtmlCacheBehavior [ RunTime:0.001000s ]
INFO: [ view_filter ] --END-- [ RunTime:0.001000s ]
INFO: [ app_end ] --START--
INFO: Run Behavior\ShowPageTraceBehavior [ RunTime:0.001000s ]
INFO: [ app_end ] --END-- [ RunTime:0.001000s ]

[ 2017-03-18T09:49:45+08:00 ] 192.168.1.99 /index.php/Mobile/Index/index.html
INFO: [ app_init ] --START--
INFO: Run Behavior\BuildLiteBehavior [ RunTime:0.000000s ]
INFO: [ app_init ] --END-- [ RunTime:0.001000s ]
INFO: [ app_begin ] --START--
INFO: Run Behavior\ReadHtmlCacheBehavior [ RunTime:0.000000s ]
INFO: [ app_begin ] --END-- [ RunTime:0.000000s ]
SQL: SHOW COLUMNS FROM `setting` [ RunTime:0.0060s ]
SQL: SELECT * FROM `setting`  [ RunTime:0.0000s ]
SQL: SHOW COLUMNS FROM `num` [ RunTime:0.0060s ]
SQL: SHOW COLUMNS FROM `page` [ RunTime:0.0060s ]
SQL: SHOW COLUMNS FROM `link_exch` [ RunTime:0.0060s ]
SQL: SELECT COUNT(*) AS tp_count FROM `page` LIMIT 1   [ RunTime:0.0000s ]
SQL: SELECT * FROM `page`  [ RunTime:0.0010s ]
SQL: SELECT COUNT(*) AS tp_count FROM `page` LIMIT 1   [ RunTime:0.0010s ]
SQL: UPDATE `num` SET `val`='13' WHERE `key` = 'page' [ RunTime:0.0060s ]
SQL: SHOW COLUMNS FROM `msg` [ RunTime:0.0060s ]
SQL: SELECT COUNT(*) AS tp_count FROM `msg` LIMIT 1   [ RunTime:0.0010s ]
SQL: UPDATE `num` SET `val`='7' WHERE `key` = 'msg' [ RunTime:0.0030s ]
SQL: SHOW COLUMNS FROM `user` [ RunTime:0.0060s ]
SQL: SELECT COUNT(*) AS tp_count FROM `user` LIMIT 1   [ RunTime:0.0000s ]
SQL: UPDATE `num` SET `val`='1' WHERE `key` = 'user' [ RunTime:0.0020s ]
SQL: SHOW COLUMNS FROM `submit` [ RunTime:0.0060s ]
SQL: SELECT COUNT(*) AS tp_count FROM `submit` LIMIT 1   [ RunTime:0.0010s ]
SQL: UPDATE `num` SET `val`='12' WHERE `key` = 'submit' [ RunTime:0.0020s ]
NOTIC: [8] Undefined variable: zancount C:\www\tpblog\Application\Mobile\Controller\IndexController.class.php 第 73 行.
SQL: UPDATE `num` SET `val`='1008' WHERE `key` = 'zan' [ RunTime:0.0040s ]
NOTIC: [8] Undefined variable: readcount C:\www\tpblog\Application\Mobile\Controller\IndexController.class.php 第 83 行.
SQL: UPDATE `num` SET `val`='1424' WHERE `key` = 'read' [ RunTime:0.0030s ]
SQL: SELECT * FROM `num` WHERE `key` = 'vst' LIMIT 1   [ RunTime:0.0000s ]
SQL: SELECT * FROM `num`  [ RunTime:0.0000s ]
SQL: UPDATE `num` SET `val`='1740' WHERE `key` = 'vst' [ RunTime:0.0030s ]
SQL: SELECT * FROM `page` ORDER BY pid desc LIMIT 0,10   [ RunTime:0.0000s ]
SQL: SELECT * FROM `page` WHERE `img` <> '' ORDER BY pid desc LIMIT 0,10   [ RunTime:0.0000s ]
SQL: SELECT * FROM `link_exch` ORDER BY lid desc  [ RunTime:0.0010s ]
INFO: [ view_parse ] --START--
INFO: [ template_filter ] --START--
INFO: Run Behavior\ContentReplaceBehavior [ RunTime:0.001001s ]
INFO: [ template_filter ] --END-- [ RunTime:0.001001s ]
SQL: SHOW COLUMNS FROM `classes` [ RunTime:0.0050s ]
SQL: SELECT * FROM `classes` WHERE `name` = '教程'  [ RunTime:0.0000s ]
SQL: SELECT * FROM `classes` WHERE `name` = ''  [ RunTime:0.0000s ]
NOTIC: [8] Undefined offset: 0 C:\www\tpblog\Application\Runtime\Cache\Mobile\7ec09d81604f503b335cba670e471690.php 第 139 行.
SQL: SELECT * FROM `classes` WHERE `name` = ''  [ RunTime:0.0010s ]
NOTIC: [8] Undefined offset: 0 C:\www\tpblog\Application\Runtime\Cache\Mobile\7ec09d81604f503b335cba670e471690.php 第 139 行.
SQL: SELECT * FROM `classes` WHERE `name` = '未分类'  [ RunTime:0.0010s ]
SQL: SELECT * FROM `classes` WHERE `name` = '下载'  [ RunTime:0.0000s ]
SQL: SELECT * FROM `classes` WHERE `name` = '教程'  [ RunTime:0.0000s ]
SQL: SELECT * FROM `classes` WHERE `name` = '未分类'  [ RunTime:0.0010s ]
SQL: SELECT * FROM `classes` WHERE `name` = '未分类'  [ RunTime:0.0010s ]
SQL: SELECT * FROM `classes` WHERE `name` = '未分类'  [ RunTime:0.0000s ]
SQL: SELECT * FROM `classes` WHERE `name` = '未分类'  [ RunTime:0.0010s ]
INFO: Run Behavior\ParseTemplateBehavior [ RunTime:0.023001s ]
INFO: [ view_parse ] --END-- [ RunTime:0.023001s ]
INFO: [ view_filter ] --START--
INFO: Run Behavior\WriteHtmlCacheBehavior [ RunTime:0.000000s ]
INFO: [ view_filter ] --END-- [ RunTime:0.000000s ]
INFO: [ app_end ] --START--
INFO: Run Behavior\ShowPageTraceBehavior [ RunTime:0.000000s ]
INFO: [ app_end ] --END-- [ RunTime:0.001000s ]

[ 2017-03-18T10:04:15+08:00 ] 192.168.1.99 /index.php/Mobile/Index/index.html
INFO: [ app_init ] --START--
INFO: Run Behavior\BuildLiteBehavior [ RunTime:0.000000s ]
INFO: [ app_init ] --END-- [ RunTime:0.001000s ]
INFO: [ app_begin ] --START--
INFO: Run Behavior\ReadHtmlCacheBehavior [ RunTime:0.001001s ]
INFO: [ app_begin ] --END-- [ RunTime:0.001001s ]
SQL: SHOW COLUMNS FROM `setting` [ RunTime:0.0060s ]
SQL: SELECT * FROM `setting`  [ RunTime:0.0010s ]
SQL: SHOW COLUMNS FROM `num` [ RunTime:0.0060s ]
SQL: SHOW COLUMNS FROM `page` [ RunTime:0.0060s ]
SQL: SHOW COLUMNS FROM `link_exch` [ RunTime:0.0060s ]
SQL: SELECT COUNT(*) AS tp_count FROM `page` LIMIT 1   [ RunTime:0.0010s ]
SQL: SELECT * FROM `page`  [ RunTime:0.0000s ]
SQL: SELECT COUNT(*) AS tp_count FROM `page` LIMIT 1   [ RunTime:0.0000s ]
SQL: UPDATE `num` SET `val`='13' WHERE `key` = 'page' [ RunTime:0.0040s ]
SQL: SHOW COLUMNS FROM `msg` [ RunTime:0.0060s ]
SQL: SELECT COUNT(*) AS tp_count FROM `msg` LIMIT 1   [ RunTime:0.0000s ]
SQL: UPDATE `num` SET `val`='7' WHERE `key` = 'msg' [ RunTime:0.0020s ]
SQL: SHOW COLUMNS FROM `user` [ RunTime:0.0050s ]
SQL: SELECT COUNT(*) AS tp_count FROM `user` LIMIT 1   [ RunTime:0.0010s ]
SQL: UPDATE `num` SET `val`='1' WHERE `key` = 'user' [ RunTime:0.0020s ]
SQL: SHOW COLUMNS FROM `submit` [ RunTime:0.0060s ]
SQL: SELECT COUNT(*) AS tp_count FROM `submit` LIMIT 1   [ RunTime:0.0000s ]
SQL: UPDATE `num` SET `val`='12' WHERE `key` = 'submit' [ RunTime:0.0020s ]
NOTIC: [8] Undefined variable: zancount C:\www\tpblog\Application\Mobile\Controller\IndexController.class.php 第 73 行.
SQL: UPDATE `num` SET `val`='1008' WHERE `key` = 'zan' [ RunTime:0.0010s ]
NOTIC: [8] Undefined variable: readcount C:\www\tpblog\Application\Mobile\Controller\IndexController.class.php 第 83 行.
SQL: UPDATE `num` SET `val`='1424' WHERE `key` = 'read' [ RunTime:0.0020s ]
SQL: SELECT * FROM `num` WHERE `key` = 'vst' LIMIT 1   [ RunTime:0.0010s ]
SQL: SELECT * FROM `num`  [ RunTime:0.0000s ]
SQL: UPDATE `num` SET `val`='1792' WHERE `key` = 'vst' [ RunTime:0.0030s ]
SQL: SELECT * FROM `page` ORDER BY pid desc LIMIT 0,10   [ RunTime:0.0010s ]
SQL: SELECT * FROM `page` WHERE `img` <> '' ORDER BY pid desc LIMIT 0,10   [ RunTime:0.0010s ]
SQL: SELECT * FROM `link_exch` ORDER BY lid desc  [ RunTime:0.0000s ]
INFO: [ view_parse ] --START--
INFO: [ template_filter ] --START--
INFO: Run Behavior\ContentReplaceBehavior [ RunTime:0.000000s ]
INFO: [ template_filter ] --END-- [ RunTime:0.000000s ]
SQL: SHOW COLUMNS FROM `classes` [ RunTime:0.0050s ]
SQL: SELECT * FROM `classes` WHERE `name` = '教程'  [ RunTime:0.0010s ]
SQL: SELECT * FROM `classes` WHERE `name` = ''  [ RunTime:0.0010s ]
NOTIC: [8] Undefined offset: 0 C:\www\tpblog\Application\Runtime\Cache\Mobile\7ec09d81604f503b335cba670e471690.php 第 142 行.
SQL: SELECT * FROM `classes` WHERE `name` = ''  [ RunTime:0.0010s ]
NOTIC: [8] Undefined offset: 0 C:\www\tpblog\Application\Runtime\Cache\Mobile\7ec09d81604f503b335cba670e471690.php 第 142 行.
SQL: SELECT * FROM `classes` WHERE `name` = '未分类'  [ RunTime:0.0000s ]
SQL: SELECT * FROM `classes` WHERE `name` = '下载'  [ RunTime:0.0000s ]
SQL: SELECT * FROM `classes` WHERE `name` = '教程'  [ RunTime:0.0000s ]
SQL: SELECT * FROM `classes` WHERE `name` = '未分类'  [ RunTime:0.0010s ]
SQL: SELECT * FROM `classes` WHERE `name` = '未分类'  [ RunTime:0.0010s ]
SQL: SELECT * FROM `classes` WHERE `name` = '未分类'  [ RunTime:0.0000s ]
SQL: SELECT * FROM `classes` WHERE `name` = '未分类'  [ RunTime:0.0000s ]
INFO: Run Behavior\ParseTemplateBehavior [ RunTime:0.024002s ]
INFO: [ view_parse ] --END-- [ RunTime:0.024002s ]
INFO: [ view_filter ] --START--
INFO: Run Behavior\WriteHtmlCacheBehavior [ RunTime:0.001000s ]
INFO: [ view_filter ] --END-- [ RunTime:0.001000s ]
INFO: [ app_end ] --START--
INFO: Run Behavior\ShowPageTraceBehavior [ RunTime:0.001000s ]
INFO: [ app_end ] --END-- [ RunTime:0.001000s ]

[ 2017-03-18T10:05:04+08:00 ] 192.168.1.99 /index.php/Mobile/Index/index.html
INFO: [ app_init ] --START--
INFO: Run Behavior\BuildLiteBehavior [ RunTime:0.000000s ]
INFO: [ app_init ] --END-- [ RunTime:0.001000s ]
INFO: [ app_begin ] --START--
INFO: Run Behavior\ReadHtmlCacheBehavior [ RunTime:0.001000s ]
INFO: [ app_begin ] --END-- [ RunTime:0.001000s ]
SQL: SHOW COLUMNS FROM `setting` [ RunTime:0.0060s ]
SQL: SELECT * FROM `setting`  [ RunTime:0.0010s ]
SQL: SHOW COLUMNS FROM `num` [ RunTime:0.0060s ]
SQL: SHOW COLUMNS FROM `page` [ RunTime:0.0060s ]
SQL: SHOW COLUMNS FROM `link_exch` [ RunTime:0.0050s ]
SQL: SELECT COUNT(*) AS tp_count FROM `page` LIMIT 1   [ RunTime:0.0000s ]
SQL: SELECT * FROM `page`  [ RunTime:0.0010s ]
SQL: SELECT COUNT(*) AS tp_count FROM `page` LIMIT 1   [ RunTime:0.0010s ]
SQL: UPDATE `num` SET `val`='13' WHERE `key` = 'page' [ RunTime:0.0050s ]
SQL: SHOW COLUMNS FROM `msg` [ RunTime:0.0060s ]
SQL: SELECT COUNT(*) AS tp_count FROM `msg` LIMIT 1   [ RunTime:0.0010s ]
SQL: UPDATE `num` SET `val`='7' WHERE `key` = 'msg' [ RunTime:0.0030s ]
SQL: SHOW COLUMNS FROM `user` [ RunTime:0.0050s ]
SQL: SELECT COUNT(*) AS tp_count FROM `user` LIMIT 1   [ RunTime:0.0010s ]
SQL: UPDATE `num` SET `val`='1' WHERE `key` = 'user' [ RunTime:0.0040s ]
SQL: SHOW COLUMNS FROM `submit` [ RunTime:0.0060s ]
SQL: SELECT COUNT(*) AS tp_count FROM `submit` LIMIT 1   [ RunTime:0.0010s ]
SQL: UPDATE `num` SET `val`='12' WHERE `key` = 'submit' [ RunTime:0.0020s ]
NOTIC: [8] Undefined variable: zancount C:\www\tpblog\Application\Mobile\Controller\IndexController.class.php 第 73 行.
SQL: UPDATE `num` SET `val`='1008' WHERE `key` = 'zan' [ RunTime:0.0020s ]
NOTIC: [8] Undefined variable: readcount C:\www\tpblog\Application\Mobile\Controller\IndexController.class.php 第 83 行.
SQL: UPDATE `num` SET `val`='1424' WHERE `key` = 'read' [ RunTime:0.0030s ]
SQL: SELECT * FROM `num` WHERE `key` = 'vst' LIMIT 1   [ RunTime:0.0000s ]
SQL: SELECT * FROM `num`  [ RunTime:0.0000s ]
SQL: UPDATE `num` SET `val`='1795' WHERE `key` = 'vst' [ RunTime:0.0030s ]
SQL: SELECT * FROM `page` ORDER BY pid desc LIMIT 0,10   [ RunTime:0.0010s ]
SQL: SELECT * FROM `page` WHERE `img` <> '' ORDER BY pid desc LIMIT 0,10   [ RunTime:0.0010s ]
SQL: SELECT * FROM `link_exch` ORDER BY lid desc  [ RunTime:0.0000s ]
INFO: [ view_parse ] --START--
INFO: [ template_filter ] --START--
INFO: Run Behavior\ContentReplaceBehavior [ RunTime:0.000000s ]
INFO: [ template_filter ] --END-- [ RunTime:0.000000s ]
SQL: SHOW COLUMNS FROM `classes` [ RunTime:0.0060s ]
SQL: SELECT * FROM `classes` WHERE `name` = '教程'  [ RunTime:0.0010s ]
SQL: SELECT * FROM `classes` WHERE `name` = ''  [ RunTime:0.0010s ]
NOTIC: [8] Undefined offset: 0 C:\www\tpblog\Application\Runtime\Cache\Mobile\7ec09d81604f503b335cba670e471690.php 第 142 行.
SQL: SELECT * FROM `classes` WHERE `name` = ''  [ RunTime:0.0000s ]
NOTIC: [8] Undefined offset: 0 C:\www\tpblog\Application\Runtime\Cache\Mobile\7ec09d81604f503b335cba670e471690.php 第 142 行.
SQL: SELECT * FROM `classes` WHERE `name` = '未分类'  [ RunTime:0.0000s ]
SQL: SELECT * FROM `classes` WHERE `name` = '下载'  [ RunTime:0.0010s ]
SQL: SELECT * FROM `classes` WHERE `name` = '教程'  [ RunTime:0.0010s ]
SQL: SELECT * FROM `classes` WHERE `name` = '未分类'  [ RunTime:0.0000s ]
SQL: SELECT * FROM `classes` WHERE `name` = '未分类'  [ RunTime:0.0010s ]
SQL: SELECT * FROM `classes` WHERE `name` = '未分类'  [ RunTime:0.0010s ]
SQL: SELECT * FROM `classes` WHERE `name` = '未分类'  [ RunTime:0.0000s ]
INFO: Run Behavior\ParseTemplateBehavior [ RunTime:0.024001s ]
INFO: [ view_parse ] --END-- [ RunTime:0.025001s ]
INFO: [ view_filter ] --START--
INFO: Run Behavior\WriteHtmlCacheBehavior [ RunTime:0.000000s ]
INFO: [ view_filter ] --END-- [ RunTime:0.000000s ]
INFO: [ app_end ] --START--
INFO: Run Behavior\ShowPageTraceBehavior [ RunTime:0.000000s ]
INFO: [ app_end ] --END-- [ RunTime:0.001000s ]

[ 2017-03-18T10:05:26+08:00 ] 192.168.1.99 /index.php/Mobile/Index/index.html
INFO: [ app_init ] --START--
INFO: Run Behavior\BuildLiteBehavior [ RunTime:0.000000s ]
INFO: [ app_init ] --END-- [ RunTime:0.001000s ]
INFO: [ app_begin ] --START--
INFO: Run Behavior\ReadHtmlCacheBehavior [ RunTime:0.001000s ]
INFO: [ app_begin ] --END-- [ RunTime:0.001000s ]
SQL: SHOW COLUMNS FROM `setting` [ RunTime:0.0050s ]
SQL: SELECT * FROM `setting`  [ RunTime:0.0010s ]
SQL: SHOW COLUMNS FROM `num` [ RunTime:0.0050s ]
SQL: SHOW COLUMNS FROM `page` [ RunTime:0.0060s ]
SQL: SHOW COLUMNS FROM `link_exch` [ RunTime:0.0050s ]
SQL: SELECT COUNT(*) AS tp_count FROM `page` LIMIT 1   [ RunTime:0.0010s ]
SQL: SELECT * FROM `page`  [ RunTime:0.0010s ]
SQL: SELECT COUNT(*) AS tp_count FROM `page` LIMIT 1   [ RunTime:0.0000s ]
SQL: UPDATE `num` SET `val`='13' WHERE `key` = 'page' [ RunTime:0.0230s ]
SQL: SHOW COLUMNS FROM `msg` [ RunTime:0.0060s ]
SQL: SELECT COUNT(*) AS tp_count FROM `msg` LIMIT 1   [ RunTime:0.0010s ]
SQL: UPDATE `num` SET `val`='7' WHERE `key` = 'msg' [ RunTime:0.0020s ]
SQL: SHOW COLUMNS FROM `user` [ RunTime:0.0060s ]
SQL: SELECT COUNT(*) AS tp_count FROM `user` LIMIT 1   [ RunTime:0.0000s ]
SQL: UPDATE `num` SET `val`='1' WHERE `key` = 'user' [ RunTime:0.0030s ]
SQL: SHOW COLUMNS FROM `submit` [ RunTime:0.0060s ]
SQL: SELECT COUNT(*) AS tp_count FROM `submit` LIMIT 1   [ RunTime:0.0000s ]
SQL: UPDATE `num` SET `val`='12' WHERE `key` = 'submit' [ RunTime:0.0040s ]
NOTIC: [8] Undefined variable: zancount C:\www\tpblog\Application\Mobile\Controller\IndexController.class.php 第 73 行.
SQL: UPDATE `num` SET `val`='1008' WHERE `key` = 'zan' [ RunTime:0.0020s ]
NOTIC: [8] Undefined variable: readcount C:\www\tpblog\Application\Mobile\Controller\IndexController.class.php 第 83 行.
SQL: UPDATE `num` SET `val`='1424' WHERE `key` = 'read' [ RunTime:0.0030s ]
SQL: SELECT * FROM `num` WHERE `key` = 'vst' LIMIT 1   [ RunTime:0.0010s ]
SQL: SELECT * FROM `num`  [ RunTime:0.0000s ]
SQL: UPDATE `num` SET `val`='1797' WHERE `key` = 'vst' [ RunTime:0.0030s ]
SQL: SELECT * FROM `page` ORDER BY pid desc LIMIT 0,10   [ RunTime:0.0010s ]
SQL: SELECT * FROM `page` WHERE `img` <> '' ORDER BY pid desc LIMIT 0,10   [ RunTime:0.0010s ]
SQL: SELECT * FROM `link_exch` ORDER BY lid desc  [ RunTime:0.0000s ]
INFO: [ view_parse ] --START--
INFO: [ template_filter ] --START--
INFO: Run Behavior\ContentReplaceBehavior [ RunTime:0.000000s ]
INFO: [ template_filter ] --END-- [ RunTime:0.000000s ]
SQL: SHOW COLUMNS FROM `classes` [ RunTime:0.0060s ]
SQL: SELECT * FROM `classes` WHERE `name` = '教程'  [ RunTime:0.0010s ]
SQL: SELECT * FROM `classes` WHERE `name` = ''  [ RunTime:0.0010s ]
NOTIC: [8] Undefined offset: 0 C:\www\tpblog\Application\Runtime\Cache\Mobile\7ec09d81604f503b335cba670e471690.php 第 142 行.
SQL: SELECT * FROM `classes` WHERE `name` = ''  [ RunTime:0.0010s ]
NOTIC: [8] Undefined offset: 0 C:\www\tpblog\Application\Runtime\Cache\Mobile\7ec09d81604f503b335cba670e471690.php 第 142 行.
SQL: SELECT * FROM `classes` WHERE `name` = '未分类'  [ RunTime:0.0000s ]
SQL: SELECT * FROM `classes` WHERE `name` = '下载'  [ RunTime:0.0000s ]
SQL: SELECT * FROM `classes` WHERE `name` = '教程'  [ RunTime:0.0000s ]
SQL: SELECT * FROM `classes` WHERE `name` = '未分类'  [ RunTime:0.0010s ]
SQL: SELECT * FROM `classes` WHERE `name` = '未分类'  [ RunTime:0.0010s ]
SQL: SELECT * FROM `classes` WHERE `name` = '未分类'  [ RunTime:0.0000s ]
SQL: SELECT * FROM `classes` WHERE `name` = '未分类'  [ RunTime:0.0000s ]
INFO: Run Behavior\ParseTemplateBehavior [ RunTime:0.024002s ]
INFO: [ view_parse ] --END-- [ RunTime:0.024002s ]
INFO: [ view_filter ] --START--
INFO: Run Behavior\WriteHtmlCacheBehavior [ RunTime:0.001000s ]
INFO: [ view_filter ] --END-- [ RunTime:0.001000s ]
INFO: [ app_end ] --START--
INFO: Run Behavior\ShowPageTraceBehavior [ RunTime:0.001000s ]
INFO: [ app_end ] --END-- [ RunTime:0.001000s ]

[ 2017-03-18T10:05:29+08:00 ] 192.168.1.99 /index.php/Mobile/Index/index.html
INFO: [ app_init ] --START--
INFO: Run Behavior\BuildLiteBehavior [ RunTime:0.000000s ]
INFO: [ app_init ] --END-- [ RunTime:0.000000s ]
INFO: [ app_begin ] --START--
INFO: Run Behavior\ReadHtmlCacheBehavior [ RunTime:0.001000s ]
INFO: [ app_begin ] --END-- [ RunTime:0.001000s ]
SQL: SHOW COLUMNS FROM `setting` [ RunTime:0.0050s ]
SQL: SELECT * FROM `setting`  [ RunTime:0.0010s ]
SQL: SHOW COLUMNS FROM `num` [ RunTime:0.0060s ]
SQL: SHOW COLUMNS FROM `page` [ RunTime:0.0050s ]
SQL: SHOW COLUMNS FROM `link_exch` [ RunTime:0.0060s ]
SQL: SELECT COUNT(*) AS tp_count FROM `page` LIMIT 1   [ RunTime:0.0000s ]
SQL: SELECT * FROM `page`  [ RunTime:0.0000s ]
SQL: SELECT COUNT(*) AS tp_count FROM `page` LIMIT 1   [ RunTime:0.0010s ]
SQL: UPDATE `num` SET `val`='13' WHERE `key` = 'page' [ RunTime:0.0060s ]
SQL: SHOW COLUMNS FROM `msg` [ RunTime:0.0060s ]
SQL: SELECT COUNT(*) AS tp_count FROM `msg` LIMIT 1   [ RunTime:0.0000s ]
SQL: UPDATE `num` SET `val`='7' WHERE `key` = 'msg' [ RunTime:0.0030s ]
SQL: SHOW COLUMNS FROM `user` [ RunTime:0.0060s ]
SQL: SELECT COUNT(*) AS tp_count FROM `user` LIMIT 1   [ RunTime:0.0010s ]
SQL: UPDATE `num` SET `val`='1' WHERE `key` = 'user' [ RunTime:0.0030s ]
SQL: SHOW COLUMNS FROM `submit` [ RunTime:0.0060s ]
SQL: SELECT COUNT(*) AS tp_count FROM `submit` LIMIT 1   [ RunTime:0.0010s ]
SQL: UPDATE `num` SET `val`='12' WHERE `key` = 'submit' [ RunTime:0.0030s ]
NOTIC: [8] Undefined variable: zancount C:\www\tpblog\Application\Mobile\Controller\IndexController.class.php 第 73 行.
SQL: UPDATE `num` SET `val`='1008' WHERE `key` = 'zan' [ RunTime:0.0030s ]
NOTIC: [8] Undefined variable: readcount C:\www\tpblog\Application\Mobile\Controller\IndexController.class.php 第 83 行.
SQL: UPDATE `num` SET `val`='1424' WHERE `key` = 'read' [ RunTime:0.0030s ]
SQL: SELECT * FROM `num` WHERE `key` = 'vst' LIMIT 1   [ RunTime:0.0000s ]
SQL: SELECT * FROM `num`  [ RunTime:0.0000s ]
SQL: UPDATE `num` SET `val`='1798' WHERE `key` = 'vst' [ RunTime:0.0030s ]
SQL: SELECT * FROM `page` ORDER BY pid desc LIMIT 0,10   [ RunTime:0.0010s ]
SQL: SELECT * FROM `page` WHERE `img` <> '' ORDER BY pid desc LIMIT 0,10   [ RunTime:0.0010s ]
SQL: SELECT * FROM `link_exch` ORDER BY lid desc  [ RunTime:0.0010s ]
INFO: [ view_parse ] --START--
INFO: [ template_filter ] --START--
INFO: Run Behavior\ContentReplaceBehavior [ RunTime:0.000000s ]
INFO: [ template_filter ] --END-- [ RunTime:0.000000s ]
SQL: SHOW COLUMNS FROM `classes` [ RunTime:0.0060s ]
SQL: SELECT * FROM `classes` WHERE `name` = '教程'  [ RunTime:0.0010s ]
SQL: SELECT * FROM `classes` WHERE `name` = ''  [ RunTime:0.0010s ]
NOTIC: [8] Undefined offset: 0 C:\www\tpblog\Application\Runtime\Cache\Mobile\7ec09d81604f503b335cba670e471690.php 第 142 行.
SQL: SELECT * FROM `classes` WHERE `name` = ''  [ RunTime:0.0000s ]
NOTIC: [8] Undefined offset: 0 C:\www\tpblog\Application\Runtime\Cache\Mobile\7ec09d81604f503b335cba670e471690.php 第 142 行.
SQL: SELECT * FROM `classes` WHERE `name` = '未分类'  [ RunTime:0.0000s ]
SQL: SELECT * FROM `classes` WHERE `name` = '下载'  [ RunTime:0.0010s ]
SQL: SELECT * FROM `classes` WHERE `name` = '教程'  [ RunTime:0.0010s ]
SQL: SELECT * FROM `classes` WHERE `name` = '未分类'  [ RunTime:0.0000s ]
SQL: SELECT * FROM `classes` WHERE `name` = '未分类'  [ RunTime:0.0000s ]
SQL: SELECT * FROM `classes` WHERE `name` = '未分类'  [ RunTime:0.0000s ]
SQL: SELECT * FROM `classes` WHERE `name` = '未分类'  [ RunTime:0.0010s ]
INFO: Run Behavior\ParseTemplateBehavior [ RunTime:0.024002s ]
INFO: [ view_parse ] --END-- [ RunTime:0.024002s ]
INFO: [ view_filter ] --START--
INFO: Run Behavior\WriteHtmlCacheBehavior [ RunTime:0.001000s ]
INFO: [ view_filter ] --END-- [ RunTime:0.001000s ]
INFO: [ app_end ] --START--
INFO: Run Behavior\ShowPageTraceBehavior [ RunTime:0.001000s ]
INFO: [ app_end ] --END-- [ RunTime:0.001000s ]

[ 2017-03-18T10:06:15+08:00 ] 192.168.1.99 /index.php/Mobile/Index/index.html
INFO: [ app_init ] --START--
INFO: Run Behavior\BuildLiteBehavior [ RunTime:0.000000s ]
INFO: [ app_init ] --END-- [ RunTime:0.001000s ]
INFO: [ app_begin ] --START--
INFO: Run Behavior\ReadHtmlCacheBehavior [ RunTime:0.002000s ]
INFO: [ app_begin ] --END-- [ RunTime:0.002000s ]
SQL: SHOW COLUMNS FROM `setting` [ RunTime:0.0080s ]
SQL: SELECT * FROM `setting`  [ RunTime:0.0010s ]
SQL: SHOW COLUMNS FROM `num` [ RunTime:0.0090s ]
SQL: SHOW COLUMNS FROM `page` [ RunTime:0.0070s ]
SQL: SHOW COLUMNS FROM `link_exch` [ RunTime:0.0080s ]
SQL: SELECT COUNT(*) AS tp_count FROM `page` LIMIT 1   [ RunTime:0.0000s ]
SQL: SELECT * FROM `page`  [ RunTime:0.0010s ]
SQL: SELECT COUNT(*) AS tp_count FROM `page` LIMIT 1   [ RunTime:0.0010s ]
SQL: UPDATE `num` SET `val`='13' WHERE `key` = 'page' [ RunTime:0.3950s ]
SQL: SHOW COLUMNS FROM `msg` [ RunTime:0.0060s ]
SQL: SELECT COUNT(*) AS tp_count FROM `msg` LIMIT 1   [ RunTime:0.0000s ]
SQL: UPDATE `num` SET `val`='7' WHERE `key` = 'msg' [ RunTime:0.0040s ]
SQL: SHOW COLUMNS FROM `user` [ RunTime:0.0060s ]
SQL: SELECT COUNT(*) AS tp_count FROM `user` LIMIT 1   [ RunTime:0.0010s ]
SQL: UPDATE `num` SET `val`='1' WHERE `key` = 'user' [ RunTime:0.0040s ]
SQL: SHOW COLUMNS FROM `submit` [ RunTime:0.0050s ]
SQL: SELECT COUNT(*) AS tp_count FROM `submit` LIMIT 1   [ RunTime:0.0000s ]
SQL: UPDATE `num` SET `val`='12' WHERE `key` = 'submit' [ RunTime:0.0030s ]
NOTIC: [8] Undefined variable: zancount C:\www\tpblog\Application\Mobile\Controller\IndexController.class.php 第 73 行.
SQL: UPDATE `num` SET `val`='1008' WHERE `key` = 'zan' [ RunTime:0.0020s ]
NOTIC: [8] Undefined variable: readcount C:\www\tpblog\Application\Mobile\Controller\IndexController.class.php 第 83 行.
SQL: UPDATE `num` SET `val`='1424' WHERE `key` = 'read' [ RunTime:0.0010s ]
SQL: SELECT * FROM `num` WHERE `key` = 'vst' LIMIT 1   [ RunTime:0.0010s ]
SQL: SELECT * FROM `num`  [ RunTime:0.0010s ]
SQL: UPDATE `num` SET `val`='1800' WHERE `key` = 'vst' [ RunTime:0.0020s ]
SQL: SELECT * FROM `page` ORDER BY pid desc LIMIT 0,10   [ RunTime:0.0010s ]
SQL: SELECT * FROM `page` WHERE `img` <> '' ORDER BY pid desc LIMIT 0,10   [ RunTime:0.0010s ]
SQL: SELECT * FROM `link_exch` ORDER BY lid desc  [ RunTime:0.0010s ]
INFO: [ view_parse ] --START--
INFO: [ template_filter ] --START--
INFO: Run Behavior\ContentReplaceBehavior [ RunTime:0.000000s ]
INFO: [ template_filter ] --END-- [ RunTime:0.000000s ]
SQL: SHOW COLUMNS FROM `classes` [ RunTime:0.0060s ]
SQL: SELECT * FROM `classes` WHERE `name` = '教程'  [ RunTime:0.0000s ]
SQL: SELECT * FROM `classes` WHERE `name` = ''  [ RunTime:0.0000s ]
NOTIC: [8] Undefined offset: 0 C:\www\tpblog\Application\Runtime\Cache\Mobile\7ec09d81604f503b335cba670e471690.php 第 142 行.
SQL: SELECT * FROM `classes` WHERE `name` = ''  [ RunTime:0.0010s ]
NOTIC: [8] Undefined offset: 0 C:\www\tpblog\Application\Runtime\Cache\Mobile\7ec09d81604f503b335cba670e471690.php 第 142 行.
SQL: SELECT * FROM `classes` WHERE `name` = '未分类'  [ RunTime:0.0000s ]
SQL: SELECT * FROM `classes` WHERE `name` = '下载'  [ RunTime:0.0000s ]
SQL: SELECT * FROM `classes` WHERE `name` = '教程'  [ RunTime:0.0000s ]
SQL: SELECT * FROM `classes` WHERE `name` = '未分类'  [ RunTime:0.0000s ]
SQL: SELECT * FROM `classes` WHERE `name` = '未分类'  [ RunTime:0.0010s ]
SQL: SELECT * FROM `classes` WHERE `name` = '未分类'  [ RunTime:0.0010s ]
SQL: SELECT * FROM `classes` WHERE `name` = '未分类'  [ RunTime:0.0000s ]
INFO: Run Behavior\ParseTemplateBehavior [ RunTime:0.023001s ]
INFO: [ view_parse ] --END-- [ RunTime:0.023001s ]
INFO: [ view_filter ] --START--
INFO: Run Behavior\WriteHtmlCacheBehavior [ RunTime:0.000000s ]
INFO: [ view_filter ] --END-- [ RunTime:0.001000s ]
INFO: [ app_end ] --START--
INFO: Run Behavior\ShowPageTraceBehavior [ RunTime:0.001000s ]
INFO: [ app_end ] --END-- [ RunTime:0.001000s ]

[ 2017-03-18T10:07:10+08:00 ] 192.168.1.99 /index.php/Mobile/Index/index.html
INFO: [ app_init ] --START--
INFO: Run Behavior\BuildLiteBehavior [ RunTime:0.000000s ]
INFO: [ app_init ] --END-- [ RunTime:0.002000s ]
INFO: [ app_begin ] --START--
INFO: Run Behavior\ReadHtmlCacheBehavior [ RunTime:0.003000s ]
INFO: [ app_begin ] --END-- [ RunTime:0.003000s ]
SQL: SHOW COLUMNS FROM `setting` [ RunTime:0.0080s ]
SQL: SELECT * FROM `setting`  [ RunTime:0.0010s ]
SQL: SHOW COLUMNS FROM `num` [ RunTime:0.0080s ]
SQL: SHOW COLUMNS FROM `page` [ RunTime:0.0090s ]
SQL: SHOW COLUMNS FROM `link_exch` [ RunTime:0.0080s ]
SQL: SELECT COUNT(*) AS tp_count FROM `page` LIMIT 1   [ RunTime:0.0000s ]
SQL: SELECT * FROM `page`  [ RunTime:0.0010s ]
SQL: SELECT COUNT(*) AS tp_count FROM `page` LIMIT 1   [ RunTime:0.0010s ]
SQL: UPDATE `num` SET `val`='13' WHERE `key` = 'page' [ RunTime:0.0040s ]
SQL: SHOW COLUMNS FROM `msg` [ RunTime:0.0060s ]
SQL: SELECT COUNT(*) AS tp_count FROM `msg` LIMIT 1   [ RunTime:0.0010s ]
SQL: UPDATE `num` SET `val`='7' WHERE `key` = 'msg' [ RunTime:0.0020s ]
SQL: SHOW COLUMNS FROM `user` [ RunTime:0.0060s ]
SQL: SELECT COUNT(*) AS tp_count FROM `user` LIMIT 1   [ RunTime:0.0000s ]
SQL: UPDATE `num` SET `val`='1' WHERE `key` = 'user' [ RunTime:0.0020s ]
SQL: SHOW COLUMNS FROM `submit` [ RunTime:0.0060s ]
SQL: SELECT COUNT(*) AS tp_count FROM `submit` LIMIT 1   [ RunTime:0.0000s ]
SQL: UPDATE `num` SET `val`='12' WHERE `key` = 'submit' [ RunTime:0.0030s ]
NOTIC: [8] Undefined variable: zancount C:\www\tpblog\Application\Mobile\Controller\IndexController.class.php 第 73 行.
SQL: UPDATE `num` SET `val`='1008' WHERE `key` = 'zan' [ RunTime:0.0030s ]
NOTIC: [8] Undefined variable: readcount C:\www\tpblog\Application\Mobile\Controller\IndexController.class.php 第 83 行.
SQL: UPDATE `num` SET `val`='1424' WHERE `key` = 'read' [ RunTime:0.0020s ]
SQL: SELECT * FROM `num` WHERE `key` = 'vst' LIMIT 1   [ RunTime:0.0000s ]
SQL: SELECT * FROM `num`  [ RunTime:0.0010s ]
SQL: UPDATE `num` SET `val`='1803' WHERE `key` = 'vst' [ RunTime:0.0020s ]
SQL: SELECT * FROM `page` ORDER BY pid desc LIMIT 0,10   [ RunTime:0.0000s ]
SQL: SELECT * FROM `page` WHERE `img` <> '' ORDER BY pid desc LIMIT 0,10   [ RunTime:0.0010s ]
SQL: SELECT * FROM `link_exch` ORDER BY lid desc  [ RunTime:0.0000s ]
INFO: [ view_parse ] --START--
INFO: [ template_filter ] --START--
INFO: Run Behavior\ContentReplaceBehavior [ RunTime:0.000000s ]
INFO: [ template_filter ] --END-- [ RunTime:0.000000s ]
SQL: SHOW COLUMNS FROM `classes` [ RunTime:0.0060s ]
SQL: SELECT * FROM `classes` WHERE `name` = '教程'  [ RunTime:0.0010s ]
SQL: SELECT * FROM `classes` WHERE `name` = ''  [ RunTime:0.0000s ]
NOTIC: [8] Undefined offset: 0 C:\www\tpblog\Application\Runtime\Cache\Mobile\7ec09d81604f503b335cba670e471690.php 第 144 行.
SQL: SELECT * FROM `classes` WHERE `name` = ''  [ RunTime:0.0010s ]
NOTIC: [8] Undefined offset: 0 C:\www\tpblog\Application\Runtime\Cache\Mobile\7ec09d81604f503b335cba670e471690.php 第 144 行.
SQL: SELECT * FROM `classes` WHERE `name` = '未分类'  [ RunTime:0.0010s ]
SQL: SELECT * FROM `classes` WHERE `name` = '下载'  [ RunTime:0.0000s ]
SQL: SELECT * FROM `classes` WHERE `name` = '教程'  [ RunTime:0.0000s ]
SQL: SELECT * FROM `classes` WHERE `name` = '未分类'  [ RunTime:0.0010s ]
SQL: SELECT * FROM `classes` WHERE `name` = '未分类'  [ RunTime:0.0010s ]
SQL: SELECT * FROM `classes` WHERE `name` = '未分类'  [ RunTime:0.0010s ]
SQL: SELECT * FROM `classes` WHERE `name` = '未分类'  [ RunTime:0.0000s ]
INFO: Run Behavior\ParseTemplateBehavior [ RunTime:0.022001s ]
INFO: [ view_parse ] --END-- [ RunTime:0.022001s ]
INFO: [ view_filter ] --START--
INFO: Run Behavior\WriteHtmlCacheBehavior [ RunTime:0.001001s ]
INFO: [ view_filter ] --END-- [ RunTime:0.001001s ]
INFO: [ app_end ] --START--
INFO: Run Behavior\ShowPageTraceBehavior [ RunTime:0.001000s ]
INFO: [ app_end ] --END-- [ RunTime:0.001000s ]

[ 2017-03-18T10:07:17+08:00 ] 192.168.1.99 /index.php/Mobile/Index/index.html
INFO: [ app_init ] --START--
INFO: Run Behavior\BuildLiteBehavior [ RunTime:0.000000s ]
INFO: [ app_init ] --END-- [ RunTime:0.001000s ]
INFO: [ app_begin ] --START--
INFO: Run Behavior\ReadHtmlCacheBehavior [ RunTime:0.002000s ]
INFO: [ app_begin ] --END-- [ RunTime:0.002000s ]
SQL: SHOW COLUMNS FROM `setting` [ RunTime:0.0080s ]
SQL: SELECT * FROM `setting`  [ RunTime:0.0010s ]
SQL: SHOW COLUMNS FROM `num` [ RunTime:0.0060s ]
SQL: SHOW COLUMNS FROM `page` [ RunTime:0.0060s ]
SQL: SHOW COLUMNS FROM `link_exch` [ RunTime:0.0050s ]
SQL: SELECT COUNT(*) AS tp_count FROM `page` LIMIT 1   [ RunTime:0.0010s ]
SQL: SELECT * FROM `page`  [ RunTime:0.0010s ]
SQL: SELECT COUNT(*) AS tp_count FROM `page` LIMIT 1   [ RunTime:0.0010s ]
SQL: UPDATE `num` SET `val`='13' WHERE `key` = 'page' [ RunTime:0.0060s ]
SQL: SHOW COLUMNS FROM `msg` [ RunTime:0.0060s ]
SQL: SELECT COUNT(*) AS tp_count FROM `msg` LIMIT 1   [ RunTime:0.0000s ]
SQL: UPDATE `num` SET `val`='7' WHERE `key` = 'msg' [ RunTime:0.0020s ]
SQL: SHOW COLUMNS FROM `user` [ RunTime:0.0060s ]
SQL: SELECT COUNT(*) AS tp_count FROM `user` LIMIT 1   [ RunTime:0.0000s ]
SQL: UPDATE `num` SET `val`='1' WHERE `key` = 'user' [ RunTime:0.0020s ]
SQL: SHOW COLUMNS FROM `submit` [ RunTime:0.0050s ]
SQL: SELECT COUNT(*) AS tp_count FROM `submit` LIMIT 1   [ RunTime:0.0000s ]
SQL: UPDATE `num` SET `val`='12' WHERE `key` = 'submit' [ RunTime:0.0030s ]
NOTIC: [8] Undefined variable: zancount C:\www\tpblog\Application\Mobile\Controller\IndexController.class.php 第 73 行.
SQL: UPDATE `num` SET `val`='1008' WHERE `key` = 'zan' [ RunTime:0.0020s ]
NOTIC: [8] Undefined variable: readcount C:\www\tpblog\Application\Mobile\Controller\IndexController.class.php 第 83 行.
SQL: UPDATE `num` SET `val`='1424' WHERE `key` = 'read' [ RunTime:0.0030s ]
SQL: SELECT * FROM `num` WHERE `key` = 'vst' LIMIT 1   [ RunTime:0.0000s ]
SQL: SELECT * FROM `num`  [ RunTime:0.0000s ]
SQL: UPDATE `num` SET `val`='1804' WHERE `key` = 'vst' [ RunTime:0.0030s ]
SQL: SELECT * FROM `page` ORDER BY pid desc LIMIT 0,10   [ RunTime:0.0010s ]
SQL: SELECT * FROM `page` WHERE `img` <> '' ORDER BY pid desc LIMIT 0,10   [ RunTime:0.0010s ]
SQL: SELECT * FROM `link_exch` ORDER BY lid desc  [ RunTime:0.0000s ]
INFO: [ view_parse ] --START--
INFO: [ template_filter ] --START--
INFO: Run Behavior\ContentReplaceBehavior [ RunTime:0.000000s ]
INFO: [ template_filter ] --END-- [ RunTime:0.000000s ]
SQL: SHOW COLUMNS FROM `classes` [ RunTime:0.0060s ]
SQL: SELECT * FROM `classes` WHERE `name` = '教程'  [ RunTime:0.0000s ]
SQL: SELECT * FROM `classes` WHERE `name` = ''  [ RunTime:0.0000s ]
NOTIC: [8] Undefined offset: 0 C:\www\tpblog\Application\Runtime\Cache\Mobile\7ec09d81604f503b335cba670e471690.php 第 144 行.
SQL: SELECT * FROM `classes` WHERE `name` = ''  [ RunTime:0.0010s ]
NOTIC: [8] Undefined offset: 0 C:\www\tpblog\Application\Runtime\Cache\Mobile\7ec09d81604f503b335cba670e471690.php 第 144 行.
SQL: SELECT * FROM `classes` WHERE `name` = '未分类'  [ RunTime:0.0000s ]
SQL: SELECT * FROM `classes` WHERE `name` = '下载'  [ RunTime:0.0010s ]
SQL: SELECT * FROM `classes` WHERE `name` = '教程'  [ RunTime:0.0000s ]
SQL: SELECT * FROM `classes` WHERE `name` = '未分类'  [ RunTime:0.0000s ]
SQL: SELECT * FROM `classes` WHERE `name` = '未分类'  [ RunTime:0.0010s ]
SQL: SELECT * FROM `classes` WHERE `name` = '未分类'  [ RunTime:0.0010s ]
SQL: SELECT * FROM `classes` WHERE `name` = '未分类'  [ RunTime:0.0000s ]
INFO: Run Behavior\ParseTemplateBehavior [ RunTime:0.023002s ]
INFO: [ view_parse ] --END-- [ RunTime:0.023002s ]
INFO: [ view_filter ] --START--
INFO: Run Behavior\WriteHtmlCacheBehavior [ RunTime:0.000000s ]
INFO: [ view_filter ] --END-- [ RunTime:0.000000s ]
INFO: [ app_end ] --START--
INFO: Run Behavior\ShowPageTraceBehavior [ RunTime:0.000000s ]
INFO: [ app_end ] --END-- [ RunTime:0.000000s ]

[ 2017-03-18T10:07:22+08:00 ] 192.168.1.99 /index.php/Mobile/Index/index.html
INFO: [ app_init ] --START--
INFO: Run Behavior\BuildLiteBehavior [ RunTime:0.000000s ]
INFO: [ app_init ] --END-- [ RunTime:0.001000s ]
INFO: [ app_begin ] --START--
INFO: Run Behavior\ReadHtmlCacheBehavior [ RunTime:0.001000s ]
INFO: [ app_begin ] --END-- [ RunTime:0.001000s ]
SQL: SHOW COLUMNS FROM `setting` [ RunTime:0.0080s ]
SQL: SELECT * FROM `setting`  [ RunTime:0.0010s ]
SQL: SHOW COLUMNS FROM `num` [ RunTime:0.0070s ]
SQL: SHOW COLUMNS FROM `page` [ RunTime:0.0060s ]
SQL: SHOW COLUMNS FROM `link_exch` [ RunTime:0.0060s ]
SQL: SELECT COUNT(*) AS tp_count FROM `page` LIMIT 1   [ RunTime:0.0010s ]
SQL: SELECT * FROM `page`  [ RunTime:0.0010s ]
SQL: SELECT COUNT(*) AS tp_count FROM `page` LIMIT 1   [ RunTime:0.0000s ]
SQL: UPDATE `num` SET `val`='13' WHERE `key` = 'page' [ RunTime:0.0060s ]
SQL: SHOW COLUMNS FROM `msg` [ RunTime:0.0060s ]
SQL: SELECT COUNT(*) AS tp_count FROM `msg` LIMIT 1   [ RunTime:0.0000s ]
SQL: UPDATE `num` SET `val`='7' WHERE `key` = 'msg' [ RunTime:0.0020s ]
SQL: SHOW COLUMNS FROM `user` [ RunTime:0.0050s ]
SQL: SELECT COUNT(*) AS tp_count FROM `user` LIMIT 1   [ RunTime:0.0010s ]
SQL: UPDATE `num` SET `val`='1' WHERE `key` = 'user' [ RunTime:0.0040s ]
SQL: SHOW COLUMNS FROM `submit` [ RunTime:0.0060s ]
SQL: SELECT COUNT(*) AS tp_count FROM `submit` LIMIT 1   [ RunTime:0.0010s ]
SQL: UPDATE `num` SET `val`='12' WHERE `key` = 'submit' [ RunTime:0.0030s ]
NOTIC: [8] Undefined variable: zancount C:\www\tpblog\Application\Mobile\Controller\IndexController.class.php 第 73 行.
SQL: UPDATE `num` SET `val`='1008' WHERE `key` = 'zan' [ RunTime:0.0020s ]
NOTIC: [8] Undefined variable: readcount C:\www\tpblog\Application\Mobile\Controller\IndexController.class.php 第 83 行.
SQL: UPDATE `num` SET `val`='1424' WHERE `key` = 'read' [ RunTime:0.0010s ]
SQL: SELECT * FROM `num` WHERE `key` = 'vst' LIMIT 1   [ RunTime:0.0010s ]
SQL: SELECT * FROM `num`  [ RunTime:0.0000s ]
SQL: UPDATE `num` SET `val`='1805' WHERE `key` = 'vst' [ RunTime:0.0030s ]
SQL: SELECT * FROM `page` ORDER BY pid desc LIMIT 0,10   [ RunTime:0.0010s ]
SQL: SELECT * FROM `page` WHERE `img` <> '' ORDER BY pid desc LIMIT 0,10   [ RunTime:0.0010s ]
SQL: SELECT * FROM `link_exch` ORDER BY lid desc  [ RunTime:0.0000s ]
INFO: [ view_parse ] --START--
INFO: [ template_filter ] --START--
INFO: Run Behavior\ContentReplaceBehavior [ RunTime:0.000000s ]
INFO: [ template_filter ] --END-- [ RunTime:0.000000s ]
SQL: SHOW COLUMNS FROM `classes` [ RunTime:0.0060s ]
SQL: SELECT * FROM `classes` WHERE `name` = '教程'  [ RunTime:0.0000s ]
SQL: SELECT * FROM `classes` WHERE `name` = ''  [ RunTime:0.0010s ]
NOTIC: [8] Undefined offset: 0 C:\www\tpblog\Application\Runtime\Cache\Mobile\7ec09d81604f503b335cba670e471690.php 第 144 行.
SQL: SELECT * FROM `classes` WHERE `name` = ''  [ RunTime:0.0010s ]
NOTIC: [8] Undefined offset: 0 C:\www\tpblog\Application\Runtime\Cache\Mobile\7ec09d81604f503b335cba670e471690.php 第 144 行.
SQL: SELECT * FROM `classes` WHERE `name` = '未分类'  [ RunTime:0.0000s ]
SQL: SELECT * FROM `classes` WHERE `name` = '下载'  [ RunTime:0.0000s ]
SQL: SELECT * FROM `classes` WHERE `name` = '教程'  [ RunTime:0.0010s ]
SQL: SELECT * FROM `classes` WHERE `name` = '未分类'  [ RunTime:0.0010s ]
SQL: SELECT * FROM `classes` WHERE `name` = '未分类'  [ RunTime:0.0010s ]
SQL: SELECT * FROM `classes` WHERE `name` = '未分类'  [ RunTime:0.0010s ]
SQL: SELECT * FROM `classes` WHERE `name` = '未分类'  [ RunTime:0.0000s ]
INFO: Run Behavior\ParseTemplateBehavior [ RunTime:0.023002s ]
INFO: [ view_parse ] --END-- [ RunTime:0.023002s ]
INFO: [ view_filter ] --START--
INFO: Run Behavior\WriteHtmlCacheBehavior [ RunTime:0.001000s ]
INFO: [ view_filter ] --END-- [ RunTime:0.001000s ]
INFO: [ app_end ] --START--
INFO: Run Behavior\ShowPageTraceBehavior [ RunTime:0.001000s ]
INFO: [ app_end ] --END-- [ RunTime:0.001000s ]

[ 2017-03-18T10:07:57+08:00 ] 192.168.1.99 /index.php/Mobile/Index/index.html
INFO: [ app_init ] --START--
INFO: Run Behavior\BuildLiteBehavior [ RunTime:0.000000s ]
INFO: [ app_init ] --END-- [ RunTime:0.001000s ]
INFO: [ app_begin ] --START--
INFO: Run Behavior\ReadHtmlCacheBehavior [ RunTime:0.001000s ]
INFO: [ app_begin ] --END-- [ RunTime:0.001000s ]
SQL: SHOW COLUMNS FROM `setting` [ RunTime:0.0060s ]
SQL: SELECT * FROM `setting`  [ RunTime:0.0010s ]
SQL: SHOW COLUMNS FROM `num` [ RunTime:0.0060s ]
SQL: SHOW COLUMNS FROM `page` [ RunTime:0.0070s ]
SQL: SHOW COLUMNS FROM `link_exch` [ RunTime:0.0060s ]
SQL: SELECT COUNT(*) AS tp_count FROM `page` LIMIT 1   [ RunTime:0.0000s ]
SQL: SELECT * FROM `page`  [ RunTime:0.0010s ]
SQL: SELECT COUNT(*) AS tp_count FROM `page` LIMIT 1   [ RunTime:0.0010s ]
SQL: UPDATE `num` SET `val`='13' WHERE `key` = 'page' [ RunTime:0.0070s ]
SQL: SHOW COLUMNS FROM `msg` [ RunTime:0.0060s ]
SQL: SELECT COUNT(*) AS tp_count FROM `msg` LIMIT 1   [ RunTime:0.0000s ]
SQL: UPDATE `num` SET `val`='7' WHERE `key` = 'msg' [ RunTime:0.0030s ]
SQL: SHOW COLUMNS FROM `user` [ RunTime:0.0070s ]
SQL: SELECT COUNT(*) AS tp_count FROM `user` LIMIT 1   [ RunTime:0.0000s ]
SQL: UPDATE `num` SET `val`='1' WHERE `key` = 'user' [ RunTime:0.0030s ]
SQL: SHOW COLUMNS FROM `submit` [ RunTime:0.0050s ]
SQL: SELECT COUNT(*) AS tp_count FROM `submit` LIMIT 1   [ RunTime:0.0000s ]
SQL: UPDATE `num` SET `val`='12' WHERE `key` = 'submit' [ RunTime:0.0020s ]
NOTIC: [8] Undefined variable: zancount C:\www\tpblog\Application\Mobile\Controller\IndexController.class.php 第 73 行.
SQL: UPDATE `num` SET `val`='1008' WHERE `key` = 'zan' [ RunTime:0.0030s ]
NOTIC: [8] Undefined variable: readcount C:\www\tpblog\Application\Mobile\Controller\IndexController.class.php 第 83 行.
SQL: UPDATE `num` SET `val`='1424' WHERE `key` = 'read' [ RunTime:0.0030s ]
SQL: SELECT * FROM `num` WHERE `key` = 'vst' LIMIT 1   [ RunTime:0.0000s ]
SQL: SELECT * FROM `num`  [ RunTime:0.0000s ]
SQL: UPDATE `num` SET `val`='1806' WHERE `key` = 'vst' [ RunTime:0.0030s ]
SQL: SELECT * FROM `page` ORDER BY pid desc LIMIT 0,10   [ RunTime:0.0010s ]
SQL: SELECT * FROM `page` WHERE `img` <> '' ORDER BY pid desc LIMIT 0,10   [ RunTime:0.0010s ]
SQL: SELECT * FROM `link_exch` ORDER BY lid desc  [ RunTime:0.0000s ]
INFO: [ view_parse ] --START--
INFO: [ template_filter ] --START--
INFO: Run Behavior\ContentReplaceBehavior [ RunTime:0.000000s ]
INFO: [ template_filter ] --END-- [ RunTime:0.000000s ]
SQL: SHOW COLUMNS FROM `classes` [ RunTime:0.0060s ]
SQL: SELECT * FROM `classes` WHERE `name` = '教程'  [ RunTime:0.0000s ]
SQL: SELECT * FROM `classes` WHERE `name` = ''  [ RunTime:0.0000s ]
NOTIC: [8] Undefined offset: 0 C:\www\tpblog\Application\Runtime\Cache\Mobile\7ec09d81604f503b335cba670e471690.php 第 144 行.
SQL: SELECT * FROM `classes` WHERE `name` = ''  [ RunTime:0.0010s ]
NOTIC: [8] Undefined offset: 0 C:\www\tpblog\Application\Runtime\Cache\Mobile\7ec09d81604f503b335cba670e471690.php 第 144 行.
SQL: SELECT * FROM `classes` WHERE `name` = '未分类'  [ RunTime:0.0010s ]
SQL: SELECT * FROM `classes` WHERE `name` = '下载'  [ RunTime:0.0010s ]
SQL: SELECT * FROM `classes` WHERE `name` = '教程'  [ RunTime:0.0000s ]
SQL: SELECT * FROM `classes` WHERE `name` = '未分类'  [ RunTime:0.0000s ]
SQL: SELECT * FROM `classes` WHERE `name` = '未分类'  [ RunTime:0.0010s ]
SQL: SELECT * FROM `classes` WHERE `name` = '未分类'  [ RunTime:0.0010s ]
SQL: SELECT * FROM `classes` WHERE `name` = '未分类'  [ RunTime:0.0010s ]
INFO: Run Behavior\ParseTemplateBehavior [ RunTime:0.023002s ]
INFO: [ view_parse ] --END-- [ RunTime:0.024002s ]
INFO: [ view_filter ] --START--
INFO: Run Behavior\WriteHtmlCacheBehavior [ RunTime:0.000000s ]
INFO: [ view_filter ] --END-- [ RunTime:0.000000s ]
INFO: [ app_end ] --START--
INFO: Run Behavior\ShowPageTraceBehavior [ RunTime:0.001000s ]
INFO: [ app_end ] --END-- [ RunTime:0.001000s ]

[ 2017-03-18T10:08:00+08:00 ] 192.168.1.99 /index.php/Mobile/Index/index.html
INFO: [ app_init ] --START--
INFO: Run Behavior\BuildLiteBehavior [ RunTime:0.000000s ]
INFO: [ app_init ] --END-- [ RunTime:0.001000s ]
INFO: [ app_begin ] --START--
INFO: Run Behavior\ReadHtmlCacheBehavior [ RunTime:0.001000s ]
INFO: [ app_begin ] --END-- [ RunTime:0.001000s ]
SQL: SHOW COLUMNS FROM `setting` [ RunTime:0.0060s ]
SQL: SELECT * FROM `setting`  [ RunTime:0.0000s ]
SQL: SHOW COLUMNS FROM `num` [ RunTime:0.0060s ]
SQL: SHOW COLUMNS FROM `page` [ RunTime:0.0060s ]
SQL: SHOW COLUMNS FROM `link_exch` [ RunTime:0.0070s ]
SQL: SELECT COUNT(*) AS tp_count FROM `page` LIMIT 1   [ RunTime:0.0000s ]
SQL: SELECT * FROM `page`  [ RunTime:0.0010s ]
SQL: SELECT COUNT(*) AS tp_count FROM `page` LIMIT 1   [ RunTime:0.0000s ]
SQL: UPDATE `num` SET `val`='13' WHERE `key` = 'page' [ RunTime:0.0060s ]
SQL: SHOW COLUMNS FROM `msg` [ RunTime:0.0070s ]
SQL: SELECT COUNT(*) AS tp_count FROM `msg` LIMIT 1   [ RunTime:0.0000s ]
SQL: UPDATE `num` SET `val`='7' WHERE `key` = 'msg' [ RunTime:0.0030s ]
SQL: SHOW COLUMNS FROM `user` [ RunTime:0.0060s ]
SQL: SELECT COUNT(*) AS tp_count FROM `user` LIMIT 1   [ RunTime:0.0010s ]
SQL: UPDATE `num` SET `val`='1' WHERE `key` = 'user' [ RunTime:0.0030s ]
SQL: SHOW COLUMNS FROM `submit` [ RunTime:0.0060s ]
SQL: SELECT COUNT(*) AS tp_count FROM `submit` LIMIT 1   [ RunTime:0.0010s ]
SQL: UPDATE `num` SET `val`='12' WHERE `key` = 'submit' [ RunTime:0.0030s ]
NOTIC: [8] Undefined variable: zancount C:\www\tpblog\Application\Mobile\Controller\IndexController.class.php 第 73 行.
SQL: UPDATE `num` SET `val`='1008' WHERE `key` = 'zan' [ RunTime:0.0020s ]
NOTIC: [8] Undefined variable: readcount C:\www\tpblog\Application\Mobile\Controller\IndexController.class.php 第 83 行.
SQL: UPDATE `num` SET `val`='1424' WHERE `key` = 'read' [ RunTime:0.0020s ]
SQL: SELECT * FROM `num` WHERE `key` = 'vst' LIMIT 1   [ RunTime:0.0010s ]
SQL: SELECT * FROM `num`  [ RunTime:0.0010s ]
SQL: UPDATE `num` SET `val`='1807' WHERE `key` = 'vst' [ RunTime:0.0030s ]
SQL: SELECT * FROM `page` ORDER BY pid desc LIMIT 0,10   [ RunTime:0.0010s ]
SQL: SELECT * FROM `page` WHERE `img` <> '' ORDER BY pid desc LIMIT 0,10   [ RunTime:0.0010s ]
SQL: SELECT * FROM `link_exch` ORDER BY lid desc  [ RunTime:0.0000s ]
INFO: [ view_parse ] --START--
INFO: [ template_filter ] --START--
INFO: Run Behavior\ContentReplaceBehavior [ RunTime:0.000000s ]
INFO: [ template_filter ] --END-- [ RunTime:0.000000s ]
SQL: SHOW COLUMNS FROM `classes` [ RunTime:0.0060s ]
SQL: SELECT * FROM `classes` WHERE `name` = '教程'  [ RunTime:0.0000s ]
SQL: SELECT * FROM `classes` WHERE `name` = ''  [ RunTime:0.0000s ]
NOTIC: [8] Undefined offset: 0 C:\www\tpblog\Application\Runtime\Cache\Mobile\7ec09d81604f503b335cba670e471690.php 第 144 行.
SQL: SELECT * FROM `classes` WHERE `name` = ''  [ RunTime:0.0010s ]
NOTIC: [8] Undefined offset: 0 C:\www\tpblog\Application\Runtime\Cache\Mobile\7ec09d81604f503b335cba670e471690.php 第 144 行.
SQL: SELECT * FROM `classes` WHERE `name` = '未分类'  [ RunTime:0.0010s ]
SQL: SELECT * FROM `classes` WHERE `name` = '下载'  [ RunTime:0.0000s ]
SQL: SELECT * FROM `classes` WHERE `name` = '教程'  [ RunTime:0.0000s ]
SQL: SELECT * FROM `classes` WHERE `name` = '未分类'  [ RunTime:0.0010s ]
SQL: SELECT * FROM `classes` WHERE `name` = '未分类'  [ RunTime:0.0010s ]
SQL: SELECT * FROM `classes` WHERE `name` = '未分类'  [ RunTime:0.0000s ]
SQL: SELECT * FROM `classes` WHERE `name` = '未分类'  [ RunTime:0.0010s ]
INFO: Run Behavior\ParseTemplateBehavior [ RunTime:0.023002s ]
INFO: [ view_parse ] --END-- [ RunTime:0.023002s ]
INFO: [ view_filter ] --START--
INFO: Run Behavior\WriteHtmlCacheBehavior [ RunTime:0.001000s ]
INFO: [ view_filter ] --END-- [ RunTime:0.001000s ]
INFO: [ app_end ] --START--
INFO: Run Behavior\ShowPageTraceBehavior [ RunTime:0.001000s ]
INFO: [ app_end ] --END-- [ RunTime:0.001000s ]

[ 2017-03-18T10:11:39+08:00 ] 192.168.1.99 /index.php/Mobile/Index/index.html
INFO: [ app_init ] --START--
INFO: Run Behavior\BuildLiteBehavior [ RunTime:0.000000s ]
INFO: [ app_init ] --END-- [ RunTime:0.000000s ]
INFO: [ app_begin ] --START--
INFO: Run Behavior\ReadHtmlCacheBehavior [ RunTime:0.001000s ]
INFO: [ app_begin ] --END-- [ RunTime:0.001000s ]
SQL: SHOW COLUMNS FROM `setting` [ RunTime:0.0060s ]
SQL: SELECT * FROM `setting`  [ RunTime:0.0000s ]
SQL: SHOW COLUMNS FROM `num` [ RunTime:0.0050s ]
SQL: SHOW COLUMNS FROM `page` [ RunTime:0.0060s ]
SQL: SHOW COLUMNS FROM `link_exch` [ RunTime:0.0060s ]
SQL: SELECT COUNT(*) AS tp_count FROM `page` LIMIT 1   [ RunTime:0.0010s ]
SQL: SELECT * FROM `page`  [ RunTime:0.0010s ]
SQL: SELECT COUNT(*) AS tp_count FROM `page` LIMIT 1   [ RunTime:0.0010s ]
SQL: UPDATE `num` SET `val`='13' WHERE `key` = 'page' [ RunTime:0.0050s ]
SQL: SHOW COLUMNS FROM `msg` [ RunTime:0.0050s ]
SQL: SELECT COUNT(*) AS tp_count FROM `msg` LIMIT 1   [ RunTime:0.0000s ]
SQL: UPDATE `num` SET `val`='7' WHERE `key` = 'msg' [ RunTime:0.0020s ]
SQL: SHOW COLUMNS FROM `user` [ RunTime:0.0060s ]
SQL: SELECT COUNT(*) AS tp_count FROM `user` LIMIT 1   [ RunTime:0.0010s ]
SQL: UPDATE `num` SET `val`='1' WHERE `key` = 'user' [ RunTime:0.0040s ]
SQL: SHOW COLUMNS FROM `submit` [ RunTime:0.0060s ]
SQL: SELECT COUNT(*) AS tp_count FROM `submit` LIMIT 1   [ RunTime:0.0010s ]
SQL: UPDATE `num` SET `val`='12' WHERE `key` = 'submit' [ RunTime:0.0030s ]
NOTIC: [8] Undefined variable: zancount C:\www\tpblog\Application\Mobile\Controller\IndexController.class.php 第 73 行.
SQL: UPDATE `num` SET `val`='1008' WHERE `key` = 'zan' [ RunTime:0.0030s ]
NOTIC: [8] Undefined variable: readcount C:\www\tpblog\Application\Mobile\Controller\IndexController.class.php 第 83 行.
SQL: UPDATE `num` SET `val`='1424' WHERE `key` = 'read' [ RunTime:0.0030s ]
SQL: SELECT * FROM `num` WHERE `key` = 'vst' LIMIT 1   [ RunTime:0.0000s ]
SQL: SELECT * FROM `num`  [ RunTime:0.0000s ]
SQL: UPDATE `num` SET `val`='1809' WHERE `key` = 'vst' [ RunTime:0.0030s ]
SQL: SELECT * FROM `page` ORDER BY pid desc LIMIT 0,10   [ RunTime:0.0010s ]
SQL: SELECT * FROM `page` WHERE `img` <> '' ORDER BY pid desc LIMIT 0,10   [ RunTime:0.0010s ]
SQL: SELECT * FROM `link_exch` ORDER BY lid desc  [ RunTime:0.0010s ]
INFO: [ view_parse ] --START--
INFO: [ template_filter ] --START--
INFO: Run Behavior\ContentReplaceBehavior [ RunTime:0.000000s ]
INFO: [ template_filter ] --END-- [ RunTime:0.000000s ]
SQL: SHOW COLUMNS FROM `classes` [ RunTime:0.0060s ]
SQL: SELECT * FROM `classes` WHERE `name` = '教程'  [ RunTime:0.0010s ]
SQL: SELECT * FROM `classes` WHERE `name` = ''  [ RunTime:0.0000s ]
NOTIC: [8] Undefined offset: 0 C:\www\tpblog\Application\Runtime\Cache\Mobile\7ec09d81604f503b335cba670e471690.php 第 104 行.
SQL: SELECT * FROM `classes` WHERE `name` = ''  [ RunTime:0.0000s ]
NOTIC: [8] Undefined offset: 0 C:\www\tpblog\Application\Runtime\Cache\Mobile\7ec09d81604f503b335cba670e471690.php 第 104 行.
SQL: SELECT * FROM `classes` WHERE `name` = '未分类'  [ RunTime:0.0010s ]
SQL: SELECT * FROM `classes` WHERE `name` = '下载'  [ RunTime:0.0000s ]
SQL: SELECT * FROM `classes` WHERE `name` = '教程'  [ RunTime:0.0000s ]
SQL: SELECT * FROM `classes` WHERE `name` = '未分类'  [ RunTime:0.0010s ]
SQL: SELECT * FROM `classes` WHERE `name` = '未分类'  [ RunTime:0.0010s ]
SQL: SELECT * FROM `classes` WHERE `name` = '未分类'  [ RunTime:0.0000s ]
SQL: SELECT * FROM `classes` WHERE `name` = '未分类'  [ RunTime:0.0000s ]
INFO: Run Behavior\ParseTemplateBehavior [ RunTime:0.023002s ]
INFO: [ view_parse ] --END-- [ RunTime:0.023002s ]
INFO: [ view_filter ] --START--
INFO: Run Behavior\WriteHtmlCacheBehavior [ RunTime:0.001000s ]
INFO: [ view_filter ] --END-- [ RunTime:0.001000s ]
INFO: [ app_end ] --START--
INFO: Run Behavior\ShowPageTraceBehavior [ RunTime:0.001000s ]
INFO: [ app_end ] --END-- [ RunTime:0.001000s ]

[ 2017-03-18T10:12:00+08:00 ] 192.168.1.99 /index.php/Mobile/Index/index.html
INFO: [ app_init ] --START--
INFO: Run Behavior\BuildLiteBehavior [ RunTime:0.000000s ]
INFO: [ app_init ] --END-- [ RunTime:0.001000s ]
INFO: [ app_begin ] --START--
INFO: Run Behavior\ReadHtmlCacheBehavior [ RunTime:0.001000s ]
INFO: [ app_begin ] --END-- [ RunTime:0.001000s ]
SQL: SHOW COLUMNS FROM `setting` [ RunTime:0.0050s ]
SQL: SELECT * FROM `setting`  [ RunTime:0.0010s ]
SQL: SHOW COLUMNS FROM `num` [ RunTime:0.0060s ]
SQL: SHOW COLUMNS FROM `page` [ RunTime:0.0060s ]
SQL: SHOW COLUMNS FROM `link_exch` [ RunTime:0.0060s ]
SQL: SELECT COUNT(*) AS tp_count FROM `page` LIMIT 1   [ RunTime:0.0010s ]
SQL: SELECT * FROM `page`  [ RunTime:0.0000s ]
SQL: SELECT COUNT(*) AS tp_count FROM `page` LIMIT 1   [ RunTime:0.0000s ]
SQL: UPDATE `num` SET `val`='13' WHERE `key` = 'page' [ RunTime:0.0070s ]
SQL: SHOW COLUMNS FROM `msg` [ RunTime:0.0060s ]
SQL: SELECT COUNT(*) AS tp_count FROM `msg` LIMIT 1   [ RunTime:0.0000s ]
SQL: UPDATE `num` SET `val`='7' WHERE `key` = 'msg' [ RunTime:0.0030s ]
SQL: SHOW COLUMNS FROM `user` [ RunTime:0.0060s ]
SQL: SELECT COUNT(*) AS tp_count FROM `user` LIMIT 1   [ RunTime:0.0000s ]
SQL: UPDATE `num` SET `val`='1' WHERE `key` = 'user' [ RunTime:0.0030s ]
SQL: SHOW COLUMNS FROM `submit` [ RunTime:0.0060s ]
SQL: SELECT COUNT(*) AS tp_count FROM `submit` LIMIT 1   [ RunTime:0.0010s ]
SQL: UPDATE `num` SET `val`='12' WHERE `key` = 'submit' [ RunTime:0.0030s ]
NOTIC: [8] Undefined variable: zancount C:\www\tpblog\Application\Mobile\Controller\IndexController.class.php 第 73 行.
SQL: UPDATE `num` SET `val`='1008' WHERE `key` = 'zan' [ RunTime:0.0020s ]
NOTIC: [8] Undefined variable: readcount C:\www\tpblog\Application\Mobile\Controller\IndexController.class.php 第 83 行.
SQL: UPDATE `num` SET `val`='1424' WHERE `key` = 'read' [ RunTime:0.0020s ]
SQL: SELECT * FROM `num` WHERE `key` = 'vst' LIMIT 1   [ RunTime:0.0010s ]
SQL: SELECT * FROM `num`  [ RunTime:0.0000s ]
SQL: UPDATE `num` SET `val`='1810' WHERE `key` = 'vst' [ RunTime:0.0020s ]
SQL: SELECT * FROM `page` ORDER BY pid desc LIMIT 0,10   [ RunTime:0.0010s ]
SQL: SELECT * FROM `page` WHERE `img` <> '' ORDER BY pid desc LIMIT 0,10   [ RunTime:0.0010s ]
SQL: SELECT * FROM `link_exch` ORDER BY lid desc  [ RunTime:0.0010s ]
INFO: [ view_parse ] --START--
INFO: [ template_filter ] --START--
INFO: Run Behavior\ContentReplaceBehavior [ RunTime:0.000000s ]
INFO: [ template_filter ] --END-- [ RunTime:0.000000s ]
SQL: SHOW COLUMNS FROM `classes` [ RunTime:0.0060s ]
SQL: SELECT * FROM `classes` WHERE `name` = '教程'  [ RunTime:0.0010s ]
SQL: SELECT * FROM `classes` WHERE `name` = ''  [ RunTime:0.0010s ]
NOTIC: [8] Undefined offset: 0 C:\www\tpblog\Application\Runtime\Cache\Mobile\7ec09d81604f503b335cba670e471690.php 第 144 行.
SQL: SELECT * FROM `classes` WHERE `name` = ''  [ RunTime:0.0000s ]
NOTIC: [8] Undefined offset: 0 C:\www\tpblog\Application\Runtime\Cache\Mobile\7ec09d81604f503b335cba670e471690.php 第 144 行.
SQL: SELECT * FROM `classes` WHERE `name` = '未分类'  [ RunTime:0.0010s ]
SQL: SELECT * FROM `classes` WHERE `name` = '下载'  [ RunTime:0.0010s ]
SQL: SELECT * FROM `classes` WHERE `name` = '教程'  [ RunTime:0.0010s ]
SQL: SELECT * FROM `classes` WHERE `name` = '未分类'  [ RunTime:0.0000s ]
SQL: SELECT * FROM `classes` WHERE `name` = '未分类'  [ RunTime:0.0010s ]
SQL: SELECT * FROM `classes` WHERE `name` = '未分类'  [ RunTime:0.0010s ]
SQL: SELECT * FROM `classes` WHERE `name` = '未分类'  [ RunTime:0.0000s ]
INFO: Run Behavior\ParseTemplateBehavior [ RunTime:0.024001s ]
INFO: [ view_parse ] --END-- [ RunTime:0.024001s ]
INFO: [ view_filter ] --START--
INFO: Run Behavior\WriteHtmlCacheBehavior [ RunTime:0.000000s ]
INFO: [ view_filter ] --END-- [ RunTime:0.000000s ]
INFO: [ app_end ] --START--
INFO: Run Behavior\ShowPageTraceBehavior [ RunTime:0.000000s ]
INFO: [ app_end ] --END-- [ RunTime:0.001000s ]

[ 2017-03-18T10:12:32+08:00 ] 192.168.1.99 /index.php/Mobile/Index/index.html
INFO: [ app_init ] --START--
INFO: Run Behavior\BuildLiteBehavior [ RunTime:0.000000s ]
INFO: [ app_init ] --END-- [ RunTime:0.000000s ]
INFO: [ app_begin ] --START--
INFO: Run Behavior\ReadHtmlCacheBehavior [ RunTime:0.002000s ]
INFO: [ app_begin ] --END-- [ RunTime:0.002000s ]
SQL: SHOW COLUMNS FROM `setting` [ RunTime:0.0080s ]
SQL: SELECT * FROM `setting`  [ RunTime:0.0010s ]
SQL: SHOW COLUMNS FROM `num` [ RunTime:0.0090s ]
SQL: SHOW COLUMNS FROM `page` [ RunTime:0.0080s ]
SQL: SHOW COLUMNS FROM `link_exch` [ RunTime:0.0060s ]
SQL: SELECT COUNT(*) AS tp_count FROM `page` LIMIT 1   [ RunTime:0.0010s ]
SQL: SELECT * FROM `page`  [ RunTime:0.0010s ]
SQL: SELECT COUNT(*) AS tp_count FROM `page` LIMIT 1   [ RunTime:0.0010s ]
SQL: UPDATE `num` SET `val`='13' WHERE `key` = 'page' [ RunTime:0.0270s ]
SQL: SHOW COLUMNS FROM `msg` [ RunTime:0.0060s ]
SQL: SELECT COUNT(*) AS tp_count FROM `msg` LIMIT 1   [ RunTime:0.0010s ]
SQL: UPDATE `num` SET `val`='7' WHERE `key` = 'msg' [ RunTime:0.0020s ]
SQL: SHOW COLUMNS FROM `user` [ RunTime:0.0060s ]
SQL: SELECT COUNT(*) AS tp_count FROM `user` LIMIT 1   [ RunTime:0.0010s ]
SQL: UPDATE `num` SET `val`='1' WHERE `key` = 'user' [ RunTime:0.0020s ]
SQL: SHOW COLUMNS FROM `submit` [ RunTime:0.0060s ]
SQL: SELECT COUNT(*) AS tp_count FROM `submit` LIMIT 1   [ RunTime:0.0000s ]
SQL: UPDATE `num` SET `val`='12' WHERE `key` = 'submit' [ RunTime:0.0040s ]
NOTIC: [8] Undefined variable: zancount C:\www\tpblog\Application\Mobile\Controller\IndexController.class.php 第 73 行.
SQL: UPDATE `num` SET `val`='1008' WHERE `key` = 'zan' [ RunTime:0.0030s ]
NOTIC: [8] Undefined variable: readcount C:\www\tpblog\Application\Mobile\Controller\IndexController.class.php 第 83 行.
SQL: UPDATE `num` SET `val`='1424' WHERE `key` = 'read' [ RunTime:0.0030s ]
SQL: SELECT * FROM `num` WHERE `key` = 'vst' LIMIT 1   [ RunTime:0.0000s ]
SQL: SELECT * FROM `num`  [ RunTime:0.0010s ]
SQL: UPDATE `num` SET `val`='1812' WHERE `key` = 'vst' [ RunTime:0.0030s ]
SQL: SELECT * FROM `page` ORDER BY pid desc LIMIT 0,10   [ RunTime:0.0010s ]
SQL: SELECT * FROM `page` WHERE `img` <> '' ORDER BY pid desc LIMIT 0,10   [ RunTime:0.0010s ]
SQL: SELECT * FROM `link_exch` ORDER BY lid desc  [ RunTime:0.0010s ]
INFO: [ view_parse ] --START--
INFO: [ template_filter ] --START--
INFO: Run Behavior\ContentReplaceBehavior [ RunTime:0.000000s ]
INFO: [ template_filter ] --END-- [ RunTime:0.000000s ]
SQL: SHOW COLUMNS FROM `classes` [ RunTime:0.0050s ]
SQL: SELECT * FROM `classes` WHERE `name` = '教程'  [ RunTime:0.0010s ]
SQL: SELECT * FROM `classes` WHERE `name` = ''  [ RunTime:0.0010s ]
NOTIC: [8] Undefined offset: 0 C:\www\tpblog\Application\Runtime\Cache\Mobile\7ec09d81604f503b335cba670e471690.php 第 144 行.
SQL: SELECT * FROM `classes` WHERE `name` = ''  [ RunTime:0.0000s ]
NOTIC: [8] Undefined offset: 0 C:\www\tpblog\Application\Runtime\Cache\Mobile\7ec09d81604f503b335cba670e471690.php 第 144 行.
SQL: SELECT * FROM `classes` WHERE `name` = '未分类'  [ RunTime:0.0000s ]
SQL: SELECT * FROM `classes` WHERE `name` = '下载'  [ RunTime:0.0010s ]
SQL: SELECT * FROM `classes` WHERE `name` = '教程'  [ RunTime:0.0010s ]
SQL: SELECT * FROM `classes` WHERE `name` = '未分类'  [ RunTime:0.0000s ]
SQL: SELECT * FROM `classes` WHERE `name` = '未分类'  [ RunTime:0.0000s ]
SQL: SELECT * FROM `classes` WHERE `name` = '未分类'  [ RunTime:0.0010s ]
SQL: SELECT * FROM `classes` WHERE `name` = '未分类'  [ RunTime:0.0000s ]
INFO: Run Behavior\ParseTemplateBehavior [ RunTime:0.023002s ]
INFO: [ view_parse ] --END-- [ RunTime:0.023002s ]
INFO: [ view_filter ] --START--
INFO: Run Behavior\WriteHtmlCacheBehavior [ RunTime:0.000000s ]
INFO: [ view_filter ] --END-- [ RunTime:0.000000s ]
INFO: [ app_end ] --START--
INFO: Run Behavior\ShowPageTraceBehavior [ RunTime:0.001000s ]
INFO: [ app_end ] --END-- [ RunTime:0.001000s ]

[ 2017-03-18T10:16:33+08:00 ] 192.168.1.99 /index.php/Mobile/Index/index.html
INFO: [ app_init ] --START--
INFO: Run Behavior\BuildLiteBehavior [ RunTime:0.000000s ]
INFO: [ app_init ] --END-- [ RunTime:0.001000s ]
INFO: [ app_begin ] --START--
INFO: Run Behavior\ReadHtmlCacheBehavior [ RunTime:0.001000s ]
INFO: [ app_begin ] --END-- [ RunTime:0.001000s ]
SQL: SHOW COLUMNS FROM `setting` [ RunTime:0.0060s ]
SQL: SELECT * FROM `setting`  [ RunTime:0.0010s ]
SQL: SHOW COLUMNS FROM `num` [ RunTime:0.0060s ]
SQL: SHOW COLUMNS FROM `page` [ RunTime:0.0060s ]
SQL: SHOW COLUMNS FROM `link_exch` [ RunTime:0.0060s ]
SQL: SELECT COUNT(*) AS tp_count FROM `page` LIMIT 1   [ RunTime:0.0010s ]
SQL: SELECT * FROM `page`  [ RunTime:0.0000s ]
SQL: SELECT COUNT(*) AS tp_count FROM `page` LIMIT 1   [ RunTime:0.0000s ]
SQL: UPDATE `num` SET `val`='13' WHERE `key` = 'page' [ RunTime:0.0050s ]
SQL: SHOW COLUMNS FROM `msg` [ RunTime:0.0050s ]
SQL: SELECT COUNT(*) AS tp_count FROM `msg` LIMIT 1   [ RunTime:0.0000s ]
SQL: UPDATE `num` SET `val`='7' WHERE `key` = 'msg' [ RunTime:0.0020s ]
SQL: SHOW COLUMNS FROM `user` [ RunTime:0.0060s ]
SQL: SELECT COUNT(*) AS tp_count FROM `user` LIMIT 1   [ RunTime:0.0000s ]
SQL: UPDATE `num` SET `val`='1' WHERE `key` = 'user' [ RunTime:0.0010s ]
SQL: SHOW COLUMNS FROM `submit` [ RunTime:0.0050s ]
SQL: SELECT COUNT(*) AS tp_count FROM `submit` LIMIT 1   [ RunTime:0.0000s ]
SQL: UPDATE `num` SET `val`='12' WHERE `key` = 'submit' [ RunTime:0.0020s ]
NOTIC: [8] Undefined variable: zancount C:\www\tpblog\Application\Mobile\Controller\IndexController.class.php 第 73 行.
SQL: UPDATE `num` SET `val`='1008' WHERE `key` = 'zan' [ RunTime:0.0020s ]
NOTIC: [8] Undefined variable: readcount C:\www\tpblog\Application\Mobile\Controller\IndexController.class.php 第 83 行.
SQL: UPDATE `num` SET `val`='1424' WHERE `key` = 'read' [ RunTime:0.0030s ]
SQL: SELECT * FROM `num` WHERE `key` = 'vst' LIMIT 1   [ RunTime:0.0000s ]
SQL: SELECT * FROM `num`  [ RunTime:0.0000s ]
SQL: UPDATE `num` SET `val`='1813' WHERE `key` = 'vst' [ RunTime:0.0030s ]
SQL: SELECT * FROM `page` ORDER BY pid desc LIMIT 0,10   [ RunTime:0.0010s ]
SQL: SELECT * FROM `page` WHERE `img` <> '' ORDER BY pid desc LIMIT 0,10   [ RunTime:0.0010s ]
SQL: SELECT * FROM `link_exch` ORDER BY lid desc  [ RunTime:0.0000s ]
INFO: [ view_parse ] --START--
INFO: [ template_filter ] --START--
INFO: Run Behavior\ContentReplaceBehavior [ RunTime:0.000000s ]
INFO: [ template_filter ] --END-- [ RunTime:0.000000s ]
SQL: SHOW COLUMNS FROM `classes` [ RunTime:0.0060s ]
SQL: SELECT * FROM `classes` WHERE `name` = '教程'  [ RunTime:0.0000s ]
SQL: SELECT * FROM `classes` WHERE `name` = ''  [ RunTime:0.0010s ]
NOTIC: [8] Undefined offset: 0 C:\www\tpblog\Application\Runtime\Cache\Mobile\7ec09d81604f503b335cba670e471690.php 第 144 行.
SQL: SELECT * FROM `classes` WHERE `name` = ''  [ RunTime:0.0010s ]
NOTIC: [8] Undefined offset: 0 C:\www\tpblog\Application\Runtime\Cache\Mobile\7ec09d81604f503b335cba670e471690.php 第 144 行.
SQL: SELECT * FROM `classes` WHERE `name` = '未分类'  [ RunTime:0.0000s ]
SQL: SELECT * FROM `classes` WHERE `name` = '下载'  [ RunTime:0.0000s ]
SQL: SELECT * FROM `classes` WHERE `name` = '教程'  [ RunTime:0.0010s ]
SQL: SELECT * FROM `classes` WHERE `name` = '未分类'  [ RunTime:0.0010s ]
SQL: SELECT * FROM `classes` WHERE `name` = '未分类'  [ RunTime:0.0000s ]
SQL: SELECT * FROM `classes` WHERE `name` = '未分类'  [ RunTime:0.0000s ]
SQL: SELECT * FROM `classes` WHERE `name` = '未分类'  [ RunTime:0.0010s ]
INFO: Run Behavior\ParseTemplateBehavior [ RunTime:0.024001s ]
INFO: [ view_parse ] --END-- [ RunTime:0.024001s ]
INFO: [ view_filter ] --START--
INFO: Run Behavior\WriteHtmlCacheBehavior [ RunTime:0.001000s ]
INFO: [ view_filter ] --END-- [ RunTime:0.001000s ]
INFO: [ app_end ] --START--
INFO: Run Behavior\ShowPageTraceBehavior [ RunTime:0.001000s ]
INFO: [ app_end ] --END-- [ RunTime:0.001000s ]

