[ 2017-03-12T15:02:23+08:00 ] 127.0.0.1 /
INFO: [ app_init ] --START--
INFO: Run Behavior\BuildLiteBehavior [ RunTime:0.000000s ]
INFO: [ app_init ] --END-- [ RunTime:0.003000s ]
INFO: [ app_begin ] --START--
INFO: Run Behavior\ReadHtmlCacheBehavior [ RunTime:0.002000s ]
INFO: [ app_begin ] --END-- [ RunTime:0.002000s ]
SQL: SHOW COLUMNS FROM `setting` [ RunTime:0.0150s ]
SQL: SELECT * FROM `setting`  [ RunTime:0.0000s ]
SQL: SHOW COLUMNS FROM `num` [ RunTime:0.0080s ]
SQL: SHOW COLUMNS FROM `page` [ RunTime:0.0080s ]
SQL: SHOW COLUMNS FROM `link_exch` [ RunTime:0.0090s ]
SQL: SELECT COUNT(*) AS tp_count FROM `page` LIMIT 1   [ RunTime:0.0020s ]
SQL: SELECT * FROM `page`  [ RunTime:0.0020s ]
SQL: SELECT COUNT(*) AS tp_count FROM `page` LIMIT 1   [ RunTime:0.0010s ]
SQL: UPDATE `num` SET `val`='13' WHERE `key` = 'page' [ RunTime:0.0070s ]
SQL: SHOW COLUMNS FROM `msg` [ RunTime:0.0070s ]
SQL: SELECT COUNT(*) AS tp_count FROM `msg` LIMIT 1   [ RunTime:0.0010s ]
SQL: UPDATE `num` SET `val`='7' WHERE `key` = 'msg' [ RunTime:0.0040s ]
SQL: SHOW COLUMNS FROM `user` [ RunTime:0.0070s ]
SQL: SELECT COUNT(*) AS tp_count FROM `user` LIMIT 1   [ RunTime:0.0010s ]
SQL: UPDATE `num` SET `val`='1' WHERE `key` = 'user' [ RunTime:0.0050s ]
SQL: SHOW COLUMNS FROM `submit` [ RunTime:0.0090s ]
SQL: SELECT COUNT(*) AS tp_count FROM `submit` LIMIT 1   [ RunTime:0.0010s ]
SQL: UPDATE `num` SET `val`='12' WHERE `key` = 'submit' [ RunTime:0.0040s ]
NOTIC: [8] Undefined variable: zancount C:\www\tpblog\Application\Home\Controller\IndexController.class.php 第 76 行.
SQL: UPDATE `num` SET `val`='6' WHERE `key` = 'zan' [ RunTime:0.0040s ]
NOTIC: [8] Undefined variable: readcount C:\www\tpblog\Application\Home\Controller\IndexController.class.php 第 86 行.
SQL: UPDATE `num` SET `val`='407' WHERE `key` = 'read' [ RunTime:0.0020s ]
SQL: SELECT * FROM `num` WHERE `key` = 'vst' LIMIT 1   [ RunTime:0.0000s ]
SQL: SELECT * FROM `num`  [ RunTime:0.0010s ]
SQL: UPDATE `num` SET `val`='1497' WHERE `key` = 'vst' [ RunTime:0.0030s ]
SQL: SELECT * FROM `page` ORDER BY pid desc LIMIT 0,10   [ RunTime:0.0010s ]
SQL: SELECT * FROM `page` WHERE `img` <> '' ORDER BY pid desc LIMIT 0,10   [ RunTime:0.0000s ]
SQL: SELECT * FROM `link_exch` ORDER BY lid desc  [ RunTime:0.0010s ]
INFO: [ view_parse ] --START--
INFO: [ template_filter ] --START--
INFO: Run Behavior\ContentReplaceBehavior [ RunTime:0.001001s ]
INFO: [ template_filter ] --END-- [ RunTime:0.001001s ]
SQL: SHOW COLUMNS FROM `classes` [ RunTime:0.0080s ]
SQL: SELECT * FROM `classes` WHERE `name` = '教程'  [ RunTime:0.0000s ]
SQL: SELECT * FROM `classes` WHERE `name` = ''  [ RunTime:0.0010s ]
NOTIC: [8] Undefined offset: 0 C:\www\tpblog\Application\Runtime\Cache\Home\74c9bdbded7009a43a281be8a565b911.php 第 97 行.
SQL: SELECT * FROM `classes` WHERE `name` = ''  [ RunTime:0.0010s ]
NOTIC: [8] Undefined offset: 0 C:\www\tpblog\Application\Runtime\Cache\Home\74c9bdbded7009a43a281be8a565b911.php 第 97 行.
SQL: SELECT * FROM `classes` WHERE `name` = '未分类'  [ RunTime:0.0000s ]
SQL: SELECT * FROM `classes` WHERE `name` = '下载'  [ RunTime:0.0000s ]
SQL: SELECT * FROM `classes` WHERE `name` = '教程'  [ RunTime:0.0000s ]
SQL: SELECT * FROM `classes` WHERE `name` = '未分类'  [ RunTime:0.0010s ]
SQL: SELECT * FROM `classes` WHERE `name` = '未分类'  [ RunTime:0.0010s ]
SQL: SELECT * FROM `classes` WHERE `name` = '未分类'  [ RunTime:0.0010s ]
SQL: SELECT * FROM `classes` WHERE `name` = '未分类'  [ RunTime:0.0000s ]
NOTIC: [8] Undefined index: admininfo C:\www\tpblog\Application\Runtime\Cache\Home\74c9bdbded7009a43a281be8a565b911.php 第 143 行.
INFO: Run Behavior\ParseTemplateBehavior [ RunTime:0.037002s ]
INFO: [ view_parse ] --END-- [ RunTime:0.037002s ]
INFO: [ view_filter ] --START--
INFO: Run Behavior\WriteHtmlCacheBehavior [ RunTime:0.001000s ]
INFO: [ view_filter ] --END-- [ RunTime:0.001000s ]
INFO: [ app_end ] --START--
INFO: Run Behavior\ShowPageTraceBehavior [ RunTime:0.001000s ]
INFO: [ app_end ] --END-- [ RunTime:0.001000s ]

[ 2017-03-12T15:09:02+08:00 ] 127.0.0.1 /index.php/Home/Index/read.html?pid=43
INFO: [ app_init ] --START--
INFO: Run Behavior\BuildLiteBehavior [ RunTime:0.000000s ]
INFO: [ app_init ] --END-- [ RunTime:0.001000s ]
INFO: [ app_begin ] --START--
INFO: Run Behavior\ReadHtmlCacheBehavior [ RunTime:0.001000s ]
INFO: [ app_begin ] --END-- [ RunTime:0.001000s ]
SQL: SHOW COLUMNS FROM `setting` [ RunTime:0.0060s ]
SQL: SELECT * FROM `setting`  [ RunTime:0.0010s ]
SQL: SHOW COLUMNS FROM `msg` [ RunTime:0.0060s ]
SQL: SHOW COLUMNS FROM `page` [ RunTime:0.0060s ]
SQL: SELECT COUNT(*) AS tp_count FROM `msg` WHERE `pid` = 43 LIMIT 1   [ RunTime:0.0000s ]
SQL: UPDATE `page` SET `msg`='3' WHERE `pid` = 43 [ RunTime:0.0060s ]
SQL: SELECT * FROM `page` WHERE `pid` = 43 LIMIT 1   [ RunTime:0.0010s ]
SQL: SELECT * FROM `msg` WHERE `pid` = 43 ORDER BY mid desc  [ RunTime:0.0000s ]
SQL: UPDATE `page` SET `read`='56' WHERE `pid` = 43 [ RunTime:0.0020s ]
INFO: [ view_parse ] --START--
INFO: [ template_filter ] --START--
INFO: Run Behavior\ContentReplaceBehavior [ RunTime:0.000000s ]
INFO: [ template_filter ] --END-- [ RunTime:0.000000s ]
SQL: SHOW COLUMNS FROM `classes` [ RunTime:0.0070s ]
SQL: SELECT * FROM `classes` WHERE `name` = '下载'  [ RunTime:0.0000s ]
INFO: Run Behavior\ParseTemplateBehavior [ RunTime:0.040002s ]
INFO: [ view_parse ] --END-- [ RunTime:0.040002s ]
INFO: [ view_filter ] --START--
INFO: Run Behavior\WriteHtmlCacheBehavior [ RunTime:0.001000s ]
INFO: [ view_filter ] --END-- [ RunTime:0.001000s ]
INFO: [ app_end ] --START--
INFO: Run Behavior\ShowPageTraceBehavior [ RunTime:0.000000s ]
INFO: [ app_end ] --END-- [ RunTime:0.001000s ]

[ 2017-03-12T15:09:07+08:00 ] 127.0.0.1 /index.php/Home/Index/read.html?pid=50
INFO: [ app_init ] --START--
INFO: Run Behavior\BuildLiteBehavior [ RunTime:0.000000s ]
INFO: [ app_init ] --END-- [ RunTime:0.000000s ]
INFO: [ app_begin ] --START--
INFO: Run Behavior\ReadHtmlCacheBehavior [ RunTime:0.001000s ]
INFO: [ app_begin ] --END-- [ RunTime:0.001000s ]
SQL: SHOW COLUMNS FROM `setting` [ RunTime:0.0060s ]
SQL: SELECT * FROM `setting`  [ RunTime:0.0010s ]
SQL: SHOW COLUMNS FROM `msg` [ RunTime:0.0070s ]
SQL: SHOW COLUMNS FROM `page` [ RunTime:0.0060s ]
SQL: SELECT COUNT(*) AS tp_count FROM `msg` WHERE `pid` = 50 LIMIT 1   [ RunTime:0.0010s ]
SQL: UPDATE `page` SET `msg`='1' WHERE `pid` = 50 [ RunTime:0.0040s ]
SQL: SELECT * FROM `page` WHERE `pid` = 50 LIMIT 1   [ RunTime:0.0000s ]
SQL: SELECT * FROM `msg` WHERE `pid` = 50 ORDER BY mid desc  [ RunTime:0.0010s ]
SQL: UPDATE `page` SET `read`='186' WHERE `pid` = 50 [ RunTime:0.0030s ]
INFO: [ view_parse ] --START--
INFO: [ template_filter ] --START--
INFO: Run Behavior\ContentReplaceBehavior [ RunTime:0.000000s ]
INFO: [ template_filter ] --END-- [ RunTime:0.000000s ]
SQL: SHOW COLUMNS FROM `classes` [ RunTime:0.0070s ]
SQL: SELECT * FROM `classes` WHERE `name` = ''  [ RunTime:0.0000s ]
NOTIC: [8] Undefined offset: 0 C:\www\tpblog\Application\Runtime\Cache\Home\d710e184b89d8fc6f49ea94e0976c20c.php 第 34 行.
INFO: Run Behavior\ParseTemplateBehavior [ RunTime:0.020001s ]
INFO: [ view_parse ] --END-- [ RunTime:0.020001s ]
INFO: [ view_filter ] --START--
INFO: Run Behavior\WriteHtmlCacheBehavior [ RunTime:0.001000s ]
INFO: [ view_filter ] --END-- [ RunTime:0.001000s ]
INFO: [ app_end ] --START--
INFO: Run Behavior\ShowPageTraceBehavior [ RunTime:0.001000s ]
INFO: [ app_end ] --END-- [ RunTime:0.001000s ]

