[ 2023-08-23T22:51:23+08:00 ] ::1 /
INFO: [ app_init ] --START--
INFO: Run Behavior\BuildLiteBehavior [ RunTime:0.000015s ]
INFO: [ app_init ] --END-- [ RunTime:0.000360s ]
INFO: [ app_begin ] --START--
INFO: Run Behavior\ReadHtmlCacheBehavior [ RunTime:0.000716s ]
INFO: [ app_begin ] --END-- [ RunTime:0.000731s ]
ERR: Undefined class constant 'MYSQL_ATTR_INIT_COMMAND'

[ 2023-08-23T22:51:24+08:00 ] ::1 /
INFO: [ app_init ] --START--
INFO: Run Behavior\BuildLiteBehavior [ RunTime:0.000006s ]
INFO: [ app_init ] --END-- [ RunTime:0.000234s ]
INFO: [ app_begin ] --START--
INFO: Run Behavior\ReadHtmlCacheBehavior [ RunTime:0.000419s ]
INFO: [ app_begin ] --END-- [ RunTime:0.000431s ]
ERR: Undefined class constant 'MYSQL_ATTR_INIT_COMMAND'

[ 2023-08-23T22:51:24+08:00 ] ::1 /
INFO: [ app_init ] --START--
INFO: Run Behavior\BuildLiteBehavior [ RunTime:0.000006s ]
INFO: [ app_init ] --END-- [ RunTime:0.000240s ]
INFO: [ app_begin ] --START--
INFO: Run Behavior\ReadHtmlCacheBehavior [ RunTime:0.000417s ]
INFO: [ app_begin ] --END-- [ RunTime:0.000431s ]
ERR: Undefined class constant 'MYSQL_ATTR_INIT_COMMAND'

[ 2023-08-23T22:51:24+08:00 ] ::1 /
INFO: [ app_init ] --START--
INFO: Run Behavior\BuildLiteBehavior [ RunTime:0.000005s ]
INFO: [ app_init ] --END-- [ RunTime:0.000223s ]
INFO: [ app_begin ] --START--
INFO: Run Behavior\ReadHtmlCacheBehavior [ RunTime:0.000413s ]
INFO: [ app_begin ] --END-- [ RunTime:0.000425s ]
ERR: Undefined class constant 'MYSQL_ATTR_INIT_COMMAND'

[ 2023-08-23T23:03:28+08:00 ] ::1 /
INFO: [ app_init ] --START--
INFO: Run Behavior\BuildLiteBehavior [ RunTime:0.000008s ]
INFO: [ app_init ] --END-- [ RunTime:0.000325s ]
INFO: [ app_begin ] --START--
INFO: Run Behavior\ReadHtmlCacheBehavior [ RunTime:0.000658s ]
INFO: [ app_begin ] --END-- [ RunTime:0.000672s ]
ERR: Undefined class constant 'MYSQL_ATTR_INIT_COMMAND'

[ 2023-08-23T23:03:28+08:00 ] ::1 /
INFO: [ app_init ] --START--
INFO: Run Behavior\BuildLiteBehavior [ RunTime:0.000005s ]
INFO: [ app_init ] --END-- [ RunTime:0.000246s ]
INFO: [ app_begin ] --START--
INFO: Run Behavior\ReadHtmlCacheBehavior [ RunTime:0.000423s ]
INFO: [ app_begin ] --END-- [ RunTime:0.000436s ]
ERR: Undefined class constant 'MYSQL_ATTR_INIT_COMMAND'

[ 2023-08-23T23:03:59+08:00 ] ::1 /
INFO: [ app_init ] --START--
INFO: Run Behavior\BuildLiteBehavior [ RunTime:0.000006s ]
INFO: [ app_init ] --END-- [ RunTime:0.000247s ]
INFO: [ app_begin ] --START--
INFO: Run Behavior\ReadHtmlCacheBehavior [ RunTime:0.000451s ]
INFO: [ app_begin ] --END-- [ RunTime:0.000465s ]
ERR: Undefined class constant 'MYSQL_ATTR_INIT_COMMAND'

[ 2023-08-23T23:04:00+08:00 ] ::1 /
INFO: [ app_init ] --START--
INFO: Run Behavior\BuildLiteBehavior [ RunTime:0.000005s ]
INFO: [ app_init ] --END-- [ RunTime:0.000290s ]
INFO: [ app_begin ] --START--
INFO: Run Behavior\ReadHtmlCacheBehavior [ RunTime:0.000473s ]
INFO: [ app_begin ] --END-- [ RunTime:0.000486s ]
ERR: Undefined class constant 'MYSQL_ATTR_INIT_COMMAND'

[ 2023-08-23T23:04:00+08:00 ] ::1 /
INFO: [ app_init ] --START--
INFO: Run Behavior\BuildLiteBehavior [ RunTime:0.000003s ]
INFO: [ app_init ] --END-- [ RunTime:0.000214s ]
INFO: [ app_begin ] --START--
INFO: Run Behavior\ReadHtmlCacheBehavior [ RunTime:0.000467s ]
INFO: [ app_begin ] --END-- [ RunTime:0.000481s ]
ERR: Undefined class constant 'MYSQL_ATTR_INIT_COMMAND'

[ 2023-08-23T23:04:00+08:00 ] ::1 /
INFO: [ app_init ] --START--
INFO: Run Behavior\BuildLiteBehavior [ RunTime:0.000005s ]
INFO: [ app_init ] --END-- [ RunTime:0.000229s ]
INFO: [ app_begin ] --START--
INFO: Run Behavior\ReadHtmlCacheBehavior [ RunTime:0.000428s ]
INFO: [ app_begin ] --END-- [ RunTime:0.000441s ]
ERR: Undefined class constant 'MYSQL_ATTR_INIT_COMMAND'

[ 2023-08-23T23:04:01+08:00 ] ::1 /
INFO: [ app_init ] --START--
INFO: Run Behavior\BuildLiteBehavior [ RunTime:0.000005s ]
INFO: [ app_init ] --END-- [ RunTime:0.000286s ]
INFO: [ app_begin ] --START--
INFO: Run Behavior\ReadHtmlCacheBehavior [ RunTime:0.000432s ]
INFO: [ app_begin ] --END-- [ RunTime:0.000444s ]
ERR: Undefined class constant 'MYSQL_ATTR_INIT_COMMAND'

[ 2023-08-23T23:05:42+08:00 ] ::1 /
INFO: [ app_init ] --START--
INFO: Run Behavior\BuildLiteBehavior [ RunTime:0.000007s ]
INFO: [ app_init ] --END-- [ RunTime:0.000349s ]
INFO: [ app_begin ] --START--
INFO: Run Behavior\ReadHtmlCacheBehavior [ RunTime:0.000748s ]
INFO: [ app_begin ] --END-- [ RunTime:0.000762s ]
ERR: Undefined class constant 'MYSQL_ATTR_INIT_COMMAND'

[ 2023-08-23T23:05:43+08:00 ] ::1 /
INFO: [ app_init ] --START--
INFO: Run Behavior\BuildLiteBehavior [ RunTime:0.000004s ]
INFO: [ app_init ] --END-- [ RunTime:0.000212s ]
INFO: [ app_begin ] --START--
INFO: Run Behavior\ReadHtmlCacheBehavior [ RunTime:0.000467s ]
INFO: [ app_begin ] --END-- [ RunTime:0.000483s ]
ERR: Undefined class constant 'MYSQL_ATTR_INIT_COMMAND'

[ 2023-08-23T23:06:24+08:00 ] ::1 /
INFO: [ app_init ] --START--
INFO: Run Behavior\BuildLiteBehavior [ RunTime:0.000004s ]
INFO: [ app_init ] --END-- [ RunTime:0.000226s ]
INFO: [ app_begin ] --START--
INFO: Run Behavior\ReadHtmlCacheBehavior [ RunTime:0.000459s ]
INFO: [ app_begin ] --END-- [ RunTime:0.000471s ]
ERR: Undefined class constant 'MYSQL_ATTR_INIT_COMMAND'

[ 2023-08-23T23:12:43+08:00 ] ::1 /
INFO: [ app_init ] --START--
INFO: Run Behavior\BuildLiteBehavior [ RunTime:0.000008s ]
INFO: [ app_init ] --END-- [ RunTime:0.000342s ]
INFO: [ app_begin ] --START--
INFO: Run Behavior\ReadHtmlCacheBehavior [ RunTime:0.000769s ]
INFO: [ app_begin ] --END-- [ RunTime:0.000791s ]
ERR: SQLSTATE[HY000] [1045] Access denied for user 'u741780900_blog'@'localhost' (using password: YES)

[ 2023-08-23T23:12:44+08:00 ] ::1 /
INFO: [ app_init ] --START--
INFO: Run Behavior\BuildLiteBehavior [ RunTime:0.000003s ]
INFO: [ app_init ] --END-- [ RunTime:0.000211s ]
INFO: [ app_begin ] --START--
INFO: Run Behavior\ReadHtmlCacheBehavior [ RunTime:0.000409s ]
INFO: [ app_begin ] --END-- [ RunTime:0.000421s ]
ERR: SQLSTATE[HY000] [1045] Access denied for user 'u741780900_blog'@'localhost' (using password: YES)

[ 2023-08-23T23:12:44+08:00 ] ::1 /
INFO: [ app_init ] --START--
INFO: Run Behavior\BuildLiteBehavior [ RunTime:0.000003s ]
INFO: [ app_init ] --END-- [ RunTime:0.000215s ]
INFO: [ app_begin ] --START--
INFO: Run Behavior\ReadHtmlCacheBehavior [ RunTime:0.000398s ]
INFO: [ app_begin ] --END-- [ RunTime:0.000410s ]
ERR: SQLSTATE[HY000] [1045] Access denied for user 'u741780900_blog'@'localhost' (using password: YES)

[ 2023-08-23T23:12:44+08:00 ] ::1 /
INFO: [ app_init ] --START--
INFO: Run Behavior\BuildLiteBehavior [ RunTime:0.000004s ]
INFO: [ app_init ] --END-- [ RunTime:0.000216s ]
INFO: [ app_begin ] --START--
INFO: Run Behavior\ReadHtmlCacheBehavior [ RunTime:0.000395s ]
INFO: [ app_begin ] --END-- [ RunTime:0.000407s ]
ERR: SQLSTATE[HY000] [1045] Access denied for user 'u741780900_blog'@'localhost' (using password: YES)

[ 2023-08-23T23:14:02+08:00 ] ::1 /
INFO: [ app_init ] --START--
INFO: Run Behavior\BuildLiteBehavior [ RunTime:0.000004s ]
INFO: [ app_init ] --END-- [ RunTime:0.000218s ]
INFO: [ app_begin ] --START--
INFO: Run Behavior\ReadHtmlCacheBehavior [ RunTime:0.000409s ]
INFO: [ app_begin ] --END-- [ RunTime:0.000421s ]
SQL: SHOW COLUMNS FROM `setting` [ RunTime:0.0022s ]
SQL: SELECT * FROM `setting`  [ RunTime:0.0007s ]
SQL: SHOW COLUMNS FROM `num` [ RunTime:0.0008s ]
SQL: SHOW COLUMNS FROM `page` [ RunTime:0.0007s ]
SQL: SHOW COLUMNS FROM `link_exch` [ RunTime:0.0006s ]
SQL: SELECT COUNT(*) AS tp_count FROM `page` LIMIT 1   [ RunTime:0.0060s ]
SQL: SELECT * FROM `page`  [ RunTime:0.0003s ]
SQL: SELECT COUNT(*) AS tp_count FROM `page` LIMIT 1   [ RunTime:0.0006s ]
SQL: UPDATE `num` SET `val`='11' WHERE `key` = 'page' [ RunTime:0.0008s ]
SQL: SHOW COLUMNS FROM `msg` [ RunTime:0.0008s ]
SQL: SELECT COUNT(*) AS tp_count FROM `msg` LIMIT 1   [ RunTime:0.0006s ]
SQL: UPDATE `num` SET `val`='1' WHERE `key` = 'msg' [ RunTime:0.0002s ]
SQL: SHOW COLUMNS FROM `user` [ RunTime:0.0006s ]
SQL: SELECT COUNT(*) AS tp_count FROM `user` LIMIT 1   [ RunTime:0.0006s ]
SQL: UPDATE `num` SET `val`='1' WHERE `key` = 'user' [ RunTime:0.0002s ]
SQL: SHOW COLUMNS FROM `submit` [ RunTime:0.0006s ]
SQL: SELECT COUNT(*) AS tp_count FROM `submit` LIMIT 1   [ RunTime:0.0005s ]
SQL: UPDATE `num` SET `val`='11' WHERE `key` = 'submit' [ RunTime:0.0002s ]
NOTIC: [8] Undefined variable: zancount G:\Web\php\project\wsad\Application\Home\Controller\IndexController.class.php 第 91 行.
SQL: UPDATE `num` SET `val`='2' WHERE `key` = 'zan' [ RunTime:0.0020s ]
NOTIC: [8] Undefined variable: readcount G:\Web\php\project\wsad\Application\Home\Controller\IndexController.class.php 第 101 行.
SQL: UPDATE `num` SET `val`='74' WHERE `key` = 'read' [ RunTime:0.0016s ]
SQL: SELECT * FROM `num` WHERE `key` = 'vst' LIMIT 1   [ RunTime:0.0002s ]
SQL: SELECT * FROM `num`  [ RunTime:0.0002s ]
SQL: UPDATE `num` SET `val`='1048' WHERE `key` = 'vst' [ RunTime:0.0011s ]
SQL: SELECT * FROM `page` ORDER BY pid desc LIMIT 0,10   [ RunTime:0.0002s ]
SQL: SELECT * FROM `page` ORDER BY pid desc  [ RunTime:0.0002s ]
SQL: SELECT * FROM `msg` ORDER BY mid desc LIMIT 5   [ RunTime:0.0001s ]
SQL: SELECT * FROM `page` WHERE `img` <> '' ORDER BY pid desc LIMIT 0,10   [ RunTime:0.0002s ]
SQL: SELECT * FROM `link_exch` ORDER BY lid desc  [ RunTime:0.0003s ]
SQL: SELECT * FROM `page` ORDER BY `read` desc LIMIT 5   [ RunTime:0.0002s ]
SQL: SELECT * FROM `page` ORDER BY zan desc LIMIT 5   [ RunTime:0.0002s ]
SQL: SELECT * FROM `page` ORDER BY msg desc LIMIT 5   [ RunTime:0.0002s ]
INFO: [ view_parse ] --START--
INFO: [ template_filter ] --START--
INFO: Run Behavior\ContentReplaceBehavior [ RunTime:0.000642s ]
INFO: [ template_filter ] --END-- [ RunTime:0.000666s ]
ERR: Call to undefined function mb_substr()

[ 2023-08-23T23:14:03+08:00 ] ::1 /
INFO: [ app_init ] --START--
INFO: Run Behavior\BuildLiteBehavior [ RunTime:0.000004s ]
INFO: [ app_init ] --END-- [ RunTime:0.000235s ]
INFO: [ app_begin ] --START--
INFO: Run Behavior\ReadHtmlCacheBehavior [ RunTime:0.000415s ]
INFO: [ app_begin ] --END-- [ RunTime:0.000427s ]
SQL: SHOW COLUMNS FROM `setting` [ RunTime:0.0009s ]
SQL: SELECT * FROM `setting`  [ RunTime:0.0003s ]
SQL: SHOW COLUMNS FROM `num` [ RunTime:0.0008s ]
SQL: SHOW COLUMNS FROM `page` [ RunTime:0.0006s ]
SQL: SHOW COLUMNS FROM `link_exch` [ RunTime:0.0006s ]
SQL: SELECT COUNT(*) AS tp_count FROM `page` LIMIT 1   [ RunTime:0.0007s ]
SQL: SELECT * FROM `page`  [ RunTime:0.0002s ]
SQL: SELECT COUNT(*) AS tp_count FROM `page` LIMIT 1   [ RunTime:0.0010s ]
SQL: UPDATE `num` SET `val`='11' WHERE `key` = 'page' [ RunTime:0.0003s ]
SQL: SHOW COLUMNS FROM `msg` [ RunTime:0.0007s ]
SQL: SELECT COUNT(*) AS tp_count FROM `msg` LIMIT 1   [ RunTime:0.0005s ]
SQL: UPDATE `num` SET `val`='1' WHERE `key` = 'msg' [ RunTime:0.0002s ]
SQL: SHOW COLUMNS FROM `user` [ RunTime:0.0006s ]
SQL: SELECT COUNT(*) AS tp_count FROM `user` LIMIT 1   [ RunTime:0.0006s ]
SQL: UPDATE `num` SET `val`='1' WHERE `key` = 'user' [ RunTime:0.0002s ]
SQL: SHOW COLUMNS FROM `submit` [ RunTime:0.0007s ]
SQL: SELECT COUNT(*) AS tp_count FROM `submit` LIMIT 1   [ RunTime:0.0007s ]
SQL: UPDATE `num` SET `val`='11' WHERE `key` = 'submit' [ RunTime:0.0002s ]
NOTIC: [8] Undefined variable: zancount G:\Web\php\project\wsad\Application\Home\Controller\IndexController.class.php 第 91 行.
SQL: UPDATE `num` SET `val`='2' WHERE `key` = 'zan' [ RunTime:0.0001s ]
NOTIC: [8] Undefined variable: readcount G:\Web\php\project\wsad\Application\Home\Controller\IndexController.class.php 第 101 行.
SQL: UPDATE `num` SET `val`='74' WHERE `key` = 'read' [ RunTime:0.0001s ]
SQL: SELECT * FROM `num` WHERE `key` = 'vst' LIMIT 1   [ RunTime:0.0001s ]
SQL: SELECT * FROM `num`  [ RunTime:0.0001s ]
SQL: UPDATE `num` SET `val`='1049' WHERE `key` = 'vst' [ RunTime:0.0015s ]
SQL: SELECT * FROM `page` ORDER BY pid desc LIMIT 0,10   [ RunTime:0.0002s ]
SQL: SELECT * FROM `page` ORDER BY pid desc  [ RunTime:0.0002s ]
SQL: SELECT * FROM `msg` ORDER BY mid desc LIMIT 5   [ RunTime:0.0001s ]
SQL: SELECT * FROM `page` WHERE `img` <> '' ORDER BY pid desc LIMIT 0,10   [ RunTime:0.0002s ]
SQL: SELECT * FROM `link_exch` ORDER BY lid desc  [ RunTime:0.0002s ]
SQL: SELECT * FROM `page` ORDER BY `read` desc LIMIT 5   [ RunTime:0.0002s ]
SQL: SELECT * FROM `page` ORDER BY zan desc LIMIT 5   [ RunTime:0.0002s ]
SQL: SELECT * FROM `page` ORDER BY msg desc LIMIT 5   [ RunTime:0.0002s ]
INFO: [ view_parse ] --START--
INFO: [ template_filter ] --START--
INFO: Run Behavior\ContentReplaceBehavior [ RunTime:0.000044s ]
INFO: [ template_filter ] --END-- [ RunTime:0.000056s ]
ERR: Call to undefined function mb_substr()

[ 2023-08-23T23:14:13+08:00 ] ::1 /
INFO: [ app_init ] --START--
INFO: Run Behavior\BuildLiteBehavior [ RunTime:0.000004s ]
INFO: [ app_init ] --END-- [ RunTime:0.000216s ]
INFO: [ app_begin ] --START--
INFO: Run Behavior\ReadHtmlCacheBehavior [ RunTime:0.000399s ]
INFO: [ app_begin ] --END-- [ RunTime:0.000412s ]
SQL: SHOW COLUMNS FROM `setting` [ RunTime:0.0073s ]
SQL: SELECT * FROM `setting`  [ RunTime:0.0002s ]
SQL: SHOW COLUMNS FROM `num` [ RunTime:0.0007s ]
SQL: SHOW COLUMNS FROM `page` [ RunTime:0.0007s ]
SQL: SHOW COLUMNS FROM `link_exch` [ RunTime:0.0006s ]
SQL: SELECT COUNT(*) AS tp_count FROM `page` LIMIT 1   [ RunTime:0.0007s ]
SQL: SELECT * FROM `page`  [ RunTime:0.0002s ]
SQL: SELECT COUNT(*) AS tp_count FROM `page` LIMIT 1   [ RunTime:0.0005s ]
SQL: UPDATE `num` SET `val`='11' WHERE `key` = 'page' [ RunTime:0.0003s ]
SQL: SHOW COLUMNS FROM `msg` [ RunTime:0.0006s ]
SQL: SELECT COUNT(*) AS tp_count FROM `msg` LIMIT 1   [ RunTime:0.0006s ]
SQL: UPDATE `num` SET `val`='1' WHERE `key` = 'msg' [ RunTime:0.0002s ]
SQL: SHOW COLUMNS FROM `user` [ RunTime:0.0006s ]
SQL: SELECT COUNT(*) AS tp_count FROM `user` LIMIT 1   [ RunTime:0.0006s ]
SQL: UPDATE `num` SET `val`='1' WHERE `key` = 'user' [ RunTime:0.0002s ]
SQL: SHOW COLUMNS FROM `submit` [ RunTime:0.0007s ]
SQL: SELECT COUNT(*) AS tp_count FROM `submit` LIMIT 1   [ RunTime:0.0005s ]
SQL: UPDATE `num` SET `val`='11' WHERE `key` = 'submit' [ RunTime:0.0002s ]
NOTIC: [8] Undefined variable: zancount G:\Web\php\project\wsad\Application\Home\Controller\IndexController.class.php 第 91 行.
SQL: UPDATE `num` SET `val`='2' WHERE `key` = 'zan' [ RunTime:0.0001s ]
NOTIC: [8] Undefined variable: readcount G:\Web\php\project\wsad\Application\Home\Controller\IndexController.class.php 第 101 行.
SQL: UPDATE `num` SET `val`='74' WHERE `key` = 'read' [ RunTime:0.0002s ]
SQL: SELECT * FROM `num` WHERE `key` = 'vst' LIMIT 1   [ RunTime:0.0002s ]
SQL: SELECT * FROM `num`  [ RunTime:0.0001s ]
SQL: UPDATE `num` SET `val`='1050' WHERE `key` = 'vst' [ RunTime:0.0012s ]
SQL: SELECT * FROM `page` ORDER BY pid desc LIMIT 0,10   [ RunTime:0.0003s ]
SQL: SELECT * FROM `page` ORDER BY pid desc  [ RunTime:0.0002s ]
SQL: SELECT * FROM `msg` ORDER BY mid desc LIMIT 5   [ RunTime:0.0002s ]
SQL: SELECT * FROM `page` WHERE `img` <> '' ORDER BY pid desc LIMIT 0,10   [ RunTime:0.0002s ]
SQL: SELECT * FROM `link_exch` ORDER BY lid desc  [ RunTime:0.0003s ]
SQL: SELECT * FROM `page` ORDER BY `read` desc LIMIT 5   [ RunTime:0.0002s ]
SQL: SELECT * FROM `page` ORDER BY zan desc LIMIT 5   [ RunTime:0.0002s ]
SQL: SELECT * FROM `page` ORDER BY msg desc LIMIT 5   [ RunTime:0.0002s ]
INFO: [ view_parse ] --START--
INFO: [ template_filter ] --START--
INFO: Run Behavior\ContentReplaceBehavior [ RunTime:0.000045s ]
INFO: [ template_filter ] --END-- [ RunTime:0.000056s ]
ERR: Call to undefined function mb_substr()

[ 2023-08-23T23:14:14+08:00 ] ::1 /index.php/Home/Index/read.html?pid=43
INFO: [ app_init ] --START--
INFO: Run Behavior\BuildLiteBehavior [ RunTime:0.000005s ]
INFO: [ app_init ] --END-- [ RunTime:0.000234s ]
INFO: [ app_begin ] --START--
INFO: Run Behavior\ReadHtmlCacheBehavior [ RunTime:0.000417s ]
INFO: [ app_begin ] --END-- [ RunTime:0.000429s ]
SQL: SHOW COLUMNS FROM `setting` [ RunTime:0.0012s ]
SQL: SELECT * FROM `setting`  [ RunTime:0.0002s ]
SQL: SHOW COLUMNS FROM `msg` [ RunTime:0.0007s ]
SQL: SHOW COLUMNS FROM `page` [ RunTime:0.0006s ]
SQL: SELECT COUNT(*) AS tp_count FROM `msg` WHERE `pid` = 43 LIMIT 1   [ RunTime:0.0002s ]
SQL: UPDATE `page` SET `msg`='1' WHERE `pid` = 43 [ RunTime:0.0011s ]
SQL: SELECT * FROM `page` WHERE `pid` = 43 LIMIT 1   [ RunTime:0.0003s ]
SQL: SELECT * FROM `msg` WHERE `pid` = 43 ORDER BY mid desc  [ RunTime:0.0002s ]
SQL: UPDATE `page` SET `read`='9' WHERE `pid` = 43 [ RunTime:0.0017s ]
INFO: [ view_parse ] --START--
INFO: [ template_filter ] --START--
INFO: Run Behavior\ContentReplaceBehavior [ RunTime:0.000031s ]
INFO: [ template_filter ] --END-- [ RunTime:0.000043s ]
ERR: Call to undefined function mb_substr()

[ 2023-08-23T23:14:19+08:00 ] ::1 /
INFO: [ app_init ] --START--
INFO: Run Behavior\BuildLiteBehavior [ RunTime:0.000003s ]
INFO: [ app_init ] --END-- [ RunTime:0.000230s ]
INFO: [ app_begin ] --START--
INFO: Run Behavior\ReadHtmlCacheBehavior [ RunTime:0.000423s ]
INFO: [ app_begin ] --END-- [ RunTime:0.000437s ]
SQL: SHOW COLUMNS FROM `setting` [ RunTime:0.0012s ]
SQL: SELECT * FROM `setting`  [ RunTime:0.0002s ]
SQL: SHOW COLUMNS FROM `num` [ RunTime:0.0006s ]
SQL: SHOW COLUMNS FROM `page` [ RunTime:0.0006s ]
SQL: SHOW COLUMNS FROM `link_exch` [ RunTime:0.0006s ]
SQL: SELECT COUNT(*) AS tp_count FROM `page` LIMIT 1   [ RunTime:0.0008s ]
SQL: SELECT * FROM `page`  [ RunTime:0.0002s ]
SQL: SELECT COUNT(*) AS tp_count FROM `page` LIMIT 1   [ RunTime:0.0006s ]
SQL: UPDATE `num` SET `val`='11' WHERE `key` = 'page' [ RunTime:0.0002s ]
SQL: SHOW COLUMNS FROM `msg` [ RunTime:0.0006s ]
SQL: SELECT COUNT(*) AS tp_count FROM `msg` LIMIT 1   [ RunTime:0.0009s ]
SQL: UPDATE `num` SET `val`='1' WHERE `key` = 'msg' [ RunTime:0.0003s ]
SQL: SHOW COLUMNS FROM `user` [ RunTime:0.0011s ]
SQL: SELECT COUNT(*) AS tp_count FROM `user` LIMIT 1   [ RunTime:0.0007s ]
SQL: UPDATE `num` SET `val`='1' WHERE `key` = 'user' [ RunTime:0.0002s ]
SQL: SHOW COLUMNS FROM `submit` [ RunTime:0.0007s ]
SQL: SELECT COUNT(*) AS tp_count FROM `submit` LIMIT 1   [ RunTime:0.0007s ]
SQL: UPDATE `num` SET `val`='11' WHERE `key` = 'submit' [ RunTime:0.0002s ]
NOTIC: [8] Undefined variable: zancount G:\Web\php\project\wsad\Application\Home\Controller\IndexController.class.php 第 91 行.
SQL: UPDATE `num` SET `val`='2' WHERE `key` = 'zan' [ RunTime:0.0002s ]
NOTIC: [8] Undefined variable: readcount G:\Web\php\project\wsad\Application\Home\Controller\IndexController.class.php 第 101 行.
SQL: UPDATE `num` SET `val`='75' WHERE `key` = 'read' [ RunTime:0.0018s ]
SQL: SELECT * FROM `num` WHERE `key` = 'vst' LIMIT 1   [ RunTime:0.0002s ]
SQL: SELECT * FROM `num`  [ RunTime:0.0002s ]
SQL: UPDATE `num` SET `val`='1051' WHERE `key` = 'vst' [ RunTime:0.0009s ]
SQL: SELECT * FROM `page` ORDER BY pid desc LIMIT 0,10   [ RunTime:0.0002s ]
SQL: SELECT * FROM `page` ORDER BY pid desc  [ RunTime:0.0002s ]
SQL: SELECT * FROM `msg` ORDER BY mid desc LIMIT 5   [ RunTime:0.0001s ]
SQL: SELECT * FROM `page` WHERE `img` <> '' ORDER BY pid desc LIMIT 0,10   [ RunTime:0.0002s ]
SQL: SELECT * FROM `link_exch` ORDER BY lid desc  [ RunTime:0.0002s ]
SQL: SELECT * FROM `page` ORDER BY `read` desc LIMIT 5   [ RunTime:0.0002s ]
SQL: SELECT * FROM `page` ORDER BY zan desc LIMIT 5   [ RunTime:0.0002s ]
SQL: SELECT * FROM `page` ORDER BY msg desc LIMIT 5   [ RunTime:0.0002s ]
INFO: [ view_parse ] --START--
INFO: [ template_filter ] --START--
INFO: Run Behavior\ContentReplaceBehavior [ RunTime:0.000045s ]
INFO: [ template_filter ] --END-- [ RunTime:0.000063s ]
ERR: Call to undefined function mb_substr()

[ 2023-08-23T23:14:26+08:00 ] ::1 /
INFO: [ app_init ] --START--
INFO: Run Behavior\BuildLiteBehavior [ RunTime:0.000004s ]
INFO: [ app_init ] --END-- [ RunTime:0.000222s ]
INFO: [ app_begin ] --START--
INFO: Run Behavior\ReadHtmlCacheBehavior [ RunTime:0.000445s ]
INFO: [ app_begin ] --END-- [ RunTime:0.000457s ]
SQL: SHOW COLUMNS FROM `setting` [ RunTime:0.0012s ]
SQL: SELECT * FROM `setting`  [ RunTime:0.0003s ]
SQL: SHOW COLUMNS FROM `num` [ RunTime:0.0006s ]
SQL: SHOW COLUMNS FROM `page` [ RunTime:0.0006s ]
SQL: SHOW COLUMNS FROM `link_exch` [ RunTime:0.0006s ]
SQL: SELECT COUNT(*) AS tp_count FROM `page` LIMIT 1   [ RunTime:0.0006s ]
SQL: SELECT * FROM `page`  [ RunTime:0.0002s ]
SQL: SELECT COUNT(*) AS tp_count FROM `page` LIMIT 1   [ RunTime:0.0006s ]
SQL: UPDATE `num` SET `val`='11' WHERE `key` = 'page' [ RunTime:0.0003s ]
SQL: SHOW COLUMNS FROM `msg` [ RunTime:0.0008s ]
SQL: SELECT COUNT(*) AS tp_count FROM `msg` LIMIT 1   [ RunTime:0.0007s ]
SQL: UPDATE `num` SET `val`='1' WHERE `key` = 'msg' [ RunTime:0.0002s ]
SQL: SHOW COLUMNS FROM `user` [ RunTime:0.0006s ]
SQL: SELECT COUNT(*) AS tp_count FROM `user` LIMIT 1   [ RunTime:0.0006s ]
SQL: UPDATE `num` SET `val`='1' WHERE `key` = 'user' [ RunTime:0.0002s ]
SQL: SHOW COLUMNS FROM `submit` [ RunTime:0.0006s ]
SQL: SELECT COUNT(*) AS tp_count FROM `submit` LIMIT 1   [ RunTime:0.0006s ]
SQL: UPDATE `num` SET `val`='11' WHERE `key` = 'submit' [ RunTime:0.0002s ]
NOTIC: [8] Undefined variable: zancount G:\Web\php\project\wsad\Application\Home\Controller\IndexController.class.php 第 91 行.
SQL: UPDATE `num` SET `val`='2' WHERE `key` = 'zan' [ RunTime:0.0001s ]
NOTIC: [8] Undefined variable: readcount G:\Web\php\project\wsad\Application\Home\Controller\IndexController.class.php 第 101 行.
SQL: UPDATE `num` SET `val`='75' WHERE `key` = 'read' [ RunTime:0.0002s ]
SQL: SELECT * FROM `num` WHERE `key` = 'vst' LIMIT 1   [ RunTime:0.0002s ]
SQL: SELECT * FROM `num`  [ RunTime:0.0001s ]
SQL: UPDATE `num` SET `val`='1052' WHERE `key` = 'vst' [ RunTime:0.0015s ]
SQL: SELECT * FROM `page` ORDER BY pid desc LIMIT 0,10   [ RunTime:0.0002s ]
SQL: SELECT * FROM `page` ORDER BY pid desc  [ RunTime:0.0002s ]
SQL: SELECT * FROM `msg` ORDER BY mid desc LIMIT 5   [ RunTime:0.0002s ]
SQL: SELECT * FROM `page` WHERE `img` <> '' ORDER BY pid desc LIMIT 0,10   [ RunTime:0.0002s ]
SQL: SELECT * FROM `link_exch` ORDER BY lid desc  [ RunTime:0.0002s ]
SQL: SELECT * FROM `page` ORDER BY `read` desc LIMIT 5   [ RunTime:0.0002s ]
SQL: SELECT * FROM `page` ORDER BY zan desc LIMIT 5   [ RunTime:0.0002s ]
SQL: SELECT * FROM `page` ORDER BY msg desc LIMIT 5   [ RunTime:0.0002s ]
INFO: [ view_parse ] --START--
INFO: [ template_filter ] --START--
INFO: Run Behavior\ContentReplaceBehavior [ RunTime:0.000045s ]
INFO: [ template_filter ] --END-- [ RunTime:0.000064s ]
ERR: Call to undefined function mb_substr()

[ 2023-08-23T23:16:04+08:00 ] ::1 /
INFO: [ app_init ] --START--
INFO: Run Behavior\BuildLiteBehavior [ RunTime:0.000005s ]
INFO: [ app_init ] --END-- [ RunTime:0.000262s ]
INFO: [ app_begin ] --START--
INFO: Run Behavior\ReadHtmlCacheBehavior [ RunTime:0.000518s ]
INFO: [ app_begin ] --END-- [ RunTime:0.000534s ]
SQL: SHOW COLUMNS FROM `setting` [ RunTime:0.0011s ]
SQL: SELECT * FROM `setting`  [ RunTime:0.0002s ]
SQL: SHOW COLUMNS FROM `num` [ RunTime:0.0008s ]
SQL: SHOW COLUMNS FROM `page` [ RunTime:0.0006s ]
SQL: SHOW COLUMNS FROM `link_exch` [ RunTime:0.0007s ]
SQL: SELECT COUNT(*) AS tp_count FROM `page` LIMIT 1   [ RunTime:0.0007s ]
SQL: SELECT * FROM `page`  [ RunTime:0.0002s ]
SQL: SELECT COUNT(*) AS tp_count FROM `page` LIMIT 1   [ RunTime:0.0006s ]
SQL: UPDATE `num` SET `val`='11' WHERE `key` = 'page' [ RunTime:0.0002s ]
SQL: SHOW COLUMNS FROM `msg` [ RunTime:0.0006s ]
SQL: SELECT COUNT(*) AS tp_count FROM `msg` LIMIT 1   [ RunTime:0.0005s ]
SQL: UPDATE `num` SET `val`='1' WHERE `key` = 'msg' [ RunTime:0.0002s ]
SQL: SHOW COLUMNS FROM `user` [ RunTime:0.0006s ]
SQL: SELECT COUNT(*) AS tp_count FROM `user` LIMIT 1   [ RunTime:0.0006s ]
SQL: UPDATE `num` SET `val`='1' WHERE `key` = 'user' [ RunTime:0.0002s ]
SQL: SHOW COLUMNS FROM `submit` [ RunTime:0.0006s ]
SQL: SELECT COUNT(*) AS tp_count FROM `submit` LIMIT 1   [ RunTime:0.0006s ]
SQL: UPDATE `num` SET `val`='11' WHERE `key` = 'submit' [ RunTime:0.0002s ]
NOTIC: [8] Undefined variable: zancount G:\Web\php\project\wsad\Application\Home\Controller\IndexController.class.php 第 91 行.
SQL: UPDATE `num` SET `val`='2' WHERE `key` = 'zan' [ RunTime:0.0002s ]
NOTIC: [8] Undefined variable: readcount G:\Web\php\project\wsad\Application\Home\Controller\IndexController.class.php 第 101 行.
SQL: UPDATE `num` SET `val`='75' WHERE `key` = 'read' [ RunTime:0.0002s ]
SQL: SELECT * FROM `num` WHERE `key` = 'vst' LIMIT 1   [ RunTime:0.0002s ]
SQL: SELECT * FROM `num`  [ RunTime:0.0002s ]
SQL: UPDATE `num` SET `val`='1053' WHERE `key` = 'vst' [ RunTime:0.0013s ]
SQL: SELECT * FROM `page` ORDER BY pid desc LIMIT 0,10   [ RunTime:0.0002s ]
SQL: SELECT * FROM `page` ORDER BY pid desc  [ RunTime:0.0002s ]
SQL: SELECT * FROM `msg` ORDER BY mid desc LIMIT 5   [ RunTime:0.0002s ]
SQL: SELECT * FROM `page` WHERE `img` <> '' ORDER BY pid desc LIMIT 0,10   [ RunTime:0.0002s ]
SQL: SELECT * FROM `link_exch` ORDER BY lid desc  [ RunTime:0.0001s ]
SQL: SELECT * FROM `page` ORDER BY `read` desc LIMIT 5   [ RunTime:0.0002s ]
SQL: SELECT * FROM `page` ORDER BY zan desc LIMIT 5   [ RunTime:0.0002s ]
SQL: SELECT * FROM `page` ORDER BY msg desc LIMIT 5   [ RunTime:0.0002s ]
INFO: [ view_parse ] --START--
INFO: [ template_filter ] --START--
INFO: Run Behavior\ContentReplaceBehavior [ RunTime:0.000045s ]
INFO: [ template_filter ] --END-- [ RunTime:0.000057s ]
ERR: Call to undefined function mb_substr()

[ 2023-08-23T23:16:06+08:00 ] ::1 /
INFO: [ app_init ] --START--
INFO: Run Behavior\BuildLiteBehavior [ RunTime:0.000004s ]
INFO: [ app_init ] --END-- [ RunTime:0.000261s ]
INFO: [ app_begin ] --START--
INFO: Run Behavior\ReadHtmlCacheBehavior [ RunTime:0.000531s ]
INFO: [ app_begin ] --END-- [ RunTime:0.000548s ]
SQL: SHOW COLUMNS FROM `setting` [ RunTime:0.0009s ]
SQL: SELECT * FROM `setting`  [ RunTime:0.0002s ]
SQL: SHOW COLUMNS FROM `num` [ RunTime:0.0006s ]
SQL: SHOW COLUMNS FROM `page` [ RunTime:0.0007s ]
SQL: SHOW COLUMNS FROM `link_exch` [ RunTime:0.0006s ]
SQL: SELECT COUNT(*) AS tp_count FROM `page` LIMIT 1   [ RunTime:0.0007s ]
SQL: SELECT * FROM `page`  [ RunTime:0.0003s ]
SQL: SELECT COUNT(*) AS tp_count FROM `page` LIMIT 1   [ RunTime:0.0007s ]
SQL: UPDATE `num` SET `val`='11' WHERE `key` = 'page' [ RunTime:0.0002s ]
SQL: SHOW COLUMNS FROM `msg` [ RunTime:0.0007s ]
SQL: SELECT COUNT(*) AS tp_count FROM `msg` LIMIT 1   [ RunTime:0.0005s ]
SQL: UPDATE `num` SET `val`='1' WHERE `key` = 'msg' [ RunTime:0.0002s ]
SQL: SHOW COLUMNS FROM `user` [ RunTime:0.0006s ]
SQL: SELECT COUNT(*) AS tp_count FROM `user` LIMIT 1   [ RunTime:0.0005s ]
SQL: UPDATE `num` SET `val`='1' WHERE `key` = 'user' [ RunTime:0.0002s ]
SQL: SHOW COLUMNS FROM `submit` [ RunTime:0.0006s ]
SQL: SELECT COUNT(*) AS tp_count FROM `submit` LIMIT 1   [ RunTime:0.0005s ]
SQL: UPDATE `num` SET `val`='11' WHERE `key` = 'submit' [ RunTime:0.0002s ]
NOTIC: [8] Undefined variable: zancount G:\Web\php\project\wsad\Application\Home\Controller\IndexController.class.php 第 91 行.
SQL: UPDATE `num` SET `val`='2' WHERE `key` = 'zan' [ RunTime:0.0001s ]
NOTIC: [8] Undefined variable: readcount G:\Web\php\project\wsad\Application\Home\Controller\IndexController.class.php 第 101 行.
SQL: UPDATE `num` SET `val`='75' WHERE `key` = 'read' [ RunTime:0.0001s ]
SQL: SELECT * FROM `num` WHERE `key` = 'vst' LIMIT 1   [ RunTime:0.0002s ]
SQL: SELECT * FROM `num`  [ RunTime:0.0002s ]
SQL: UPDATE `num` SET `val`='1054' WHERE `key` = 'vst' [ RunTime:0.0015s ]
SQL: SELECT * FROM `page` ORDER BY pid desc LIMIT 0,10   [ RunTime:0.0002s ]
SQL: SELECT * FROM `page` ORDER BY pid desc  [ RunTime:0.0002s ]
SQL: SELECT * FROM `msg` ORDER BY mid desc LIMIT 5   [ RunTime:0.0001s ]
SQL: SELECT * FROM `page` WHERE `img` <> '' ORDER BY pid desc LIMIT 0,10   [ RunTime:0.0002s ]
SQL: SELECT * FROM `link_exch` ORDER BY lid desc  [ RunTime:0.0002s ]
SQL: SELECT * FROM `page` ORDER BY `read` desc LIMIT 5   [ RunTime:0.0002s ]
SQL: SELECT * FROM `page` ORDER BY zan desc LIMIT 5   [ RunTime:0.0002s ]
SQL: SELECT * FROM `page` ORDER BY msg desc LIMIT 5   [ RunTime:0.0002s ]
INFO: [ view_parse ] --START--
INFO: [ template_filter ] --START--
INFO: Run Behavior\ContentReplaceBehavior [ RunTime:0.000046s ]
INFO: [ template_filter ] --END-- [ RunTime:0.000064s ]
ERR: Call to undefined function mb_substr()

[ 2023-08-23T23:16:11+08:00 ] ::1 /
INFO: [ app_init ] --START--
INFO: Run Behavior\BuildLiteBehavior [ RunTime:0.000004s ]
INFO: [ app_init ] --END-- [ RunTime:0.000223s ]
INFO: [ app_begin ] --START--
INFO: Run Behavior\ReadHtmlCacheBehavior [ RunTime:0.000435s ]
INFO: [ app_begin ] --END-- [ RunTime:0.000449s ]
SQL: SHOW COLUMNS FROM `setting` [ RunTime:0.0008s ]
SQL: SELECT * FROM `setting`  [ RunTime:0.0002s ]
SQL: SHOW COLUMNS FROM `num` [ RunTime:0.0006s ]
SQL: SHOW COLUMNS FROM `page` [ RunTime:0.0006s ]
SQL: SHOW COLUMNS FROM `link_exch` [ RunTime:0.0006s ]
SQL: SELECT COUNT(*) AS tp_count FROM `page` LIMIT 1   [ RunTime:0.0008s ]
SQL: SELECT * FROM `page`  [ RunTime:0.0002s ]
SQL: SELECT COUNT(*) AS tp_count FROM `page` LIMIT 1   [ RunTime:0.0005s ]
SQL: UPDATE `num` SET `val`='11' WHERE `key` = 'page' [ RunTime:0.0003s ]
SQL: SHOW COLUMNS FROM `msg` [ RunTime:0.0006s ]
SQL: SELECT COUNT(*) AS tp_count FROM `msg` LIMIT 1   [ RunTime:0.0006s ]
SQL: UPDATE `num` SET `val`='1' WHERE `key` = 'msg' [ RunTime:0.0002s ]
SQL: SHOW COLUMNS FROM `user` [ RunTime:0.0006s ]
SQL: SELECT COUNT(*) AS tp_count FROM `user` LIMIT 1   [ RunTime:0.0005s ]
SQL: UPDATE `num` SET `val`='1' WHERE `key` = 'user' [ RunTime:0.0002s ]
SQL: SHOW COLUMNS FROM `submit` [ RunTime:0.0009s ]
SQL: SELECT COUNT(*) AS tp_count FROM `submit` LIMIT 1   [ RunTime:0.0009s ]
SQL: UPDATE `num` SET `val`='11' WHERE `key` = 'submit' [ RunTime:0.0002s ]
NOTIC: [8] Undefined variable: zancount G:\Web\php\project\wsad\Application\Home\Controller\IndexController.class.php 第 91 行.
SQL: UPDATE `num` SET `val`='2' WHERE `key` = 'zan' [ RunTime:0.0002s ]
NOTIC: [8] Undefined variable: readcount G:\Web\php\project\wsad\Application\Home\Controller\IndexController.class.php 第 101 行.
SQL: UPDATE `num` SET `val`='75' WHERE `key` = 'read' [ RunTime:0.0001s ]
SQL: SELECT * FROM `num` WHERE `key` = 'vst' LIMIT 1   [ RunTime:0.0002s ]
SQL: SELECT * FROM `num`  [ RunTime:0.0001s ]
SQL: UPDATE `num` SET `val`='1055' WHERE `key` = 'vst' [ RunTime:0.0014s ]
SQL: SELECT * FROM `page` ORDER BY pid desc LIMIT 0,10   [ RunTime:0.0002s ]
SQL: SELECT * FROM `page` ORDER BY pid desc  [ RunTime:0.0002s ]
SQL: SELECT * FROM `msg` ORDER BY mid desc LIMIT 5   [ RunTime:0.0002s ]
SQL: SELECT * FROM `page` WHERE `img` <> '' ORDER BY pid desc LIMIT 0,10   [ RunTime:0.0002s ]
SQL: SELECT * FROM `link_exch` ORDER BY lid desc  [ RunTime:0.0003s ]
SQL: SELECT * FROM `page` ORDER BY `read` desc LIMIT 5   [ RunTime:0.0002s ]
SQL: SELECT * FROM `page` ORDER BY zan desc LIMIT 5   [ RunTime:0.0002s ]
SQL: SELECT * FROM `page` ORDER BY msg desc LIMIT 5   [ RunTime:0.0002s ]
INFO: [ view_parse ] --START--
INFO: [ template_filter ] --START--
INFO: Run Behavior\ContentReplaceBehavior [ RunTime:0.000044s ]
INFO: [ template_filter ] --END-- [ RunTime:0.000056s ]
ERR: Call to undefined function mb_substr()

[ 2023-08-23T23:16:12+08:00 ] ::1 /
INFO: [ app_init ] --START--
INFO: Run Behavior\BuildLiteBehavior [ RunTime:0.000008s ]
INFO: [ app_init ] --END-- [ RunTime:0.000229s ]
INFO: [ app_begin ] --START--
INFO: Run Behavior\ReadHtmlCacheBehavior [ RunTime:0.000449s ]
INFO: [ app_begin ] --END-- [ RunTime:0.000463s ]
SQL: SHOW COLUMNS FROM `setting` [ RunTime:0.0013s ]
SQL: SELECT * FROM `setting`  [ RunTime:0.0002s ]
SQL: SHOW COLUMNS FROM `num` [ RunTime:0.0008s ]
SQL: SHOW COLUMNS FROM `page` [ RunTime:0.0007s ]
SQL: SHOW COLUMNS FROM `link_exch` [ RunTime:0.0006s ]
SQL: SELECT COUNT(*) AS tp_count FROM `page` LIMIT 1   [ RunTime:0.0007s ]
SQL: SELECT * FROM `page`  [ RunTime:0.0002s ]
SQL: SELECT COUNT(*) AS tp_count FROM `page` LIMIT 1   [ RunTime:0.0006s ]
SQL: UPDATE `num` SET `val`='11' WHERE `key` = 'page' [ RunTime:0.0002s ]
SQL: SHOW COLUMNS FROM `msg` [ RunTime:0.0007s ]
SQL: SELECT COUNT(*) AS tp_count FROM `msg` LIMIT 1   [ RunTime:0.0005s ]
SQL: UPDATE `num` SET `val`='1' WHERE `key` = 'msg' [ RunTime:0.0002s ]
SQL: SHOW COLUMNS FROM `user` [ RunTime:0.0006s ]
SQL: SELECT COUNT(*) AS tp_count FROM `user` LIMIT 1   [ RunTime:0.0005s ]
SQL: UPDATE `num` SET `val`='1' WHERE `key` = 'user' [ RunTime:0.0002s ]
SQL: SHOW COLUMNS FROM `submit` [ RunTime:0.0006s ]
SQL: SELECT COUNT(*) AS tp_count FROM `submit` LIMIT 1   [ RunTime:0.0005s ]
SQL: UPDATE `num` SET `val`='11' WHERE `key` = 'submit' [ RunTime:0.0002s ]
NOTIC: [8] Undefined variable: zancount G:\Web\php\project\wsad\Application\Home\Controller\IndexController.class.php 第 91 行.
SQL: UPDATE `num` SET `val`='2' WHERE `key` = 'zan' [ RunTime:0.0002s ]
NOTIC: [8] Undefined variable: readcount G:\Web\php\project\wsad\Application\Home\Controller\IndexController.class.php 第 101 行.
SQL: UPDATE `num` SET `val`='75' WHERE `key` = 'read' [ RunTime:0.0002s ]
SQL: SELECT * FROM `num` WHERE `key` = 'vst' LIMIT 1   [ RunTime:0.0002s ]
SQL: SELECT * FROM `num`  [ RunTime:0.0002s ]
SQL: UPDATE `num` SET `val`='1056' WHERE `key` = 'vst' [ RunTime:0.0013s ]
SQL: SELECT * FROM `page` ORDER BY pid desc LIMIT 0,10   [ RunTime:0.0003s ]
SQL: SELECT * FROM `page` ORDER BY pid desc  [ RunTime:0.0002s ]
SQL: SELECT * FROM `msg` ORDER BY mid desc LIMIT 5   [ RunTime:0.0002s ]
SQL: SELECT * FROM `page` WHERE `img` <> '' ORDER BY pid desc LIMIT 0,10   [ RunTime:0.0002s ]
SQL: SELECT * FROM `link_exch` ORDER BY lid desc  [ RunTime:0.0001s ]
SQL: SELECT * FROM `page` ORDER BY `read` desc LIMIT 5   [ RunTime:0.0002s ]
SQL: SELECT * FROM `page` ORDER BY zan desc LIMIT 5   [ RunTime:0.0002s ]
SQL: SELECT * FROM `page` ORDER BY msg desc LIMIT 5   [ RunTime:0.0002s ]
INFO: [ view_parse ] --START--
INFO: [ template_filter ] --START--
INFO: Run Behavior\ContentReplaceBehavior [ RunTime:0.000045s ]
INFO: [ template_filter ] --END-- [ RunTime:0.000057s ]
ERR: Call to undefined function mb_substr()

[ 2023-08-23T23:35:38+08:00 ] ::1 /
INFO: [ app_init ] --START--
INFO: Run Behavior\BuildLiteBehavior [ RunTime:0.000007s ]
INFO: [ app_init ] --END-- [ RunTime:0.000261s ]
INFO: [ app_begin ] --START--
INFO: Run Behavior\ReadHtmlCacheBehavior [ RunTime:0.000579s ]
INFO: [ app_begin ] --END-- [ RunTime:0.000597s ]
SQL: SHOW COLUMNS FROM `setting` [ RunTime:0.0009s ]
SQL: SELECT * FROM `setting`  [ RunTime:0.0002s ]
SQL: SHOW COLUMNS FROM `num` [ RunTime:0.0008s ]
SQL: SHOW COLUMNS FROM `page` [ RunTime:0.0009s ]
SQL: SHOW COLUMNS FROM `link_exch` [ RunTime:0.0008s ]
SQL: SELECT COUNT(*) AS tp_count FROM `page` LIMIT 1   [ RunTime:0.0006s ]
SQL: SELECT * FROM `page`  [ RunTime:0.0002s ]
SQL: SELECT COUNT(*) AS tp_count FROM `page` LIMIT 1   [ RunTime:0.0005s ]
SQL: UPDATE `num` SET `val`='11' WHERE `key` = 'page' [ RunTime:0.0002s ]
SQL: SHOW COLUMNS FROM `msg` [ RunTime:0.0007s ]
SQL: SELECT COUNT(*) AS tp_count FROM `msg` LIMIT 1   [ RunTime:0.0005s ]
SQL: UPDATE `num` SET `val`='1' WHERE `key` = 'msg' [ RunTime:0.0002s ]
SQL: SHOW COLUMNS FROM `user` [ RunTime:0.0007s ]
SQL: SELECT COUNT(*) AS tp_count FROM `user` LIMIT 1   [ RunTime:0.0005s ]
SQL: UPDATE `num` SET `val`='1' WHERE `key` = 'user' [ RunTime:0.0002s ]
SQL: SHOW COLUMNS FROM `submit` [ RunTime:0.0006s ]
SQL: SELECT COUNT(*) AS tp_count FROM `submit` LIMIT 1   [ RunTime:0.0005s ]
SQL: UPDATE `num` SET `val`='11' WHERE `key` = 'submit' [ RunTime:0.0002s ]
NOTIC: [8] Undefined variable: zancount G:\Web\php\project\wsad\Application\Home\Controller\IndexController.class.php 第 91 行.
SQL: UPDATE `num` SET `val`='2' WHERE `key` = 'zan' [ RunTime:0.0001s ]
NOTIC: [8] Undefined variable: readcount G:\Web\php\project\wsad\Application\Home\Controller\IndexController.class.php 第 101 行.
SQL: UPDATE `num` SET `val`='75' WHERE `key` = 'read' [ RunTime:0.0001s ]
SQL: SELECT * FROM `num` WHERE `key` = 'vst' LIMIT 1   [ RunTime:0.0001s ]
SQL: SELECT * FROM `num`  [ RunTime:0.0001s ]
SQL: UPDATE `num` SET `val`='1057' WHERE `key` = 'vst' [ RunTime:0.0057s ]
SQL: SELECT * FROM `page` ORDER BY pid desc LIMIT 0,10   [ RunTime:0.0003s ]
SQL: SELECT * FROM `page` ORDER BY pid desc  [ RunTime:0.0002s ]
SQL: SELECT * FROM `msg` ORDER BY mid desc LIMIT 5   [ RunTime:0.0002s ]
SQL: SELECT * FROM `page` WHERE `img` <> '' ORDER BY pid desc LIMIT 0,10   [ RunTime:0.0002s ]
SQL: SELECT * FROM `link_exch` ORDER BY lid desc  [ RunTime:0.0001s ]
SQL: SELECT * FROM `page` ORDER BY `read` desc LIMIT 5   [ RunTime:0.0002s ]
SQL: SELECT * FROM `page` ORDER BY zan desc LIMIT 5   [ RunTime:0.0002s ]
SQL: SELECT * FROM `page` ORDER BY msg desc LIMIT 5   [ RunTime:0.0002s ]
INFO: [ view_parse ] --START--
INFO: [ template_filter ] --START--
INFO: Run Behavior\ContentReplaceBehavior [ RunTime:0.000045s ]
INFO: [ template_filter ] --END-- [ RunTime:0.000055s ]
ERR: Call to undefined function mb_substr()

[ 2023-08-23T23:35:45+08:00 ] ::1 /
INFO: [ app_init ] --START--
INFO: Run Behavior\BuildLiteBehavior [ RunTime:0.000004s ]
INFO: [ app_init ] --END-- [ RunTime:0.000239s ]
INFO: [ app_begin ] --START--
INFO: Run Behavior\ReadHtmlCacheBehavior [ RunTime:0.000438s ]
INFO: [ app_begin ] --END-- [ RunTime:0.000451s ]
SQL: SHOW COLUMNS FROM `setting` [ RunTime:0.0009s ]
SQL: SELECT * FROM `setting`  [ RunTime:0.0002s ]
SQL: SHOW COLUMNS FROM `num` [ RunTime:0.0010s ]
SQL: SHOW COLUMNS FROM `page` [ RunTime:0.0007s ]
SQL: SHOW COLUMNS FROM `link_exch` [ RunTime:0.0006s ]
SQL: SELECT COUNT(*) AS tp_count FROM `page` LIMIT 1   [ RunTime:0.0006s ]
SQL: SELECT * FROM `page`  [ RunTime:0.0002s ]
SQL: SELECT COUNT(*) AS tp_count FROM `page` LIMIT 1   [ RunTime:0.0005s ]
SQL: UPDATE `num` SET `val`='11' WHERE `key` = 'page' [ RunTime:0.0002s ]
SQL: SHOW COLUMNS FROM `msg` [ RunTime:0.0006s ]
SQL: SELECT COUNT(*) AS tp_count FROM `msg` LIMIT 1   [ RunTime:0.0005s ]
SQL: UPDATE `num` SET `val`='1' WHERE `key` = 'msg' [ RunTime:0.0002s ]
SQL: SHOW COLUMNS FROM `user` [ RunTime:0.0006s ]
SQL: SELECT COUNT(*) AS tp_count FROM `user` LIMIT 1   [ RunTime:0.0006s ]
SQL: UPDATE `num` SET `val`='1' WHERE `key` = 'user' [ RunTime:0.0002s ]
SQL: SHOW COLUMNS FROM `submit` [ RunTime:0.0013s ]
SQL: SELECT COUNT(*) AS tp_count FROM `submit` LIMIT 1   [ RunTime:0.0007s ]
SQL: UPDATE `num` SET `val`='11' WHERE `key` = 'submit' [ RunTime:0.0002s ]
NOTIC: [8] Undefined variable: zancount G:\Web\php\project\wsad\Application\Home\Controller\IndexController.class.php 第 91 行.
SQL: UPDATE `num` SET `val`='2' WHERE `key` = 'zan' [ RunTime:0.0002s ]
NOTIC: [8] Undefined variable: readcount G:\Web\php\project\wsad\Application\Home\Controller\IndexController.class.php 第 101 行.
SQL: UPDATE `num` SET `val`='75' WHERE `key` = 'read' [ RunTime:0.0002s ]
SQL: SELECT * FROM `num` WHERE `key` = 'vst' LIMIT 1   [ RunTime:0.0002s ]
SQL: SELECT * FROM `num`  [ RunTime:0.0002s ]
SQL: UPDATE `num` SET `val`='1058' WHERE `key` = 'vst' [ RunTime:0.0014s ]
SQL: SELECT * FROM `page` ORDER BY pid desc LIMIT 0,10   [ RunTime:0.0002s ]
SQL: SELECT * FROM `page` ORDER BY pid desc  [ RunTime:0.0002s ]
SQL: SELECT * FROM `msg` ORDER BY mid desc LIMIT 5   [ RunTime:0.0002s ]
SQL: SELECT * FROM `page` WHERE `img` <> '' ORDER BY pid desc LIMIT 0,10   [ RunTime:0.0002s ]
SQL: SELECT * FROM `link_exch` ORDER BY lid desc  [ RunTime:0.0002s ]
SQL: SELECT * FROM `page` ORDER BY `read` desc LIMIT 5   [ RunTime:0.0002s ]
SQL: SELECT * FROM `page` ORDER BY zan desc LIMIT 5   [ RunTime:0.0002s ]
SQL: SELECT * FROM `page` ORDER BY msg desc LIMIT 5   [ RunTime:0.0002s ]
INFO: [ view_parse ] --START--
INFO: [ template_filter ] --START--
INFO: Run Behavior\ContentReplaceBehavior [ RunTime:0.000045s ]
INFO: [ template_filter ] --END-- [ RunTime:0.000057s ]
ERR: Call to undefined function mb_substr()

