[ 2017-04-19T12:30:59+08:00 ] 127.0.0.1 /Api/list
INFO: [ app_init ] --START--
INFO: Run Behavior\BuildLiteBehavior [ RunTime:0.000000s ]
INFO: [ app_init ] --END-- [ RunTime:0.001000s ]
INFO: [ app_begin ] --START--
INFO: Run Behavior\ReadHtmlCacheBehavior [ RunTime:0.001000s ]
INFO: [ app_begin ] --END-- [ RunTime:0.001000s ]
ERR: 无法加载控制器:List

[ 2017-04-19T12:31:26+08:00 ] 127.0.0.1 /Api/list
INFO: [ app_init ] --START--
INFO: Run Behavior\BuildLiteBehavior [ RunTime:0.000000s ]
INFO: [ app_init ] --END-- [ RunTime:0.001000s ]
INFO: [ app_begin ] --START--
INFO: Run Behavior\ReadHtmlCacheBehavior [ RunTime:0.001000s ]
INFO: [ app_begin ] --END-- [ RunTime:0.001000s ]
SQL: SHOW COLUMNS FROM `setting` [ RunTime:0.0140s ]
SQL: SELECT * FROM `setting`  [ RunTime:0.0010s ]
SQL: SHOW COLUMNS FROM `page` [ RunTime:0.0080s ]
SQL: SELECT COUNT(*) AS tp_count FROM `page` LIMIT 1   [ RunTime:0.0060s ]
SQL: SELECT * FROM `page` ORDER BY pid desc  [ RunTime:0.0110s ]
NOTIC: [8] Undefined variable: read_hots C:\www\tpblog\Application\Api\Controller\ListController.class.php 第 20 行.
NOTIC: [8] Undefined variable: zan_hots C:\www\tpblog\Application\Api\Controller\ListController.class.php 第 21 行.
NOTIC: [8] Undefined variable: msg_hots C:\www\tpblog\Application\Api\Controller\ListController.class.php 第 22 行.
NOTIC: [8] Undefined variable: newmsgs C:\www\tpblog\Application\Api\Controller\ListController.class.php 第 23 行.
NOTIC: [8] Undefined variable: slides C:\www\tpblog\Application\Api\Controller\ListController.class.php 第 24 行.
NOTIC: [8] Undefined variable: tops C:\www\tpblog\Application\Api\Controller\ListController.class.php 第 26 行.
NOTIC: [8] Undefined variable: link_exchs C:\www\tpblog\Application\Api\Controller\ListController.class.php 第 27 行.
NOTIC: [8] Undefined variable: insert C:\www\tpblog\Application\Api\Controller\ListController.class.php 第 28 行.
NOTIC: [8] Undefined variable: nums C:\www\tpblog\Application\Api\Controller\ListController.class.php 第 29 行.
NOTIC: [2] Division by zero C:\www\tpblog\ThinkPHP\Library\Think\Page.class.php 第 84 行.
INFO: [ view_parse ] --START--
INFO: [ template_filter ] --START--
INFO: Run Behavior\ContentReplaceBehavior [ RunTime:0.001000s ]
INFO: [ template_filter ] --END-- [ RunTime:0.001000s ]
NOTIC: [2] include(./Application/Api/View/nav.php): failed to open stream: No such file or directory C:\www\tpblog\Application\Runtime\Cache\Api\2272df0edd11f167e67e0edcc889a7b1.php 第 85 行.
NOTIC: [2] include(): Failed opening './Application/Api/View/nav.php' for inclusion (include_path='C:\xampp\php\PEAR') C:\www\tpblog\Application\Runtime\Cache\Api\2272df0edd11f167e67e0edcc889a7b1.php 第 85 行.
NOTIC: [2] include(./Application/Api/View/nav2.php): failed to open stream: No such file or directory C:\www\tpblog\Application\Runtime\Cache\Api\2272df0edd11f167e67e0edcc889a7b1.php 第 96 行.
NOTIC: [2] include(): Failed opening './Application/Api/View/nav2.php' for inclusion (include_path='C:\xampp\php\PEAR') C:\www\tpblog\Application\Runtime\Cache\Api\2272df0edd11f167e67e0edcc889a7b1.php 第 96 行.
NOTIC: [2] Invalid argument supplied for foreach() C:\www\tpblog\Application\Runtime\Cache\Api\2272df0edd11f167e67e0edcc889a7b1.php 第 141 行.
SQL: SHOW COLUMNS FROM `classes` [ RunTime:0.0070s ]
SQL: SELECT * FROM `classes` WHERE `name` = '教程攻略'  [ RunTime:0.0010s ]
SQL: SELECT * FROM `classes` WHERE `name` = '教程攻略'  [ RunTime:0.0010s ]
SQL: SELECT * FROM `classes` WHERE `name` = '教程攻略'  [ RunTime:0.0010s ]
SQL: SELECT * FROM `classes` WHERE `name` = '教程攻略'  [ RunTime:0.0000s ]
SQL: SELECT * FROM `classes` WHERE `name` = '教程攻略'  [ RunTime:0.0000s ]
SQL: SELECT * FROM `classes` WHERE `name` = '教程攻略'  [ RunTime:0.0010s ]
SQL: SELECT * FROM `classes` WHERE `name` = '教程攻略'  [ RunTime:0.0010s ]
SQL: SELECT * FROM `classes` WHERE `name` = '教程攻略'  [ RunTime:0.0010s ]
SQL: SELECT * FROM `classes` WHERE `name` = '教程攻略'  [ RunTime:0.0000s ]
SQL: SELECT * FROM `classes` WHERE `name` = '教程攻略'  [ RunTime:0.0000s ]
SQL: SELECT * FROM `classes` WHERE `name` = '教程攻略'  [ RunTime:0.0010s ]
SQL: SELECT * FROM `classes` WHERE `name` = '教程攻略'  [ RunTime:0.0010s ]
SQL: SELECT * FROM `classes` WHERE `name` = '教程攻略'  [ RunTime:0.0000s ]
SQL: SELECT * FROM `classes` WHERE `name` = '教程攻略'  [ RunTime:0.0010s ]
SQL: SELECT * FROM `classes` WHERE `name` = '教程攻略'  [ RunTime:0.0010s ]
SQL: SELECT * FROM `classes` WHERE `name` = '教程攻略'  [ RunTime:0.0000s ]
SQL: SELECT * FROM `classes` WHERE `name` = '教程攻略'  [ RunTime:0.0000s ]
SQL: SELECT * FROM `classes` WHERE `name` = '教程攻略'  [ RunTime:0.0010s ]
SQL: SELECT * FROM `classes` WHERE `name` = '教程攻略'  [ RunTime:0.0010s ]
SQL: SELECT * FROM `classes` WHERE `name` = '教程攻略'  [ RunTime:0.0000s ]
SQL: SELECT * FROM `classes` WHERE `name` = '教程攻略'  [ RunTime:0.0000s ]
SQL: SELECT * FROM `classes` WHERE `name` = '教程攻略'  [ RunTime:0.0010s ]
SQL: SELECT * FROM `classes` WHERE `name` = '教程攻略'  [ RunTime:0.0010s ]
SQL: SELECT * FROM `classes` WHERE `name` = '教程攻略'  [ RunTime:0.0000s ]
SQL: SELECT * FROM `classes` WHERE `name` = '教程攻略'  [ RunTime:0.0000s ]
SQL: SELECT * FROM `classes` WHERE `name` = '教程攻略'  [ RunTime:0.0010s ]
SQL: SELECT * FROM `classes` WHERE `name` = '教程攻略'  [ RunTime:0.0010s ]
SQL: SELECT * FROM `classes` WHERE `name` = '教程攻略'  [ RunTime:0.0010s ]
SQL: SELECT * FROM `classes` WHERE `name` = '教程攻略'  [ RunTime:0.0000s ]
SQL: SELECT * FROM `classes` WHERE `name` = '教程攻略'  [ RunTime:0.0010s ]
SQL: SELECT * FROM `classes` WHERE `name` = '教程攻略'  [ RunTime:0.0000s ]
SQL: SELECT * FROM `classes` WHERE `name` = '游戏存档'  [ RunTime:0.0000s ]
SQL: SELECT * FROM `classes` WHERE `name` = '教程攻略'  [ RunTime:0.0010s ]
SQL: SELECT * FROM `classes` WHERE `name` = '教程攻略'  [ RunTime:0.0010s ]
SQL: SELECT * FROM `classes` WHERE `name` = '教程攻略'  [ RunTime:0.0000s ]
SQL: SELECT * FROM `classes` WHERE `name` = '教程攻略'  [ RunTime:0.0000s ]
SQL: SELECT * FROM `classes` WHERE `name` = '教程攻略'  [ RunTime:0.0010s ]
SQL: SELECT * FROM `classes` WHERE `name` = '教程攻略'  [ RunTime:0.0010s ]
SQL: SELECT * FROM `classes` WHERE `name` = '教程攻略'  [ RunTime:0.0000s ]
SQL: SELECT * FROM `classes` WHERE `name` = '游戏修改'  [ RunTime:0.0000s ]
SQL: SELECT * FROM `classes` WHERE `name` = '教程攻略'  [ RunTime:0.0010s ]
SQL: SELECT * FROM `classes` WHERE `name` = '教程攻略'  [ RunTime:0.0010s ]
SQL: SELECT * FROM `classes` WHERE `name` = '教程攻略'  [ RunTime:0.0010s ]
SQL: SELECT * FROM `classes` WHERE `name` = '教程攻略'  [ RunTime:0.0000s ]
SQL: SELECT * FROM `classes` WHERE `name` = '教程攻略'  [ RunTime:0.0000s ]
NOTIC: [2] Invalid argument supplied for foreach() C:\www\tpblog\Application\Runtime\Cache\Api\2272df0edd11f167e67e0edcc889a7b1.php 第 261 行.
NOTIC: [2] Invalid argument supplied for foreach() C:\www\tpblog\Application\Runtime\Cache\Api\2272df0edd11f167e67e0edcc889a7b1.php 第 292 行.
NOTIC: [2] Invalid argument supplied for foreach() C:\www\tpblog\Application\Runtime\Cache\Api\2272df0edd11f167e67e0edcc889a7b1.php 第 321 行.
NOTIC: [2] include(Public/foot/foot.php): failed to open stream: No such file or directory C:\www\tpblog\Application\Runtime\Cache\Api\2272df0edd11f167e67e0edcc889a7b1.php 第 333 行.
NOTIC: [2] include(): Failed opening 'Public/foot/foot.php' for inclusion (include_path='C:\xampp\php\PEAR') C:\www\tpblog\Application\Runtime\Cache\Api\2272df0edd11f167e67e0edcc889a7b1.php 第 333 行.
NOTIC: [8] Undefined variable: valuser C:\www\tpblog\Application\Runtime\Cache\Api\2272df0edd11f167e67e0edcc889a7b1.php 第 347 行.
NOTIC: [8] Undefined variable: valpw C:\www\tpblog\Application\Runtime\Cache\Api\2272df0edd11f167e67e0edcc889a7b1.php 第 351 行.
NOTIC: [8] Undefined variable: valuser C:\www\tpblog\Application\Runtime\Cache\Api\2272df0edd11f167e67e0edcc889a7b1.php 第 392 行.
NOTIC: [8] Undefined variable: valemail C:\www\tpblog\Application\Runtime\Cache\Api\2272df0edd11f167e67e0edcc889a7b1.php 第 396 行.
NOTIC: [8] Undefined variable: valpw C:\www\tpblog\Application\Runtime\Cache\Api\2272df0edd11f167e67e0edcc889a7b1.php 第 400 行.
NOTIC: [8] Undefined variable: valpw2 C:\www\tpblog\Application\Runtime\Cache\Api\2272df0edd11f167e67e0edcc889a7b1.php 第 404 行.
INFO: Run Behavior\ParseTemplateBehavior [ RunTime:0.062003s ]
INFO: [ view_parse ] --END-- [ RunTime:0.062003s ]
INFO: [ view_filter ] --START--
INFO: Run Behavior\WriteHtmlCacheBehavior [ RunTime:0.002001s ]
INFO: [ view_filter ] --END-- [ RunTime:0.002001s ]
INFO: [ app_end ] --START--
INFO: Run Behavior\ShowPageTraceBehavior [ RunTime:0.002000s ]
INFO: [ app_end ] --END-- [ RunTime:0.002000s ]

[ 2017-04-19T12:31:27+08:00 ] 127.0.0.1 /Api/list
INFO: [ app_init ] --START--
INFO: Run Behavior\BuildLiteBehavior [ RunTime:0.000000s ]
INFO: [ app_init ] --END-- [ RunTime:0.000000s ]
INFO: [ app_begin ] --START--
INFO: Run Behavior\ReadHtmlCacheBehavior [ RunTime:0.000000s ]
INFO: [ app_begin ] --END-- [ RunTime:0.000000s ]
SQL: SHOW COLUMNS FROM `setting` [ RunTime:0.0050s ]
SQL: SELECT * FROM `setting`  [ RunTime:0.0000s ]
SQL: SHOW COLUMNS FROM `page` [ RunTime:0.0050s ]
SQL: SELECT COUNT(*) AS tp_count FROM `page` LIMIT 1   [ RunTime:0.0010s ]
SQL: SELECT * FROM `page` ORDER BY pid desc  [ RunTime:0.0050s ]
NOTIC: [8] Undefined variable: read_hots C:\www\tpblog\Application\Api\Controller\ListController.class.php 第 20 行.
NOTIC: [8] Undefined variable: zan_hots C:\www\tpblog\Application\Api\Controller\ListController.class.php 第 21 行.
NOTIC: [8] Undefined variable: msg_hots C:\www\tpblog\Application\Api\Controller\ListController.class.php 第 22 行.
NOTIC: [8] Undefined variable: newmsgs C:\www\tpblog\Application\Api\Controller\ListController.class.php 第 23 行.
NOTIC: [8] Undefined variable: slides C:\www\tpblog\Application\Api\Controller\ListController.class.php 第 24 行.
NOTIC: [8] Undefined variable: tops C:\www\tpblog\Application\Api\Controller\ListController.class.php 第 26 行.
NOTIC: [8] Undefined variable: link_exchs C:\www\tpblog\Application\Api\Controller\ListController.class.php 第 27 行.
NOTIC: [8] Undefined variable: insert C:\www\tpblog\Application\Api\Controller\ListController.class.php 第 28 行.
NOTIC: [8] Undefined variable: nums C:\www\tpblog\Application\Api\Controller\ListController.class.php 第 29 行.
NOTIC: [2] Division by zero C:\www\tpblog\ThinkPHP\Library\Think\Page.class.php 第 84 行.
INFO: [ view_parse ] --START--
INFO: [ template_filter ] --START--
INFO: Run Behavior\ContentReplaceBehavior [ RunTime:0.000000s ]
INFO: [ template_filter ] --END-- [ RunTime:0.000000s ]
NOTIC: [2] include(./Application/Api/View/nav.php): failed to open stream: No such file or directory C:\www\tpblog\Application\Runtime\Cache\Api\2272df0edd11f167e67e0edcc889a7b1.php 第 85 行.
NOTIC: [2] include(): Failed opening './Application/Api/View/nav.php' for inclusion (include_path='C:\xampp\php\PEAR') C:\www\tpblog\Application\Runtime\Cache\Api\2272df0edd11f167e67e0edcc889a7b1.php 第 85 行.
NOTIC: [2] include(./Application/Api/View/nav2.php): failed to open stream: No such file or directory C:\www\tpblog\Application\Runtime\Cache\Api\2272df0edd11f167e67e0edcc889a7b1.php 第 96 行.
NOTIC: [2] include(): Failed opening './Application/Api/View/nav2.php' for inclusion (include_path='C:\xampp\php\PEAR') C:\www\tpblog\Application\Runtime\Cache\Api\2272df0edd11f167e67e0edcc889a7b1.php 第 96 行.
NOTIC: [2] Invalid argument supplied for foreach() C:\www\tpblog\Application\Runtime\Cache\Api\2272df0edd11f167e67e0edcc889a7b1.php 第 141 行.
SQL: SHOW COLUMNS FROM `classes` [ RunTime:0.0050s ]
SQL: SELECT * FROM `classes` WHERE `name` = '教程攻略'  [ RunTime:0.0000s ]
SQL: SELECT * FROM `classes` WHERE `name` = '教程攻略'  [ RunTime:0.0000s ]
SQL: SELECT * FROM `classes` WHERE `name` = '教程攻略'  [ RunTime:0.0010s ]
SQL: SELECT * FROM `classes` WHERE `name` = '教程攻略'  [ RunTime:0.0010s ]
SQL: SELECT * FROM `classes` WHERE `name` = '教程攻略'  [ RunTime:0.0000s ]
SQL: SELECT * FROM `classes` WHERE `name` = '教程攻略'  [ RunTime:0.0000s ]
SQL: SELECT * FROM `classes` WHERE `name` = '教程攻略'  [ RunTime:0.0010s ]
SQL: SELECT * FROM `classes` WHERE `name` = '教程攻略'  [ RunTime:0.0000s ]
SQL: SELECT * FROM `classes` WHERE `name` = '教程攻略'  [ RunTime:0.0000s ]
SQL: SELECT * FROM `classes` WHERE `name` = '教程攻略'  [ RunTime:0.0010s ]
SQL: SELECT * FROM `classes` WHERE `name` = '教程攻略'  [ RunTime:0.0010s ]
SQL: SELECT * FROM `classes` WHERE `name` = '教程攻略'  [ RunTime:0.0010s ]
SQL: SELECT * FROM `classes` WHERE `name` = '教程攻略'  [ RunTime:0.0000s ]
SQL: SELECT * FROM `classes` WHERE `name` = '教程攻略'  [ RunTime:0.0000s ]
SQL: SELECT * FROM `classes` WHERE `name` = '教程攻略'  [ RunTime:0.0010s ]
SQL: SELECT * FROM `classes` WHERE `name` = '教程攻略'  [ RunTime:0.0010s ]
SQL: SELECT * FROM `classes` WHERE `name` = '教程攻略'  [ RunTime:0.0000s ]
SQL: SELECT * FROM `classes` WHERE `name` = '教程攻略'  [ RunTime:0.0000s ]
SQL: SELECT * FROM `classes` WHERE `name` = '教程攻略'  [ RunTime:0.0010s ]
SQL: SELECT * FROM `classes` WHERE `name` = '教程攻略'  [ RunTime:0.0000s ]
SQL: SELECT * FROM `classes` WHERE `name` = '教程攻略'  [ RunTime:0.0000s ]
SQL: SELECT * FROM `classes` WHERE `name` = '教程攻略'  [ RunTime:0.0000s ]
SQL: SELECT * FROM `classes` WHERE `name` = '教程攻略'  [ RunTime:0.0010s ]
SQL: SELECT * FROM `classes` WHERE `name` = '教程攻略'  [ RunTime:0.0010s ]
SQL: SELECT * FROM `classes` WHERE `name` = '教程攻略'  [ RunTime:0.0000s ]
SQL: SELECT * FROM `classes` WHERE `name` = '教程攻略'  [ RunTime:0.0000s ]
SQL: SELECT * FROM `classes` WHERE `name` = '教程攻略'  [ RunTime:0.0010s ]
SQL: SELECT * FROM `classes` WHERE `name` = '教程攻略'  [ RunTime:0.0010s ]
SQL: SELECT * FROM `classes` WHERE `name` = '教程攻略'  [ RunTime:0.0000s ]
SQL: SELECT * FROM `classes` WHERE `name` = '教程攻略'  [ RunTime:0.0010s ]
SQL: SELECT * FROM `classes` WHERE `name` = '教程攻略'  [ RunTime:0.0010s ]
SQL: SELECT * FROM `classes` WHERE `name` = '游戏存档'  [ RunTime:0.0000s ]
SQL: SELECT * FROM `classes` WHERE `name` = '教程攻略'  [ RunTime:0.0010s ]
SQL: SELECT * FROM `classes` WHERE `name` = '教程攻略'  [ RunTime:0.0010s ]
SQL: SELECT * FROM `classes` WHERE `name` = '教程攻略'  [ RunTime:0.0010s ]
SQL: SELECT * FROM `classes` WHERE `name` = '教程攻略'  [ RunTime:0.0000s ]
SQL: SELECT * FROM `classes` WHERE `name` = '教程攻略'  [ RunTime:0.0000s ]
SQL: SELECT * FROM `classes` WHERE `name` = '教程攻略'  [ RunTime:0.0010s ]
SQL: SELECT * FROM `classes` WHERE `name` = '教程攻略'  [ RunTime:0.0010s ]
SQL: SELECT * FROM `classes` WHERE `name` = '游戏修改'  [ RunTime:0.0000s ]
SQL: SELECT * FROM `classes` WHERE `name` = '教程攻略'  [ RunTime:0.0010s ]
SQL: SELECT * FROM `classes` WHERE `name` = '教程攻略'  [ RunTime:0.0010s ]
SQL: SELECT * FROM `classes` WHERE `name` = '教程攻略'  [ RunTime:0.0010s ]
SQL: SELECT * FROM `classes` WHERE `name` = '教程攻略'  [ RunTime:0.0000s ]
SQL: SELECT * FROM `classes` WHERE `name` = '教程攻略'  [ RunTime:0.0000s ]
NOTIC: [2] Invalid argument supplied for foreach() C:\www\tpblog\Application\Runtime\Cache\Api\2272df0edd11f167e67e0edcc889a7b1.php 第 261 行.
NOTIC: [2] Invalid argument supplied for foreach() C:\www\tpblog\Application\Runtime\Cache\Api\2272df0edd11f167e67e0edcc889a7b1.php 第 292 行.
NOTIC: [2] Invalid argument supplied for foreach() C:\www\tpblog\Application\Runtime\Cache\Api\2272df0edd11f167e67e0edcc889a7b1.php 第 321 行.
NOTIC: [2] include(Public/foot/foot.php): failed to open stream: No such file or directory C:\www\tpblog\Application\Runtime\Cache\Api\2272df0edd11f167e67e0edcc889a7b1.php 第 333 行.
NOTIC: [2] include(): Failed opening 'Public/foot/foot.php' for inclusion (include_path='C:\xampp\php\PEAR') C:\www\tpblog\Application\Runtime\Cache\Api\2272df0edd11f167e67e0edcc889a7b1.php 第 333 行.
NOTIC: [8] Undefined variable: valuser C:\www\tpblog\Application\Runtime\Cache\Api\2272df0edd11f167e67e0edcc889a7b1.php 第 347 行.
NOTIC: [8] Undefined variable: valpw C:\www\tpblog\Application\Runtime\Cache\Api\2272df0edd11f167e67e0edcc889a7b1.php 第 351 行.
NOTIC: [8] Undefined variable: valuser C:\www\tpblog\Application\Runtime\Cache\Api\2272df0edd11f167e67e0edcc889a7b1.php 第 392 行.
NOTIC: [8] Undefined variable: valemail C:\www\tpblog\Application\Runtime\Cache\Api\2272df0edd11f167e67e0edcc889a7b1.php 第 396 行.
NOTIC: [8] Undefined variable: valpw C:\www\tpblog\Application\Runtime\Cache\Api\2272df0edd11f167e67e0edcc889a7b1.php 第 400 行.
NOTIC: [8] Undefined variable: valpw2 C:\www\tpblog\Application\Runtime\Cache\Api\2272df0edd11f167e67e0edcc889a7b1.php 第 404 行.
INFO: Run Behavior\ParseTemplateBehavior [ RunTime:0.053003s ]
INFO: [ view_parse ] --END-- [ RunTime:0.053003s ]
INFO: [ view_filter ] --START--
INFO: Run Behavior\WriteHtmlCacheBehavior [ RunTime:0.000000s ]
INFO: [ view_filter ] --END-- [ RunTime:0.000000s ]
INFO: [ app_end ] --START--
INFO: Run Behavior\ShowPageTraceBehavior [ RunTime:0.001000s ]
INFO: [ app_end ] --END-- [ RunTime:0.001000s ]

[ 2017-04-19T12:31:46+08:00 ] 127.0.0.1 /Api/list
INFO: [ app_init ] --START--
INFO: Run Behavior\BuildLiteBehavior [ RunTime:0.000000s ]
INFO: [ app_init ] --END-- [ RunTime:0.001000s ]
INFO: [ app_begin ] --START--
INFO: Run Behavior\ReadHtmlCacheBehavior [ RunTime:0.000000s ]
INFO: [ app_begin ] --END-- [ RunTime:0.000000s ]
SQL: SHOW COLUMNS FROM `setting` [ RunTime:0.0050s ]
SQL: SELECT * FROM `setting`  [ RunTime:0.0010s ]
SQL: SHOW COLUMNS FROM `page` [ RunTime:0.0050s ]
SQL: SELECT COUNT(*) AS tp_count FROM `page` LIMIT 1   [ RunTime:0.0010s ]
SQL: SELECT * FROM `page` ORDER BY pid desc  [ RunTime:0.0050s ]
NOTIC: [2] Division by zero C:\www\tpblog\ThinkPHP\Library\Think\Page.class.php 第 84 行.
INFO: [ view_parse ] --START--
INFO: [ template_filter ] --START--
INFO: Run Behavior\ContentReplaceBehavior [ RunTime:0.000000s ]
INFO: [ template_filter ] --END-- [ RunTime:0.000000s ]
NOTIC: [2] include(./Application/Api/View/nav.php): failed to open stream: No such file or directory C:\www\tpblog\Application\Runtime\Cache\Api\2272df0edd11f167e67e0edcc889a7b1.php 第 85 行.
NOTIC: [2] include(): Failed opening './Application/Api/View/nav.php' for inclusion (include_path='C:\xampp\php\PEAR') C:\www\tpblog\Application\Runtime\Cache\Api\2272df0edd11f167e67e0edcc889a7b1.php 第 85 行.
NOTIC: [2] include(./Application/Api/View/nav2.php): failed to open stream: No such file or directory C:\www\tpblog\Application\Runtime\Cache\Api\2272df0edd11f167e67e0edcc889a7b1.php 第 96 行.
NOTIC: [2] include(): Failed opening './Application/Api/View/nav2.php' for inclusion (include_path='C:\xampp\php\PEAR') C:\www\tpblog\Application\Runtime\Cache\Api\2272df0edd11f167e67e0edcc889a7b1.php 第 96 行.
NOTIC: [8] Undefined variable: slides C:\www\tpblog\Application\Runtime\Cache\Api\2272df0edd11f167e67e0edcc889a7b1.php 第 106 行.
NOTIC: [8] Undefined variable: tops C:\www\tpblog\Application\Runtime\Cache\Api\2272df0edd11f167e67e0edcc889a7b1.php 第 141 行.
NOTIC: [2] Invalid argument supplied for foreach() C:\www\tpblog\Application\Runtime\Cache\Api\2272df0edd11f167e67e0edcc889a7b1.php 第 141 行.
SQL: SHOW COLUMNS FROM `classes` [ RunTime:0.0050s ]
SQL: SELECT * FROM `classes` WHERE `name` = '教程攻略'  [ RunTime:0.0010s ]
SQL: SELECT * FROM `classes` WHERE `name` = '教程攻略'  [ RunTime:0.0010s ]
SQL: SELECT * FROM `classes` WHERE `name` = '教程攻略'  [ RunTime:0.0000s ]
SQL: SELECT * FROM `classes` WHERE `name` = '教程攻略'  [ RunTime:0.0000s ]
SQL: SELECT * FROM `classes` WHERE `name` = '教程攻略'  [ RunTime:0.0010s ]
SQL: SELECT * FROM `classes` WHERE `name` = '教程攻略'  [ RunTime:0.0010s ]
SQL: SELECT * FROM `classes` WHERE `name` = '教程攻略'  [ RunTime:0.0000s ]
SQL: SELECT * FROM `classes` WHERE `name` = '教程攻略'  [ RunTime:0.0000s ]
SQL: SELECT * FROM `classes` WHERE `name` = '教程攻略'  [ RunTime:0.0010s ]
SQL: SELECT * FROM `classes` WHERE `name` = '教程攻略'  [ RunTime:0.0010s ]
SQL: SELECT * FROM `classes` WHERE `name` = '教程攻略'  [ RunTime:0.0000s ]
SQL: SELECT * FROM `classes` WHERE `name` = '教程攻略'  [ RunTime:0.0000s ]
SQL: SELECT * FROM `classes` WHERE `name` = '教程攻略'  [ RunTime:0.0010s ]
SQL: SELECT * FROM `classes` WHERE `name` = '教程攻略'  [ RunTime:0.0010s ]
SQL: SELECT * FROM `classes` WHERE `name` = '教程攻略'  [ RunTime:0.0000s ]
SQL: SELECT * FROM `classes` WHERE `name` = '教程攻略'  [ RunTime:0.0000s ]
SQL: SELECT * FROM `classes` WHERE `name` = '教程攻略'  [ RunTime:0.0010s ]
SQL: SELECT * FROM `classes` WHERE `name` = '教程攻略'  [ RunTime:0.0010s ]
SQL: SELECT * FROM `classes` WHERE `name` = '教程攻略'  [ RunTime:0.0000s ]
SQL: SELECT * FROM `classes` WHERE `name` = '教程攻略'  [ RunTime:0.0000s ]
SQL: SELECT * FROM `classes` WHERE `name` = '教程攻略'  [ RunTime:0.0010s ]
SQL: SELECT * FROM `classes` WHERE `name` = '教程攻略'  [ RunTime:0.0010s ]
SQL: SELECT * FROM `classes` WHERE `name` = '教程攻略'  [ RunTime:0.0010s ]
SQL: SELECT * FROM `classes` WHERE `name` = '教程攻略'  [ RunTime:0.0000s ]
SQL: SELECT * FROM `classes` WHERE `name` = '教程攻略'  [ RunTime:0.0000s ]
SQL: SELECT * FROM `classes` WHERE `name` = '教程攻略'  [ RunTime:0.0010s ]
SQL: SELECT * FROM `classes` WHERE `name` = '教程攻略'  [ RunTime:0.0010s ]
SQL: SELECT * FROM `classes` WHERE `name` = '教程攻略'  [ RunTime:0.0000s ]
SQL: SELECT * FROM `classes` WHERE `name` = '教程攻略'  [ RunTime:0.0000s ]
SQL: SELECT * FROM `classes` WHERE `name` = '教程攻略'  [ RunTime:0.0000s ]
SQL: SELECT * FROM `classes` WHERE `name` = '教程攻略'  [ RunTime:0.0000s ]
SQL: SELECT * FROM `classes` WHERE `name` = '游戏存档'  [ RunTime:0.0000s ]
SQL: SELECT * FROM `classes` WHERE `name` = '教程攻略'  [ RunTime:0.0010s ]
SQL: SELECT * FROM `classes` WHERE `name` = '教程攻略'  [ RunTime:0.0010s ]
SQL: SELECT * FROM `classes` WHERE `name` = '教程攻略'  [ RunTime:0.0000s ]
SQL: SELECT * FROM `classes` WHERE `name` = '教程攻略'  [ RunTime:0.0000s ]
SQL: SELECT * FROM `classes` WHERE `name` = '教程攻略'  [ RunTime:0.0010s ]
SQL: SELECT * FROM `classes` WHERE `name` = '教程攻略'  [ RunTime:0.0010s ]
SQL: SELECT * FROM `classes` WHERE `name` = '教程攻略'  [ RunTime:0.0010s ]
SQL: SELECT * FROM `classes` WHERE `name` = '游戏修改'  [ RunTime:0.0000s ]
SQL: SELECT * FROM `classes` WHERE `name` = '教程攻略'  [ RunTime:0.0010s ]
SQL: SELECT * FROM `classes` WHERE `name` = '教程攻略'  [ RunTime:0.0010s ]
SQL: SELECT * FROM `classes` WHERE `name` = '教程攻略'  [ RunTime:0.0010s ]
SQL: SELECT * FROM `classes` WHERE `name` = '教程攻略'  [ RunTime:0.0000s ]
SQL: SELECT * FROM `classes` WHERE `name` = '教程攻略'  [ RunTime:0.0000s ]
NOTIC: [8] Undefined variable: vst C:\www\tpblog\Application\Runtime\Cache\Api\2272df0edd11f167e67e0edcc889a7b1.php 第 229 行.
NOTIC: [8] Undefined variable: newmsgs C:\www\tpblog\Application\Runtime\Cache\Api\2272df0edd11f167e67e0edcc889a7b1.php 第 261 行.
NOTIC: [2] Invalid argument supplied for foreach() C:\www\tpblog\Application\Runtime\Cache\Api\2272df0edd11f167e67e0edcc889a7b1.php 第 261 行.
NOTIC: [8] Undefined variable: nums C:\www\tpblog\Application\Runtime\Cache\Api\2272df0edd11f167e67e0edcc889a7b1.php 第 292 行.
NOTIC: [2] Invalid argument supplied for foreach() C:\www\tpblog\Application\Runtime\Cache\Api\2272df0edd11f167e67e0edcc889a7b1.php 第 292 行.
NOTIC: [8] Undefined variable: link_exchs C:\www\tpblog\Application\Runtime\Cache\Api\2272df0edd11f167e67e0edcc889a7b1.php 第 321 行.
NOTIC: [2] Invalid argument supplied for foreach() C:\www\tpblog\Application\Runtime\Cache\Api\2272df0edd11f167e67e0edcc889a7b1.php 第 321 行.
NOTIC: [2] include(Public/foot/foot.php): failed to open stream: No such file or directory C:\www\tpblog\Application\Runtime\Cache\Api\2272df0edd11f167e67e0edcc889a7b1.php 第 333 行.
NOTIC: [2] include(): Failed opening 'Public/foot/foot.php' for inclusion (include_path='C:\xampp\php\PEAR') C:\www\tpblog\Application\Runtime\Cache\Api\2272df0edd11f167e67e0edcc889a7b1.php 第 333 行.
NOTIC: [8] Undefined variable: valuser C:\www\tpblog\Application\Runtime\Cache\Api\2272df0edd11f167e67e0edcc889a7b1.php 第 347 行.
NOTIC: [8] Undefined variable: valpw C:\www\tpblog\Application\Runtime\Cache\Api\2272df0edd11f167e67e0edcc889a7b1.php 第 351 行.
NOTIC: [8] Undefined variable: valuser C:\www\tpblog\Application\Runtime\Cache\Api\2272df0edd11f167e67e0edcc889a7b1.php 第 392 行.
NOTIC: [8] Undefined variable: valemail C:\www\tpblog\Application\Runtime\Cache\Api\2272df0edd11f167e67e0edcc889a7b1.php 第 396 行.
NOTIC: [8] Undefined variable: valpw C:\www\tpblog\Application\Runtime\Cache\Api\2272df0edd11f167e67e0edcc889a7b1.php 第 400 行.
NOTIC: [8] Undefined variable: valpw2 C:\www\tpblog\Application\Runtime\Cache\Api\2272df0edd11f167e67e0edcc889a7b1.php 第 404 行.
INFO: Run Behavior\ParseTemplateBehavior [ RunTime:0.053003s ]
INFO: [ view_parse ] --END-- [ RunTime:0.053003s ]
INFO: [ view_filter ] --START--
INFO: Run Behavior\WriteHtmlCacheBehavior [ RunTime:0.001000s ]
INFO: [ view_filter ] --END-- [ RunTime:0.001000s ]
INFO: [ app_end ] --START--
INFO: Run Behavior\ShowPageTraceBehavior [ RunTime:0.001000s ]
INFO: [ app_end ] --END-- [ RunTime:0.001000s ]

[ 2017-04-19T12:32:19+08:00 ] 127.0.0.1 /Api/list
INFO: [ app_init ] --START--
INFO: Run Behavior\BuildLiteBehavior [ RunTime:0.000000s ]
INFO: [ app_init ] --END-- [ RunTime:0.001000s ]
INFO: [ app_begin ] --START--
INFO: Run Behavior\ReadHtmlCacheBehavior [ RunTime:0.001000s ]
INFO: [ app_begin ] --END-- [ RunTime:0.001000s ]
SQL: SHOW COLUMNS FROM `setting` [ RunTime:0.0050s ]
SQL: SELECT * FROM `setting`  [ RunTime:0.0000s ]
SQL: SHOW COLUMNS FROM `page` [ RunTime:0.0050s ]
SQL: SELECT COUNT(*) AS tp_count FROM `page` LIMIT 1   [ RunTime:0.0000s ]
SQL: SELECT * FROM `page` ORDER BY pid desc LIMIT 0,10   [ RunTime:0.0010s ]
INFO: [ view_parse ] --START--
INFO: [ template_filter ] --START--
INFO: Run Behavior\ContentReplaceBehavior [ RunTime:0.000000s ]
INFO: [ template_filter ] --END-- [ RunTime:0.000000s ]
NOTIC: [2] include(./Application/Api/View/nav.php): failed to open stream: No such file or directory C:\www\tpblog\Application\Runtime\Cache\Api\2272df0edd11f167e67e0edcc889a7b1.php 第 85 行.
NOTIC: [2] include(): Failed opening './Application/Api/View/nav.php' for inclusion (include_path='C:\xampp\php\PEAR') C:\www\tpblog\Application\Runtime\Cache\Api\2272df0edd11f167e67e0edcc889a7b1.php 第 85 行.
NOTIC: [2] include(./Application/Api/View/nav2.php): failed to open stream: No such file or directory C:\www\tpblog\Application\Runtime\Cache\Api\2272df0edd11f167e67e0edcc889a7b1.php 第 96 行.
NOTIC: [2] include(): Failed opening './Application/Api/View/nav2.php' for inclusion (include_path='C:\xampp\php\PEAR') C:\www\tpblog\Application\Runtime\Cache\Api\2272df0edd11f167e67e0edcc889a7b1.php 第 96 行.
NOTIC: [8] Undefined variable: slides C:\www\tpblog\Application\Runtime\Cache\Api\2272df0edd11f167e67e0edcc889a7b1.php 第 106 行.
NOTIC: [8] Undefined variable: tops C:\www\tpblog\Application\Runtime\Cache\Api\2272df0edd11f167e67e0edcc889a7b1.php 第 141 行.
NOTIC: [2] Invalid argument supplied for foreach() C:\www\tpblog\Application\Runtime\Cache\Api\2272df0edd11f167e67e0edcc889a7b1.php 第 141 行.
SQL: SHOW COLUMNS FROM `classes` [ RunTime:0.0060s ]
SQL: SELECT * FROM `classes` WHERE `name` = '教程攻略'  [ RunTime:0.0010s ]
SQL: SELECT * FROM `classes` WHERE `name` = '教程攻略'  [ RunTime:0.0010s ]
SQL: SELECT * FROM `classes` WHERE `name` = '教程攻略'  [ RunTime:0.0010s ]
SQL: SELECT * FROM `classes` WHERE `name` = '教程攻略'  [ RunTime:0.0000s ]
SQL: SELECT * FROM `classes` WHERE `name` = '教程攻略'  [ RunTime:0.0000s ]
SQL: SELECT * FROM `classes` WHERE `name` = '教程攻略'  [ RunTime:0.0010s ]
SQL: SELECT * FROM `classes` WHERE `name` = '教程攻略'  [ RunTime:0.0010s ]
SQL: SELECT * FROM `classes` WHERE `name` = '教程攻略'  [ RunTime:0.0000s ]
SQL: SELECT * FROM `classes` WHERE `name` = '教程攻略'  [ RunTime:0.0010s ]
SQL: SELECT * FROM `classes` WHERE `name` = '教程攻略'  [ RunTime:0.0010s ]
NOTIC: [8] Undefined variable: vst C:\www\tpblog\Application\Runtime\Cache\Api\2272df0edd11f167e67e0edcc889a7b1.php 第 229 行.
NOTIC: [8] Undefined variable: newmsgs C:\www\tpblog\Application\Runtime\Cache\Api\2272df0edd11f167e67e0edcc889a7b1.php 第 261 行.
NOTIC: [2] Invalid argument supplied for foreach() C:\www\tpblog\Application\Runtime\Cache\Api\2272df0edd11f167e67e0edcc889a7b1.php 第 261 行.
NOTIC: [8] Undefined variable: nums C:\www\tpblog\Application\Runtime\Cache\Api\2272df0edd11f167e67e0edcc889a7b1.php 第 292 行.
NOTIC: [2] Invalid argument supplied for foreach() C:\www\tpblog\Application\Runtime\Cache\Api\2272df0edd11f167e67e0edcc889a7b1.php 第 292 行.
NOTIC: [8] Undefined variable: link_exchs C:\www\tpblog\Application\Runtime\Cache\Api\2272df0edd11f167e67e0edcc889a7b1.php 第 321 行.
NOTIC: [2] Invalid argument supplied for foreach() C:\www\tpblog\Application\Runtime\Cache\Api\2272df0edd11f167e67e0edcc889a7b1.php 第 321 行.
NOTIC: [2] include(Public/foot/foot.php): failed to open stream: No such file or directory C:\www\tpblog\Application\Runtime\Cache\Api\2272df0edd11f167e67e0edcc889a7b1.php 第 333 行.
NOTIC: [2] include(): Failed opening 'Public/foot/foot.php' for inclusion (include_path='C:\xampp\php\PEAR') C:\www\tpblog\Application\Runtime\Cache\Api\2272df0edd11f167e67e0edcc889a7b1.php 第 333 行.
NOTIC: [8] Undefined variable: valuser C:\www\tpblog\Application\Runtime\Cache\Api\2272df0edd11f167e67e0edcc889a7b1.php 第 347 行.
NOTIC: [8] Undefined variable: valpw C:\www\tpblog\Application\Runtime\Cache\Api\2272df0edd11f167e67e0edcc889a7b1.php 第 351 行.
NOTIC: [8] Undefined variable: valuser C:\www\tpblog\Application\Runtime\Cache\Api\2272df0edd11f167e67e0edcc889a7b1.php 第 392 行.
NOTIC: [8] Undefined variable: valemail C:\www\tpblog\Application\Runtime\Cache\Api\2272df0edd11f167e67e0edcc889a7b1.php 第 396 行.
NOTIC: [8] Undefined variable: valpw C:\www\tpblog\Application\Runtime\Cache\Api\2272df0edd11f167e67e0edcc889a7b1.php 第 400 行.
NOTIC: [8] Undefined variable: valpw2 C:\www\tpblog\Application\Runtime\Cache\Api\2272df0edd11f167e67e0edcc889a7b1.php 第 404 行.
INFO: Run Behavior\ParseTemplateBehavior [ RunTime:0.030002s ]
INFO: [ view_parse ] --END-- [ RunTime:0.030002s ]
INFO: [ view_filter ] --START--
INFO: Run Behavior\WriteHtmlCacheBehavior [ RunTime:0.001000s ]
INFO: [ view_filter ] --END-- [ RunTime:0.001000s ]
INFO: [ app_end ] --START--
INFO: Run Behavior\ShowPageTraceBehavior [ RunTime:0.002000s ]
INFO: [ app_end ] --END-- [ RunTime:0.002000s ]

[ 2017-04-19T12:33:47+08:00 ] 127.0.0.1 /Api/list
INFO: [ app_init ] --START--
INFO: Run Behavior\BuildLiteBehavior [ RunTime:0.000000s ]
INFO: [ app_init ] --END-- [ RunTime:0.001000s ]
INFO: [ app_begin ] --START--
INFO: Run Behavior\ReadHtmlCacheBehavior [ RunTime:0.001000s ]
INFO: [ app_begin ] --END-- [ RunTime:0.001000s ]
SQL: SHOW COLUMNS FROM `setting` [ RunTime:0.0040s ]
SQL: SELECT * FROM `setting`  [ RunTime:0.0010s ]
SQL: SHOW COLUMNS FROM `page` [ RunTime:0.0040s ]
SQL: SELECT COUNT(*) AS tp_count FROM `page` LIMIT 1   [ RunTime:0.0000s ]
SQL: SELECT * FROM `page` ORDER BY pid desc LIMIT 0,10   [ RunTime:0.0010s ]
INFO: [ view_parse ] --START--
INFO: [ template_filter ] --START--
INFO: Run Behavior\ContentReplaceBehavior [ RunTime:0.000000s ]
INFO: [ template_filter ] --END-- [ RunTime:0.000000s ]
ERR: syntax error, unexpected '>', expecting end of file

[ 2017-04-19T12:33:48+08:00 ] 127.0.0.1 /Api/list
INFO: [ app_init ] --START--
INFO: Run Behavior\BuildLiteBehavior [ RunTime:0.000000s ]
INFO: [ app_init ] --END-- [ RunTime:0.001000s ]
INFO: [ app_begin ] --START--
INFO: Run Behavior\ReadHtmlCacheBehavior [ RunTime:0.001000s ]
INFO: [ app_begin ] --END-- [ RunTime:0.002000s ]
SQL: SHOW COLUMNS FROM `setting` [ RunTime:0.0040s ]
SQL: SELECT * FROM `setting`  [ RunTime:0.0010s ]
SQL: SHOW COLUMNS FROM `page` [ RunTime:0.0040s ]
SQL: SELECT COUNT(*) AS tp_count FROM `page` LIMIT 1   [ RunTime:0.0010s ]
SQL: SELECT * FROM `page` ORDER BY pid desc LIMIT 0,10   [ RunTime:0.0010s ]
INFO: [ view_parse ] --START--
INFO: [ template_filter ] --START--
INFO: Run Behavior\ContentReplaceBehavior [ RunTime:0.000000s ]
INFO: [ template_filter ] --END-- [ RunTime:0.000000s ]
ERR: syntax error, unexpected '>', expecting end of file

[ 2017-04-19T12:33:48+08:00 ] 127.0.0.1 /Api/list
INFO: [ app_init ] --START--
INFO: Run Behavior\BuildLiteBehavior [ RunTime:0.000000s ]
INFO: [ app_init ] --END-- [ RunTime:0.000000s ]
INFO: [ app_begin ] --START--
INFO: Run Behavior\ReadHtmlCacheBehavior [ RunTime:0.001000s ]
INFO: [ app_begin ] --END-- [ RunTime:0.001000s ]
SQL: SHOW COLUMNS FROM `setting` [ RunTime:0.0040s ]
SQL: SELECT * FROM `setting`  [ RunTime:0.0010s ]
SQL: SHOW COLUMNS FROM `page` [ RunTime:0.0050s ]
SQL: SELECT COUNT(*) AS tp_count FROM `page` LIMIT 1   [ RunTime:0.0010s ]
SQL: SELECT * FROM `page` ORDER BY pid desc LIMIT 0,10   [ RunTime:0.0010s ]
INFO: [ view_parse ] --START--
INFO: [ template_filter ] --START--
INFO: Run Behavior\ContentReplaceBehavior [ RunTime:0.000000s ]
INFO: [ template_filter ] --END-- [ RunTime:0.000000s ]
ERR: syntax error, unexpected '>', expecting end of file

[ 2017-04-19T12:34:20+08:00 ] 127.0.0.1 /Api/list
INFO: [ app_init ] --START--
INFO: Run Behavior\BuildLiteBehavior [ RunTime:0.000000s ]
INFO: [ app_init ] --END-- [ RunTime:0.001000s ]
INFO: [ app_begin ] --START--
INFO: Run Behavior\ReadHtmlCacheBehavior [ RunTime:0.001000s ]
INFO: [ app_begin ] --END-- [ RunTime:0.001000s ]
SQL: SHOW COLUMNS FROM `setting` [ RunTime:0.0040s ]
SQL: SELECT * FROM `setting`  [ RunTime:0.0010s ]
SQL: SHOW COLUMNS FROM `page` [ RunTime:0.0040s ]
SQL: SELECT COUNT(*) AS tp_count FROM `page` LIMIT 1   [ RunTime:0.0000s ]
SQL: SELECT * FROM `page` ORDER BY pid desc LIMIT 0,10   [ RunTime:0.0010s ]
INFO: [ view_parse ] --START--
INFO: [ template_filter ] --START--
INFO: Run Behavior\ContentReplaceBehavior [ RunTime:0.000000s ]
INFO: [ template_filter ] --END-- [ RunTime:0.000000s ]
ERR: syntax error, unexpected '>', expecting end of file

[ 2017-04-19T12:35:14+08:00 ] 127.0.0.1 /Api/list
INFO: [ app_init ] --START--
INFO: Run Behavior\BuildLiteBehavior [ RunTime:0.000000s ]
INFO: [ app_init ] --END-- [ RunTime:0.001001s ]
INFO: [ app_begin ] --START--
INFO: Run Behavior\ReadHtmlCacheBehavior [ RunTime:0.001000s ]
INFO: [ app_begin ] --END-- [ RunTime:0.001000s ]
SQL: SHOW COLUMNS FROM `setting` [ RunTime:0.0050s ]
SQL: SELECT * FROM `setting`  [ RunTime:0.0010s ]
SQL: SHOW COLUMNS FROM `page` [ RunTime:0.0050s ]
SQL: SELECT COUNT(*) AS tp_count FROM `page` LIMIT 1   [ RunTime:0.0000s ]
SQL: SELECT * FROM `page` ORDER BY pid desc LIMIT 0,10   [ RunTime:0.0010s ]
INFO: [ view_parse ] --START--
INFO: [ template_filter ] --START--
INFO: Run Behavior\ContentReplaceBehavior [ RunTime:0.000000s ]
INFO: [ template_filter ] --END-- [ RunTime:0.000000s ]
ERR: syntax error, unexpected '>', expecting end of file

[ 2017-04-19T12:35:53+08:00 ] 127.0.0.1 /Api/list
INFO: [ app_init ] --START--
INFO: Run Behavior\BuildLiteBehavior [ RunTime:0.000000s ]
INFO: [ app_init ] --END-- [ RunTime:0.001000s ]
INFO: [ app_begin ] --START--
INFO: Run Behavior\ReadHtmlCacheBehavior [ RunTime:0.001000s ]
INFO: [ app_begin ] --END-- [ RunTime:0.001000s ]
SQL: SHOW COLUMNS FROM `setting` [ RunTime:0.0050s ]
SQL: SELECT * FROM `setting`  [ RunTime:0.0000s ]
SQL: SHOW COLUMNS FROM `page` [ RunTime:0.0040s ]
SQL: SELECT COUNT(*) AS tp_count FROM `page` LIMIT 1   [ RunTime:0.0010s ]
SQL: SELECT * FROM `page` ORDER BY pid desc LIMIT 0,10   [ RunTime:0.0010s ]
INFO: [ view_parse ] --START--
INFO: [ template_filter ] --START--
INFO: Run Behavior\ContentReplaceBehavior [ RunTime:0.000000s ]
INFO: [ template_filter ] --END-- [ RunTime:0.000000s ]
ERR: syntax error, unexpected '>', expecting end of file

[ 2017-04-19T12:35:53+08:00 ] 127.0.0.1 /Api/list
INFO: [ app_init ] --START--
INFO: Run Behavior\BuildLiteBehavior [ RunTime:0.000000s ]
INFO: [ app_init ] --END-- [ RunTime:0.001000s ]
INFO: [ app_begin ] --START--
INFO: Run Behavior\ReadHtmlCacheBehavior [ RunTime:0.001000s ]
INFO: [ app_begin ] --END-- [ RunTime:0.001000s ]
SQL: SHOW COLUMNS FROM `setting` [ RunTime:0.0040s ]
SQL: SELECT * FROM `setting`  [ RunTime:0.0010s ]
SQL: SHOW COLUMNS FROM `page` [ RunTime:0.0040s ]
SQL: SELECT COUNT(*) AS tp_count FROM `page` LIMIT 1   [ RunTime:0.0010s ]
SQL: SELECT * FROM `page` ORDER BY pid desc LIMIT 0,10   [ RunTime:0.0010s ]
INFO: [ view_parse ] --START--
INFO: [ template_filter ] --START--
INFO: Run Behavior\ContentReplaceBehavior [ RunTime:0.000000s ]
INFO: [ template_filter ] --END-- [ RunTime:0.000000s ]
ERR: syntax error, unexpected '>', expecting end of file

[ 2017-04-19T12:35:54+08:00 ] 127.0.0.1 /Api/list
INFO: [ app_init ] --START--
INFO: Run Behavior\BuildLiteBehavior [ RunTime:0.000000s ]
INFO: [ app_init ] --END-- [ RunTime:0.001000s ]
INFO: [ app_begin ] --START--
INFO: Run Behavior\ReadHtmlCacheBehavior [ RunTime:0.001000s ]
INFO: [ app_begin ] --END-- [ RunTime:0.001000s ]
SQL: SHOW COLUMNS FROM `setting` [ RunTime:0.0040s ]
SQL: SELECT * FROM `setting`  [ RunTime:0.0000s ]
SQL: SHOW COLUMNS FROM `page` [ RunTime:0.0050s ]
SQL: SELECT COUNT(*) AS tp_count FROM `page` LIMIT 1   [ RunTime:0.0010s ]
SQL: SELECT * FROM `page` ORDER BY pid desc LIMIT 0,10   [ RunTime:0.0010s ]
INFO: [ view_parse ] --START--
INFO: [ template_filter ] --START--
INFO: Run Behavior\ContentReplaceBehavior [ RunTime:0.000000s ]
INFO: [ template_filter ] --END-- [ RunTime:0.000000s ]
ERR: syntax error, unexpected '>', expecting end of file

[ 2017-04-19T12:35:54+08:00 ] 127.0.0.1 /Api/list
INFO: [ app_init ] --START--
INFO: Run Behavior\BuildLiteBehavior [ RunTime:0.000000s ]
INFO: [ app_init ] --END-- [ RunTime:0.001000s ]
INFO: [ app_begin ] --START--
INFO: Run Behavior\ReadHtmlCacheBehavior [ RunTime:0.001000s ]
INFO: [ app_begin ] --END-- [ RunTime:0.001000s ]
SQL: SHOW COLUMNS FROM `setting` [ RunTime:0.0050s ]
SQL: SELECT * FROM `setting`  [ RunTime:0.0000s ]
SQL: SHOW COLUMNS FROM `page` [ RunTime:0.0050s ]
SQL: SELECT COUNT(*) AS tp_count FROM `page` LIMIT 1   [ RunTime:0.0000s ]
SQL: SELECT * FROM `page` ORDER BY pid desc LIMIT 0,10   [ RunTime:0.0010s ]
INFO: [ view_parse ] --START--
INFO: [ template_filter ] --START--
INFO: Run Behavior\ContentReplaceBehavior [ RunTime:0.000000s ]
INFO: [ template_filter ] --END-- [ RunTime:0.000000s ]
ERR: syntax error, unexpected '>', expecting end of file

[ 2017-04-19T12:35:54+08:00 ] 127.0.0.1 /Api/list
INFO: [ app_init ] --START--
INFO: Run Behavior\BuildLiteBehavior [ RunTime:0.000000s ]
INFO: [ app_init ] --END-- [ RunTime:0.001000s ]
INFO: [ app_begin ] --START--
INFO: Run Behavior\ReadHtmlCacheBehavior [ RunTime:0.000000s ]
INFO: [ app_begin ] --END-- [ RunTime:0.001000s ]
SQL: SHOW COLUMNS FROM `setting` [ RunTime:0.0040s ]
SQL: SELECT * FROM `setting`  [ RunTime:0.0010s ]
SQL: SHOW COLUMNS FROM `page` [ RunTime:0.0050s ]
SQL: SELECT COUNT(*) AS tp_count FROM `page` LIMIT 1   [ RunTime:0.0000s ]
SQL: SELECT * FROM `page` ORDER BY pid desc LIMIT 0,10   [ RunTime:0.0010s ]
INFO: [ view_parse ] --START--
INFO: [ template_filter ] --START--
INFO: Run Behavior\ContentReplaceBehavior [ RunTime:0.000000s ]
INFO: [ template_filter ] --END-- [ RunTime:0.000000s ]
ERR: syntax error, unexpected '>', expecting end of file

[ 2017-04-19T12:36:29+08:00 ] 127.0.0.1 /Api/list
INFO: [ app_init ] --START--
INFO: Run Behavior\BuildLiteBehavior [ RunTime:0.000000s ]
INFO: [ app_init ] --END-- [ RunTime:0.000000s ]
INFO: [ app_begin ] --START--
INFO: Run Behavior\ReadHtmlCacheBehavior [ RunTime:0.001000s ]
INFO: [ app_begin ] --END-- [ RunTime:0.001000s ]
SQL: SHOW COLUMNS FROM `setting` [ RunTime:0.0040s ]
SQL: SELECT * FROM `setting`  [ RunTime:0.0010s ]
SQL: SHOW COLUMNS FROM `page` [ RunTime:0.0050s ]
SQL: SELECT COUNT(*) AS tp_count FROM `page` LIMIT 1   [ RunTime:0.0010s ]
SQL: SELECT * FROM `page` ORDER BY pid desc LIMIT 0,10   [ RunTime:0.0010s ]
INFO: [ view_parse ] --START--
INFO: [ template_filter ] --START--
INFO: Run Behavior\ContentReplaceBehavior [ RunTime:0.000000s ]
INFO: [ template_filter ] --END-- [ RunTime:0.000000s ]
SQL: SHOW COLUMNS FROM `classes` [ RunTime:0.0050s ]
SQL: SELECT * FROM `classes` WHERE `name` = '教程攻略'  [ RunTime:0.0000s ]
SQL: SELECT * FROM `classes` WHERE `name` = '教程攻略'  [ RunTime:0.0000s ]
SQL: SELECT * FROM `classes` WHERE `name` = '教程攻略'  [ RunTime:0.0010s ]
SQL: SELECT * FROM `classes` WHERE `name` = '教程攻略'  [ RunTime:0.0010s ]
SQL: SELECT * FROM `classes` WHERE `name` = '教程攻略'  [ RunTime:0.0000s ]
SQL: SELECT * FROM `classes` WHERE `name` = '教程攻略'  [ RunTime:0.0000s ]
SQL: SELECT * FROM `classes` WHERE `name` = '教程攻略'  [ RunTime:0.0010s ]
SQL: SELECT * FROM `classes` WHERE `name` = '教程攻略'  [ RunTime:0.0000s ]
SQL: SELECT * FROM `classes` WHERE `name` = '教程攻略'  [ RunTime:0.0000s ]
SQL: SELECT * FROM `classes` WHERE `name` = '教程攻略'  [ RunTime:0.0000s ]
INFO: Run Behavior\ParseTemplateBehavior [ RunTime:0.019001s ]
INFO: [ view_parse ] --END-- [ RunTime:0.019001s ]
INFO: [ view_filter ] --START--
INFO: Run Behavior\WriteHtmlCacheBehavior [ RunTime:0.001000s ]
INFO: [ view_filter ] --END-- [ RunTime:0.001000s ]
INFO: [ app_end ] --START--
INFO: Run Behavior\ShowPageTraceBehavior [ RunTime:0.001000s ]
INFO: [ app_end ] --END-- [ RunTime:0.001000s ]

[ 2017-04-19T12:36:57+08:00 ] 127.0.0.1 /Api/list
INFO: [ app_init ] --START--
INFO: Run Behavior\BuildLiteBehavior [ RunTime:0.000000s ]
INFO: [ app_init ] --END-- [ RunTime:0.001000s ]
INFO: [ app_begin ] --START--
INFO: Run Behavior\ReadHtmlCacheBehavior [ RunTime:0.001000s ]
INFO: [ app_begin ] --END-- [ RunTime:0.001000s ]
SQL: SHOW COLUMNS FROM `setting` [ RunTime:0.0040s ]
SQL: SELECT * FROM `setting`  [ RunTime:0.0010s ]
SQL: SHOW COLUMNS FROM `page` [ RunTime:0.0050s ]
SQL: SELECT COUNT(*) AS tp_count FROM `page` LIMIT 1   [ RunTime:0.0000s ]
SQL: SELECT * FROM `page` ORDER BY pid desc LIMIT 0,10   [ RunTime:0.0010s ]
INFO: [ view_parse ] --START--
INFO: [ template_filter ] --START--
INFO: Run Behavior\ContentReplaceBehavior [ RunTime:0.000000s ]
INFO: [ template_filter ] --END-- [ RunTime:0.001000s ]
SQL: SHOW COLUMNS FROM `classes` [ RunTime:0.0040s ]
SQL: SELECT * FROM `classes` WHERE `name` = '教程攻略'  [ RunTime:0.0000s ]
SQL: SELECT * FROM `classes` WHERE `name` = '教程攻略'  [ RunTime:0.0000s ]
SQL: SELECT * FROM `classes` WHERE `name` = '教程攻略'  [ RunTime:0.0000s ]
SQL: SELECT * FROM `classes` WHERE `name` = '教程攻略'  [ RunTime:0.0000s ]
SQL: SELECT * FROM `classes` WHERE `name` = '教程攻略'  [ RunTime:0.0010s ]
SQL: SELECT * FROM `classes` WHERE `name` = '教程攻略'  [ RunTime:0.0010s ]
SQL: SELECT * FROM `classes` WHERE `name` = '教程攻略'  [ RunTime:0.0000s ]
SQL: SELECT * FROM `classes` WHERE `name` = '教程攻略'  [ RunTime:0.0000s ]
SQL: SELECT * FROM `classes` WHERE `name` = '教程攻略'  [ RunTime:0.0010s ]
SQL: SELECT * FROM `classes` WHERE `name` = '教程攻略'  [ RunTime:0.0010s ]
INFO: Run Behavior\ParseTemplateBehavior [ RunTime:0.019001s ]
INFO: [ view_parse ] --END-- [ RunTime:0.019001s ]
INFO: [ view_filter ] --START--
INFO: Run Behavior\WriteHtmlCacheBehavior [ RunTime:0.000000s ]
INFO: [ view_filter ] --END-- [ RunTime:0.000000s ]
INFO: [ app_end ] --START--
INFO: Run Behavior\ShowPageTraceBehavior [ RunTime:0.001001s ]
INFO: [ app_end ] --END-- [ RunTime:0.001001s ]

[ 2017-04-19T12:37:03+08:00 ] 127.0.0.1 /Api/list
INFO: [ app_init ] --START--
INFO: Run Behavior\BuildLiteBehavior [ RunTime:0.000000s ]
INFO: [ app_init ] --END-- [ RunTime:0.001000s ]
INFO: [ app_begin ] --START--
INFO: Run Behavior\ReadHtmlCacheBehavior [ RunTime:0.001000s ]
INFO: [ app_begin ] --END-- [ RunTime:0.001000s ]
SQL: SHOW COLUMNS FROM `setting` [ RunTime:0.0050s ]
SQL: SELECT * FROM `setting`  [ RunTime:0.0010s ]
SQL: SHOW COLUMNS FROM `page` [ RunTime:0.0040s ]
SQL: SELECT COUNT(*) AS tp_count FROM `page` LIMIT 1   [ RunTime:0.0000s ]
SQL: SELECT * FROM `page` ORDER BY pid desc LIMIT 0,10   [ RunTime:0.0010s ]
INFO: [ view_parse ] --START--
INFO: [ template_filter ] --START--
INFO: Run Behavior\ContentReplaceBehavior [ RunTime:0.000000s ]
INFO: [ template_filter ] --END-- [ RunTime:0.000000s ]
SQL: SHOW COLUMNS FROM `classes` [ RunTime:0.0040s ]
SQL: SELECT * FROM `classes` WHERE `name` = '教程攻略'  [ RunTime:0.0000s ]
SQL: SELECT * FROM `classes` WHERE `name` = '教程攻略'  [ RunTime:0.0010s ]
SQL: SELECT * FROM `classes` WHERE `name` = '教程攻略'  [ RunTime:0.0010s ]
SQL: SELECT * FROM `classes` WHERE `name` = '教程攻略'  [ RunTime:0.0000s ]
SQL: SELECT * FROM `classes` WHERE `name` = '教程攻略'  [ RunTime:0.0000s ]
SQL: SELECT * FROM `classes` WHERE `name` = '教程攻略'  [ RunTime:0.0010s ]
SQL: SELECT * FROM `classes` WHERE `name` = '教程攻略'  [ RunTime:0.0010s ]
SQL: SELECT * FROM `classes` WHERE `name` = '教程攻略'  [ RunTime:0.0000s ]
SQL: SELECT * FROM `classes` WHERE `name` = '教程攻略'  [ RunTime:0.0000s ]
SQL: SELECT * FROM `classes` WHERE `name` = '教程攻略'  [ RunTime:0.0010s ]
INFO: Run Behavior\ParseTemplateBehavior [ RunTime:0.021002s ]
INFO: [ view_parse ] --END-- [ RunTime:0.021002s ]
INFO: [ view_filter ] --START--
INFO: Run Behavior\WriteHtmlCacheBehavior [ RunTime:0.001000s ]
INFO: [ view_filter ] --END-- [ RunTime:0.001000s ]
INFO: [ app_end ] --START--
INFO: Run Behavior\ShowPageTraceBehavior [ RunTime:0.001000s ]
INFO: [ app_end ] --END-- [ RunTime:0.001000s ]

[ 2017-04-19T12:38:34+08:00 ] 127.0.0.1 /Api/list
INFO: [ app_init ] --START--
INFO: Run Behavior\BuildLiteBehavior [ RunTime:0.000000s ]
INFO: [ app_init ] --END-- [ RunTime:0.001000s ]
INFO: [ app_begin ] --START--
INFO: Run Behavior\ReadHtmlCacheBehavior [ RunTime:0.001000s ]
INFO: [ app_begin ] --END-- [ RunTime:0.001000s ]
SQL: SHOW COLUMNS FROM `setting` [ RunTime:0.0050s ]
SQL: SELECT * FROM `setting`  [ RunTime:0.0010s ]
SQL: SHOW COLUMNS FROM `page` [ RunTime:0.0040s ]
SQL: SELECT COUNT(*) AS tp_count FROM `page` LIMIT 1   [ RunTime:0.0000s ]
SQL: SELECT * FROM `page` ORDER BY pid desc LIMIT 0,10   [ RunTime:0.0010s ]
INFO: [ view_parse ] --START--
INFO: [ template_filter ] --START--
INFO: Run Behavior\ContentReplaceBehavior [ RunTime:0.000000s ]
INFO: [ template_filter ] --END-- [ RunTime:0.000000s ]
SQL: SHOW COLUMNS FROM `classes` [ RunTime:0.0040s ]
SQL: SELECT * FROM `classes` WHERE `name` = '教程攻略'  [ RunTime:0.0010s ]
SQL: SELECT * FROM `classes` WHERE `name` = '教程攻略'  [ RunTime:0.0010s ]
SQL: SELECT * FROM `classes` WHERE `name` = '教程攻略'  [ RunTime:0.0000s ]
SQL: SELECT * FROM `classes` WHERE `name` = '教程攻略'  [ RunTime:0.0000s ]
SQL: SELECT * FROM `classes` WHERE `name` = '教程攻略'  [ RunTime:0.0010s ]
SQL: SELECT * FROM `classes` WHERE `name` = '教程攻略'  [ RunTime:0.0010s ]
SQL: SELECT * FROM `classes` WHERE `name` = '教程攻略'  [ RunTime:0.0000s ]
SQL: SELECT * FROM `classes` WHERE `name` = '教程攻略'  [ RunTime:0.0000s ]
SQL: SELECT * FROM `classes` WHERE `name` = '教程攻略'  [ RunTime:0.0010s ]
SQL: SELECT * FROM `classes` WHERE `name` = '教程攻略'  [ RunTime:0.0010s ]
INFO: Run Behavior\ParseTemplateBehavior [ RunTime:0.021002s ]
INFO: [ view_parse ] --END-- [ RunTime:0.021002s ]
INFO: [ view_filter ] --START--
INFO: Run Behavior\WriteHtmlCacheBehavior [ RunTime:0.001000s ]
INFO: [ view_filter ] --END-- [ RunTime:0.001000s ]
INFO: [ app_end ] --START--
INFO: Run Behavior\ShowPageTraceBehavior [ RunTime:0.001000s ]
INFO: [ app_end ] --END-- [ RunTime:0.001000s ]

[ 2017-04-19T12:38:53+08:00 ] 127.0.0.1 /Api/list
INFO: [ app_init ] --START--
INFO: Run Behavior\BuildLiteBehavior [ RunTime:0.000000s ]
INFO: [ app_init ] --END-- [ RunTime:0.001000s ]
INFO: [ app_begin ] --START--
INFO: Run Behavior\ReadHtmlCacheBehavior [ RunTime:0.001000s ]
INFO: [ app_begin ] --END-- [ RunTime:0.001000s ]
SQL: SHOW COLUMNS FROM `setting` [ RunTime:0.0050s ]
SQL: SELECT * FROM `setting`  [ RunTime:0.0000s ]
SQL: SHOW COLUMNS FROM `page` [ RunTime:0.0040s ]
SQL: SELECT COUNT(*) AS tp_count FROM `page` LIMIT 1   [ RunTime:0.0010s ]
SQL: SELECT * FROM `page` ORDER BY pid desc LIMIT 0,10   [ RunTime:0.0030s ]
INFO: [ view_parse ] --START--
INFO: [ template_filter ] --START--
INFO: Run Behavior\ContentReplaceBehavior [ RunTime:0.000000s ]
INFO: [ template_filter ] --END-- [ RunTime:0.000000s ]
SQL: SHOW COLUMNS FROM `classes` [ RunTime:0.0040s ]
SQL: SELECT * FROM `classes` WHERE `name` = '教程攻略'  [ RunTime:0.0000s ]
SQL: SELECT * FROM `classes` WHERE `name` = '教程攻略'  [ RunTime:0.0000s ]
SQL: SELECT * FROM `classes` WHERE `name` = '教程攻略'  [ RunTime:0.0010s ]
SQL: SELECT * FROM `classes` WHERE `name` = '教程攻略'  [ RunTime:0.0010s ]
SQL: SELECT * FROM `classes` WHERE `name` = '教程攻略'  [ RunTime:0.0000s ]
SQL: SELECT * FROM `classes` WHERE `name` = '教程攻略'  [ RunTime:0.0000s ]
SQL: SELECT * FROM `classes` WHERE `name` = '教程攻略'  [ RunTime:0.0010s ]
SQL: SELECT * FROM `classes` WHERE `name` = '教程攻略'  [ RunTime:0.0010s ]
SQL: SELECT * FROM `classes` WHERE `name` = '教程攻略'  [ RunTime:0.0000s ]
SQL: SELECT * FROM `classes` WHERE `name` = '教程攻略'  [ RunTime:0.0000s ]
INFO: Run Behavior\ParseTemplateBehavior [ RunTime:0.019001s ]
INFO: [ view_parse ] --END-- [ RunTime:0.019001s ]
INFO: [ view_filter ] --START--
INFO: Run Behavior\WriteHtmlCacheBehavior [ RunTime:0.001000s ]
INFO: [ view_filter ] --END-- [ RunTime:0.001000s ]
INFO: [ app_end ] --START--
INFO: Run Behavior\ShowPageTraceBehavior [ RunTime:0.001000s ]
INFO: [ app_end ] --END-- [ RunTime:0.001000s ]

[ 2017-04-19T12:39:05+08:00 ] 127.0.0.1 /Api/list
INFO: [ app_init ] --START--
INFO: Run Behavior\BuildLiteBehavior [ RunTime:0.000000s ]
INFO: [ app_init ] --END-- [ RunTime:0.001000s ]
INFO: [ app_begin ] --START--
INFO: Run Behavior\ReadHtmlCacheBehavior [ RunTime:0.001000s ]
INFO: [ app_begin ] --END-- [ RunTime:0.001000s ]
SQL: SHOW COLUMNS FROM `setting` [ RunTime:0.0050s ]
SQL: SELECT * FROM `setting`  [ RunTime:0.0010s ]
SQL: SHOW COLUMNS FROM `page` [ RunTime:0.0050s ]
SQL: SELECT COUNT(*) AS tp_count FROM `page` LIMIT 1   [ RunTime:0.0010s ]
SQL: SELECT * FROM `page` ORDER BY pid desc LIMIT 0,10   [ RunTime:0.0010s ]
INFO: [ view_parse ] --START--
INFO: [ template_filter ] --START--
INFO: Run Behavior\ContentReplaceBehavior [ RunTime:0.000000s ]
INFO: [ template_filter ] --END-- [ RunTime:0.000000s ]
SQL: SHOW COLUMNS FROM `classes` [ RunTime:0.0050s ]
SQL: SELECT * FROM `classes` WHERE `name` = '教程攻略'  [ RunTime:0.0010s ]
SQL: SELECT * FROM `classes` WHERE `name` = '教程攻略'  [ RunTime:0.0000s ]
SQL: SELECT * FROM `classes` WHERE `name` = '教程攻略'  [ RunTime:0.0000s ]
SQL: SELECT * FROM `classes` WHERE `name` = '教程攻略'  [ RunTime:0.0010s ]
SQL: SELECT * FROM `classes` WHERE `name` = '教程攻略'  [ RunTime:0.0010s ]
SQL: SELECT * FROM `classes` WHERE `name` = '教程攻略'  [ RunTime:0.0000s ]
SQL: SELECT * FROM `classes` WHERE `name` = '教程攻略'  [ RunTime:0.0000s ]
SQL: SELECT * FROM `classes` WHERE `name` = '教程攻略'  [ RunTime:0.0010s ]
SQL: SELECT * FROM `classes` WHERE `name` = '教程攻略'  [ RunTime:0.0000s ]
SQL: SELECT * FROM `classes` WHERE `name` = '教程攻略'  [ RunTime:0.0000s ]
INFO: Run Behavior\ParseTemplateBehavior [ RunTime:0.019001s ]
INFO: [ view_parse ] --END-- [ RunTime:0.019001s ]
INFO: [ view_filter ] --START--
INFO: Run Behavior\WriteHtmlCacheBehavior [ RunTime:0.001000s ]
INFO: [ view_filter ] --END-- [ RunTime:0.001000s ]
INFO: [ app_end ] --START--
INFO: Run Behavior\ShowPageTraceBehavior [ RunTime:0.001000s ]
INFO: [ app_end ] --END-- [ RunTime:0.001000s ]

[ 2017-04-19T12:39:27+08:00 ] 127.0.0.1 /Api/list
INFO: [ app_init ] --START--
INFO: Run Behavior\BuildLiteBehavior [ RunTime:0.000000s ]
INFO: [ app_init ] --END-- [ RunTime:0.001000s ]
INFO: [ app_begin ] --START--
INFO: Run Behavior\ReadHtmlCacheBehavior [ RunTime:0.001000s ]
INFO: [ app_begin ] --END-- [ RunTime:0.001000s ]
SQL: SHOW COLUMNS FROM `setting` [ RunTime:0.0040s ]
SQL: SELECT * FROM `setting`  [ RunTime:0.0010s ]
SQL: SHOW COLUMNS FROM `page` [ RunTime:0.0050s ]
SQL: SELECT COUNT(*) AS tp_count FROM `page` LIMIT 1   [ RunTime:0.0000s ]
SQL: SELECT * FROM `page` ORDER BY pid desc LIMIT 0,10   [ RunTime:0.0010s ]
INFO: [ view_parse ] --START--
INFO: [ template_filter ] --START--
INFO: Run Behavior\ContentReplaceBehavior [ RunTime:0.000000s ]
INFO: [ template_filter ] --END-- [ RunTime:0.000000s ]
SQL: SHOW COLUMNS FROM `classes` [ RunTime:0.0040s ]
SQL: SELECT * FROM `classes` WHERE `name` = '教程攻略'  [ RunTime:0.0000s ]
SQL: SELECT * FROM `classes` WHERE `name` = '教程攻略'  [ RunTime:0.0010s ]
SQL: SELECT * FROM `classes` WHERE `name` = '教程攻略'  [ RunTime:0.0010s ]
SQL: SELECT * FROM `classes` WHERE `name` = '教程攻略'  [ RunTime:0.0000s ]
SQL: SELECT * FROM `classes` WHERE `name` = '教程攻略'  [ RunTime:0.0000s ]
SQL: SELECT * FROM `classes` WHERE `name` = '教程攻略'  [ RunTime:0.0010s ]
SQL: SELECT * FROM `classes` WHERE `name` = '教程攻略'  [ RunTime:0.0010s ]
SQL: SELECT * FROM `classes` WHERE `name` = '教程攻略'  [ RunTime:0.0000s ]
SQL: SELECT * FROM `classes` WHERE `name` = '教程攻略'  [ RunTime:0.0000s ]
SQL: SELECT * FROM `classes` WHERE `name` = '教程攻略'  [ RunTime:0.0010s ]
INFO: Run Behavior\ParseTemplateBehavior [ RunTime:0.018001s ]
INFO: [ view_parse ] --END-- [ RunTime:0.018001s ]
INFO: [ view_filter ] --START--
INFO: Run Behavior\WriteHtmlCacheBehavior [ RunTime:0.001000s ]
INFO: [ view_filter ] --END-- [ RunTime:0.001000s ]
INFO: [ app_end ] --START--
INFO: Run Behavior\ShowPageTraceBehavior [ RunTime:0.001000s ]
INFO: [ app_end ] --END-- [ RunTime:0.001000s ]

[ 2017-04-19T12:39:34+08:00 ] 127.0.0.1 /Api/list
INFO: [ app_init ] --START--
INFO: Run Behavior\BuildLiteBehavior [ RunTime:0.000000s ]
INFO: [ app_init ] --END-- [ RunTime:0.001000s ]
INFO: [ app_begin ] --START--
INFO: Run Behavior\ReadHtmlCacheBehavior [ RunTime:0.000000s ]
INFO: [ app_begin ] --END-- [ RunTime:0.000000s ]
SQL: SHOW COLUMNS FROM `setting` [ RunTime:0.0040s ]
SQL: SELECT * FROM `setting`  [ RunTime:0.0010s ]
SQL: SHOW COLUMNS FROM `page` [ RunTime:0.0050s ]
SQL: SELECT COUNT(*) AS tp_count FROM `page` LIMIT 1   [ RunTime:0.0010s ]
SQL: SELECT * FROM `page` ORDER BY pid desc LIMIT 0,10   [ RunTime:0.0010s ]
INFO: [ view_parse ] --START--
INFO: [ template_filter ] --START--
INFO: Run Behavior\ContentReplaceBehavior [ RunTime:0.000000s ]
INFO: [ template_filter ] --END-- [ RunTime:0.000000s ]
SQL: SHOW COLUMNS FROM `classes` [ RunTime:0.0040s ]
SQL: SELECT * FROM `classes` WHERE `name` = '教程攻略'  [ RunTime:0.0010s ]
SQL: SELECT * FROM `classes` WHERE `name` = '教程攻略'  [ RunTime:0.0010s ]
SQL: SELECT * FROM `classes` WHERE `name` = '教程攻略'  [ RunTime:0.0000s ]
SQL: SELECT * FROM `classes` WHERE `name` = '教程攻略'  [ RunTime:0.0000s ]
SQL: SELECT * FROM `classes` WHERE `name` = '教程攻略'  [ RunTime:0.0010s ]
SQL: SELECT * FROM `classes` WHERE `name` = '教程攻略'  [ RunTime:0.0010s ]
SQL: SELECT * FROM `classes` WHERE `name` = '教程攻略'  [ RunTime:0.0000s ]
SQL: SELECT * FROM `classes` WHERE `name` = '教程攻略'  [ RunTime:0.0000s ]
SQL: SELECT * FROM `classes` WHERE `name` = '教程攻略'  [ RunTime:0.0010s ]
SQL: SELECT * FROM `classes` WHERE `name` = '教程攻略'  [ RunTime:0.0010s ]
INFO: Run Behavior\ParseTemplateBehavior [ RunTime:0.021002s ]
INFO: [ view_parse ] --END-- [ RunTime:0.021002s ]
INFO: [ view_filter ] --START--
INFO: Run Behavior\WriteHtmlCacheBehavior [ RunTime:0.000000s ]
INFO: [ view_filter ] --END-- [ RunTime:0.000000s ]
INFO: [ app_end ] --START--
INFO: Run Behavior\ShowPageTraceBehavior [ RunTime:0.001000s ]
INFO: [ app_end ] --END-- [ RunTime:0.001000s ]

[ 2017-04-19T12:39:39+08:00 ] 127.0.0.1 /Api/list
INFO: [ app_init ] --START--
INFO: Run Behavior\BuildLiteBehavior [ RunTime:0.000000s ]
INFO: [ app_init ] --END-- [ RunTime:0.000000s ]
INFO: [ app_begin ] --START--
INFO: Run Behavior\ReadHtmlCacheBehavior [ RunTime:0.001000s ]
INFO: [ app_begin ] --END-- [ RunTime:0.001000s ]
SQL: SHOW COLUMNS FROM `setting` [ RunTime:0.0050s ]
SQL: SELECT * FROM `setting`  [ RunTime:0.0000s ]
SQL: SHOW COLUMNS FROM `page` [ RunTime:0.0040s ]
SQL: SELECT COUNT(*) AS tp_count FROM `page` LIMIT 1   [ RunTime:0.0010s ]
SQL: SELECT * FROM `page` ORDER BY pid desc LIMIT 0,10   [ RunTime:0.0010s ]
INFO: [ view_parse ] --START--
INFO: [ template_filter ] --START--
INFO: Run Behavior\ContentReplaceBehavior [ RunTime:0.000000s ]
INFO: [ template_filter ] --END-- [ RunTime:0.001000s ]
SQL: SHOW COLUMNS FROM `classes` [ RunTime:0.0040s ]
SQL: SELECT * FROM `classes` WHERE `name` = '教程攻略'  [ RunTime:0.0000s ]
SQL: SELECT * FROM `classes` WHERE `name` = '教程攻略'  [ RunTime:0.0000s ]
SQL: SELECT * FROM `classes` WHERE `name` = '教程攻略'  [ RunTime:0.0010s ]
SQL: SELECT * FROM `classes` WHERE `name` = '教程攻略'  [ RunTime:0.0010s ]
SQL: SELECT * FROM `classes` WHERE `name` = '教程攻略'  [ RunTime:0.0000s ]
SQL: SELECT * FROM `classes` WHERE `name` = '教程攻略'  [ RunTime:0.0000s ]
SQL: SELECT * FROM `classes` WHERE `name` = '教程攻略'  [ RunTime:0.0010s ]
SQL: SELECT * FROM `classes` WHERE `name` = '教程攻略'  [ RunTime:0.0010s ]
SQL: SELECT * FROM `classes` WHERE `name` = '教程攻略'  [ RunTime:0.0000s ]
SQL: SELECT * FROM `classes` WHERE `name` = '教程攻略'  [ RunTime:0.0000s ]
INFO: Run Behavior\ParseTemplateBehavior [ RunTime:0.018001s ]
INFO: [ view_parse ] --END-- [ RunTime:0.018001s ]
INFO: [ view_filter ] --START--
INFO: Run Behavior\WriteHtmlCacheBehavior [ RunTime:0.001000s ]
INFO: [ view_filter ] --END-- [ RunTime:0.001000s ]
INFO: [ app_end ] --START--
INFO: Run Behavior\ShowPageTraceBehavior [ RunTime:0.001001s ]
INFO: [ app_end ] --END-- [ RunTime:0.001001s ]

[ 2017-04-19T12:39:47+08:00 ] 127.0.0.1 /Api/list
INFO: [ app_init ] --START--
INFO: Run Behavior\BuildLiteBehavior [ RunTime:0.000000s ]
INFO: [ app_init ] --END-- [ RunTime:0.001000s ]
INFO: [ app_begin ] --START--
INFO: Run Behavior\ReadHtmlCacheBehavior [ RunTime:0.000000s ]
INFO: [ app_begin ] --END-- [ RunTime:0.000000s ]
SQL: SHOW COLUMNS FROM `setting` [ RunTime:0.0040s ]
SQL: SELECT * FROM `setting`  [ RunTime:0.0010s ]
SQL: SHOW COLUMNS FROM `page` [ RunTime:0.0050s ]
SQL: SELECT COUNT(*) AS tp_count FROM `page` LIMIT 1   [ RunTime:0.0000s ]
SQL: SELECT * FROM `page` ORDER BY pid desc LIMIT 0,10   [ RunTime:0.0010s ]
INFO: [ view_parse ] --START--
INFO: [ template_filter ] --START--
INFO: Run Behavior\ContentReplaceBehavior [ RunTime:0.000000s ]
INFO: [ template_filter ] --END-- [ RunTime:0.000000s ]
SQL: SHOW COLUMNS FROM `classes` [ RunTime:0.0040s ]
SQL: SELECT * FROM `classes` WHERE `name` = '教程攻略'  [ RunTime:0.0010s ]
SQL: SELECT * FROM `classes` WHERE `name` = '教程攻略'  [ RunTime:0.0010s ]
SQL: SELECT * FROM `classes` WHERE `name` = '教程攻略'  [ RunTime:0.0000s ]
SQL: SELECT * FROM `classes` WHERE `name` = '教程攻略'  [ RunTime:0.0010s ]
SQL: SELECT * FROM `classes` WHERE `name` = '教程攻略'  [ RunTime:0.0010s ]
SQL: SELECT * FROM `classes` WHERE `name` = '教程攻略'  [ RunTime:0.0000s ]
SQL: SELECT * FROM `classes` WHERE `name` = '教程攻略'  [ RunTime:0.0000s ]
SQL: SELECT * FROM `classes` WHERE `name` = '教程攻略'  [ RunTime:0.0010s ]
SQL: SELECT * FROM `classes` WHERE `name` = '教程攻略'  [ RunTime:0.0010s ]
SQL: SELECT * FROM `classes` WHERE `name` = '教程攻略'  [ RunTime:0.0000s ]
INFO: Run Behavior\ParseTemplateBehavior [ RunTime:0.019001s ]
INFO: [ view_parse ] --END-- [ RunTime:0.019001s ]
INFO: [ view_filter ] --START--
INFO: Run Behavior\WriteHtmlCacheBehavior [ RunTime:0.000000s ]
INFO: [ view_filter ] --END-- [ RunTime:0.000000s ]
INFO: [ app_end ] --START--
INFO: Run Behavior\ShowPageTraceBehavior [ RunTime:0.001000s ]
INFO: [ app_end ] --END-- [ RunTime:0.001000s ]

[ 2017-04-19T12:39:59+08:00 ] 127.0.0.1 /Api/list
INFO: [ app_init ] --START--
INFO: Run Behavior\BuildLiteBehavior [ RunTime:0.000000s ]
INFO: [ app_init ] --END-- [ RunTime:0.001000s ]
INFO: [ app_begin ] --START--
INFO: Run Behavior\ReadHtmlCacheBehavior [ RunTime:0.001000s ]
INFO: [ app_begin ] --END-- [ RunTime:0.001000s ]
SQL: SHOW COLUMNS FROM `setting` [ RunTime:0.0050s ]
SQL: SELECT * FROM `setting`  [ RunTime:0.0010s ]
SQL: SHOW COLUMNS FROM `page` [ RunTime:0.0040s ]
SQL: SELECT COUNT(*) AS tp_count FROM `page` LIMIT 1   [ RunTime:0.0010s ]
SQL: SELECT * FROM `page` ORDER BY pid desc LIMIT 0,10   [ RunTime:0.0010s ]
INFO: [ view_parse ] --START--
INFO: [ template_filter ] --START--
INFO: Run Behavior\ContentReplaceBehavior [ RunTime:0.000000s ]
INFO: [ template_filter ] --END-- [ RunTime:0.000000s ]
SQL: SHOW COLUMNS FROM `classes` [ RunTime:0.0040s ]
SQL: SELECT * FROM `classes` WHERE `name` = '教程攻略'  [ RunTime:0.0000s ]
SQL: SELECT * FROM `classes` WHERE `name` = '教程攻略'  [ RunTime:0.0010s ]
SQL: SELECT * FROM `classes` WHERE `name` = '教程攻略'  [ RunTime:0.0010s ]
SQL: SELECT * FROM `classes` WHERE `name` = '教程攻略'  [ RunTime:0.0000s ]
SQL: SELECT * FROM `classes` WHERE `name` = '教程攻略'  [ RunTime:0.0000s ]
SQL: SELECT * FROM `classes` WHERE `name` = '教程攻略'  [ RunTime:0.0000s ]
SQL: SELECT * FROM `classes` WHERE `name` = '教程攻略'  [ RunTime:0.0010s ]
SQL: SELECT * FROM `classes` WHERE `name` = '教程攻略'  [ RunTime:0.0010s ]
SQL: SELECT * FROM `classes` WHERE `name` = '教程攻略'  [ RunTime:0.0010s ]
SQL: SELECT * FROM `classes` WHERE `name` = '教程攻略'  [ RunTime:0.0000s ]
INFO: Run Behavior\ParseTemplateBehavior [ RunTime:0.019001s ]
INFO: [ view_parse ] --END-- [ RunTime:0.020001s ]
INFO: [ view_filter ] --START--
INFO: Run Behavior\WriteHtmlCacheBehavior [ RunTime:0.000000s ]
INFO: [ view_filter ] --END-- [ RunTime:0.001000s ]
INFO: [ app_end ] --START--
INFO: Run Behavior\ShowPageTraceBehavior [ RunTime:0.001000s ]
INFO: [ app_end ] --END-- [ RunTime:0.001000s ]

