[ 2017-02-24T17:56:59+08:00 ] 127.0.0.1 /index.php/Submit/Index/index.html
INFO: [ app_init ] --START--
INFO: Run Behavior\BuildLiteBehavior [ RunTime:0.000000s ]
INFO: [ app_init ] --END-- [ RunTime:0.001001s ]
INFO: [ app_begin ] --START--
INFO: Run Behavior\ReadHtmlCacheBehavior [ RunTime:0.001000s ]
INFO: [ app_begin ] --END-- [ RunTime:0.001000s ]
ERR: 非法操作:index

[ 2017-02-24T17:57:02+08:00 ] 127.0.0.1 /index.php/Submit/Index/index.html
INFO: [ app_init ] --START--
INFO: Run Behavior\BuildLiteBehavior [ RunTime:0.001000s ]
INFO: [ app_init ] --END-- [ RunTime:0.001000s ]
INFO: [ app_begin ] --START--
INFO: Run Behavior\ReadHtmlCacheBehavior [ RunTime:0.000000s ]
INFO: [ app_begin ] --END-- [ RunTime:0.000000s ]
ERR: 非法操作:index

[ 2017-02-24T18:03:04+08:00 ] 127.0.0.1 /index.php/Submit/Index/index.html
INFO: [ app_init ] --START--
INFO: Run Behavior\BuildLiteBehavior [ RunTime:0.000000s ]
INFO: [ app_init ] --END-- [ RunTime:0.000000s ]
INFO: [ app_begin ] --START--
INFO: Run Behavior\ReadHtmlCacheBehavior [ RunTime:0.001000s ]
INFO: [ app_begin ] --END-- [ RunTime:0.001000s ]
ERR: 模板不存在:./Application/Submit/View/Index/index.php

[ 2017-02-24T18:03:33+08:00 ] 127.0.0.1 /index.php/Submit/Index/submit
INFO: [ app_init ] --START--
INFO: Run Behavior\BuildLiteBehavior [ RunTime:0.000000s ]
INFO: [ app_init ] --END-- [ RunTime:0.001000s ]
INFO: [ app_begin ] --START--
INFO: Run Behavior\ReadHtmlCacheBehavior [ RunTime:0.001000s ]
INFO: [ app_begin ] --END-- [ RunTime:0.001000s ]
ERR: 模板不存在:./Application/Submit/View/Index/submit.php

[ 2017-02-24T18:03:51+08:00 ] 127.0.0.1 /index.php/Submit/Index/submit
INFO: [ app_init ] --START--
INFO: Run Behavior\BuildLiteBehavior [ RunTime:0.000000s ]
INFO: [ app_init ] --END-- [ RunTime:0.000000s ]
INFO: [ app_begin ] --START--
INFO: Run Behavior\ReadHtmlCacheBehavior [ RunTime:0.001000s ]
INFO: [ app_begin ] --END-- [ RunTime:0.001000s ]
ERR: 模板不存在:./Application/Submit/View/Index/submit.php

[ 2017-02-24T18:03:52+08:00 ] 127.0.0.1 /index.php/Submit/Index/submit
INFO: [ app_init ] --START--
INFO: Run Behavior\BuildLiteBehavior [ RunTime:0.000000s ]
INFO: [ app_init ] --END-- [ RunTime:0.001000s ]
INFO: [ app_begin ] --START--
INFO: Run Behavior\ReadHtmlCacheBehavior [ RunTime:0.001000s ]
INFO: [ app_begin ] --END-- [ RunTime:0.001000s ]
ERR: 模板不存在:./Application/Submit/View/Index/submit.php

[ 2017-02-24T18:03:52+08:00 ] 127.0.0.1 /index.php/Submit/Index/submit
INFO: [ app_init ] --START--
INFO: Run Behavior\BuildLiteBehavior [ RunTime:0.000000s ]
INFO: [ app_init ] --END-- [ RunTime:0.001000s ]
INFO: [ app_begin ] --START--
INFO: Run Behavior\ReadHtmlCacheBehavior [ RunTime:0.001001s ]
INFO: [ app_begin ] --END-- [ RunTime:0.001001s ]
ERR: 模板不存在:./Application/Submit/View/Index/submit.php

[ 2017-02-24T18:03:52+08:00 ] 127.0.0.1 /index.php/Submit/Index/submit
INFO: [ app_init ] --START--
INFO: Run Behavior\BuildLiteBehavior [ RunTime:0.000000s ]
INFO: [ app_init ] --END-- [ RunTime:0.000000s ]
INFO: [ app_begin ] --START--
INFO: Run Behavior\ReadHtmlCacheBehavior [ RunTime:0.000000s ]
INFO: [ app_begin ] --END-- [ RunTime:0.000000s ]
ERR: 模板不存在:./Application/Submit/View/Index/submit.php

[ 2017-02-24T18:03:53+08:00 ] 127.0.0.1 /index.php/Submit/Index/submit
INFO: [ app_init ] --START--
INFO: Run Behavior\BuildLiteBehavior [ RunTime:0.000000s ]
INFO: [ app_init ] --END-- [ RunTime:0.001000s ]
INFO: [ app_begin ] --START--
INFO: Run Behavior\ReadHtmlCacheBehavior [ RunTime:0.001000s ]
INFO: [ app_begin ] --END-- [ RunTime:0.001000s ]
ERR: 模板不存在:./Application/Submit/View/Index/submit.php

[ 2017-02-24T18:03:59+08:00 ] 127.0.0.1 /index.php/Submit/Index/save
INFO: [ app_init ] --START--
INFO: Run Behavior\BuildLiteBehavior [ RunTime:0.000000s ]
INFO: [ app_init ] --END-- [ RunTime:0.001000s ]
INFO: [ app_begin ] --START--
INFO: Run Behavior\ReadHtmlCacheBehavior [ RunTime:0.001000s ]
INFO: [ app_begin ] --END-- [ RunTime:0.001000s ]
ERR: 模板不存在:./Application/Submit/View/Index/save.php

[ 2017-02-24T18:04:05+08:00 ] 127.0.0.1 /index.php/Submit/Index/save
INFO: [ app_init ] --START--
INFO: Run Behavior\BuildLiteBehavior [ RunTime:0.000000s ]
INFO: [ app_init ] --END-- [ RunTime:0.001000s ]
INFO: [ app_begin ] --START--
INFO: Run Behavior\ReadHtmlCacheBehavior [ RunTime:0.001000s ]
INFO: [ app_begin ] --END-- [ RunTime:0.001000s ]
INFO: [ app_end ] --START--
INFO: Run Behavior\ShowPageTraceBehavior [ RunTime:0.001000s ]
INFO: [ app_end ] --END-- [ RunTime:0.001000s ]

[ 2017-02-24T18:08:33+08:00 ] 127.0.0.1 /index.php/Submit/Index/save
INFO: [ app_init ] --START--
INFO: Run Behavior\BuildLiteBehavior [ RunTime:0.000000s ]
INFO: [ app_init ] --END-- [ RunTime:0.000000s ]
INFO: [ app_begin ] --START--
INFO: Run Behavior\ReadHtmlCacheBehavior [ RunTime:0.001000s ]
INFO: [ app_begin ] --END-- [ RunTime:0.001000s ]
SQL: SHOW COLUMNS FROM `submit` [ RunTime:0.0050s ]
SQL: SHOW COLUMNS FROM `num` [ RunTime:0.0040s ]
INFO: [ app_end ] --START--
INFO: Run Behavior\ShowPageTraceBehavior [ RunTime:0.001000s ]
INFO: [ app_end ] --END-- [ RunTime:0.001000s ]

[ 2017-02-24T18:08:35+08:00 ] 127.0.0.1 /index.php/Submit/Index/submit
INFO: [ app_init ] --START--
INFO: Run Behavior\BuildLiteBehavior [ RunTime:0.000000s ]
INFO: [ app_init ] --END-- [ RunTime:0.001001s ]
INFO: [ app_begin ] --START--
INFO: Run Behavior\ReadHtmlCacheBehavior [ RunTime:0.001000s ]
INFO: [ app_begin ] --END-- [ RunTime:0.001000s ]
ERR: 模板不存在:./Application/Submit/View/Index/submit.php

[ 2017-02-24T18:08:36+08:00 ] 127.0.0.1 /index.php/Submit/Index/index.html
INFO: [ app_init ] --START--
INFO: Run Behavior\BuildLiteBehavior [ RunTime:0.000000s ]
INFO: [ app_init ] --END-- [ RunTime:0.001000s ]
INFO: [ app_begin ] --START--
INFO: Run Behavior\ReadHtmlCacheBehavior [ RunTime:0.001000s ]
INFO: [ app_begin ] --END-- [ RunTime:0.001000s ]
ERR: 模板不存在:./Application/Submit/View/Index/index.php

[ 2017-02-24T18:08:50+08:00 ] 127.0.0.1 /index.php/Submit/Index/save
INFO: [ app_init ] --START--
INFO: Run Behavior\BuildLiteBehavior [ RunTime:0.000000s ]
INFO: [ app_init ] --END-- [ RunTime:0.000000s ]
INFO: [ app_begin ] --START--
INFO: Run Behavior\ReadHtmlCacheBehavior [ RunTime:0.001000s ]
INFO: [ app_begin ] --END-- [ RunTime:0.001000s ]
SQL: SHOW COLUMNS FROM `submit` [ RunTime:0.0050s ]
SQL: SHOW COLUMNS FROM `num` [ RunTime:0.0040s ]
INFO: [ app_end ] --START--
INFO: Run Behavior\ShowPageTraceBehavior [ RunTime:0.001001s ]
INFO: [ app_end ] --END-- [ RunTime:0.001001s ]

[ 2017-02-24T18:10:19+08:00 ] 127.0.0.1 /index.php/Submit/Index/save
INFO: [ app_init ] --START--
INFO: Run Behavior\BuildLiteBehavior [ RunTime:0.000000s ]
INFO: [ app_init ] --END-- [ RunTime:0.000000s ]
INFO: [ app_begin ] --START--
INFO: Run Behavior\ReadHtmlCacheBehavior [ RunTime:0.000000s ]
INFO: [ app_begin ] --END-- [ RunTime:0.000000s ]
SQL: SHOW COLUMNS FROM `submit` [ RunTime:0.0050s ]
SQL: SHOW COLUMNS FROM `num` [ RunTime:0.0050s ]
INFO: [ app_end ] --START--
INFO: Run Behavior\ShowPageTraceBehavior [ RunTime:0.000000s ]
INFO: [ app_end ] --END-- [ RunTime:0.000000s ]

[ 2017-02-24T18:10:20+08:00 ] 127.0.0.1 /index.php/Submit/Index/save
INFO: [ app_init ] --START--
INFO: Run Behavior\BuildLiteBehavior [ RunTime:0.000000s ]
INFO: [ app_init ] --END-- [ RunTime:0.001000s ]
INFO: [ app_begin ] --START--
INFO: Run Behavior\ReadHtmlCacheBehavior [ RunTime:0.001000s ]
INFO: [ app_begin ] --END-- [ RunTime:0.001000s ]
SQL: SHOW COLUMNS FROM `submit` [ RunTime:0.0060s ]
SQL: SHOW COLUMNS FROM `num` [ RunTime:0.0050s ]
INFO: [ app_end ] --START--
INFO: Run Behavior\ShowPageTraceBehavior [ RunTime:0.001000s ]
INFO: [ app_end ] --END-- [ RunTime:0.001000s ]

[ 2017-02-24T18:10:21+08:00 ] 127.0.0.1 /index.php/Submit/Index/save
INFO: [ app_init ] --START--
INFO: Run Behavior\BuildLiteBehavior [ RunTime:0.000000s ]
INFO: [ app_init ] --END-- [ RunTime:0.001000s ]
INFO: [ app_begin ] --START--
INFO: Run Behavior\ReadHtmlCacheBehavior [ RunTime:0.000000s ]
INFO: [ app_begin ] --END-- [ RunTime:0.000000s ]
SQL: SHOW COLUMNS FROM `submit` [ RunTime:0.0050s ]
SQL: SHOW COLUMNS FROM `num` [ RunTime:0.0040s ]
INFO: [ app_end ] --START--
INFO: Run Behavior\ShowPageTraceBehavior [ RunTime:0.000000s ]
INFO: [ app_end ] --END-- [ RunTime:0.001000s ]

[ 2017-02-24T18:10:21+08:00 ] 127.0.0.1 /index.php/Submit/Index/save
INFO: [ app_init ] --START--
INFO: Run Behavior\BuildLiteBehavior [ RunTime:0.000000s ]
INFO: [ app_init ] --END-- [ RunTime:0.000000s ]
INFO: [ app_begin ] --START--
INFO: Run Behavior\ReadHtmlCacheBehavior [ RunTime:0.001000s ]
INFO: [ app_begin ] --END-- [ RunTime:0.001000s ]
SQL: SHOW COLUMNS FROM `submit` [ RunTime:0.0040s ]
SQL: SHOW COLUMNS FROM `num` [ RunTime:0.0040s ]
INFO: [ app_end ] --START--
INFO: Run Behavior\ShowPageTraceBehavior [ RunTime:0.001000s ]
INFO: [ app_end ] --END-- [ RunTime:0.001000s ]

[ 2017-02-24T18:10:21+08:00 ] 127.0.0.1 /index.php/Submit/Index/save
INFO: [ app_init ] --START--
INFO: Run Behavior\BuildLiteBehavior [ RunTime:0.000000s ]
INFO: [ app_init ] --END-- [ RunTime:0.000000s ]
INFO: [ app_begin ] --START--
INFO: Run Behavior\ReadHtmlCacheBehavior [ RunTime:0.000000s ]
INFO: [ app_begin ] --END-- [ RunTime:0.001000s ]
SQL: SHOW COLUMNS FROM `submit` [ RunTime:0.0040s ]
SQL: SHOW COLUMNS FROM `num` [ RunTime:0.0040s ]
INFO: [ app_end ] --START--
INFO: Run Behavior\ShowPageTraceBehavior [ RunTime:0.001000s ]
INFO: [ app_end ] --END-- [ RunTime:0.001000s ]

[ 2017-02-24T18:10:21+08:00 ] 127.0.0.1 /index.php/Submit/Index/save
INFO: [ app_init ] --START--
INFO: Run Behavior\BuildLiteBehavior [ RunTime:0.000000s ]
INFO: [ app_init ] --END-- [ RunTime:0.000000s ]
INFO: [ app_begin ] --START--
INFO: Run Behavior\ReadHtmlCacheBehavior [ RunTime:0.001000s ]
INFO: [ app_begin ] --END-- [ RunTime:0.001000s ]
SQL: SHOW COLUMNS FROM `submit` [ RunTime:0.0040s ]
SQL: SHOW COLUMNS FROM `num` [ RunTime:0.0040s ]
INFO: [ app_end ] --START--
INFO: Run Behavior\ShowPageTraceBehavior [ RunTime:0.000000s ]
INFO: [ app_end ] --END-- [ RunTime:0.000000s ]

[ 2017-02-24T18:10:22+08:00 ] 127.0.0.1 /index.php/Submit/Index/save
INFO: [ app_init ] --START--
INFO: Run Behavior\BuildLiteBehavior [ RunTime:0.000000s ]
INFO: [ app_init ] --END-- [ RunTime:0.000000s ]
INFO: [ app_begin ] --START--
INFO: Run Behavior\ReadHtmlCacheBehavior [ RunTime:0.000000s ]
INFO: [ app_begin ] --END-- [ RunTime:0.000000s ]
SQL: SHOW COLUMNS FROM `submit` [ RunTime:0.0050s ]
SQL: SHOW COLUMNS FROM `num` [ RunTime:0.0040s ]
INFO: [ app_end ] --START--
INFO: Run Behavior\ShowPageTraceBehavior [ RunTime:0.001000s ]
INFO: [ app_end ] --END-- [ RunTime:0.001000s ]

[ 2017-02-24T18:10:22+08:00 ] 127.0.0.1 /index.php/Submit/Index/save
INFO: [ app_init ] --START--
INFO: Run Behavior\BuildLiteBehavior [ RunTime:0.000000s ]
INFO: [ app_init ] --END-- [ RunTime:0.000000s ]
INFO: [ app_begin ] --START--
INFO: Run Behavior\ReadHtmlCacheBehavior [ RunTime:0.001000s ]
INFO: [ app_begin ] --END-- [ RunTime:0.001000s ]
SQL: SHOW COLUMNS FROM `submit` [ RunTime:0.0040s ]
SQL: SHOW COLUMNS FROM `num` [ RunTime:0.0030s ]
INFO: [ app_end ] --START--
INFO: Run Behavior\ShowPageTraceBehavior [ RunTime:0.001000s ]
INFO: [ app_end ] --END-- [ RunTime:0.001000s ]

[ 2017-02-24T18:10:33+08:00 ] 127.0.0.1 /index.php/Submit/Index/
INFO: [ app_init ] --START--
INFO: Run Behavior\BuildLiteBehavior [ RunTime:0.000000s ]
INFO: [ app_init ] --END-- [ RunTime:0.000000s ]
INFO: [ app_begin ] --START--
INFO: Run Behavior\ReadHtmlCacheBehavior [ RunTime:0.001000s ]
INFO: [ app_begin ] --END-- [ RunTime:0.001000s ]
ERR: 模板不存在:./Application/Submit/View/Index/index.php

[ 2017-02-24T18:10:38+08:00 ] 127.0.0.1 /index.php/Submit/Index/submit
INFO: [ app_init ] --START--
INFO: Run Behavior\BuildLiteBehavior [ RunTime:0.000000s ]
INFO: [ app_init ] --END-- [ RunTime:0.000000s ]
INFO: [ app_begin ] --START--
INFO: Run Behavior\ReadHtmlCacheBehavior [ RunTime:0.001000s ]
INFO: [ app_begin ] --END-- [ RunTime:0.001000s ]
ERR: 模板不存在:./Application/Submit/View/Index/submit.php

[ 2017-02-24T18:10:41+08:00 ] 127.0.0.1 /index.php/Submit/Index/save
INFO: [ app_init ] --START--
INFO: Run Behavior\BuildLiteBehavior [ RunTime:0.000000s ]
INFO: [ app_init ] --END-- [ RunTime:0.000000s ]
INFO: [ app_begin ] --START--
INFO: Run Behavior\ReadHtmlCacheBehavior [ RunTime:0.001000s ]
INFO: [ app_begin ] --END-- [ RunTime:0.001000s ]
SQL: SHOW COLUMNS FROM `submit` [ RunTime:0.0040s ]
SQL: SHOW COLUMNS FROM `num` [ RunTime:0.0040s ]
INFO: [ app_end ] --START--
INFO: Run Behavior\ShowPageTraceBehavior [ RunTime:0.001000s ]
INFO: [ app_end ] --END-- [ RunTime:0.001000s ]

[ 2017-02-24T18:11:07+08:00 ] 127.0.0.1 /index.php/Submit/Index/save
INFO: [ app_init ] --START--
INFO: Run Behavior\BuildLiteBehavior [ RunTime:0.000000s ]
INFO: [ app_init ] --END-- [ RunTime:0.001000s ]
INFO: [ app_begin ] --START--
INFO: Run Behavior\ReadHtmlCacheBehavior [ RunTime:0.001000s ]
INFO: [ app_begin ] --END-- [ RunTime:0.001000s ]
INFO: [ view_parse ] --START--
INFO: [ template_filter ] --START--
INFO: Run Behavior\ContentReplaceBehavior [ RunTime:0.000000s ]
INFO: [ template_filter ] --END-- [ RunTime:0.000000s ]
INFO: Run Behavior\ParseTemplateBehavior [ RunTime:0.007000s ]
INFO: [ view_parse ] --END-- [ RunTime:0.008000s ]
INFO: [ view_filter ] --START--
INFO: Run Behavior\WriteHtmlCacheBehavior [ RunTime:0.000000s ]
INFO: [ view_filter ] --END-- [ RunTime:0.000000s ]

[ 2017-02-24T18:11:36+08:00 ] 127.0.0.1 /index.php/Submit/Index/submit
INFO: [ app_init ] --START--
INFO: Run Behavior\BuildLiteBehavior [ RunTime:0.000000s ]
INFO: [ app_init ] --END-- [ RunTime:0.001000s ]
INFO: [ app_begin ] --START--
INFO: Run Behavior\ReadHtmlCacheBehavior [ RunTime:0.001000s ]
INFO: [ app_begin ] --END-- [ RunTime:0.001000s ]
ERR: 模板不存在:./Application/Submit/View/Index/submit.php

[ 2017-02-24T18:11:41+08:00 ] 127.0.0.1 /index.php/Submit/Index/save
INFO: [ app_init ] --START--
INFO: Run Behavior\BuildLiteBehavior [ RunTime:0.000000s ]
INFO: [ app_init ] --END-- [ RunTime:0.001000s ]
INFO: [ app_begin ] --START--
INFO: Run Behavior\ReadHtmlCacheBehavior [ RunTime:0.001000s ]
INFO: [ app_begin ] --END-- [ RunTime:0.001000s ]
INFO: [ view_parse ] --START--
INFO: [ template_filter ] --START--
INFO: Run Behavior\ContentReplaceBehavior [ RunTime:0.000000s ]
INFO: [ template_filter ] --END-- [ RunTime:0.000000s ]
INFO: Run Behavior\ParseTemplateBehavior [ RunTime:0.005000s ]
INFO: [ view_parse ] --END-- [ RunTime:0.005000s ]
INFO: [ view_filter ] --START--
INFO: Run Behavior\WriteHtmlCacheBehavior [ RunTime:0.001000s ]
INFO: [ view_filter ] --END-- [ RunTime:0.001000s ]

[ 2017-02-24T18:11:42+08:00 ] 127.0.0.1 /Submit/Index/index
INFO: [ app_init ] --START--
INFO: Run Behavior\BuildLiteBehavior [ RunTime:0.000000s ]
INFO: [ app_init ] --END-- [ RunTime:0.001000s ]
INFO: [ app_begin ] --START--
INFO: Run Behavior\ReadHtmlCacheBehavior [ RunTime:0.001000s ]
INFO: [ app_begin ] --END-- [ RunTime:0.001000s ]
ERR: 模板不存在:./Application/Submit/View/Index/index.php

[ 2017-02-24T18:50:10+08:00 ] 127.0.0.1 /Submit/Index/index
INFO: [ app_init ] --START--
INFO: Run Behavior\BuildLiteBehavior [ RunTime:0.000000s ]
INFO: [ app_init ] --END-- [ RunTime:0.001000s ]
INFO: [ app_begin ] --START--
INFO: Run Behavior\ReadHtmlCacheBehavior [ RunTime:0.001000s ]
INFO: [ app_begin ] --END-- [ RunTime:0.001000s ]
INFO: [ view_parse ] --START--
INFO: [ template_filter ] --START--
INFO: Run Behavior\ContentReplaceBehavior [ RunTime:0.001000s ]
INFO: [ template_filter ] --END-- [ RunTime:0.001000s ]
NOTIC: [2] include(./Application/Submit/View/nav.php): failed to open stream: No such file or directory C:\www\tpblog\Application\Runtime\Cache\Submit\c512b788360ab1f86a46e46c9501d0fd.php 第 10 行.
NOTIC: [2] include(): Failed opening './Application/Submit/View/nav.php' for inclusion (include_path='C:\xampp\php\PEAR') C:\www\tpblog\Application\Runtime\Cache\Submit\c512b788360ab1f86a46e46c9501d0fd.php 第 10 行.
NOTIC: [8] Undefined variable: blogs C:\www\tpblog\Application\Runtime\Cache\Submit\c512b788360ab1f86a46e46c9501d0fd.php 第 32 行.
NOTIC: [2] Invalid argument supplied for foreach() C:\www\tpblog\Application\Runtime\Cache\Submit\c512b788360ab1f86a46e46c9501d0fd.php 第 32 行.
NOTIC: [8] Undefined variable: show C:\www\tpblog\Application\Runtime\Cache\Submit\c512b788360ab1f86a46e46c9501d0fd.php 第 46 行.
INFO: Run Behavior\ParseTemplateBehavior [ RunTime:0.012000s ]
INFO: [ view_parse ] --END-- [ RunTime:0.012000s ]
INFO: [ view_filter ] --START--
INFO: Run Behavior\WriteHtmlCacheBehavior [ RunTime:0.000000s ]
INFO: [ view_filter ] --END-- [ RunTime:0.000000s ]
INFO: [ app_end ] --START--
INFO: Run Behavior\ShowPageTraceBehavior [ RunTime:0.001000s ]
INFO: [ app_end ] --END-- [ RunTime:0.001000s ]

[ 2017-02-24T18:52:19+08:00 ] 127.0.0.1 /Submit/Index/index
INFO: [ app_init ] --START--
INFO: Run Behavior\BuildLiteBehavior [ RunTime:0.000000s ]
INFO: [ app_init ] --END-- [ RunTime:0.000000s ]
INFO: [ app_begin ] --START--
INFO: Run Behavior\ReadHtmlCacheBehavior [ RunTime:0.001000s ]
INFO: [ app_begin ] --END-- [ RunTime:0.001000s ]
INFO: [ view_parse ] --START--
INFO: [ template_filter ] --START--
INFO: Run Behavior\ContentReplaceBehavior [ RunTime:0.000000s ]
INFO: [ template_filter ] --END-- [ RunTime:0.000000s ]
NOTIC: [2] include(Home\View\Index
av.php): failed to open stream: No such file or directory C:\www\tpblog\Application\Runtime\Cache\Submit\c512b788360ab1f86a46e46c9501d0fd.php 第 10 行.
NOTIC: [2] include(): Failed opening 'Home\View\Index
av.php' for inclusion (include_path='C:\xampp\php\PEAR') C:\www\tpblog\Application\Runtime\Cache\Submit\c512b788360ab1f86a46e46c9501d0fd.php 第 10 行.
NOTIC: [8] Undefined variable: blogs C:\www\tpblog\Application\Runtime\Cache\Submit\c512b788360ab1f86a46e46c9501d0fd.php 第 32 行.
NOTIC: [2] Invalid argument supplied for foreach() C:\www\tpblog\Application\Runtime\Cache\Submit\c512b788360ab1f86a46e46c9501d0fd.php 第 32 行.
NOTIC: [8] Undefined variable: show C:\www\tpblog\Application\Runtime\Cache\Submit\c512b788360ab1f86a46e46c9501d0fd.php 第 46 行.
INFO: Run Behavior\ParseTemplateBehavior [ RunTime:0.008001s ]
INFO: [ view_parse ] --END-- [ RunTime:0.009001s ]
INFO: [ view_filter ] --START--
INFO: Run Behavior\WriteHtmlCacheBehavior [ RunTime:0.001000s ]
INFO: [ view_filter ] --END-- [ RunTime:0.001000s ]
INFO: [ app_end ] --START--
INFO: Run Behavior\ShowPageTraceBehavior [ RunTime:0.001000s ]
INFO: [ app_end ] --END-- [ RunTime:0.001000s ]

[ 2017-02-24T18:52:46+08:00 ] 127.0.0.1 /Submit/Index/index
INFO: [ app_init ] --START--
INFO: Run Behavior\BuildLiteBehavior [ RunTime:0.000000s ]
INFO: [ app_init ] --END-- [ RunTime:0.001000s ]
INFO: [ app_begin ] --START--
INFO: Run Behavior\ReadHtmlCacheBehavior [ RunTime:0.001001s ]
INFO: [ app_begin ] --END-- [ RunTime:0.001001s ]
INFO: [ view_parse ] --START--
INFO: [ template_filter ] --START--
INFO: Run Behavior\ContentReplaceBehavior [ RunTime:0.000000s ]
INFO: [ template_filter ] --END-- [ RunTime:0.000000s ]
NOTIC: [2] include(Application\Home\View
av.php): failed to open stream: Invalid argument C:\www\tpblog\Application\Runtime\Cache\Submit\c512b788360ab1f86a46e46c9501d0fd.php 第 10 行.
NOTIC: [2] include(): Failed opening 'Application\Home\View
av.php' for inclusion (include_path='C:\xampp\php\PEAR') C:\www\tpblog\Application\Runtime\Cache\Submit\c512b788360ab1f86a46e46c9501d0fd.php 第 10 行.
NOTIC: [8] Undefined variable: blogs C:\www\tpblog\Application\Runtime\Cache\Submit\c512b788360ab1f86a46e46c9501d0fd.php 第 32 行.
NOTIC: [2] Invalid argument supplied for foreach() C:\www\tpblog\Application\Runtime\Cache\Submit\c512b788360ab1f86a46e46c9501d0fd.php 第 32 行.
NOTIC: [8] Undefined variable: show C:\www\tpblog\Application\Runtime\Cache\Submit\c512b788360ab1f86a46e46c9501d0fd.php 第 46 行.
INFO: Run Behavior\ParseTemplateBehavior [ RunTime:0.007000s ]
INFO: [ view_parse ] --END-- [ RunTime:0.007000s ]
INFO: [ view_filter ] --START--
INFO: Run Behavior\WriteHtmlCacheBehavior [ RunTime:0.001000s ]
INFO: [ view_filter ] --END-- [ RunTime:0.001000s ]
INFO: [ app_end ] --START--
INFO: Run Behavior\ShowPageTraceBehavior [ RunTime:0.000000s ]
INFO: [ app_end ] --END-- [ RunTime:0.000000s ]

[ 2017-02-24T18:52:47+08:00 ] 127.0.0.1 /Submit/Index/index
INFO: [ app_init ] --START--
INFO: Run Behavior\BuildLiteBehavior [ RunTime:0.000000s ]
INFO: [ app_init ] --END-- [ RunTime:0.001000s ]
INFO: [ app_begin ] --START--
INFO: Run Behavior\ReadHtmlCacheBehavior [ RunTime:0.000000s ]
INFO: [ app_begin ] --END-- [ RunTime:0.000000s ]
INFO: [ view_parse ] --START--
INFO: [ template_filter ] --START--
INFO: Run Behavior\ContentReplaceBehavior [ RunTime:0.000000s ]
INFO: [ template_filter ] --END-- [ RunTime:0.000000s ]
NOTIC: [2] include(Application\Home\View
av.php): failed to open stream: Invalid argument C:\www\tpblog\Application\Runtime\Cache\Submit\c512b788360ab1f86a46e46c9501d0fd.php 第 10 行.
NOTIC: [2] include(): Failed opening 'Application\Home\View
av.php' for inclusion (include_path='C:\xampp\php\PEAR') C:\www\tpblog\Application\Runtime\Cache\Submit\c512b788360ab1f86a46e46c9501d0fd.php 第 10 行.
NOTIC: [8] Undefined variable: blogs C:\www\tpblog\Application\Runtime\Cache\Submit\c512b788360ab1f86a46e46c9501d0fd.php 第 32 行.
NOTIC: [2] Invalid argument supplied for foreach() C:\www\tpblog\Application\Runtime\Cache\Submit\c512b788360ab1f86a46e46c9501d0fd.php 第 32 行.
NOTIC: [8] Undefined variable: show C:\www\tpblog\Application\Runtime\Cache\Submit\c512b788360ab1f86a46e46c9501d0fd.php 第 46 行.
INFO: Run Behavior\ParseTemplateBehavior [ RunTime:0.006001s ]
INFO: [ view_parse ] --END-- [ RunTime:0.006001s ]
INFO: [ view_filter ] --START--
INFO: Run Behavior\WriteHtmlCacheBehavior [ RunTime:0.001000s ]
INFO: [ view_filter ] --END-- [ RunTime:0.001000s ]
INFO: [ app_end ] --START--
INFO: Run Behavior\ShowPageTraceBehavior [ RunTime:0.000000s ]
INFO: [ app_end ] --END-- [ RunTime:0.000000s ]

[ 2017-02-24T18:52:47+08:00 ] 127.0.0.1 /Submit/Index/index
INFO: [ app_init ] --START--
INFO: Run Behavior\BuildLiteBehavior [ RunTime:0.000000s ]
INFO: [ app_init ] --END-- [ RunTime:0.000000s ]
INFO: [ app_begin ] --START--
INFO: Run Behavior\ReadHtmlCacheBehavior [ RunTime:0.002000s ]
INFO: [ app_begin ] --END-- [ RunTime:0.002000s ]
INFO: [ view_parse ] --START--
INFO: [ template_filter ] --START--
INFO: Run Behavior\ContentReplaceBehavior [ RunTime:0.001000s ]
INFO: [ template_filter ] --END-- [ RunTime:0.001000s ]
NOTIC: [2] include(Application\Home\View
av.php): failed to open stream: Invalid argument C:\www\tpblog\Application\Runtime\Cache\Submit\c512b788360ab1f86a46e46c9501d0fd.php 第 10 行.
NOTIC: [2] include(): Failed opening 'Application\Home\View
av.php' for inclusion (include_path='C:\xampp\php\PEAR') C:\www\tpblog\Application\Runtime\Cache\Submit\c512b788360ab1f86a46e46c9501d0fd.php 第 10 行.
NOTIC: [8] Undefined variable: blogs C:\www\tpblog\Application\Runtime\Cache\Submit\c512b788360ab1f86a46e46c9501d0fd.php 第 32 行.
NOTIC: [2] Invalid argument supplied for foreach() C:\www\tpblog\Application\Runtime\Cache\Submit\c512b788360ab1f86a46e46c9501d0fd.php 第 32 行.
NOTIC: [8] Undefined variable: show C:\www\tpblog\Application\Runtime\Cache\Submit\c512b788360ab1f86a46e46c9501d0fd.php 第 46 行.
INFO: Run Behavior\ParseTemplateBehavior [ RunTime:0.009001s ]
INFO: [ view_parse ] --END-- [ RunTime:0.009001s ]
INFO: [ view_filter ] --START--
INFO: Run Behavior\WriteHtmlCacheBehavior [ RunTime:0.001000s ]
INFO: [ view_filter ] --END-- [ RunTime:0.001000s ]
INFO: [ app_end ] --START--
INFO: Run Behavior\ShowPageTraceBehavior [ RunTime:0.001000s ]
INFO: [ app_end ] --END-- [ RunTime:0.001000s ]

[ 2017-02-24T18:52:48+08:00 ] 127.0.0.1 /Submit/Index/index
INFO: [ app_init ] --START--
INFO: Run Behavior\BuildLiteBehavior [ RunTime:0.000000s ]
INFO: [ app_init ] --END-- [ RunTime:0.000000s ]
INFO: [ app_begin ] --START--
INFO: Run Behavior\ReadHtmlCacheBehavior [ RunTime:0.001000s ]
INFO: [ app_begin ] --END-- [ RunTime:0.001000s ]
INFO: [ view_parse ] --START--
INFO: [ template_filter ] --START--
INFO: Run Behavior\ContentReplaceBehavior [ RunTime:0.000000s ]
INFO: [ template_filter ] --END-- [ RunTime:0.000000s ]
NOTIC: [2] include(Application\Home\View
av.php): failed to open stream: Invalid argument C:\www\tpblog\Application\Runtime\Cache\Submit\c512b788360ab1f86a46e46c9501d0fd.php 第 10 行.
NOTIC: [2] include(): Failed opening 'Application\Home\View
av.php' for inclusion (include_path='C:\xampp\php\PEAR') C:\www\tpblog\Application\Runtime\Cache\Submit\c512b788360ab1f86a46e46c9501d0fd.php 第 10 行.
NOTIC: [8] Undefined variable: blogs C:\www\tpblog\Application\Runtime\Cache\Submit\c512b788360ab1f86a46e46c9501d0fd.php 第 32 行.
NOTIC: [2] Invalid argument supplied for foreach() C:\www\tpblog\Application\Runtime\Cache\Submit\c512b788360ab1f86a46e46c9501d0fd.php 第 32 行.
NOTIC: [8] Undefined variable: show C:\www\tpblog\Application\Runtime\Cache\Submit\c512b788360ab1f86a46e46c9501d0fd.php 第 46 行.
INFO: Run Behavior\ParseTemplateBehavior [ RunTime:0.009000s ]
INFO: [ view_parse ] --END-- [ RunTime:0.009000s ]
INFO: [ view_filter ] --START--
INFO: Run Behavior\WriteHtmlCacheBehavior [ RunTime:0.000000s ]
INFO: [ view_filter ] --END-- [ RunTime:0.000000s ]
INFO: [ app_end ] --START--
INFO: Run Behavior\ShowPageTraceBehavior [ RunTime:0.000000s ]
INFO: [ app_end ] --END-- [ RunTime:0.001000s ]

[ 2017-02-24T18:52:48+08:00 ] 127.0.0.1 /Submit/Index/index
INFO: [ app_init ] --START--
INFO: Run Behavior\BuildLiteBehavior [ RunTime:0.000000s ]
INFO: [ app_init ] --END-- [ RunTime:0.000000s ]
INFO: [ app_begin ] --START--
INFO: Run Behavior\ReadHtmlCacheBehavior [ RunTime:0.001000s ]
INFO: [ app_begin ] --END-- [ RunTime:0.001000s ]
INFO: [ view_parse ] --START--
INFO: [ template_filter ] --START--
INFO: Run Behavior\ContentReplaceBehavior [ RunTime:0.000000s ]
INFO: [ template_filter ] --END-- [ RunTime:0.000000s ]
NOTIC: [2] include(Application\Home\View
av.php): failed to open stream: Invalid argument C:\www\tpblog\Application\Runtime\Cache\Submit\c512b788360ab1f86a46e46c9501d0fd.php 第 10 行.
NOTIC: [2] include(): Failed opening 'Application\Home\View
av.php' for inclusion (include_path='C:\xampp\php\PEAR') C:\www\tpblog\Application\Runtime\Cache\Submit\c512b788360ab1f86a46e46c9501d0fd.php 第 10 行.
NOTIC: [8] Undefined variable: blogs C:\www\tpblog\Application\Runtime\Cache\Submit\c512b788360ab1f86a46e46c9501d0fd.php 第 32 行.
NOTIC: [2] Invalid argument supplied for foreach() C:\www\tpblog\Application\Runtime\Cache\Submit\c512b788360ab1f86a46e46c9501d0fd.php 第 32 行.
NOTIC: [8] Undefined variable: show C:\www\tpblog\Application\Runtime\Cache\Submit\c512b788360ab1f86a46e46c9501d0fd.php 第 46 行.
INFO: Run Behavior\ParseTemplateBehavior [ RunTime:0.006000s ]
INFO: [ view_parse ] --END-- [ RunTime:0.006000s ]
INFO: [ view_filter ] --START--
INFO: Run Behavior\WriteHtmlCacheBehavior [ RunTime:0.000000s ]
INFO: [ view_filter ] --END-- [ RunTime:0.000000s ]
INFO: [ app_end ] --START--
INFO: Run Behavior\ShowPageTraceBehavior [ RunTime:0.001000s ]
INFO: [ app_end ] --END-- [ RunTime:0.001000s ]

[ 2017-02-24T18:52:48+08:00 ] 127.0.0.1 /Submit/Index/index
INFO: [ app_init ] --START--
INFO: Run Behavior\BuildLiteBehavior [ RunTime:0.000000s ]
INFO: [ app_init ] --END-- [ RunTime:0.001000s ]
INFO: [ app_begin ] --START--
INFO: Run Behavior\ReadHtmlCacheBehavior [ RunTime:0.001000s ]
INFO: [ app_begin ] --END-- [ RunTime:0.001000s ]
INFO: [ view_parse ] --START--
INFO: [ template_filter ] --START--
INFO: Run Behavior\ContentReplaceBehavior [ RunTime:0.001000s ]
INFO: [ template_filter ] --END-- [ RunTime:0.001000s ]
NOTIC: [2] include(Application\Home\View
av.php): failed to open stream: Invalid argument C:\www\tpblog\Application\Runtime\Cache\Submit\c512b788360ab1f86a46e46c9501d0fd.php 第 10 行.
NOTIC: [2] include(): Failed opening 'Application\Home\View
av.php' for inclusion (include_path='C:\xampp\php\PEAR') C:\www\tpblog\Application\Runtime\Cache\Submit\c512b788360ab1f86a46e46c9501d0fd.php 第 10 行.
NOTIC: [8] Undefined variable: blogs C:\www\tpblog\Application\Runtime\Cache\Submit\c512b788360ab1f86a46e46c9501d0fd.php 第 32 行.
NOTIC: [2] Invalid argument supplied for foreach() C:\www\tpblog\Application\Runtime\Cache\Submit\c512b788360ab1f86a46e46c9501d0fd.php 第 32 行.
NOTIC: [8] Undefined variable: show C:\www\tpblog\Application\Runtime\Cache\Submit\c512b788360ab1f86a46e46c9501d0fd.php 第 46 行.
INFO: Run Behavior\ParseTemplateBehavior [ RunTime:0.006000s ]
INFO: [ view_parse ] --END-- [ RunTime:0.006000s ]
INFO: [ view_filter ] --START--
INFO: Run Behavior\WriteHtmlCacheBehavior [ RunTime:0.001000s ]
INFO: [ view_filter ] --END-- [ RunTime:0.001000s ]
INFO: [ app_end ] --START--
INFO: Run Behavior\ShowPageTraceBehavior [ RunTime:0.000000s ]
INFO: [ app_end ] --END-- [ RunTime:0.000000s ]

[ 2017-02-24T18:56:13+08:00 ] 127.0.0.1 /Submit/Index/index
INFO: [ app_init ] --START--
INFO: Run Behavior\BuildLiteBehavior [ RunTime:0.000000s ]
INFO: [ app_init ] --END-- [ RunTime:0.001000s ]
INFO: [ app_begin ] --START--
INFO: Run Behavior\ReadHtmlCacheBehavior [ RunTime:0.001000s ]
INFO: [ app_begin ] --END-- [ RunTime:0.001000s ]
INFO: [ view_parse ] --START--
INFO: [ template_filter ] --START--
INFO: Run Behavior\ContentReplaceBehavior [ RunTime:0.000000s ]
INFO: [ template_filter ] --END-- [ RunTime:0.000000s ]
NOTIC: [2] include(Application\Home\View
av.php): failed to open stream: Invalid argument C:\www\tpblog\Application\Runtime\Cache\Submit\c512b788360ab1f86a46e46c9501d0fd.php 第 10 行.
NOTIC: [2] include(): Failed opening 'Application\Home\View
av.php' for inclusion (include_path='C:\xampp\php\PEAR') C:\www\tpblog\Application\Runtime\Cache\Submit\c512b788360ab1f86a46e46c9501d0fd.php 第 10 行.
NOTIC: [8] Undefined variable: blogs C:\www\tpblog\Application\Runtime\Cache\Submit\c512b788360ab1f86a46e46c9501d0fd.php 第 32 行.
NOTIC: [2] Invalid argument supplied for foreach() C:\www\tpblog\Application\Runtime\Cache\Submit\c512b788360ab1f86a46e46c9501d0fd.php 第 32 行.
NOTIC: [8] Undefined variable: show C:\www\tpblog\Application\Runtime\Cache\Submit\c512b788360ab1f86a46e46c9501d0fd.php 第 46 行.
INFO: Run Behavior\ParseTemplateBehavior [ RunTime:0.006001s ]
INFO: [ view_parse ] --END-- [ RunTime:0.006001s ]
INFO: [ view_filter ] --START--
INFO: Run Behavior\WriteHtmlCacheBehavior [ RunTime:0.000000s ]
INFO: [ view_filter ] --END-- [ RunTime:0.000000s ]
INFO: [ app_end ] --START--
INFO: Run Behavior\ShowPageTraceBehavior [ RunTime:0.001000s ]
INFO: [ app_end ] --END-- [ RunTime:0.001000s ]

[ 2017-02-24T18:56:15+08:00 ] 127.0.0.1 /Submit/Index/index
INFO: [ app_init ] --START--
INFO: Run Behavior\BuildLiteBehavior [ RunTime:0.000000s ]
INFO: [ app_init ] --END-- [ RunTime:0.000000s ]
INFO: [ app_begin ] --START--
INFO: Run Behavior\ReadHtmlCacheBehavior [ RunTime:0.001000s ]
INFO: [ app_begin ] --END-- [ RunTime:0.001000s ]
INFO: [ view_parse ] --START--
INFO: [ template_filter ] --START--
INFO: Run Behavior\ContentReplaceBehavior [ RunTime:0.000000s ]
INFO: [ template_filter ] --END-- [ RunTime:0.001000s ]
NOTIC: [2] include(Application\Home\View
av.php): failed to open stream: Invalid argument C:\www\tpblog\Application\Runtime\Cache\Submit\c512b788360ab1f86a46e46c9501d0fd.php 第 10 行.
NOTIC: [2] include(): Failed opening 'Application\Home\View
av.php' for inclusion (include_path='C:\xampp\php\PEAR') C:\www\tpblog\Application\Runtime\Cache\Submit\c512b788360ab1f86a46e46c9501d0fd.php 第 10 行.
NOTIC: [8] Undefined variable: blogs C:\www\tpblog\Application\Runtime\Cache\Submit\c512b788360ab1f86a46e46c9501d0fd.php 第 32 行.
NOTIC: [2] Invalid argument supplied for foreach() C:\www\tpblog\Application\Runtime\Cache\Submit\c512b788360ab1f86a46e46c9501d0fd.php 第 32 行.
NOTIC: [8] Undefined variable: show C:\www\tpblog\Application\Runtime\Cache\Submit\c512b788360ab1f86a46e46c9501d0fd.php 第 46 行.
INFO: Run Behavior\ParseTemplateBehavior [ RunTime:0.007001s ]
INFO: [ view_parse ] --END-- [ RunTime:0.007001s ]
INFO: [ view_filter ] --START--
INFO: Run Behavior\WriteHtmlCacheBehavior [ RunTime:0.000000s ]
INFO: [ view_filter ] --END-- [ RunTime:0.000000s ]
INFO: [ app_end ] --START--
INFO: Run Behavior\ShowPageTraceBehavior [ RunTime:0.001000s ]
INFO: [ app_end ] --END-- [ RunTime:0.001000s ]

[ 2017-02-24T18:56:15+08:00 ] 127.0.0.1 /Submit/Index/index
INFO: [ app_init ] --START--
INFO: Run Behavior\BuildLiteBehavior [ RunTime:0.000000s ]
INFO: [ app_init ] --END-- [ RunTime:0.000000s ]
INFO: [ app_begin ] --START--
INFO: Run Behavior\ReadHtmlCacheBehavior [ RunTime:0.001000s ]
INFO: [ app_begin ] --END-- [ RunTime:0.001000s ]
INFO: [ view_parse ] --START--
INFO: [ template_filter ] --START--
INFO: Run Behavior\ContentReplaceBehavior [ RunTime:0.000000s ]
INFO: [ template_filter ] --END-- [ RunTime:0.000000s ]
NOTIC: [2] include(Application\Home\View
av.php): failed to open stream: Invalid argument C:\www\tpblog\Application\Runtime\Cache\Submit\c512b788360ab1f86a46e46c9501d0fd.php 第 10 行.
NOTIC: [2] include(): Failed opening 'Application\Home\View
av.php' for inclusion (include_path='C:\xampp\php\PEAR') C:\www\tpblog\Application\Runtime\Cache\Submit\c512b788360ab1f86a46e46c9501d0fd.php 第 10 行.
NOTIC: [8] Undefined variable: blogs C:\www\tpblog\Application\Runtime\Cache\Submit\c512b788360ab1f86a46e46c9501d0fd.php 第 32 行.
NOTIC: [2] Invalid argument supplied for foreach() C:\www\tpblog\Application\Runtime\Cache\Submit\c512b788360ab1f86a46e46c9501d0fd.php 第 32 行.
NOTIC: [8] Undefined variable: show C:\www\tpblog\Application\Runtime\Cache\Submit\c512b788360ab1f86a46e46c9501d0fd.php 第 46 行.
INFO: Run Behavior\ParseTemplateBehavior [ RunTime:0.007000s ]
INFO: [ view_parse ] --END-- [ RunTime:0.007000s ]
INFO: [ view_filter ] --START--
INFO: Run Behavior\WriteHtmlCacheBehavior [ RunTime:0.001000s ]
INFO: [ view_filter ] --END-- [ RunTime:0.001000s ]
INFO: [ app_end ] --START--
INFO: Run Behavior\ShowPageTraceBehavior [ RunTime:0.000000s ]
INFO: [ app_end ] --END-- [ RunTime:0.000000s ]

[ 2017-02-24T18:56:16+08:00 ] 127.0.0.1 /Submit/Index/index
INFO: [ app_init ] --START--
INFO: Run Behavior\BuildLiteBehavior [ RunTime:0.000000s ]
INFO: [ app_init ] --END-- [ RunTime:0.001000s ]
INFO: [ app_begin ] --START--
INFO: Run Behavior\ReadHtmlCacheBehavior [ RunTime:0.000000s ]
INFO: [ app_begin ] --END-- [ RunTime:0.001000s ]
INFO: [ view_parse ] --START--
INFO: [ template_filter ] --START--
INFO: Run Behavior\ContentReplaceBehavior [ RunTime:0.000000s ]
INFO: [ template_filter ] --END-- [ RunTime:0.000000s ]
NOTIC: [2] include(Application\Home\View
av.php): failed to open stream: Invalid argument C:\www\tpblog\Application\Runtime\Cache\Submit\c512b788360ab1f86a46e46c9501d0fd.php 第 10 行.
NOTIC: [2] include(): Failed opening 'Application\Home\View
av.php' for inclusion (include_path='C:\xampp\php\PEAR') C:\www\tpblog\Application\Runtime\Cache\Submit\c512b788360ab1f86a46e46c9501d0fd.php 第 10 行.
NOTIC: [8] Undefined variable: blogs C:\www\tpblog\Application\Runtime\Cache\Submit\c512b788360ab1f86a46e46c9501d0fd.php 第 32 行.
NOTIC: [2] Invalid argument supplied for foreach() C:\www\tpblog\Application\Runtime\Cache\Submit\c512b788360ab1f86a46e46c9501d0fd.php 第 32 行.
NOTIC: [8] Undefined variable: show C:\www\tpblog\Application\Runtime\Cache\Submit\c512b788360ab1f86a46e46c9501d0fd.php 第 46 行.
INFO: Run Behavior\ParseTemplateBehavior [ RunTime:0.006001s ]
INFO: [ view_parse ] --END-- [ RunTime:0.006001s ]
INFO: [ view_filter ] --START--
INFO: Run Behavior\WriteHtmlCacheBehavior [ RunTime:0.000000s ]
INFO: [ view_filter ] --END-- [ RunTime:0.000000s ]
INFO: [ app_end ] --START--
INFO: Run Behavior\ShowPageTraceBehavior [ RunTime:0.001000s ]
INFO: [ app_end ] --END-- [ RunTime:0.001000s ]

