[ 2017-02-12T08:36:39+08:00 ] 127.0.0.1 /Admin/Auser
INFO: [ app_init ] --START--
INFO: Run Behavior\BuildLiteBehavior [ RunTime:0.000000s ]
INFO: [ app_init ] --END-- [ RunTime:0.001000s ]
INFO: [ app_begin ] --START--
INFO: Run Behavior\ReadHtmlCacheBehavior [ RunTime:0.001000s ]
INFO: [ app_begin ] --END-- [ RunTime:0.001000s ]
INFO: [ view_parse ] --START--
INFO: [ template_filter ] --START--
INFO: Run Behavior\ContentReplaceBehavior [ RunTime:0.011001s ]
INFO: [ template_filter ] --END-- [ RunTime:0.011001s ]
INFO: Run Behavior\ParseTemplateBehavior [ RunTime:0.024001s ]
INFO: [ view_parse ] --END-- [ RunTime:0.024001s ]
INFO: [ view_filter ] --START--
INFO: Run Behavior\WriteHtmlCacheBehavior [ RunTime:0.002000s ]
INFO: [ view_filter ] --END-- [ RunTime:0.002000s ]

[ 2017-02-12T08:36:41+08:00 ] 127.0.0.1 /Admin/Login/index
INFO: [ app_init ] --START--
INFO: Run Behavior\BuildLiteBehavior [ RunTime:0.000000s ]
INFO: [ app_init ] --END-- [ RunTime:0.001000s ]
INFO: [ app_begin ] --START--
INFO: Run Behavior\ReadHtmlCacheBehavior [ RunTime:0.001000s ]
INFO: [ app_begin ] --END-- [ RunTime:0.001000s ]
INFO: [ view_parse ] --START--
INFO: [ template_filter ] --START--
INFO: Run Behavior\ContentReplaceBehavior [ RunTime:0.000000s ]
INFO: [ template_filter ] --END-- [ RunTime:0.000000s ]
INFO: Run Behavior\ParseTemplateBehavior [ RunTime:0.006000s ]
INFO: [ view_parse ] --END-- [ RunTime:0.006000s ]
INFO: [ view_filter ] --START--
INFO: Run Behavior\WriteHtmlCacheBehavior [ RunTime:0.001000s ]
INFO: [ view_filter ] --END-- [ RunTime:0.001000s ]
INFO: [ app_end ] --START--
INFO: Run Behavior\ShowPageTraceBehavior [ RunTime:0.002001s ]
INFO: [ app_end ] --END-- [ RunTime:0.002001s ]

[ 2017-02-12T09:33:31+08:00 ] 127.0.0.1 /index.php/Admin/Login/index/act/chk.html
INFO: [ app_init ] --START--
INFO: Run Behavior\BuildLiteBehavior [ RunTime:0.000000s ]
INFO: [ app_init ] --END-- [ RunTime:0.001000s ]
INFO: [ app_begin ] --START--
INFO: Run Behavior\ReadHtmlCacheBehavior [ RunTime:0.001000s ]
INFO: [ app_begin ] --END-- [ RunTime:0.001000s ]
SQL: SHOW COLUMNS FROM `admin` [ RunTime:0.0090s ]
SQL: SELECT * FROM `admin` WHERE `admin` = '123' AND `adminpw` = '123' LIMIT 1   [ RunTime:0.0000s ]
INFO: [ view_parse ] --START--
INFO: [ template_filter ] --START--
INFO: Run Behavior\ContentReplaceBehavior [ RunTime:0.000000s ]
INFO: [ template_filter ] --END-- [ RunTime:0.000000s ]
INFO: Run Behavior\ParseTemplateBehavior [ RunTime:0.008000s ]
INFO: [ view_parse ] --END-- [ RunTime:0.008000s ]
INFO: [ view_filter ] --START--
INFO: Run Behavior\WriteHtmlCacheBehavior [ RunTime:0.000000s ]
INFO: [ view_filter ] --END-- [ RunTime:0.000000s ]
INFO: [ app_end ] --START--
INFO: Run Behavior\ShowPageTraceBehavior [ RunTime:0.001000s ]
INFO: [ app_end ] --END-- [ RunTime:0.001000s ]

[ 2017-02-12T09:33:32+08:00 ] 127.0.0.1 /Admin/Index/index
INFO: [ app_init ] --START--
INFO: Run Behavior\BuildLiteBehavior [ RunTime:0.000000s ]
INFO: [ app_init ] --END-- [ RunTime:0.000000s ]
INFO: [ app_begin ] --START--
INFO: Run Behavior\ReadHtmlCacheBehavior [ RunTime:0.001001s ]
INFO: [ app_begin ] --END-- [ RunTime:0.001001s ]
SQL: SHOW COLUMNS FROM `admin` [ RunTime:0.0050s ]
SQL: SELECT * FROM `admin` WHERE `aid` = 1 LIMIT 1   [ RunTime:0.0000s ]
INFO: [ view_parse ] --START--
INFO: [ template_filter ] --START--
INFO: Run Behavior\ContentReplaceBehavior [ RunTime:0.000000s ]
INFO: [ template_filter ] --END-- [ RunTime:0.000000s ]
INFO: Run Behavior\ParseTemplateBehavior [ RunTime:0.008000s ]
INFO: [ view_parse ] --END-- [ RunTime:0.008000s ]
INFO: [ view_filter ] --START--
INFO: Run Behavior\WriteHtmlCacheBehavior [ RunTime:0.001000s ]
INFO: [ view_filter ] --END-- [ RunTime:0.001000s ]
INFO: [ app_end ] --START--
INFO: Run Behavior\ShowPageTraceBehavior [ RunTime:0.000000s ]
INFO: [ app_end ] --END-- [ RunTime:0.000000s ]

[ 2017-02-12T09:33:33+08:00 ] 127.0.0.1 /index.php/Admin/Blog/index.html
INFO: [ app_init ] --START--
INFO: Run Behavior\BuildLiteBehavior [ RunTime:0.000000s ]
INFO: [ app_init ] --END-- [ RunTime:0.001001s ]
INFO: [ app_begin ] --START--
INFO: Run Behavior\ReadHtmlCacheBehavior [ RunTime:0.001000s ]
INFO: [ app_begin ] --END-- [ RunTime:0.001000s ]
SQL: SHOW COLUMNS FROM `admin` [ RunTime:0.0060s ]
SQL: SELECT * FROM `admin` WHERE `aid` = 1 LIMIT 1   [ RunTime:0.0000s ]
SQL: SHOW COLUMNS FROM `setting` [ RunTime:0.0060s ]
SQL: SELECT * FROM `setting`  [ RunTime:0.0000s ]
SQL: SHOW COLUMNS FROM `page` [ RunTime:0.0050s ]
SQL: SELECT COUNT(*) AS tp_count FROM `page` LIMIT 1   [ RunTime:0.0030s ]
SQL: SELECT * FROM `page` ORDER BY pid desc LIMIT 0,30   [ RunTime:0.0000s ]
INFO: [ view_parse ] --START--
INFO: [ template_filter ] --START--
INFO: Run Behavior\ContentReplaceBehavior [ RunTime:0.000000s ]
INFO: [ template_filter ] --END-- [ RunTime:0.000000s ]
INFO: Run Behavior\ParseTemplateBehavior [ RunTime:0.009000s ]
INFO: [ view_parse ] --END-- [ RunTime:0.009000s ]
INFO: [ view_filter ] --START--
INFO: Run Behavior\WriteHtmlCacheBehavior [ RunTime:0.000000s ]
INFO: [ view_filter ] --END-- [ RunTime:0.000000s ]
INFO: [ app_end ] --START--
INFO: Run Behavior\ShowPageTraceBehavior [ RunTime:0.001000s ]
INFO: [ app_end ] --END-- [ RunTime:0.001000s ]

[ 2017-02-12T09:33:35+08:00 ] 127.0.0.1 /index.php/Admin/Auser/index.html
INFO: [ app_init ] --START--
INFO: Run Behavior\BuildLiteBehavior [ RunTime:0.000000s ]
INFO: [ app_init ] --END-- [ RunTime:0.001000s ]
INFO: [ app_begin ] --START--
INFO: Run Behavior\ReadHtmlCacheBehavior [ RunTime:0.001000s ]
INFO: [ app_begin ] --END-- [ RunTime:0.001000s ]
SQL: SHOW COLUMNS FROM `admin` [ RunTime:0.0050s ]
SQL: SELECT * FROM `admin` WHERE `aid` = 1 LIMIT 1   [ RunTime:0.0000s ]
SQL: SELECT * FROM `admin`  [ RunTime:0.0000s ]
INFO: [ view_parse ] --START--
INFO: [ template_filter ] --START--
INFO: Run Behavior\ContentReplaceBehavior [ RunTime:0.000000s ]
INFO: [ template_filter ] --END-- [ RunTime:0.000000s ]
INFO: Run Behavior\ParseTemplateBehavior [ RunTime:0.007001s ]
INFO: [ view_parse ] --END-- [ RunTime:0.008001s ]
INFO: [ view_filter ] --START--
INFO: Run Behavior\WriteHtmlCacheBehavior [ RunTime:0.001000s ]
INFO: [ view_filter ] --END-- [ RunTime:0.001000s ]
INFO: [ app_end ] --START--
INFO: Run Behavior\ShowPageTraceBehavior [ RunTime:0.001000s ]
INFO: [ app_end ] --END-- [ RunTime:0.001000s ]

[ 2017-02-12T09:33:35+08:00 ] 127.0.0.1 /index.php/Admin/Blog/index.html
INFO: [ app_init ] --START--
INFO: Run Behavior\BuildLiteBehavior [ RunTime:0.000000s ]
INFO: [ app_init ] --END-- [ RunTime:0.001000s ]
INFO: [ app_begin ] --START--
INFO: Run Behavior\ReadHtmlCacheBehavior [ RunTime:0.001000s ]
INFO: [ app_begin ] --END-- [ RunTime:0.001000s ]
SQL: SHOW COLUMNS FROM `admin` [ RunTime:0.0060s ]
SQL: SELECT * FROM `admin` WHERE `aid` = 1 LIMIT 1   [ RunTime:0.0010s ]
SQL: SHOW COLUMNS FROM `setting` [ RunTime:0.0050s ]
SQL: SELECT * FROM `setting`  [ RunTime:0.0000s ]
SQL: SHOW COLUMNS FROM `page` [ RunTime:0.0060s ]
SQL: SELECT COUNT(*) AS tp_count FROM `page` LIMIT 1   [ RunTime:0.0010s ]
SQL: SELECT * FROM `page` ORDER BY pid desc LIMIT 0,30   [ RunTime:0.0010s ]
INFO: [ view_parse ] --START--
INFO: [ template_filter ] --START--
INFO: Run Behavior\ContentReplaceBehavior [ RunTime:0.000000s ]
INFO: [ template_filter ] --END-- [ RunTime:0.000000s ]
INFO: Run Behavior\ParseTemplateBehavior [ RunTime:0.008001s ]
INFO: [ view_parse ] --END-- [ RunTime:0.008001s ]
INFO: [ view_filter ] --START--
INFO: Run Behavior\WriteHtmlCacheBehavior [ RunTime:0.000000s ]
INFO: [ view_filter ] --END-- [ RunTime:0.000000s ]
INFO: [ app_end ] --START--
INFO: Run Behavior\ShowPageTraceBehavior [ RunTime:0.000000s ]
INFO: [ app_end ] --END-- [ RunTime:0.000000s ]

[ 2017-02-12T09:33:37+08:00 ] 127.0.0.1 /index.php/Admin/Blog/add.html?pid=684
INFO: [ app_init ] --START--
INFO: Run Behavior\BuildLiteBehavior [ RunTime:0.000000s ]
INFO: [ app_init ] --END-- [ RunTime:0.001000s ]
INFO: [ app_begin ] --START--
INFO: Run Behavior\ReadHtmlCacheBehavior [ RunTime:0.001000s ]
INFO: [ app_begin ] --END-- [ RunTime:0.001000s ]
SQL: SHOW COLUMNS FROM `admin` [ RunTime:0.0050s ]
SQL: SELECT * FROM `admin` WHERE `aid` = 1 LIMIT 1   [ RunTime:0.0010s ]
SQL: SHOW COLUMNS FROM `page` [ RunTime:0.0060s ]
SQL: SELECT * FROM `page` WHERE `pid` = 684 LIMIT 1   [ RunTime:0.0010s ]
INFO: [ view_parse ] --START--
INFO: [ template_filter ] --START--
INFO: Run Behavior\ContentReplaceBehavior [ RunTime:0.001000s ]
INFO: [ template_filter ] --END-- [ RunTime:0.001000s ]
INFO: Run Behavior\ParseTemplateBehavior [ RunTime:0.008001s ]
INFO: [ view_parse ] --END-- [ RunTime:0.008001s ]
INFO: [ view_filter ] --START--
INFO: Run Behavior\WriteHtmlCacheBehavior [ RunTime:0.000000s ]
INFO: [ view_filter ] --END-- [ RunTime:0.000000s ]
INFO: [ app_end ] --START--
INFO: Run Behavior\ShowPageTraceBehavior [ RunTime:0.000000s ]
INFO: [ app_end ] --END-- [ RunTime:0.000000s ]

[ 2017-02-12T09:33:40+08:00 ] 127.0.0.1 /index.php/Admin/Blog/index.html
INFO: [ app_init ] --START--
INFO: Run Behavior\BuildLiteBehavior [ RunTime:0.000000s ]
INFO: [ app_init ] --END-- [ RunTime:0.000000s ]
INFO: [ app_begin ] --START--
INFO: Run Behavior\ReadHtmlCacheBehavior [ RunTime:0.002000s ]
INFO: [ app_begin ] --END-- [ RunTime:0.002000s ]
SQL: SHOW COLUMNS FROM `admin` [ RunTime:0.0060s ]
SQL: SELECT * FROM `admin` WHERE `aid` = 1 LIMIT 1   [ RunTime:0.0000s ]
SQL: SHOW COLUMNS FROM `setting` [ RunTime:0.0050s ]
SQL: SELECT * FROM `setting`  [ RunTime:0.0010s ]
SQL: SHOW COLUMNS FROM `page` [ RunTime:0.0060s ]
SQL: SELECT COUNT(*) AS tp_count FROM `page` LIMIT 1   [ RunTime:0.0010s ]
SQL: SELECT * FROM `page` ORDER BY pid desc LIMIT 0,30   [ RunTime:0.0000s ]
INFO: [ view_parse ] --START--
INFO: [ template_filter ] --START--
INFO: Run Behavior\ContentReplaceBehavior [ RunTime:0.000000s ]
INFO: [ template_filter ] --END-- [ RunTime:0.000000s ]
INFO: Run Behavior\ParseTemplateBehavior [ RunTime:0.008000s ]
INFO: [ view_parse ] --END-- [ RunTime:0.008000s ]
INFO: [ view_filter ] --START--
INFO: Run Behavior\WriteHtmlCacheBehavior [ RunTime:0.001000s ]
INFO: [ view_filter ] --END-- [ RunTime:0.001000s ]
INFO: [ app_end ] --START--
INFO: Run Behavior\ShowPageTraceBehavior [ RunTime:0.001000s ]
INFO: [ app_end ] --END-- [ RunTime:0.001000s ]

[ 2017-02-12T10:04:16+08:00 ] 127.0.0.1 /index.php/Admin/Blog/add.html
INFO: [ app_init ] --START--
INFO: Run Behavior\BuildLiteBehavior [ RunTime:0.000000s ]
INFO: [ app_init ] --END-- [ RunTime:0.001000s ]
INFO: [ app_begin ] --START--
INFO: Run Behavior\ReadHtmlCacheBehavior [ RunTime:0.001000s ]
INFO: [ app_begin ] --END-- [ RunTime:0.001000s ]
SQL: SHOW COLUMNS FROM `admin` [ RunTime:0.0060s ]
SQL: SELECT * FROM `admin` WHERE `aid` = 1 LIMIT 1   [ RunTime:0.0020s ]
SQL: SHOW COLUMNS FROM `page` [ RunTime:0.0060s ]
INFO: [ view_parse ] --START--
INFO: [ template_filter ] --START--
INFO: Run Behavior\ContentReplaceBehavior [ RunTime:0.000000s ]
INFO: [ template_filter ] --END-- [ RunTime:0.000000s ]
INFO: Run Behavior\ParseTemplateBehavior [ RunTime:0.008001s ]
INFO: [ view_parse ] --END-- [ RunTime:0.008001s ]
INFO: [ view_filter ] --START--
INFO: Run Behavior\WriteHtmlCacheBehavior [ RunTime:0.001000s ]
INFO: [ view_filter ] --END-- [ RunTime:0.001000s ]
INFO: [ app_end ] --START--
INFO: Run Behavior\ShowPageTraceBehavior [ RunTime:0.001000s ]
INFO: [ app_end ] --END-- [ RunTime:0.001000s ]

[ 2017-02-12T10:04:21+08:00 ] 127.0.0.1 /index.php/Admin/Blog/save.html?pid=0
INFO: [ app_init ] --START--
INFO: Run Behavior\BuildLiteBehavior [ RunTime:0.000000s ]
INFO: [ app_init ] --END-- [ RunTime:0.000000s ]
INFO: [ app_begin ] --START--
INFO: Run Behavior\ReadHtmlCacheBehavior [ RunTime:0.001001s ]
INFO: [ app_begin ] --END-- [ RunTime:0.001001s ]
SQL: SHOW COLUMNS FROM `admin` [ RunTime:0.0050s ]
SQL: SELECT * FROM `admin` WHERE `aid` = 1 LIMIT 1   [ RunTime:0.0010s ]
SQL: SHOW COLUMNS FROM `page` [ RunTime:0.0060s ]
SQL: SHOW COLUMNS FROM `num` [ RunTime:0.0050s ]
NOTIC: [8] Undefined index: auto C:\www\tpblog\ThinkPHP\Library\Think\Model.class.php 第 1128 行.
SQL: INSERT INTO `page` (`title`,`author`,`content`,`img`,`intime`) VALUES ('11','111','&lt;p&gt;1111111&lt;/p&gt;','','1486865061') [ RunTime:0.0040s ]
SQL: SELECT * FROM `num` WHERE `key` = 'page' LIMIT 1   [ RunTime:0.0010s ]
SQL: UPDATE `num` SET `val`='1' WHERE `key` = 'page' [ RunTime:0.0040s ]
INFO: [ view_parse ] --START--
INFO: [ template_filter ] --START--
INFO: Run Behavior\ContentReplaceBehavior [ RunTime:0.000000s ]
INFO: [ template_filter ] --END-- [ RunTime:0.000000s ]
INFO: Run Behavior\ParseTemplateBehavior [ RunTime:0.006000s ]
INFO: [ view_parse ] --END-- [ RunTime:0.006000s ]
INFO: [ view_filter ] --START--
INFO: Run Behavior\WriteHtmlCacheBehavior [ RunTime:0.000000s ]
INFO: [ view_filter ] --END-- [ RunTime:0.000000s ]
INFO: [ app_end ] --START--
INFO: Run Behavior\ShowPageTraceBehavior [ RunTime:0.001000s ]
INFO: [ app_end ] --END-- [ RunTime:0.001000s ]

[ 2017-02-12T10:04:22+08:00 ] 127.0.0.1 /Admin/Blog/index
INFO: [ app_init ] --START--
INFO: Run Behavior\BuildLiteBehavior [ RunTime:0.000000s ]
INFO: [ app_init ] --END-- [ RunTime:0.000000s ]
INFO: [ app_begin ] --START--
INFO: Run Behavior\ReadHtmlCacheBehavior [ RunTime:0.001000s ]
INFO: [ app_begin ] --END-- [ RunTime:0.001000s ]
SQL: SHOW COLUMNS FROM `admin` [ RunTime:0.0060s ]
SQL: SELECT * FROM `admin` WHERE `aid` = 1 LIMIT 1   [ RunTime:0.0010s ]
SQL: SHOW COLUMNS FROM `setting` [ RunTime:0.0060s ]
SQL: SELECT * FROM `setting`  [ RunTime:0.0000s ]
SQL: SHOW COLUMNS FROM `page` [ RunTime:0.0060s ]
SQL: SELECT COUNT(*) AS tp_count FROM `page` LIMIT 1   [ RunTime:0.0010s ]
SQL: SELECT * FROM `page` ORDER BY pid desc LIMIT 0,30   [ RunTime:0.0010s ]
INFO: [ view_parse ] --START--
INFO: [ template_filter ] --START--
INFO: Run Behavior\ContentReplaceBehavior [ RunTime:0.000000s ]
INFO: [ template_filter ] --END-- [ RunTime:0.000000s ]
INFO: Run Behavior\ParseTemplateBehavior [ RunTime:0.009001s ]
INFO: [ view_parse ] --END-- [ RunTime:0.009001s ]
INFO: [ view_filter ] --START--
INFO: Run Behavior\WriteHtmlCacheBehavior [ RunTime:0.001000s ]
INFO: [ view_filter ] --END-- [ RunTime:0.001000s ]
INFO: [ app_end ] --START--
INFO: Run Behavior\ShowPageTraceBehavior [ RunTime:0.001000s ]
INFO: [ app_end ] --END-- [ RunTime:0.001000s ]

[ 2017-02-12T10:35:10+08:00 ] 127.0.0.1 /Admin/Blog/index
INFO: [ app_init ] --START--
INFO: Run Behavior\BuildLiteBehavior [ RunTime:0.000000s ]
INFO: [ app_init ] --END-- [ RunTime:0.000000s ]
INFO: [ app_begin ] --START--
INFO: Run Behavior\ReadHtmlCacheBehavior [ RunTime:0.001000s ]
INFO: [ app_begin ] --END-- [ RunTime:0.001000s ]
SQL: SHOW COLUMNS FROM `admin` [ RunTime:0.0050s ]
SQL: SELECT * FROM `admin` WHERE `aid` = 1 LIMIT 1   [ RunTime:0.0030s ]
SQL: SHOW COLUMNS FROM `setting` [ RunTime:0.0050s ]
SQL: SELECT * FROM `setting`  [ RunTime:0.0000s ]
SQL: SHOW COLUMNS FROM `page` [ RunTime:0.0050s ]
SQL: SELECT COUNT(*) AS tp_count FROM `page` LIMIT 1   [ RunTime:0.0010s ]
SQL: SELECT * FROM `page` ORDER BY pid desc LIMIT 0,30   [ RunTime:0.0010s ]
INFO: [ view_parse ] --START--
INFO: [ template_filter ] --START--
INFO: Run Behavior\ContentReplaceBehavior [ RunTime:0.000000s ]
INFO: [ template_filter ] --END-- [ RunTime:0.001000s ]
INFO: Run Behavior\ParseTemplateBehavior [ RunTime:0.008001s ]
INFO: [ view_parse ] --END-- [ RunTime:0.008001s ]
INFO: [ view_filter ] --START--
INFO: Run Behavior\WriteHtmlCacheBehavior [ RunTime:0.001000s ]
INFO: [ view_filter ] --END-- [ RunTime:0.001000s ]
INFO: [ app_end ] --START--
INFO: Run Behavior\ShowPageTraceBehavior [ RunTime:0.001000s ]
INFO: [ app_end ] --END-- [ RunTime:0.001000s ]

[ 2017-02-12T10:35:10+08:00 ] 127.0.0.1 /index.php/Admin/Blog/add.html
INFO: [ app_init ] --START--
INFO: Run Behavior\BuildLiteBehavior [ RunTime:0.000000s ]
INFO: [ app_init ] --END-- [ RunTime:0.000000s ]
INFO: [ app_begin ] --START--
INFO: Run Behavior\ReadHtmlCacheBehavior [ RunTime:0.000000s ]
INFO: [ app_begin ] --END-- [ RunTime:0.001000s ]
SQL: SHOW COLUMNS FROM `admin` [ RunTime:0.0060s ]
SQL: SELECT * FROM `admin` WHERE `aid` = 1 LIMIT 1   [ RunTime:0.0010s ]
SQL: SHOW COLUMNS FROM `page` [ RunTime:0.0050s ]
INFO: [ view_parse ] --START--
INFO: [ template_filter ] --START--
INFO: Run Behavior\ContentReplaceBehavior [ RunTime:0.000000s ]
INFO: [ template_filter ] --END-- [ RunTime:0.000000s ]
INFO: Run Behavior\ParseTemplateBehavior [ RunTime:0.007000s ]
INFO: [ view_parse ] --END-- [ RunTime:0.007000s ]
INFO: [ view_filter ] --START--
INFO: Run Behavior\WriteHtmlCacheBehavior [ RunTime:0.001000s ]
INFO: [ view_filter ] --END-- [ RunTime:0.001000s ]
INFO: [ app_end ] --START--
INFO: Run Behavior\ShowPageTraceBehavior [ RunTime:0.001001s ]
INFO: [ app_end ] --END-- [ RunTime:0.001001s ]

[ 2017-02-12T10:35:16+08:00 ] 127.0.0.1 /index.php/Admin/Blog/save.html?pid=0
INFO: [ app_init ] --START--
INFO: Run Behavior\BuildLiteBehavior [ RunTime:0.000000s ]
INFO: [ app_init ] --END-- [ RunTime:0.001000s ]
INFO: [ app_begin ] --START--
INFO: Run Behavior\ReadHtmlCacheBehavior [ RunTime:0.001000s ]
INFO: [ app_begin ] --END-- [ RunTime:0.001000s ]
SQL: SHOW COLUMNS FROM `admin` [ RunTime:0.0050s ]
SQL: SELECT * FROM `admin` WHERE `aid` = 1 LIMIT 1   [ RunTime:0.0000s ]
SQL: SHOW COLUMNS FROM `page` [ RunTime:0.0050s ]
SQL: SHOW COLUMNS FROM `num` [ RunTime:0.0050s ]
NOTIC: [8] Undefined index: auto C:\www\tpblog\ThinkPHP\Library\Think\Model.class.php 第 1128 行.
SQL: INSERT INTO `page` (`title`,`author`,`content`,`img`,`intime`) VALUES ('221213','321132312','&lt;p&gt;231231123&lt;/p&gt;','','1486866916') [ RunTime:0.0040s ]
SQL: SELECT * FROM `num` WHERE `key` = 'page' LIMIT 1   [ RunTime:0.0010s ]
SQL: UPDATE `num` SET `val`='2' WHERE `key` = 'page' [ RunTime:0.0030s ]
INFO: [ view_parse ] --START--
INFO: [ template_filter ] --START--
INFO: Run Behavior\ContentReplaceBehavior [ RunTime:0.000000s ]
INFO: [ template_filter ] --END-- [ RunTime:0.000000s ]
INFO: Run Behavior\ParseTemplateBehavior [ RunTime:0.007001s ]
INFO: [ view_parse ] --END-- [ RunTime:0.007001s ]
INFO: [ view_filter ] --START--
INFO: Run Behavior\WriteHtmlCacheBehavior [ RunTime:0.000000s ]
INFO: [ view_filter ] --END-- [ RunTime:0.000000s ]
INFO: [ app_end ] --START--
INFO: Run Behavior\ShowPageTraceBehavior [ RunTime:0.001000s ]
INFO: [ app_end ] --END-- [ RunTime:0.001000s ]

[ 2017-02-12T10:35:17+08:00 ] 127.0.0.1 /Admin/Blog/index
INFO: [ app_init ] --START--
INFO: Run Behavior\BuildLiteBehavior [ RunTime:0.000000s ]
INFO: [ app_init ] --END-- [ RunTime:0.001000s ]
INFO: [ app_begin ] --START--
INFO: Run Behavior\ReadHtmlCacheBehavior [ RunTime:0.001000s ]
INFO: [ app_begin ] --END-- [ RunTime:0.001000s ]
SQL: SHOW COLUMNS FROM `admin` [ RunTime:0.0050s ]
SQL: SELECT * FROM `admin` WHERE `aid` = 1 LIMIT 1   [ RunTime:0.0000s ]
SQL: SHOW COLUMNS FROM `setting` [ RunTime:0.0060s ]
SQL: SELECT * FROM `setting`  [ RunTime:0.0000s ]
SQL: SHOW COLUMNS FROM `page` [ RunTime:0.0050s ]
SQL: SELECT COUNT(*) AS tp_count FROM `page` LIMIT 1   [ RunTime:0.0000s ]
SQL: SELECT * FROM `page` ORDER BY pid desc LIMIT 0,30   [ RunTime:0.0010s ]
INFO: [ view_parse ] --START--
INFO: [ template_filter ] --START--
INFO: Run Behavior\ContentReplaceBehavior [ RunTime:0.000000s ]
INFO: [ template_filter ] --END-- [ RunTime:0.000000s ]
INFO: Run Behavior\ParseTemplateBehavior [ RunTime:0.007000s ]
INFO: [ view_parse ] --END-- [ RunTime:0.007000s ]
INFO: [ view_filter ] --START--
INFO: Run Behavior\WriteHtmlCacheBehavior [ RunTime:0.000000s ]
INFO: [ view_filter ] --END-- [ RunTime:0.000000s ]
INFO: [ app_end ] --START--
INFO: Run Behavior\ShowPageTraceBehavior [ RunTime:0.001000s ]
INFO: [ app_end ] --END-- [ RunTime:0.001000s ]

[ 2017-02-12T10:35:20+08:00 ] 127.0.0.1 /index.php/Admin/Blog/delete.html?pid=686
INFO: [ app_init ] --START--
INFO: Run Behavior\BuildLiteBehavior [ RunTime:0.000000s ]
INFO: [ app_init ] --END-- [ RunTime:0.001000s ]
INFO: [ app_begin ] --START--
INFO: Run Behavior\ReadHtmlCacheBehavior [ RunTime:0.001000s ]
INFO: [ app_begin ] --END-- [ RunTime:0.001000s ]
SQL: SHOW COLUMNS FROM `admin` [ RunTime:0.0060s ]
SQL: SELECT * FROM `admin` WHERE `aid` = 1 LIMIT 1   [ RunTime:0.0000s ]
SQL: SHOW COLUMNS FROM `num` [ RunTime:0.0050s ]
SQL: SHOW COLUMNS FROM `page` [ RunTime:0.0050s ]
SQL: DELETE FROM `page` WHERE `pid` = 686 [ RunTime:0.0030s ]
SQL: SELECT * FROM `num` WHERE `key` = 'page' LIMIT 1   [ RunTime:0.0000s ]

[ 2017-02-12T10:35:27+08:00 ] 127.0.0.1 /index.php/Admin/Blog/delete.html?pid=686
INFO: [ app_init ] --START--
INFO: Run Behavior\BuildLiteBehavior [ RunTime:0.000000s ]
INFO: [ app_init ] --END-- [ RunTime:0.001000s ]
INFO: [ app_begin ] --START--
INFO: Run Behavior\ReadHtmlCacheBehavior [ RunTime:0.001000s ]
INFO: [ app_begin ] --END-- [ RunTime:0.001000s ]
SQL: SHOW COLUMNS FROM `admin` [ RunTime:0.0050s ]
SQL: SELECT * FROM `admin` WHERE `aid` = 1 LIMIT 1   [ RunTime:0.0000s ]
SQL: SHOW COLUMNS FROM `num` [ RunTime:0.0050s ]
SQL: SHOW COLUMNS FROM `page` [ RunTime:0.0050s ]
SQL: DELETE FROM `page` WHERE `pid` = 686 [ RunTime:0.0000s ]
SQL: SELECT * FROM `num` WHERE `key` = 'page' LIMIT 1   [ RunTime:0.0010s ]

[ 2017-02-12T10:36:40+08:00 ] 127.0.0.1 /Admin/Blog/index
INFO: [ app_init ] --START--
INFO: Run Behavior\BuildLiteBehavior [ RunTime:0.000000s ]
INFO: [ app_init ] --END-- [ RunTime:0.001000s ]
INFO: [ app_begin ] --START--
INFO: Run Behavior\ReadHtmlCacheBehavior [ RunTime:0.002000s ]
INFO: [ app_begin ] --END-- [ RunTime:0.002000s ]
SQL: SHOW COLUMNS FROM `admin` [ RunTime:0.0050s ]
SQL: SELECT * FROM `admin` WHERE `aid` = 1 LIMIT 1   [ RunTime:0.0000s ]
SQL: SHOW COLUMNS FROM `setting` [ RunTime:0.0060s ]
SQL: SELECT * FROM `setting`  [ RunTime:0.0010s ]
SQL: SHOW COLUMNS FROM `page` [ RunTime:0.0050s ]
SQL: SELECT COUNT(*) AS tp_count FROM `page` LIMIT 1   [ RunTime:0.0000s ]
SQL: SELECT * FROM `page` ORDER BY pid desc LIMIT 0,30   [ RunTime:0.0010s ]
INFO: [ view_parse ] --START--
INFO: [ template_filter ] --START--
INFO: Run Behavior\ContentReplaceBehavior [ RunTime:0.000000s ]
INFO: [ template_filter ] --END-- [ RunTime:0.001000s ]
INFO: Run Behavior\ParseTemplateBehavior [ RunTime:0.008001s ]
INFO: [ view_parse ] --END-- [ RunTime:0.008001s ]
INFO: [ view_filter ] --START--
INFO: Run Behavior\WriteHtmlCacheBehavior [ RunTime:0.001000s ]
INFO: [ view_filter ] --END-- [ RunTime:0.001000s ]
INFO: [ app_end ] --START--
INFO: Run Behavior\ShowPageTraceBehavior [ RunTime:0.001000s ]
INFO: [ app_end ] --END-- [ RunTime:0.001000s ]

[ 2017-02-12T10:36:41+08:00 ] 127.0.0.1 /Admin/Blog/index
INFO: [ app_init ] --START--
INFO: Run Behavior\BuildLiteBehavior [ RunTime:0.000000s ]
INFO: [ app_init ] --END-- [ RunTime:0.001000s ]
INFO: [ app_begin ] --START--
INFO: Run Behavior\ReadHtmlCacheBehavior [ RunTime:0.001001s ]
INFO: [ app_begin ] --END-- [ RunTime:0.001001s ]
SQL: SHOW COLUMNS FROM `admin` [ RunTime:0.0050s ]
SQL: SELECT * FROM `admin` WHERE `aid` = 1 LIMIT 1   [ RunTime:0.0000s ]
SQL: SHOW COLUMNS FROM `setting` [ RunTime:0.0050s ]
SQL: SELECT * FROM `setting`  [ RunTime:0.0010s ]
SQL: SHOW COLUMNS FROM `page` [ RunTime:0.0060s ]
SQL: SELECT COUNT(*) AS tp_count FROM `page` LIMIT 1   [ RunTime:0.0010s ]
SQL: SELECT * FROM `page` ORDER BY pid desc LIMIT 0,30   [ RunTime:0.0000s ]
INFO: [ view_parse ] --START--
INFO: [ template_filter ] --START--
INFO: Run Behavior\ContentReplaceBehavior [ RunTime:0.000000s ]
INFO: [ template_filter ] --END-- [ RunTime:0.000000s ]
INFO: Run Behavior\ParseTemplateBehavior [ RunTime:0.006001s ]
INFO: [ view_parse ] --END-- [ RunTime:0.006001s ]
INFO: [ view_filter ] --START--
INFO: Run Behavior\WriteHtmlCacheBehavior [ RunTime:0.001000s ]
INFO: [ view_filter ] --END-- [ RunTime:0.001000s ]
INFO: [ app_end ] --START--
INFO: Run Behavior\ShowPageTraceBehavior [ RunTime:0.001000s ]
INFO: [ app_end ] --END-- [ RunTime:0.001000s ]

[ 2017-02-12T10:36:42+08:00 ] 127.0.0.1 /index.php/Admin/Blog/add.html
INFO: [ app_init ] --START--
INFO: Run Behavior\BuildLiteBehavior [ RunTime:0.000000s ]
INFO: [ app_init ] --END-- [ RunTime:0.000000s ]
INFO: [ app_begin ] --START--
INFO: Run Behavior\ReadHtmlCacheBehavior [ RunTime:0.001000s ]
INFO: [ app_begin ] --END-- [ RunTime:0.001000s ]
SQL: SHOW COLUMNS FROM `admin` [ RunTime:0.0060s ]
SQL: SELECT * FROM `admin` WHERE `aid` = 1 LIMIT 1   [ RunTime:0.0010s ]
SQL: SHOW COLUMNS FROM `page` [ RunTime:0.0060s ]
INFO: [ view_parse ] --START--
INFO: [ template_filter ] --START--
INFO: Run Behavior\ContentReplaceBehavior [ RunTime:0.000000s ]
INFO: [ template_filter ] --END-- [ RunTime:0.000000s ]
INFO: Run Behavior\ParseTemplateBehavior [ RunTime:0.007000s ]
INFO: [ view_parse ] --END-- [ RunTime:0.008000s ]
INFO: [ view_filter ] --START--
INFO: Run Behavior\WriteHtmlCacheBehavior [ RunTime:0.000000s ]
INFO: [ view_filter ] --END-- [ RunTime:0.000000s ]
INFO: [ app_end ] --START--
INFO: Run Behavior\ShowPageTraceBehavior [ RunTime:0.001000s ]
INFO: [ app_end ] --END-- [ RunTime:0.001000s ]

[ 2017-02-12T10:36:45+08:00 ] 127.0.0.1 /index.php/Admin/Blog/save.html?pid=0
INFO: [ app_init ] --START--
INFO: Run Behavior\BuildLiteBehavior [ RunTime:0.000000s ]
INFO: [ app_init ] --END-- [ RunTime:0.001000s ]
INFO: [ app_begin ] --START--
INFO: Run Behavior\ReadHtmlCacheBehavior [ RunTime:0.001000s ]
INFO: [ app_begin ] --END-- [ RunTime:0.001000s ]
SQL: SHOW COLUMNS FROM `admin` [ RunTime:0.0050s ]
SQL: SELECT * FROM `admin` WHERE `aid` = 1 LIMIT 1   [ RunTime:0.0000s ]
SQL: SHOW COLUMNS FROM `page` [ RunTime:0.0060s ]
SQL: SHOW COLUMNS FROM `num` [ RunTime:0.0050s ]
NOTIC: [8] Undefined index: auto C:\www\tpblog\ThinkPHP\Library\Think\Model.class.php 第 1128 行.
SQL: INSERT INTO `page` (`title`,`author`,`content`,`img`,`intime`) VALUES ('3321','23123132','&lt;p&gt;213231231&lt;/p&gt;','','1486867005') [ RunTime:0.0050s ]
SQL: SELECT * FROM `num` WHERE `key` = 'page' LIMIT 1   [ RunTime:0.0000s ]
SQL: UPDATE `num` SET `val`='3' WHERE `key` = 'page' [ RunTime:0.0020s ]
INFO: [ view_parse ] --START--
INFO: [ template_filter ] --START--
INFO: Run Behavior\ContentReplaceBehavior [ RunTime:0.000000s ]
INFO: [ template_filter ] --END-- [ RunTime:0.000000s ]
INFO: Run Behavior\ParseTemplateBehavior [ RunTime:0.006000s ]
INFO: [ view_parse ] --END-- [ RunTime:0.006000s ]
INFO: [ view_filter ] --START--
INFO: Run Behavior\WriteHtmlCacheBehavior [ RunTime:0.000000s ]
INFO: [ view_filter ] --END-- [ RunTime:0.000000s ]
INFO: [ app_end ] --START--
INFO: Run Behavior\ShowPageTraceBehavior [ RunTime:0.001000s ]
INFO: [ app_end ] --END-- [ RunTime:0.001000s ]

[ 2017-02-12T10:36:46+08:00 ] 127.0.0.1 /Admin/Blog/index
INFO: [ app_init ] --START--
INFO: Run Behavior\BuildLiteBehavior [ RunTime:0.000000s ]
INFO: [ app_init ] --END-- [ RunTime:0.001000s ]
INFO: [ app_begin ] --START--
INFO: Run Behavior\ReadHtmlCacheBehavior [ RunTime:0.001000s ]
INFO: [ app_begin ] --END-- [ RunTime:0.001000s ]
SQL: SHOW COLUMNS FROM `admin` [ RunTime:0.0060s ]
SQL: SELECT * FROM `admin` WHERE `aid` = 1 LIMIT 1   [ RunTime:0.0010s ]
SQL: SHOW COLUMNS FROM `setting` [ RunTime:0.0060s ]
SQL: SELECT * FROM `setting`  [ RunTime:0.0010s ]
SQL: SHOW COLUMNS FROM `page` [ RunTime:0.0060s ]
SQL: SELECT COUNT(*) AS tp_count FROM `page` LIMIT 1   [ RunTime:0.0000s ]
SQL: SELECT * FROM `page` ORDER BY pid desc LIMIT 0,30   [ RunTime:0.0010s ]
INFO: [ view_parse ] --START--
INFO: [ template_filter ] --START--
INFO: Run Behavior\ContentReplaceBehavior [ RunTime:0.000000s ]
INFO: [ template_filter ] --END-- [ RunTime:0.000000s ]
INFO: Run Behavior\ParseTemplateBehavior [ RunTime:0.007000s ]
INFO: [ view_parse ] --END-- [ RunTime:0.007000s ]
INFO: [ view_filter ] --START--
INFO: Run Behavior\WriteHtmlCacheBehavior [ RunTime:0.000000s ]
INFO: [ view_filter ] --END-- [ RunTime:0.000000s ]
INFO: [ app_end ] --START--
INFO: Run Behavior\ShowPageTraceBehavior [ RunTime:0.001000s ]
INFO: [ app_end ] --END-- [ RunTime:0.001000s ]

[ 2017-02-12T10:36:46+08:00 ] 127.0.0.1 /Admin/Blog/index
INFO: [ app_init ] --START--
INFO: Run Behavior\BuildLiteBehavior [ RunTime:0.000000s ]
INFO: [ app_init ] --END-- [ RunTime:0.001000s ]
INFO: [ app_begin ] --START--
INFO: Run Behavior\ReadHtmlCacheBehavior [ RunTime:0.001000s ]
INFO: [ app_begin ] --END-- [ RunTime:0.001000s ]
SQL: SHOW COLUMNS FROM `admin` [ RunTime:0.0050s ]
SQL: SELECT * FROM `admin` WHERE `aid` = 1 LIMIT 1   [ RunTime:0.0000s ]
SQL: SHOW COLUMNS FROM `setting` [ RunTime:0.0050s ]
SQL: SELECT * FROM `setting`  [ RunTime:0.0010s ]
SQL: SHOW COLUMNS FROM `page` [ RunTime:0.0060s ]
SQL: SELECT COUNT(*) AS tp_count FROM `page` LIMIT 1   [ RunTime:0.0000s ]
SQL: SELECT * FROM `page` ORDER BY pid desc LIMIT 0,30   [ RunTime:0.0010s ]
INFO: [ view_parse ] --START--
INFO: [ template_filter ] --START--
INFO: Run Behavior\ContentReplaceBehavior [ RunTime:0.000000s ]
INFO: [ template_filter ] --END-- [ RunTime:0.000000s ]
INFO: Run Behavior\ParseTemplateBehavior [ RunTime:0.007000s ]
INFO: [ view_parse ] --END-- [ RunTime:0.007000s ]
INFO: [ view_filter ] --START--
INFO: Run Behavior\WriteHtmlCacheBehavior [ RunTime:0.001001s ]
INFO: [ view_filter ] --END-- [ RunTime:0.001001s ]
INFO: [ app_end ] --START--
INFO: Run Behavior\ShowPageTraceBehavior [ RunTime:0.000000s ]
INFO: [ app_end ] --END-- [ RunTime:0.000000s ]

[ 2017-02-12T10:36:53+08:00 ] 127.0.0.1 /index.php/Admin/Blog/delete.html?pid=687
INFO: [ app_init ] --START--
INFO: Run Behavior\BuildLiteBehavior [ RunTime:0.000000s ]
INFO: [ app_init ] --END-- [ RunTime:0.001000s ]
INFO: [ app_begin ] --START--
INFO: Run Behavior\ReadHtmlCacheBehavior [ RunTime:0.001000s ]
INFO: [ app_begin ] --END-- [ RunTime:0.001000s ]
SQL: SHOW COLUMNS FROM `admin` [ RunTime:0.0050s ]
SQL: SELECT * FROM `admin` WHERE `aid` = 1 LIMIT 1   [ RunTime:0.0000s ]
SQL: SHOW COLUMNS FROM `num` [ RunTime:0.0050s ]
SQL: SHOW COLUMNS FROM `page` [ RunTime:0.0060s ]
SQL: DELETE FROM `page` WHERE `pid` = 687 [ RunTime:0.0040s ]
SQL: SELECT * FROM `num` WHERE `key` = 'page' LIMIT 1   [ RunTime:0.0010s ]

[ 2017-02-12T10:37:09+08:00 ] 127.0.0.1 /index.php/Admin/Blog/delete.html?pid=687
INFO: [ app_init ] --START--
INFO: Run Behavior\BuildLiteBehavior [ RunTime:0.000000s ]
INFO: [ app_init ] --END-- [ RunTime:0.001000s ]
INFO: [ app_begin ] --START--
INFO: Run Behavior\ReadHtmlCacheBehavior [ RunTime:0.000000s ]
INFO: [ app_begin ] --END-- [ RunTime:0.001000s ]
SQL: SHOW COLUMNS FROM `admin` [ RunTime:0.0060s ]
SQL: SELECT * FROM `admin` WHERE `aid` = 1 LIMIT 1   [ RunTime:0.0000s ]
SQL: SHOW COLUMNS FROM `num` [ RunTime:0.0050s ]
SQL: SHOW COLUMNS FROM `page` [ RunTime:0.0050s ]
SQL: DELETE FROM `page` WHERE `pid` = 687 [ RunTime:0.0010s ]
SQL: SELECT * FROM `num` WHERE `key` = 'page' LIMIT 1   [ RunTime:0.0010s ]
SQL: UPDATE `num` SET `val`='2' WHERE `key` = 'page' [ RunTime:0.0030s ]

[ 2017-02-12T10:37:09+08:00 ] 127.0.0.1 /index.php/Admin/Blog.html
INFO: [ app_init ] --START--
INFO: Run Behavior\BuildLiteBehavior [ RunTime:0.000000s ]
INFO: [ app_init ] --END-- [ RunTime:0.001000s ]
INFO: [ app_begin ] --START--
INFO: Run Behavior\ReadHtmlCacheBehavior [ RunTime:0.000000s ]
INFO: [ app_begin ] --END-- [ RunTime:0.000000s ]
SQL: SHOW COLUMNS FROM `admin` [ RunTime:0.0050s ]
SQL: SELECT * FROM `admin` WHERE `aid` = 1 LIMIT 1   [ RunTime:0.0010s ]
SQL: SHOW COLUMNS FROM `setting` [ RunTime:0.0050s ]
SQL: SELECT * FROM `setting`  [ RunTime:0.0000s ]
SQL: SHOW COLUMNS FROM `page` [ RunTime:0.0060s ]
SQL: SELECT COUNT(*) AS tp_count FROM `page` LIMIT 1   [ RunTime:0.0000s ]
SQL: SELECT * FROM `page` ORDER BY pid desc LIMIT 0,30   [ RunTime:0.0010s ]
INFO: [ view_parse ] --START--
INFO: [ template_filter ] --START--
INFO: Run Behavior\ContentReplaceBehavior [ RunTime:0.000000s ]
INFO: [ template_filter ] --END-- [ RunTime:0.000000s ]
INFO: Run Behavior\ParseTemplateBehavior [ RunTime:0.006000s ]
INFO: [ view_parse ] --END-- [ RunTime:0.006000s ]
INFO: [ view_filter ] --START--
INFO: Run Behavior\WriteHtmlCacheBehavior [ RunTime:0.001000s ]
INFO: [ view_filter ] --END-- [ RunTime:0.001000s ]
INFO: [ app_end ] --START--
INFO: Run Behavior\ShowPageTraceBehavior [ RunTime:0.001000s ]
INFO: [ app_end ] --END-- [ RunTime:0.001000s ]

[ 2017-02-12T10:37:21+08:00 ] 127.0.0.1 /index.php/Admin/Blog/add.html
INFO: [ app_init ] --START--
INFO: Run Behavior\BuildLiteBehavior [ RunTime:0.000000s ]
INFO: [ app_init ] --END-- [ RunTime:0.001000s ]
INFO: [ app_begin ] --START--
INFO: Run Behavior\ReadHtmlCacheBehavior [ RunTime:0.001001s ]
INFO: [ app_begin ] --END-- [ RunTime:0.001001s ]
SQL: SHOW COLUMNS FROM `admin` [ RunTime:0.0050s ]
SQL: SELECT * FROM `admin` WHERE `aid` = 1 LIMIT 1   [ RunTime:0.0000s ]
SQL: SHOW COLUMNS FROM `page` [ RunTime:0.0060s ]
INFO: [ view_parse ] --START--
INFO: [ template_filter ] --START--
INFO: Run Behavior\ContentReplaceBehavior [ RunTime:0.000000s ]
INFO: [ template_filter ] --END-- [ RunTime:0.000000s ]
INFO: Run Behavior\ParseTemplateBehavior [ RunTime:0.007000s ]
INFO: [ view_parse ] --END-- [ RunTime:0.008000s ]
INFO: [ view_filter ] --START--
INFO: Run Behavior\WriteHtmlCacheBehavior [ RunTime:0.000000s ]
INFO: [ view_filter ] --END-- [ RunTime:0.000000s ]
INFO: [ app_end ] --START--
INFO: Run Behavior\ShowPageTraceBehavior [ RunTime:0.001000s ]
INFO: [ app_end ] --END-- [ RunTime:0.001000s ]

[ 2017-02-12T10:37:26+08:00 ] 127.0.0.1 /index.php/Admin/Blog/save.html?pid=0
INFO: [ app_init ] --START--
INFO: Run Behavior\BuildLiteBehavior [ RunTime:0.000000s ]
INFO: [ app_init ] --END-- [ RunTime:0.001000s ]
INFO: [ app_begin ] --START--
INFO: Run Behavior\ReadHtmlCacheBehavior [ RunTime:0.001000s ]
INFO: [ app_begin ] --END-- [ RunTime:0.001000s ]
SQL: SHOW COLUMNS FROM `admin` [ RunTime:0.0050s ]
SQL: SELECT * FROM `admin` WHERE `aid` = 1 LIMIT 1   [ RunTime:0.0010s ]
SQL: SHOW COLUMNS FROM `page` [ RunTime:0.0050s ]
SQL: SHOW COLUMNS FROM `num` [ RunTime:0.0050s ]
NOTIC: [8] Undefined index: auto C:\www\tpblog\ThinkPHP\Library\Think\Model.class.php 第 1128 行.
SQL: INSERT INTO `page` (`title`,`author`,`content`,`img`,`intime`) VALUES ('23213213','213231321','&lt;p&gt;231231213&lt;/p&gt;','','1486867046') [ RunTime:0.0050s ]
SQL: SELECT * FROM `num` WHERE `key` = 'page' LIMIT 1   [ RunTime:0.0000s ]
SQL: UPDATE `num` SET `val`='3' WHERE `key` = 'page' [ RunTime:0.0030s ]
INFO: [ view_parse ] --START--
INFO: [ template_filter ] --START--
INFO: Run Behavior\ContentReplaceBehavior [ RunTime:0.000000s ]
INFO: [ template_filter ] --END-- [ RunTime:0.000000s ]
INFO: Run Behavior\ParseTemplateBehavior [ RunTime:0.006000s ]
INFO: [ view_parse ] --END-- [ RunTime:0.006000s ]
INFO: [ view_filter ] --START--
INFO: Run Behavior\WriteHtmlCacheBehavior [ RunTime:0.001000s ]
INFO: [ view_filter ] --END-- [ RunTime:0.001000s ]
INFO: [ app_end ] --START--
INFO: Run Behavior\ShowPageTraceBehavior [ RunTime:0.001000s ]
INFO: [ app_end ] --END-- [ RunTime:0.001000s ]

[ 2017-02-12T10:37:27+08:00 ] 127.0.0.1 /Admin/Blog/index
INFO: [ app_init ] --START--
INFO: Run Behavior\BuildLiteBehavior [ RunTime:0.000000s ]
INFO: [ app_init ] --END-- [ RunTime:0.000000s ]
INFO: [ app_begin ] --START--
INFO: Run Behavior\ReadHtmlCacheBehavior [ RunTime:0.001000s ]
INFO: [ app_begin ] --END-- [ RunTime:0.001000s ]
SQL: SHOW COLUMNS FROM `admin` [ RunTime:0.0050s ]
SQL: SELECT * FROM `admin` WHERE `aid` = 1 LIMIT 1   [ RunTime:0.0010s ]
SQL: SHOW COLUMNS FROM `setting` [ RunTime:0.0060s ]
SQL: SELECT * FROM `setting`  [ RunTime:0.0000s ]
SQL: SHOW COLUMNS FROM `page` [ RunTime:0.0050s ]
SQL: SELECT COUNT(*) AS tp_count FROM `page` LIMIT 1   [ RunTime:0.0010s ]
SQL: SELECT * FROM `page` ORDER BY pid desc LIMIT 0,30   [ RunTime:0.0000s ]
INFO: [ view_parse ] --START--
INFO: [ template_filter ] --START--
INFO: Run Behavior\ContentReplaceBehavior [ RunTime:0.000000s ]
INFO: [ template_filter ] --END-- [ RunTime:0.000000s ]
INFO: Run Behavior\ParseTemplateBehavior [ RunTime:0.007001s ]
INFO: [ view_parse ] --END-- [ RunTime:0.007001s ]
INFO: [ view_filter ] --START--
INFO: Run Behavior\WriteHtmlCacheBehavior [ RunTime:0.000000s ]
INFO: [ view_filter ] --END-- [ RunTime:0.000000s ]
INFO: [ app_end ] --START--
INFO: Run Behavior\ShowPageTraceBehavior [ RunTime:0.001000s ]
INFO: [ app_end ] --END-- [ RunTime:0.001000s ]

[ 2017-02-12T10:37:36+08:00 ] 127.0.0.1 /index.php/Admin/Blog/delete.html?pid=688
INFO: [ app_init ] --START--
INFO: Run Behavior\BuildLiteBehavior [ RunTime:0.000000s ]
INFO: [ app_init ] --END-- [ RunTime:0.000000s ]
INFO: [ app_begin ] --START--
INFO: Run Behavior\ReadHtmlCacheBehavior [ RunTime:0.001000s ]
INFO: [ app_begin ] --END-- [ RunTime:0.001000s ]
SQL: SHOW COLUMNS FROM `admin` [ RunTime:0.0060s ]
SQL: SELECT * FROM `admin` WHERE `aid` = 1 LIMIT 1   [ RunTime:0.0010s ]
SQL: SHOW COLUMNS FROM `num` [ RunTime:0.0070s ]
SQL: SHOW COLUMNS FROM `page` [ RunTime:0.0060s ]
SQL: DELETE FROM `page` WHERE `pid` = 688 [ RunTime:0.0050s ]
SQL: SELECT * FROM `num` WHERE `key` = 'page' LIMIT 1   [ RunTime:0.0010s ]
SQL: UPDATE `num` SET `val`='-1' WHERE `key` = 'page' [ RunTime:0.0030s ]

[ 2017-02-12T10:37:36+08:00 ] 127.0.0.1 /index.php/Admin/Blog.html
INFO: [ app_init ] --START--
INFO: Run Behavior\BuildLiteBehavior [ RunTime:0.000000s ]
INFO: [ app_init ] --END-- [ RunTime:0.000000s ]
INFO: [ app_begin ] --START--
INFO: Run Behavior\ReadHtmlCacheBehavior [ RunTime:0.000000s ]
INFO: [ app_begin ] --END-- [ RunTime:0.000000s ]
SQL: SHOW COLUMNS FROM `admin` [ RunTime:0.0050s ]
SQL: SELECT * FROM `admin` WHERE `aid` = 1 LIMIT 1   [ RunTime:0.0010s ]
SQL: SHOW COLUMNS FROM `setting` [ RunTime:0.0060s ]
SQL: SELECT * FROM `setting`  [ RunTime:0.0010s ]
SQL: SHOW COLUMNS FROM `page` [ RunTime:0.0050s ]
SQL: SELECT COUNT(*) AS tp_count FROM `page` LIMIT 1   [ RunTime:0.0000s ]
SQL: SELECT * FROM `page` ORDER BY pid desc LIMIT 0,30   [ RunTime:0.0000s ]
INFO: [ view_parse ] --START--
INFO: [ template_filter ] --START--
INFO: Run Behavior\ContentReplaceBehavior [ RunTime:0.001000s ]
INFO: [ template_filter ] --END-- [ RunTime:0.001000s ]
INFO: Run Behavior\ParseTemplateBehavior [ RunTime:0.006001s ]
INFO: [ view_parse ] --END-- [ RunTime:0.006001s ]
INFO: [ view_filter ] --START--
INFO: Run Behavior\WriteHtmlCacheBehavior [ RunTime:0.001000s ]
INFO: [ view_filter ] --END-- [ RunTime:0.001000s ]
INFO: [ app_end ] --START--
INFO: Run Behavior\ShowPageTraceBehavior [ RunTime:0.001000s ]
INFO: [ app_end ] --END-- [ RunTime:0.001000s ]

[ 2017-02-12T10:37:43+08:00 ] 127.0.0.1 /index.php/Admin/Blog/add.html
INFO: [ app_init ] --START--
INFO: Run Behavior\BuildLiteBehavior [ RunTime:0.001000s ]
INFO: [ app_init ] --END-- [ RunTime:0.001000s ]
INFO: [ app_begin ] --START--
INFO: Run Behavior\ReadHtmlCacheBehavior [ RunTime:0.001000s ]
INFO: [ app_begin ] --END-- [ RunTime:0.001000s ]
SQL: SHOW COLUMNS FROM `admin` [ RunTime:0.0050s ]
SQL: SELECT * FROM `admin` WHERE `aid` = 1 LIMIT 1   [ RunTime:0.0010s ]
SQL: SHOW COLUMNS FROM `page` [ RunTime:0.0060s ]
INFO: [ view_parse ] --START--
INFO: [ template_filter ] --START--
INFO: Run Behavior\ContentReplaceBehavior [ RunTime:0.000000s ]
INFO: [ template_filter ] --END-- [ RunTime:0.000000s ]
INFO: Run Behavior\ParseTemplateBehavior [ RunTime:0.007000s ]
INFO: [ view_parse ] --END-- [ RunTime:0.007000s ]
INFO: [ view_filter ] --START--
INFO: Run Behavior\WriteHtmlCacheBehavior [ RunTime:0.001000s ]
INFO: [ view_filter ] --END-- [ RunTime:0.001000s ]
INFO: [ app_end ] --START--
INFO: Run Behavior\ShowPageTraceBehavior [ RunTime:0.001000s ]
INFO: [ app_end ] --END-- [ RunTime:0.001000s ]

[ 2017-02-12T10:37:46+08:00 ] 127.0.0.1 /index.php/Admin/Blog/save.html?pid=0
INFO: [ app_init ] --START--
INFO: Run Behavior\BuildLiteBehavior [ RunTime:0.000000s ]
INFO: [ app_init ] --END-- [ RunTime:0.001000s ]
INFO: [ app_begin ] --START--
INFO: Run Behavior\ReadHtmlCacheBehavior [ RunTime:0.001000s ]
INFO: [ app_begin ] --END-- [ RunTime:0.002000s ]
SQL: SHOW COLUMNS FROM `admin` [ RunTime:0.0050s ]
SQL: SELECT * FROM `admin` WHERE `aid` = 1 LIMIT 1   [ RunTime:0.0010s ]
SQL: SHOW COLUMNS FROM `page` [ RunTime:0.0060s ]
SQL: SHOW COLUMNS FROM `num` [ RunTime:0.0050s ]
NOTIC: [8] Undefined index: auto C:\www\tpblog\ThinkPHP\Library\Think\Model.class.php 第 1128 行.
SQL: INSERT INTO `page` (`title`,`author`,`content`,`img`,`intime`) VALUES ('11','111','&lt;p&gt;111&lt;/p&gt;','','1486867066') [ RunTime:0.0040s ]
SQL: SELECT * FROM `num` WHERE `key` = 'page' LIMIT 1   [ RunTime:0.0010s ]
SQL: UPDATE `num` SET `val`='1' WHERE `key` = 'page' [ RunTime:0.0010s ]
INFO: [ view_parse ] --START--
INFO: [ template_filter ] --START--
INFO: Run Behavior\ContentReplaceBehavior [ RunTime:0.000000s ]
INFO: [ template_filter ] --END-- [ RunTime:0.000000s ]
INFO: Run Behavior\ParseTemplateBehavior [ RunTime:0.006001s ]
INFO: [ view_parse ] --END-- [ RunTime:0.006001s ]
INFO: [ view_filter ] --START--
INFO: Run Behavior\WriteHtmlCacheBehavior [ RunTime:0.000000s ]
INFO: [ view_filter ] --END-- [ RunTime:0.000000s ]
INFO: [ app_end ] --START--
INFO: Run Behavior\ShowPageTraceBehavior [ RunTime:0.001000s ]
INFO: [ app_end ] --END-- [ RunTime:0.001000s ]

[ 2017-02-12T10:37:47+08:00 ] 127.0.0.1 /Admin/Blog/index
INFO: [ app_init ] --START--
INFO: Run Behavior\BuildLiteBehavior [ RunTime:0.000000s ]
INFO: [ app_init ] --END-- [ RunTime:0.001000s ]
INFO: [ app_begin ] --START--
INFO: Run Behavior\ReadHtmlCacheBehavior [ RunTime:0.001000s ]
INFO: [ app_begin ] --END-- [ RunTime:0.001000s ]
SQL: SHOW COLUMNS FROM `admin` [ RunTime:0.0050s ]
SQL: SELECT * FROM `admin` WHERE `aid` = 1 LIMIT 1   [ RunTime:0.0010s ]
SQL: SHOW COLUMNS FROM `setting` [ RunTime:0.0060s ]
SQL: SELECT * FROM `setting`  [ RunTime:0.0000s ]
SQL: SHOW COLUMNS FROM `page` [ RunTime:0.0050s ]
SQL: SELECT COUNT(*) AS tp_count FROM `page` LIMIT 1   [ RunTime:0.0010s ]
SQL: SELECT * FROM `page` ORDER BY pid desc LIMIT 0,30   [ RunTime:0.0010s ]
INFO: [ view_parse ] --START--
INFO: [ template_filter ] --START--
INFO: Run Behavior\ContentReplaceBehavior [ RunTime:0.000000s ]
INFO: [ template_filter ] --END-- [ RunTime:0.000000s ]
INFO: Run Behavior\ParseTemplateBehavior [ RunTime:0.007000s ]
INFO: [ view_parse ] --END-- [ RunTime:0.007000s ]
INFO: [ view_filter ] --START--
INFO: Run Behavior\WriteHtmlCacheBehavior [ RunTime:0.000000s ]
INFO: [ view_filter ] --END-- [ RunTime:0.001000s ]
INFO: [ app_end ] --START--
INFO: Run Behavior\ShowPageTraceBehavior [ RunTime:0.000000s ]
INFO: [ app_end ] --END-- [ RunTime:0.000000s ]

[ 2017-02-12T10:38:26+08:00 ] 127.0.0.1 /index.php/Admin/Blog/delete.html?pid=689
INFO: [ app_init ] --START--
INFO: Run Behavior\BuildLiteBehavior [ RunTime:0.000000s ]
INFO: [ app_init ] --END-- [ RunTime:0.001000s ]
INFO: [ app_begin ] --START--
INFO: Run Behavior\ReadHtmlCacheBehavior [ RunTime:0.001001s ]
INFO: [ app_begin ] --END-- [ RunTime:0.001001s ]
SQL: SHOW COLUMNS FROM `admin` [ RunTime:0.0050s ]
SQL: SELECT * FROM `admin` WHERE `aid` = 1 LIMIT 1   [ RunTime:0.0000s ]
SQL: SHOW COLUMNS FROM `num` [ RunTime:0.0050s ]
SQL: SHOW COLUMNS FROM `page` [ RunTime:0.0060s ]
SQL: DELETE FROM `page` WHERE `pid` = 689 [ RunTime:0.0060s ]
SQL: SELECT * FROM `num` WHERE `key` = 'page' LIMIT 1   [ RunTime:0.0010s ]
SQL: UPDATE `num` SET `val`='0' WHERE `key` = 'page' [ RunTime:0.0040s ]

[ 2017-02-12T10:38:26+08:00 ] 127.0.0.1 /index.php/Admin/Blog.html
INFO: [ app_init ] --START--
INFO: Run Behavior\BuildLiteBehavior [ RunTime:0.000000s ]
INFO: [ app_init ] --END-- [ RunTime:0.001000s ]
INFO: [ app_begin ] --START--
INFO: Run Behavior\ReadHtmlCacheBehavior [ RunTime:0.001000s ]
INFO: [ app_begin ] --END-- [ RunTime:0.001000s ]
SQL: SHOW COLUMNS FROM `admin` [ RunTime:0.0050s ]
SQL: SELECT * FROM `admin` WHERE `aid` = 1 LIMIT 1   [ RunTime:0.0010s ]
SQL: SHOW COLUMNS FROM `setting` [ RunTime:0.0050s ]
SQL: SELECT * FROM `setting`  [ RunTime:0.0000s ]
SQL: SHOW COLUMNS FROM `page` [ RunTime:0.0050s ]
SQL: SELECT COUNT(*) AS tp_count FROM `page` LIMIT 1   [ RunTime:0.0010s ]
SQL: SELECT * FROM `page` ORDER BY pid desc LIMIT 0,30   [ RunTime:0.0000s ]
INFO: [ view_parse ] --START--
INFO: [ template_filter ] --START--
INFO: Run Behavior\ContentReplaceBehavior [ RunTime:0.000000s ]
INFO: [ template_filter ] --END-- [ RunTime:0.000000s ]
INFO: Run Behavior\ParseTemplateBehavior [ RunTime:0.006001s ]
INFO: [ view_parse ] --END-- [ RunTime:0.006001s ]
INFO: [ view_filter ] --START--
INFO: Run Behavior\WriteHtmlCacheBehavior [ RunTime:0.001000s ]
INFO: [ view_filter ] --END-- [ RunTime:0.001000s ]
INFO: [ app_end ] --START--
INFO: Run Behavior\ShowPageTraceBehavior [ RunTime:0.001000s ]
INFO: [ app_end ] --END-- [ RunTime:0.001000s ]

[ 2017-02-12T10:39:33+08:00 ] 127.0.0.1 /index.php/Admin/Blog/add.html
INFO: [ app_init ] --START--
INFO: Run Behavior\BuildLiteBehavior [ RunTime:0.000000s ]
INFO: [ app_init ] --END-- [ RunTime:0.000000s ]
INFO: [ app_begin ] --START--
INFO: Run Behavior\ReadHtmlCacheBehavior [ RunTime:0.000000s ]
INFO: [ app_begin ] --END-- [ RunTime:0.000000s ]
SQL: SHOW COLUMNS FROM `admin` [ RunTime:0.0050s ]
SQL: SELECT * FROM `admin` WHERE `aid` = 1 LIMIT 1   [ RunTime:0.0000s ]
SQL: SHOW COLUMNS FROM `page` [ RunTime:0.0050s ]
INFO: [ view_parse ] --START--
INFO: [ template_filter ] --START--
INFO: Run Behavior\ContentReplaceBehavior [ RunTime:0.000000s ]
INFO: [ template_filter ] --END-- [ RunTime:0.000000s ]
INFO: Run Behavior\ParseTemplateBehavior [ RunTime:0.007001s ]
INFO: [ view_parse ] --END-- [ RunTime:0.007001s ]
INFO: [ view_filter ] --START--
INFO: Run Behavior\WriteHtmlCacheBehavior [ RunTime:0.001000s ]
INFO: [ view_filter ] --END-- [ RunTime:0.001000s ]
INFO: [ app_end ] --START--
INFO: Run Behavior\ShowPageTraceBehavior [ RunTime:0.001000s ]
INFO: [ app_end ] --END-- [ RunTime:0.001000s ]

[ 2017-02-12T10:39:38+08:00 ] 127.0.0.1 /index.php/Admin/Blog/index.html
INFO: [ app_init ] --START--
INFO: Run Behavior\BuildLiteBehavior [ RunTime:0.000000s ]
INFO: [ app_init ] --END-- [ RunTime:0.001000s ]
INFO: [ app_begin ] --START--
INFO: Run Behavior\ReadHtmlCacheBehavior [ RunTime:0.001000s ]
INFO: [ app_begin ] --END-- [ RunTime:0.001000s ]
SQL: SHOW COLUMNS FROM `admin` [ RunTime:0.0060s ]
SQL: SELECT * FROM `admin` WHERE `aid` = 1 LIMIT 1   [ RunTime:0.0000s ]
SQL: SHOW COLUMNS FROM `setting` [ RunTime:0.0050s ]
SQL: SELECT * FROM `setting`  [ RunTime:0.0000s ]
SQL: SHOW COLUMNS FROM `page` [ RunTime:0.0050s ]
SQL: SELECT COUNT(*) AS tp_count FROM `page` LIMIT 1   [ RunTime:0.0000s ]
SQL: SELECT * FROM `page` ORDER BY pid desc LIMIT 0,30   [ RunTime:0.0010s ]
INFO: [ view_parse ] --START--
INFO: [ template_filter ] --START--
INFO: Run Behavior\ContentReplaceBehavior [ RunTime:0.000000s ]
INFO: [ template_filter ] --END-- [ RunTime:0.000000s ]
INFO: Run Behavior\ParseTemplateBehavior [ RunTime:0.007001s ]
INFO: [ view_parse ] --END-- [ RunTime:0.007001s ]
INFO: [ view_filter ] --START--
INFO: Run Behavior\WriteHtmlCacheBehavior [ RunTime:0.000000s ]
INFO: [ view_filter ] --END-- [ RunTime:0.000000s ]
INFO: [ app_end ] --START--
INFO: Run Behavior\ShowPageTraceBehavior [ RunTime:0.000000s ]
INFO: [ app_end ] --END-- [ RunTime:0.000000s ]

[ 2017-02-12T10:39:53+08:00 ] 127.0.0.1 /index.php/Admin/Blog/index.html
INFO: [ app_init ] --START--
INFO: Run Behavior\BuildLiteBehavior [ RunTime:0.001000s ]
INFO: [ app_init ] --END-- [ RunTime:0.001000s ]
INFO: [ app_begin ] --START--
INFO: Run Behavior\ReadHtmlCacheBehavior [ RunTime:0.001000s ]
INFO: [ app_begin ] --END-- [ RunTime:0.001000s ]
SQL: SHOW COLUMNS FROM `admin` [ RunTime:0.0050s ]
SQL: SELECT * FROM `admin` WHERE `aid` = 1 LIMIT 1   [ RunTime:0.0010s ]
SQL: SHOW COLUMNS FROM `setting` [ RunTime:0.0050s ]
SQL: SELECT * FROM `setting`  [ RunTime:0.0010s ]
SQL: SHOW COLUMNS FROM `page` [ RunTime:0.0050s ]
SQL: SELECT COUNT(*) AS tp_count FROM `page` LIMIT 1   [ RunTime:0.0000s ]
SQL: SELECT * FROM `page` ORDER BY pid desc LIMIT 0,30   [ RunTime:0.0000s ]
INFO: [ view_parse ] --START--
INFO: [ template_filter ] --START--
INFO: Run Behavior\ContentReplaceBehavior [ RunTime:0.000000s ]
INFO: [ template_filter ] --END-- [ RunTime:0.000000s ]
INFO: Run Behavior\ParseTemplateBehavior [ RunTime:0.006000s ]
INFO: [ view_parse ] --END-- [ RunTime:0.006000s ]
INFO: [ view_filter ] --START--
INFO: Run Behavior\WriteHtmlCacheBehavior [ RunTime:0.001000s ]
INFO: [ view_filter ] --END-- [ RunTime:0.001000s ]
INFO: [ app_end ] --START--
INFO: Run Behavior\ShowPageTraceBehavior [ RunTime:0.001000s ]
INFO: [ app_end ] --END-- [ RunTime:0.001000s ]

[ 2017-02-12T10:39:55+08:00 ] 127.0.0.1 /index.php/Admin/Auser/index.html
INFO: [ app_init ] --START--
INFO: Run Behavior\BuildLiteBehavior [ RunTime:0.000000s ]
INFO: [ app_init ] --END-- [ RunTime:0.000000s ]
INFO: [ app_begin ] --START--
INFO: Run Behavior\ReadHtmlCacheBehavior [ RunTime:0.001000s ]
INFO: [ app_begin ] --END-- [ RunTime:0.001000s ]
SQL: SHOW COLUMNS FROM `admin` [ RunTime:0.0060s ]
SQL: SELECT * FROM `admin` WHERE `aid` = 1 LIMIT 1   [ RunTime:0.0010s ]
SQL: SELECT * FROM `admin`  [ RunTime:0.0000s ]
INFO: [ view_parse ] --START--
INFO: [ template_filter ] --START--
INFO: Run Behavior\ContentReplaceBehavior [ RunTime:0.000000s ]
INFO: [ template_filter ] --END-- [ RunTime:0.000000s ]
INFO: Run Behavior\ParseTemplateBehavior [ RunTime:0.007001s ]
INFO: [ view_parse ] --END-- [ RunTime:0.007001s ]
INFO: [ view_filter ] --START--
INFO: Run Behavior\WriteHtmlCacheBehavior [ RunTime:0.000000s ]
INFO: [ view_filter ] --END-- [ RunTime:0.000000s ]
INFO: [ app_end ] --START--
INFO: Run Behavior\ShowPageTraceBehavior [ RunTime:0.001000s ]
INFO: [ app_end ] --END-- [ RunTime:0.001000s ]

[ 2017-02-12T10:39:55+08:00 ] 127.0.0.1 /index.php/Admin/Setting/index.html
INFO: [ app_init ] --START--
INFO: Run Behavior\BuildLiteBehavior [ RunTime:0.000000s ]
INFO: [ app_init ] --END-- [ RunTime:0.001000s ]
INFO: [ app_begin ] --START--
INFO: Run Behavior\ReadHtmlCacheBehavior [ RunTime:0.002001s ]
INFO: [ app_begin ] --END-- [ RunTime:0.002001s ]
SQL: SHOW COLUMNS FROM `admin` [ RunTime:0.0050s ]
SQL: SELECT * FROM `admin` WHERE `aid` = 1 LIMIT 1   [ RunTime:0.0010s ]
SQL: SHOW COLUMNS FROM `setting` [ RunTime:0.0050s ]
SQL: SELECT * FROM `setting`  [ RunTime:0.0010s ]
INFO: [ view_parse ] --START--
INFO: [ template_filter ] --START--
INFO: Run Behavior\ContentReplaceBehavior [ RunTime:0.000000s ]
INFO: [ template_filter ] --END-- [ RunTime:0.000000s ]
INFO: Run Behavior\ParseTemplateBehavior [ RunTime:0.009000s ]
INFO: [ view_parse ] --END-- [ RunTime:0.009000s ]
INFO: [ view_filter ] --START--
INFO: Run Behavior\WriteHtmlCacheBehavior [ RunTime:0.000000s ]
INFO: [ view_filter ] --END-- [ RunTime:0.000000s ]
INFO: [ app_end ] --START--
INFO: Run Behavior\ShowPageTraceBehavior [ RunTime:0.001001s ]
INFO: [ app_end ] --END-- [ RunTime:0.001001s ]

[ 2017-02-12T10:39:56+08:00 ] 127.0.0.1 /index.php/Admin/Auser/index.html
INFO: [ app_init ] --START--
INFO: Run Behavior\BuildLiteBehavior [ RunTime:0.000000s ]
INFO: [ app_init ] --END-- [ RunTime:0.000000s ]
INFO: [ app_begin ] --START--
INFO: Run Behavior\ReadHtmlCacheBehavior [ RunTime:0.001001s ]
INFO: [ app_begin ] --END-- [ RunTime:0.001001s ]
SQL: SHOW COLUMNS FROM `admin` [ RunTime:0.0050s ]
SQL: SELECT * FROM `admin` WHERE `aid` = 1 LIMIT 1   [ RunTime:0.0010s ]
SQL: SELECT * FROM `admin`  [ RunTime:0.0010s ]
INFO: [ view_parse ] --START--
INFO: [ template_filter ] --START--
INFO: Run Behavior\ContentReplaceBehavior [ RunTime:0.001000s ]
INFO: [ template_filter ] --END-- [ RunTime:0.001000s ]
INFO: Run Behavior\ParseTemplateBehavior [ RunTime:0.007000s ]
INFO: [ view_parse ] --END-- [ RunTime:0.007000s ]
INFO: [ view_filter ] --START--
INFO: Run Behavior\WriteHtmlCacheBehavior [ RunTime:0.000000s ]
INFO: [ view_filter ] --END-- [ RunTime:0.001000s ]
INFO: [ app_end ] --START--
INFO: Run Behavior\ShowPageTraceBehavior [ RunTime:0.000000s ]
INFO: [ app_end ] --END-- [ RunTime:0.000000s ]

[ 2017-02-12T10:39:57+08:00 ] 127.0.0.1 /index.php/Admin/Blog/index.html
INFO: [ app_init ] --START--
INFO: Run Behavior\BuildLiteBehavior [ RunTime:0.000000s ]
INFO: [ app_init ] --END-- [ RunTime:0.001000s ]
INFO: [ app_begin ] --START--
INFO: Run Behavior\ReadHtmlCacheBehavior [ RunTime:0.000000s ]
INFO: [ app_begin ] --END-- [ RunTime:0.000000s ]
SQL: SHOW COLUMNS FROM `admin` [ RunTime:0.0050s ]
SQL: SELECT * FROM `admin` WHERE `aid` = 1 LIMIT 1   [ RunTime:0.0000s ]
SQL: SHOW COLUMNS FROM `setting` [ RunTime:0.0050s ]
SQL: SELECT * FROM `setting`  [ RunTime:0.0010s ]
SQL: SHOW COLUMNS FROM `page` [ RunTime:0.0050s ]
SQL: SELECT COUNT(*) AS tp_count FROM `page` LIMIT 1   [ RunTime:0.0010s ]
SQL: SELECT * FROM `page` ORDER BY pid desc LIMIT 0,30   [ RunTime:0.0000s ]
INFO: [ view_parse ] --START--
INFO: [ template_filter ] --START--
INFO: Run Behavior\ContentReplaceBehavior [ RunTime:0.000000s ]
INFO: [ template_filter ] --END-- [ RunTime:0.000000s ]
INFO: Run Behavior\ParseTemplateBehavior [ RunTime:0.007001s ]
INFO: [ view_parse ] --END-- [ RunTime:0.008001s ]
INFO: [ view_filter ] --START--
INFO: Run Behavior\WriteHtmlCacheBehavior [ RunTime:0.001000s ]
INFO: [ view_filter ] --END-- [ RunTime:0.001000s ]
INFO: [ app_end ] --START--
INFO: Run Behavior\ShowPageTraceBehavior [ RunTime:0.000000s ]
INFO: [ app_end ] --END-- [ RunTime:0.001000s ]

[ 2017-02-12T10:39:57+08:00 ] 127.0.0.1 /index.php/Admin/Auser/index.html
INFO: [ app_init ] --START--
INFO: Run Behavior\BuildLiteBehavior [ RunTime:0.000000s ]
INFO: [ app_init ] --END-- [ RunTime:0.001000s ]
INFO: [ app_begin ] --START--
INFO: Run Behavior\ReadHtmlCacheBehavior [ RunTime:0.001000s ]
INFO: [ app_begin ] --END-- [ RunTime:0.001000s ]
SQL: SHOW COLUMNS FROM `admin` [ RunTime:0.0050s ]
SQL: SELECT * FROM `admin` WHERE `aid` = 1 LIMIT 1   [ RunTime:0.0000s ]
SQL: SELECT * FROM `admin`  [ RunTime:0.0010s ]
INFO: [ view_parse ] --START--
INFO: [ template_filter ] --START--
INFO: Run Behavior\ContentReplaceBehavior [ RunTime:0.000000s ]
INFO: [ template_filter ] --END-- [ RunTime:0.000000s ]
INFO: Run Behavior\ParseTemplateBehavior [ RunTime:0.008001s ]
INFO: [ view_parse ] --END-- [ RunTime:0.008001s ]
INFO: [ view_filter ] --START--
INFO: Run Behavior\WriteHtmlCacheBehavior [ RunTime:0.000000s ]
INFO: [ view_filter ] --END-- [ RunTime:0.000000s ]
INFO: [ app_end ] --START--
INFO: Run Behavior\ShowPageTraceBehavior [ RunTime:0.001000s ]
INFO: [ app_end ] --END-- [ RunTime:0.001000s ]

[ 2017-02-12T10:39:58+08:00 ] 127.0.0.1 /index.php/Admin/Setting/index.html
INFO: [ app_init ] --START--
INFO: Run Behavior\BuildLiteBehavior [ RunTime:0.000000s ]
INFO: [ app_init ] --END-- [ RunTime:0.001000s ]
INFO: [ app_begin ] --START--
INFO: Run Behavior\ReadHtmlCacheBehavior [ RunTime:0.000000s ]
INFO: [ app_begin ] --END-- [ RunTime:0.000000s ]
SQL: SHOW COLUMNS FROM `admin` [ RunTime:0.0050s ]
SQL: SELECT * FROM `admin` WHERE `aid` = 1 LIMIT 1   [ RunTime:0.0000s ]
SQL: SHOW COLUMNS FROM `setting` [ RunTime:0.0050s ]
SQL: SELECT * FROM `setting`  [ RunTime:0.0010s ]
INFO: [ view_parse ] --START--
INFO: [ template_filter ] --START--
INFO: Run Behavior\ContentReplaceBehavior [ RunTime:0.000000s ]
INFO: [ template_filter ] --END-- [ RunTime:0.000000s ]
INFO: Run Behavior\ParseTemplateBehavior [ RunTime:0.007000s ]
INFO: [ view_parse ] --END-- [ RunTime:0.007000s ]
INFO: [ view_filter ] --START--
INFO: Run Behavior\WriteHtmlCacheBehavior [ RunTime:0.000000s ]
INFO: [ view_filter ] --END-- [ RunTime:0.000000s ]
INFO: [ app_end ] --START--
INFO: Run Behavior\ShowPageTraceBehavior [ RunTime:0.001000s ]
INFO: [ app_end ] --END-- [ RunTime:0.001000s ]

[ 2017-02-12T10:40:32+08:00 ] 127.0.0.1 /index.php/Admin/Index/index.html
INFO: [ app_init ] --START--
INFO: Run Behavior\BuildLiteBehavior [ RunTime:0.000000s ]
INFO: [ app_init ] --END-- [ RunTime:0.001001s ]
INFO: [ app_begin ] --START--
INFO: Run Behavior\ReadHtmlCacheBehavior [ RunTime:0.001000s ]
INFO: [ app_begin ] --END-- [ RunTime:0.001000s ]
SQL: SHOW COLUMNS FROM `admin` [ RunTime:0.0060s ]
SQL: SELECT * FROM `admin` WHERE `aid` = 1 LIMIT 1   [ RunTime:0.0000s ]
INFO: [ view_parse ] --START--
INFO: [ template_filter ] --START--
INFO: Run Behavior\ContentReplaceBehavior [ RunTime:0.000000s ]
INFO: [ template_filter ] --END-- [ RunTime:0.000000s ]
INFO: Run Behavior\ParseTemplateBehavior [ RunTime:0.007000s ]
INFO: [ view_parse ] --END-- [ RunTime:0.007000s ]
INFO: [ view_filter ] --START--
INFO: Run Behavior\WriteHtmlCacheBehavior [ RunTime:0.001000s ]
INFO: [ view_filter ] --END-- [ RunTime:0.001000s ]
INFO: [ app_end ] --START--
INFO: Run Behavior\ShowPageTraceBehavior [ RunTime:0.000000s ]
INFO: [ app_end ] --END-- [ RunTime:0.000000s ]

[ 2017-02-12T10:40:33+08:00 ] 127.0.0.1 /index.php/Admin/Auser/index.html
INFO: [ app_init ] --START--
INFO: Run Behavior\BuildLiteBehavior [ RunTime:0.000000s ]
INFO: [ app_init ] --END-- [ RunTime:0.001000s ]
INFO: [ app_begin ] --START--
INFO: Run Behavior\ReadHtmlCacheBehavior [ RunTime:0.001000s ]
INFO: [ app_begin ] --END-- [ RunTime:0.001000s ]
SQL: SHOW COLUMNS FROM `admin` [ RunTime:0.0050s ]
SQL: SELECT * FROM `admin` WHERE `aid` = 1 LIMIT 1   [ RunTime:0.0010s ]
SQL: SELECT * FROM `admin`  [ RunTime:0.0000s ]
INFO: [ view_parse ] --START--
INFO: [ template_filter ] --START--
INFO: Run Behavior\ContentReplaceBehavior [ RunTime:0.001000s ]
INFO: [ template_filter ] --END-- [ RunTime:0.001000s ]
INFO: Run Behavior\ParseTemplateBehavior [ RunTime:0.007001s ]
INFO: [ view_parse ] --END-- [ RunTime:0.007001s ]
INFO: [ view_filter ] --START--
INFO: Run Behavior\WriteHtmlCacheBehavior [ RunTime:0.000000s ]
INFO: [ view_filter ] --END-- [ RunTime:0.000000s ]
INFO: [ app_end ] --START--
INFO: Run Behavior\ShowPageTraceBehavior [ RunTime:0.001000s ]
INFO: [ app_end ] --END-- [ RunTime:0.001000s ]

[ 2017-02-12T10:41:03+08:00 ] 127.0.0.1 /index.php/Admin/Auser/index.html
INFO: [ app_init ] --START--
INFO: Run Behavior\BuildLiteBehavior [ RunTime:0.000000s ]
INFO: [ app_init ] --END-- [ RunTime:0.001000s ]
INFO: [ app_begin ] --START--
INFO: Run Behavior\ReadHtmlCacheBehavior [ RunTime:0.002001s ]
INFO: [ app_begin ] --END-- [ RunTime:0.002001s ]
SQL: SHOW COLUMNS FROM `admin` [ RunTime:0.0050s ]
SQL: SELECT * FROM `admin` WHERE `aid` = 1 LIMIT 1   [ RunTime:0.0010s ]
SQL: SELECT * FROM `admin`  [ RunTime:0.0000s ]
INFO: [ view_parse ] --START--
INFO: [ template_filter ] --START--
INFO: Run Behavior\ContentReplaceBehavior [ RunTime:0.000000s ]
INFO: [ template_filter ] --END-- [ RunTime:0.000000s ]
INFO: Run Behavior\ParseTemplateBehavior [ RunTime:0.007000s ]
INFO: [ view_parse ] --END-- [ RunTime:0.007000s ]
INFO: [ view_filter ] --START--
INFO: Run Behavior\WriteHtmlCacheBehavior [ RunTime:0.000000s ]
INFO: [ view_filter ] --END-- [ RunTime:0.000000s ]
INFO: [ app_end ] --START--
INFO: Run Behavior\ShowPageTraceBehavior [ RunTime:0.001000s ]
INFO: [ app_end ] --END-- [ RunTime:0.001000s ]

[ 2017-02-12T10:47:35+08:00 ] 127.0.0.1 /index.php/Admin/Blog/index.html
INFO: [ app_init ] --START--
INFO: Run Behavior\BuildLiteBehavior [ RunTime:0.000000s ]
INFO: [ app_init ] --END-- [ RunTime:0.000000s ]
INFO: [ app_begin ] --START--
INFO: Run Behavior\ReadHtmlCacheBehavior [ RunTime:0.001000s ]
INFO: [ app_begin ] --END-- [ RunTime:0.001000s ]
SQL: SHOW COLUMNS FROM `admin` [ RunTime:0.0050s ]
SQL: SELECT * FROM `admin` WHERE `aid` = 1 LIMIT 1   [ RunTime:0.0010s ]
SQL: SHOW COLUMNS FROM `setting` [ RunTime:0.0050s ]
SQL: SELECT * FROM `setting`  [ RunTime:0.0000s ]
SQL: SHOW COLUMNS FROM `page` [ RunTime:0.0050s ]
SQL: SELECT COUNT(*) AS tp_count FROM `page` LIMIT 1   [ RunTime:0.0010s ]
SQL: SELECT * FROM `page` ORDER BY pid desc LIMIT 0,30   [ RunTime:0.0000s ]
INFO: [ view_parse ] --START--
INFO: [ template_filter ] --START--
INFO: Run Behavior\ContentReplaceBehavior [ RunTime:0.000000s ]
INFO: [ template_filter ] --END-- [ RunTime:0.000000s ]
INFO: Run Behavior\ParseTemplateBehavior [ RunTime:0.008000s ]
INFO: [ view_parse ] --END-- [ RunTime:0.008000s ]
INFO: [ view_filter ] --START--
INFO: Run Behavior\WriteHtmlCacheBehavior [ RunTime:0.000000s ]
INFO: [ view_filter ] --END-- [ RunTime:0.000000s ]
INFO: [ app_end ] --START--
INFO: Run Behavior\ShowPageTraceBehavior [ RunTime:0.001000s ]
INFO: [ app_end ] --END-- [ RunTime:0.001000s ]

[ 2017-02-12T10:47:36+08:00 ] 127.0.0.1 /index.php/Admin/Blog/add.html
INFO: [ app_init ] --START--
INFO: Run Behavior\BuildLiteBehavior [ RunTime:0.000000s ]
INFO: [ app_init ] --END-- [ RunTime:0.000000s ]
INFO: [ app_begin ] --START--
INFO: Run Behavior\ReadHtmlCacheBehavior [ RunTime:0.001000s ]
INFO: [ app_begin ] --END-- [ RunTime:0.001000s ]
SQL: SHOW COLUMNS FROM `admin` [ RunTime:0.0050s ]
SQL: SELECT * FROM `admin` WHERE `aid` = 1 LIMIT 1   [ RunTime:0.0010s ]
SQL: SHOW COLUMNS FROM `page` [ RunTime:0.0050s ]
INFO: [ view_parse ] --START--
INFO: [ template_filter ] --START--
INFO: Run Behavior\ContentReplaceBehavior [ RunTime:0.000000s ]
INFO: [ template_filter ] --END-- [ RunTime:0.000000s ]
INFO: Run Behavior\ParseTemplateBehavior [ RunTime:0.007000s ]
INFO: [ view_parse ] --END-- [ RunTime:0.007000s ]
INFO: [ view_filter ] --START--
INFO: Run Behavior\WriteHtmlCacheBehavior [ RunTime:0.001000s ]
INFO: [ view_filter ] --END-- [ RunTime:0.001000s ]
INFO: [ app_end ] --START--
INFO: Run Behavior\ShowPageTraceBehavior [ RunTime:0.001000s ]
INFO: [ app_end ] --END-- [ RunTime:0.001000s ]

[ 2017-02-12T10:48:09+08:00 ] 127.0.0.1 /index.php/Admin/Blog/save.html?pid=0
INFO: [ app_init ] --START--
INFO: Run Behavior\BuildLiteBehavior [ RunTime:0.000000s ]
INFO: [ app_init ] --END-- [ RunTime:0.001000s ]
INFO: [ app_begin ] --START--
INFO: Run Behavior\ReadHtmlCacheBehavior [ RunTime:0.000000s ]
INFO: [ app_begin ] --END-- [ RunTime:0.000000s ]
SQL: SHOW COLUMNS FROM `admin` [ RunTime:0.0060s ]
SQL: SELECT * FROM `admin` WHERE `aid` = 1 LIMIT 1   [ RunTime:0.0010s ]
SQL: SHOW COLUMNS FROM `page` [ RunTime:0.0050s ]
SQL: SHOW COLUMNS FROM `num` [ RunTime:0.0050s ]
NOTIC: [8] Undefined index: auto C:\www\tpblog\ThinkPHP\Library\Think\Model.class.php 第 1128 行.
SQL: INSERT INTO `page` (`title`,`author`,`content`,`img`,`intime`) VALUES ('呵呵呵','呵呵','&lt;p&gt;呵呵呵呵&lt;span style=&quot;font-size: 16px;&quot;&gt;呵呵呵呵&lt;/span&gt;&lt;span style=&quot;font-size: 16px;&quot;&gt;呵呵呵呵&lt;/span&gt;&lt;span style=&quot;font-size: 16px;&quot;&gt;呵呵呵呵&lt;/span&gt;&lt;span style=&quot;font-size: 16px;&quot;&gt;呵呵呵呵&lt;/span&gt;&lt;span style=&quot;font-size: 16px;&quot;&gt;呵呵呵呵&lt;/span&gt;&lt;span style=&quot;font-size: 16px;&quot;&gt;呵呵呵呵&lt;/span&gt;&lt;span style=&quot;font-size: 16px;&quot;&gt;呵呵呵呵&lt;/span&gt;&lt;span style=&quot;font-size: 16px;&quot;&gt;呵呵呵呵&lt;/span&gt;&lt;span style=&quot;font-size: 16px;&quot;&gt;呵呵呵呵&lt;/span&gt;&lt;span style=&quot;font-size: 16px;&quot;&gt;呵呵呵呵&lt;/span&gt;&lt;span style=&quot;font-size: 16px;&quot;&gt;呵呵呵呵&lt;/span&gt;&lt;span style=&quot;font-size: 16px;&quot;&gt;呵呵呵呵&lt;/span&gt;&lt;span style=&quot;font-size: 16px;&quot;&gt;呵呵呵呵&lt;/span&gt;&lt;span style=&quot;font-size: 16px;&quot;&gt;呵呵呵呵&lt;/span&gt;&lt;span style=&quot;font-size: 16px;&quot;&gt;呵呵呵呵&lt;/span&gt;&lt;span style=&quot;font-size: 16px;&quot;&gt;呵呵呵呵&lt;/span&gt;&lt;span style=&quot;font-size: 16px;&quot;&gt;呵呵呵呵&lt;/span&gt;&lt;span style=&quot;font-size: 16px;&quot;&gt;呵呵呵呵&lt;/span&gt;&lt;span style=&quot;font-size: 16px;&quot;&gt;呵呵呵呵&lt;/span&gt;&lt;span style=&quot;font-size: 16px;&quot;&gt;呵呵呵呵&lt;/span&gt;&lt;span style=&quot;font-size: 16px;&quot;&gt;呵呵呵呵&lt;/span&gt;&lt;span style=&quot;font-size: 16px;&quot;&gt;呵呵呵呵&lt;/span&gt;&lt;span style=&quot;font-size: 16px;&quot;&gt;呵呵呵呵&lt;/span&gt;&lt;span style=&quot;font-size: 16px;&quot;&gt;呵呵呵呵&lt;/span&gt;&lt;span style=&quot;font-size: 16px;&quot;&gt;呵呵呵呵&lt;/span&gt;&lt;span style=&quot;font-size: 16px;&quot;&gt;呵呵呵呵&lt;/span&gt;&lt;span style=&quot;font-size: 16px;&quot;&gt;呵呵呵呵&lt;/span&gt;&lt;span style=&quot;font-size: 16px;&quot;&gt;呵呵呵呵&lt;/span&gt;&lt;span style=&quot;font-size: 16px;&quot;&gt;呵呵呵呵&lt;/span&gt;&lt;span style=&quot;font-size: 16px;&quot;&gt;呵呵呵呵&lt;/span&gt;&lt;span style=&quot;font-size: 16px;&quot;&gt;呵呵呵呵&lt;/span&gt;&lt;span style=&quot;font-size: 16px;&quot;&gt;呵呵呵呵&lt;/span&gt;&lt;span style=&quot;font-size: 16px;&quot;&gt;呵呵呵呵&lt;/span&gt;&lt;span style=&quot;font-size: 16px;&quot;&gt;呵呵呵呵&lt;/span&gt;&lt;span style=&quot;font-size: 16px;&quot;&gt;呵呵呵呵&lt;/span&gt;&lt;span style=&quot;font-size: 16px;&quot;&gt;呵呵呵呵&lt;/span&gt;&lt;span style=&quot;font-size: 16px;&quot;&gt;呵呵呵呵&lt;/span&gt;&lt;span style=&quot;font-size: 16px;&quot;&gt;呵呵呵呵&lt;/span&gt;&lt;span style=&quot;font-size: 16px;&quot;&gt;呵呵呵呵&lt;/span&gt;&lt;span style=&quot;font-size: 16px;&quot;&gt;呵呵呵呵&lt;/span&gt;&lt;span style=&quot;font-size: 16px;&quot;&gt;呵呵呵呵&lt;/span&gt;&lt;span style=&quot;font-size: 16px;&quot;&gt;呵呵呵呵&lt;/span&gt;&lt;span style=&quot;font-size: 16px;&quot;&gt;呵呵呵呵&lt;/span&gt;&lt;span style=&quot;font-size: 16px;&quot;&gt;呵呵呵呵&lt;/span&gt;&lt;span style=&quot;font-size: 16px;&quot;&gt;呵呵呵呵&lt;/span&gt;&lt;span style=&quot;font-size: 16px;&quot;&gt;呵呵呵呵&lt;/span&gt;&lt;span style=&quot;font-size: 16px;&quot;&gt;呵呵呵呵&lt;/span&gt;&lt;span style=&quot;font-size: 16px;&quot;&gt;呵呵呵呵&lt;/span&gt;&lt;span style=&quot;font-size: 16px;&quot;&gt;呵呵呵呵&lt;/span&gt;&lt;span style=&quot;font-size: 16px;&quot;&gt;呵呵呵呵&lt;/span&gt;&lt;span style=&quot;font-size: 16px;&quot;&gt;呵呵呵呵&lt;/span&gt;&lt;span style=&quot;font-size: 16px;&quot;&gt;呵呵呵呵&lt;/span&gt;&lt;span style=&quot;font-size: 16px;&quot;&gt;呵呵呵呵&lt;/span&gt;&lt;span style=&quot;font-size: 16px;&quot;&gt;呵呵呵呵&lt;/span&gt;&lt;span style=&quot;font-size: 16px;&quot;&gt;呵呵呵呵&lt;/span&gt;&lt;span style=&quot;font-size: 16px;&quot;&gt;呵呵呵呵&lt;/span&gt;&lt;span style=&quot;font-size: 16px;&quot;&gt;呵呵呵呵&lt;/span&gt;&lt;span style=&quot;font-size: 16px;&quot;&gt;呵呵呵呵&lt;/span&gt;&lt;span style=&quot;font-size: 16px;&quot;&gt;呵呵呵呵&lt;/span&gt;&lt;span style=&quot;font-size: 16px;&quot;&gt;呵呵呵呵&lt;/span&gt;&lt;span style=&quot;font-size: 16px;&quot;&gt;呵呵呵呵&lt;/span&gt;&lt;span style=&quot;font-size: 16px;&quot;&gt;呵呵呵呵&lt;/span&gt;&lt;span style=&quot;font-size: 16px;&quot;&gt;呵呵呵呵&lt;/span&gt;&lt;span style=&quot;font-size: 16px;&quot;&gt;呵呵呵呵&lt;/span&gt;&lt;span style=&quot;font-size: 16px;&quot;&gt;呵呵呵呵&lt;/span&gt;&lt;span style=&quot;font-size: 16px;&quot;&gt;呵呵呵呵&lt;/span&gt;&lt;span style=&quot;font-size: 16px;&quot;&gt;呵呵呵呵&lt;/span&gt;&lt;span style=&quot;font-size: 16px;&quot;&gt;呵呵呵呵&lt;/span&gt;&lt;span style=&quot;font-size: 16px;&quot;&gt;呵呵呵呵&lt;/span&gt;&lt;span style=&quot;font-size: 16px;&quot;&gt;呵呵呵呵&lt;/span&gt;&lt;span style=&quot;font-size: 16px;&quot;&gt;呵呵呵呵&lt;/span&gt;&lt;span style=&quot;font-size: 16px;&quot;&gt;呵呵呵呵&lt;/span&gt;&lt;span style=&quot;font-size: 16px;&quot;&gt;呵呵呵呵&lt;/span&gt;&lt;span style=&quot;font-size: 16px;&quot;&gt;呵呵呵呵&lt;/span&gt;&lt;span style=&quot;font-size: 16px;&quot;&gt;呵呵呵呵&lt;/span&gt;&lt;span style=&quot;font-size: 16px;&quot;&gt;呵呵呵呵&lt;/span&gt;&lt;span style=&quot;font-size: 16px;&quot;&gt;呵呵呵呵&lt;/span&gt;&lt;span style=&quot;font-size: 16px;&quot;&gt;呵呵呵呵&lt;/span&gt;&lt;span style=&quot;font-size: 16px;&quot;&gt;呵呵呵呵&lt;/span&gt;&lt;span style=&quot;font-size: 16px;&quot;&gt;呵呵呵呵&lt;/span&gt;&lt;span style=&quot;font-size: 16px;&quot;&gt;呵呵呵呵&lt;/span&gt;&lt;span style=&quot;font-size: 16px;&quot;&gt;呵呵呵呵&lt;/span&gt;&lt;span style=&quot;font-size: 16px;&quot;&gt;呵呵呵呵&lt;/span&gt;&lt;span style=&quot;font-size: 16px;&quot;&gt;呵呵呵呵&lt;/span&gt;&lt;span style=&quot;font-size: 16px;&quot;&gt;呵呵呵呵&lt;/span&gt;&lt;span style=&quot;font-size: 16px;&quot;&gt;呵呵呵呵&lt;/span&gt;&lt;span style=&quot;font-size: 16px;&quot;&gt;呵呵呵呵&lt;/span&gt;&lt;span style=&quot;font-size: 16px;&quot;&gt;呵呵呵呵&lt;/span&gt;&lt;span style=&quot;font-size: 16px;&quot;&gt;呵呵呵呵&lt;/span&gt;&lt;span style=&quot;font-size: 16px;&quot;&gt;呵呵呵呵&lt;/span&gt;&lt;span style=&quot;font-size: 16px;&quot;&gt;呵呵呵呵&lt;/span&gt;&lt;span style=&quot;font-size: 16px;&quot;&gt;呵呵呵呵&lt;/span&gt;&lt;span style=&quot;font-size: 16px;&quot;&gt;呵呵呵呵&lt;/span&gt;&lt;span style=&quot;font-size: 16px;&quot;&gt;呵呵呵呵&lt;/span&gt;&lt;span style=&quot;font-size: 16px;&quot;&gt;呵呵呵呵&lt;/span&gt;&lt;span style=&quot;font-size: 16px;&quot;&gt;呵呵呵呵&lt;/span&gt;&lt;span style=&quot;font-size: 16px;&quot;&gt;呵呵呵呵&lt;/span&gt;&lt;span style=&quot;font-size: 16px;&quot;&gt;呵呵呵呵&lt;/span&gt;&lt;span style=&quot;font-size: 16px;&quot;&gt;呵呵呵呵&lt;/span&gt;&lt;span style=&quot;font-size: 16px;&quot;&gt;呵呵呵呵&lt;/span&gt;&lt;span style=&quot;font-size: 16px;&quot;&gt;呵呵呵呵&lt;/span&gt;&lt;span style=&quot;font-size: 16px;&quot;&gt;呵呵呵呵&lt;/span&gt;&lt;span style=&quot;font-size: 16px;&quot;&gt;呵呵呵呵&lt;/span&gt;&lt;span style=&quot;font-size: 16px;&quot;&gt;呵呵呵呵&lt;/span&gt;&lt;span style=&quot;font-size: 16px;&quot;&gt;呵呵呵呵&lt;/span&gt;&lt;span style=&quot;font-size: 16px;&quot;&gt;呵呵呵呵&lt;/span&gt;&lt;span style=&quot;font-size: 16px;&quot;&gt;呵呵呵呵&lt;/span&gt;&lt;span style=&quot;font-size: 16px;&quot;&gt;呵呵呵呵&lt;/span&gt;&lt;span style=&quot;font-size: 16px;&quot;&gt;呵呵呵呵&lt;/span&gt;&lt;span style=&quot;font-size: 16px;&quot;&gt;呵呵呵呵&lt;/span&gt;&lt;span style=&quot;font-size: 16px;&quot;&gt;呵呵呵呵&lt;/span&gt;&lt;span style=&quot;font-size: 16px;&quot;&gt;呵呵呵呵&lt;/span&gt;&lt;span style=&quot;font-size: 16px;&quot;&gt;呵呵呵呵&lt;/span&gt;&lt;span style=&quot;font-size: 16px;&quot;&gt;呵呵呵呵&lt;/span&gt;&lt;span style=&quot;font-size: 16px;&quot;&gt;呵呵呵呵&lt;/span&gt;&lt;span style=&quot;font-size: 16px;&quot;&gt;呵呵呵呵&lt;/span&gt;&lt;span style=&quot;font-size: 16px;&quot;&gt;呵呵呵呵&lt;/span&gt;&lt;span style=&quot;font-size: 16px;&quot;&gt;呵呵呵呵&lt;/span&gt;&lt;span style=&quot;font-size: 16px;&quot;&gt;呵呵呵呵&lt;/span&gt;&lt;span style=&quot;font-size: 16px;&quot;&gt;呵呵呵呵&lt;/span&gt;&lt;span style=&quot;font-size: 16px;&quot;&gt;呵呵呵呵&lt;/span&gt;&lt;span style=&quot;font-size: 16px;&quot;&gt;呵呵呵呵&lt;/span&gt;&lt;span style=&quot;font-size: 16px;&quot;&gt;呵呵呵呵&lt;/span&gt;&lt;span style=&quot;font-size: 16px;&quot;&gt;呵呵呵呵&lt;/span&gt;&lt;span style=&quot;font-size: 16px;&quot;&gt;呵呵呵呵&lt;/span&gt;&lt;span style=&quot;font-size: 16px;&quot;&gt;呵呵呵呵&lt;/span&gt;&lt;span style=&quot;font-size: 16px;&quot;&gt;呵呵呵呵&lt;/span&gt;&lt;span style=&quot;font-size: 16px;&quot;&gt;呵呵呵呵&lt;/span&gt;&lt;span style=&quot;font-size: 16px;&quot;&gt;呵呵呵呵&lt;/span&gt;&lt;span style=&quot;font-size: 16px;&quot;&gt;呵呵呵呵&lt;/span&gt;&lt;span style=&quot;font-size: 16px;&quot;&gt;呵呵呵呵&lt;/span&gt;&lt;span style=&quot;font-size: 16px;&quot;&gt;呵呵呵呵&lt;/span&gt;&lt;span style=&quot;font-size: 16px;&quot;&gt;呵呵呵呵&lt;/span&gt;&lt;span style=&quot;font-size: 16px;&quot;&gt;呵呵呵呵&lt;/span&gt;&lt;span style=&quot;font-size: 16px;&quot;&gt;呵呵呵呵&lt;/span&gt;&lt;span style=&quot;font-size: 16px;&quot;&gt;呵呵呵呵&lt;/span&gt;&lt;span style=&quot;font-size: 16px;&quot;&gt;呵呵呵呵&lt;/span&gt;&lt;span style=&quot;font-size: 16px;&quot;&gt;呵呵呵呵&lt;/span&gt;&lt;span style=&quot;font-size: 16px;&quot;&gt;呵呵呵呵&lt;/span&gt;&lt;span style=&quot;font-size: 16px;&quot;&gt;呵呵呵呵&lt;/span&gt;&lt;span style=&quot;font-size: 16px;&quot;&gt;呵呵呵呵&lt;/span&gt;&lt;span style=&quot;font-size: 16px;&quot;&gt;呵呵呵呵&lt;/span&gt;&lt;span style=&quot;font-size: 16px;&quot;&gt;呵呵呵呵&lt;/span&gt;&lt;span style=&quot;font-size: 16px;&quot;&gt;呵呵呵呵&lt;/span&gt;&lt;span style=&quot;font-size: 16px;&quot;&gt;呵呵呵呵&lt;/span&gt;&lt;span style=&quot;font-size: 16px;&quot;&gt;呵呵呵呵&lt;/span&gt;&lt;span style=&quot;font-size: 16px;&quot;&gt;呵呵呵呵&lt;/span&gt;&lt;span style=&quot;font-size: 16px;&quot;&gt;呵呵呵呵&lt;/span&gt;&lt;span style=&quot;font-size: 16px;&quot;&gt;呵呵呵呵&lt;/span&gt;&lt;span style=&quot;font-size: 16px;&quot;&gt;呵呵呵呵&lt;/span&gt;&lt;span style=&quot;font-size: 16px;&quot;&gt;呵呵呵呵&lt;/span&gt;&lt;span style=&quot;font-size: 16px;&quot;&gt;呵呵呵呵&lt;/span&gt;&lt;span style=&quot;font-size: 16px;&quot;&gt;呵呵呵呵&lt;/span&gt;&lt;span style=&quot;font-size: 16px;&quot;&gt;呵呵呵呵&lt;/span&gt;&lt;span style=&quot;font-size: 16px;&quot;&gt;呵呵呵呵&lt;/span&gt;&lt;span style=&quot;font-size: 16px;&quot;&gt;呵呵呵呵&lt;/span&gt;&lt;span style=&quot;font-size: 16px;&quot;&gt;呵呵呵呵&lt;/span&gt;&lt;span style=&quot;font-size: 16px;&quot;&gt;呵呵呵呵&lt;/span&gt;&lt;span style=&quot;font-size: 16px;&quot;&gt;呵呵呵呵&lt;/span&gt;&lt;span style=&quot;font-size: 16px;&quot;&gt;呵呵呵呵&lt;/span&gt;&lt;span style=&quot;font-size: 16px;&quot;&gt;呵呵呵呵&lt;/span&gt;&lt;span style=&quot;font-size: 16px;&quot;&gt;呵呵呵呵&lt;/span&gt;&lt;span style=&quot;font-size: 16px;&quot;&gt;呵呵呵呵&lt;/span&gt;&lt;span style=&quot;font-size: 16px;&quot;&gt;呵呵呵呵&lt;/span&gt;&lt;span style=&quot;font-size: 16px;&quot;&gt;呵呵呵呵&lt;/span&gt;&lt;span style=&quot;font-size: 16px;&quot;&gt;呵呵呵呵&lt;/span&gt;&lt;span style=&quot;font-size: 16px;&quot;&gt;呵呵呵呵&lt;/span&gt;&lt;span style=&quot;font-size: 16px;&quot;&gt;呵呵呵呵&lt;/span&gt;&lt;span style=&quot;font-size: 16px;&quot;&gt;呵呵呵呵&lt;/span&gt;&lt;span style=&quot;font-size: 16px;&quot;&gt;呵呵呵呵&lt;/span&gt;&lt;span style=&quot;font-size: 16px;&quot;&gt;呵呵呵呵&lt;/span&gt;&lt;span style=&quot;font-size: 16px;&quot;&gt;呵呵呵呵&lt;/span&gt;&lt;span style=&quot;font-size: 16px;&quot;&gt;呵呵呵呵&lt;/span&gt;&lt;span style=&quot;font-size: 16px;&quot;&gt;呵呵呵呵&lt;/span&gt;&lt;span style=&quot;font-size: 16px;&quot;&gt;呵呵呵呵&lt;/span&gt;&lt;span style=&quot;font-size: 16px;&quot;&gt;呵呵呵呵&lt;/span&gt;&lt;span style=&quot;font-size: 16px;&quot;&gt;呵呵呵呵&lt;/span&gt;&lt;span style=&quot;font-size: 16px;&quot;&gt;呵呵呵呵&lt;/span&gt;&lt;span style=&quot;font-size: 16px;&quot;&gt;呵呵呵呵&lt;/span&gt;&lt;span style=&quot;font-size: 16px;&quot;&gt;呵呵呵呵&lt;/span&gt;&lt;span style=&quot;font-size: 16px;&quot;&gt;呵呵呵呵&lt;/span&gt;&lt;span style=&quot;font-size: 16px;&quot;&gt;呵呵呵呵&lt;/span&gt;&lt;span style=&quot;font-size: 16px;&quot;&gt;呵呵呵呵&lt;/span&gt;&lt;span style=&quot;font-size: 16px;&quot;&gt;呵呵呵呵&lt;/span&gt;&lt;span style=&quot;font-size: 16px;&quot;&gt;呵呵呵呵&lt;/span&gt;&lt;span style=&quot;font-size: 16px;&quot;&gt;呵呵呵呵&lt;/span&gt;&lt;span style=&quot;font-size: 16px;&quot;&gt;呵呵呵呵&lt;/span&gt;&lt;span style=&quot;font-size: 16px;&quot;&gt;呵呵呵呵&lt;/span&gt;&lt;span style=&quot;font-size: 16px;&quot;&gt;呵呵呵呵&lt;/span&gt;&lt;span style=&quot;font-size: 16px;&quot;&gt;呵呵呵呵&lt;/span&gt;&lt;span style=&quot;font-size: 16px;&quot;&gt;呵呵呵呵&lt;/span&gt;&lt;span style=&quot;font-size: 16px;&quot;&gt;呵呵呵呵&lt;/span&gt;&lt;/p&gt;','http://www.1yx.xyz/logo/logo.gif','1486867689') [ RunTime:0.5380s ]
SQL: SELECT * FROM `num` WHERE `key` = 'page' LIMIT 1   [ RunTime:0.0010s ]
SQL: UPDATE `num` SET `val`='1' WHERE `key` = 'page' [ RunTime:0.0020s ]
INFO: [ view_parse ] --START--
INFO: [ template_filter ] --START--
INFO: Run Behavior\ContentReplaceBehavior [ RunTime:0.000000s ]
INFO: [ template_filter ] --END-- [ RunTime:0.000000s ]
INFO: Run Behavior\ParseTemplateBehavior [ RunTime:0.020001s ]
INFO: [ view_parse ] --END-- [ RunTime:0.020001s ]
INFO: [ view_filter ] --START--
INFO: Run Behavior\WriteHtmlCacheBehavior [ RunTime:0.001000s ]
INFO: [ view_filter ] --END-- [ RunTime:0.001000s ]
INFO: [ app_end ] --START--
INFO: Run Behavior\ShowPageTraceBehavior [ RunTime:0.003000s ]
INFO: [ app_end ] --END-- [ RunTime:0.003000s ]

[ 2017-02-12T10:48:10+08:00 ] 127.0.0.1 /Admin/Blog/index
INFO: [ app_init ] --START--
INFO: Run Behavior\BuildLiteBehavior [ RunTime:0.000000s ]
INFO: [ app_init ] --END-- [ RunTime:0.000000s ]
INFO: [ app_begin ] --START--
INFO: Run Behavior\ReadHtmlCacheBehavior [ RunTime:0.000000s ]
INFO: [ app_begin ] --END-- [ RunTime:0.000000s ]
SQL: SHOW COLUMNS FROM `admin` [ RunTime:0.0050s ]
SQL: SELECT * FROM `admin` WHERE `aid` = 1 LIMIT 1   [ RunTime:0.0010s ]
SQL: SHOW COLUMNS FROM `setting` [ RunTime:0.0050s ]
SQL: SELECT * FROM `setting`  [ RunTime:0.0010s ]
SQL: SHOW COLUMNS FROM `page` [ RunTime:0.0050s ]
SQL: SELECT COUNT(*) AS tp_count FROM `page` LIMIT 1   [ RunTime:0.0010s ]
SQL: SELECT * FROM `page` ORDER BY pid desc LIMIT 0,30   [ RunTime:0.0010s ]
INFO: [ view_parse ] --START--
INFO: [ template_filter ] --START--
INFO: Run Behavior\ContentReplaceBehavior [ RunTime:0.000000s ]
INFO: [ template_filter ] --END-- [ RunTime:0.000000s ]
INFO: Run Behavior\ParseTemplateBehavior [ RunTime:0.007000s ]
INFO: [ view_parse ] --END-- [ RunTime:0.007000s ]
INFO: [ view_filter ] --START--
INFO: Run Behavior\WriteHtmlCacheBehavior [ RunTime:0.000000s ]
INFO: [ view_filter ] --END-- [ RunTime:0.000000s ]
INFO: [ app_end ] --START--
INFO: Run Behavior\ShowPageTraceBehavior [ RunTime:0.001000s ]
INFO: [ app_end ] --END-- [ RunTime:0.001000s ]

[ 2017-02-12T10:48:12+08:00 ] 127.0.0.1 /index.php/Admin/Blog/add.html?pid=690
INFO: [ app_init ] --START--
INFO: Run Behavior\BuildLiteBehavior [ RunTime:0.000000s ]
INFO: [ app_init ] --END-- [ RunTime:0.001000s ]
INFO: [ app_begin ] --START--
INFO: Run Behavior\ReadHtmlCacheBehavior [ RunTime:0.001001s ]
INFO: [ app_begin ] --END-- [ RunTime:0.001001s ]
SQL: SHOW COLUMNS FROM `admin` [ RunTime:0.0070s ]
SQL: SELECT * FROM `admin` WHERE `aid` = 1 LIMIT 1   [ RunTime:0.0010s ]
SQL: SHOW COLUMNS FROM `page` [ RunTime:0.0060s ]
SQL: SELECT * FROM `page` WHERE `pid` = 690 LIMIT 1   [ RunTime:0.0010s ]
INFO: [ view_parse ] --START--
INFO: [ template_filter ] --START--
INFO: Run Behavior\ContentReplaceBehavior [ RunTime:0.000000s ]
INFO: [ template_filter ] --END-- [ RunTime:0.000000s ]
INFO: Run Behavior\ParseTemplateBehavior [ RunTime:0.007001s ]
INFO: [ view_parse ] --END-- [ RunTime:0.007001s ]
INFO: [ view_filter ] --START--
INFO: Run Behavior\WriteHtmlCacheBehavior [ RunTime:0.000000s ]
INFO: [ view_filter ] --END-- [ RunTime:0.000000s ]
INFO: [ app_end ] --START--
INFO: Run Behavior\ShowPageTraceBehavior [ RunTime:0.001000s ]
INFO: [ app_end ] --END-- [ RunTime:0.001000s ]

[ 2017-02-12T10:48:15+08:00 ] 127.0.0.1 /index.php/Admin/Blog/images/image.png
INFO: [ app_init ] --START--
INFO: Run Behavior\BuildLiteBehavior [ RunTime:0.000000s ]
INFO: [ app_init ] --END-- [ RunTime:0.000000s ]

[ 2017-02-12T10:48:19+08:00 ] 127.0.0.1 /index.php/Admin/Blog/save.html?pid=690
INFO: [ app_init ] --START--
INFO: Run Behavior\BuildLiteBehavior [ RunTime:0.000000s ]
INFO: [ app_init ] --END-- [ RunTime:0.000000s ]
INFO: [ app_begin ] --START--
INFO: Run Behavior\ReadHtmlCacheBehavior [ RunTime:0.001000s ]
INFO: [ app_begin ] --END-- [ RunTime:0.001000s ]
SQL: SHOW COLUMNS FROM `admin` [ RunTime:0.0050s ]
SQL: SELECT * FROM `admin` WHERE `aid` = 1 LIMIT 1   [ RunTime:0.0000s ]
SQL: SHOW COLUMNS FROM `page` [ RunTime:0.0050s ]
SQL: SHOW COLUMNS FROM `num` [ RunTime:0.0050s ]
NOTIC: [8] Undefined index: auto C:\www\tpblog\ThinkPHP\Library\Think\Model.class.php 第 1128 行.
SQL: UPDATE `page` SET `title`='呵呵呵',`author`='呵呵呵',`content`='&lt;p&gt;呵呵呵呵&lt;span style=&quot;font-size: 16px;&quot;&gt;呵呵呵呵&lt;/span&gt;&lt;span style=&quot;font-size: 16px;&quot;&gt;呵呵呵呵&lt;/span&gt;&lt;span style=&quot;font-size: 16px;&quot;&gt;呵呵呵呵&lt;/span&gt;&lt;span style=&quot;font-size: 16px;&quot;&gt;呵呵呵呵&lt;/span&gt;&lt;span style=&quot;font-size: 16px;&quot;&gt;呵呵呵呵&lt;/span&gt;&lt;span style=&quot;font-size: 16px;&quot;&gt;呵呵呵呵&lt;/span&gt;&lt;span style=&quot;font-size: 16px;&quot;&gt;呵呵呵呵&lt;/span&gt;&lt;span style=&quot;font-size: 16px;&quot;&gt;呵呵呵呵&lt;/span&gt;&lt;span style=&quot;font-size: 16px;&quot;&gt;呵呵呵呵&lt;/span&gt;&lt;span style=&quot;font-size: 16px;&quot;&gt;呵呵呵呵&lt;/span&gt;&lt;span style=&quot;font-size: 16px;&quot;&gt;呵呵呵呵&lt;/span&gt;&lt;span style=&quot;font-size: 16px;&quot;&gt;呵呵呵呵&lt;/span&gt;&lt;span style=&quot;font-size: 16px;&quot;&gt;呵呵呵呵&lt;/span&gt;&lt;span style=&quot;font-size: 16px;&quot;&gt;呵呵呵呵&lt;/span&gt;&lt;span style=&quot;font-size: 16px;&quot;&gt;呵呵呵呵&lt;/span&gt;&lt;span style=&quot;font-size: 16px;&quot;&gt;呵呵呵呵&lt;/span&gt;&lt;span style=&quot;font-size: 16px;&quot;&gt;呵呵呵呵&lt;/span&gt;&lt;span style=&quot;font-size: 16px;&quot;&gt;呵呵呵呵&lt;/span&gt;&lt;span style=&quot;font-size: 16px;&quot;&gt;呵呵呵呵&lt;/span&gt;&lt;span style=&quot;font-size: 16px;&quot;&gt;呵呵呵呵&lt;/span&gt;&lt;span style=&quot;font-size: 16px;&quot;&gt;呵呵呵呵&lt;/span&gt;&lt;span style=&quot;font-size: 16px;&quot;&gt;呵呵呵呵&lt;/span&gt;&lt;span style=&quot;font-size: 16px;&quot;&gt;呵呵呵呵&lt;/span&gt;&lt;span style=&quot;font-size: 16px;&quot;&gt;呵呵呵呵&lt;/span&gt;&lt;span style=&quot;font-size: 16px;&quot;&gt;呵呵呵呵&lt;/span&gt;&lt;span style=&quot;font-size: 16px;&quot;&gt;呵呵呵呵&lt;/span&gt;&lt;span style=&quot;font-size: 16px;&quot;&gt;呵呵呵呵&lt;/span&gt;&lt;span style=&quot;font-size: 16px;&quot;&gt;呵呵呵呵&lt;/span&gt;&lt;span style=&quot;font-size: 16px;&quot;&gt;呵呵呵呵&lt;/span&gt;&lt;span style=&quot;font-size: 16px;&quot;&gt;呵呵呵呵&lt;/span&gt;&lt;span style=&quot;font-size: 16px;&quot;&gt;呵呵呵呵&lt;/span&gt;&lt;span style=&quot;font-size: 16px;&quot;&gt;呵呵呵呵&lt;/span&gt;&lt;span style=&quot;font-size: 16px;&quot;&gt;呵呵呵呵&lt;/span&gt;&lt;span style=&quot;font-size: 16px;&quot;&gt;呵呵呵呵&lt;/span&gt;&lt;span style=&quot;font-size: 16px;&quot;&gt;呵呵呵呵&lt;/span&gt;&lt;span style=&quot;font-size: 16px;&quot;&gt;呵呵呵呵&lt;/span&gt;&lt;span style=&quot;font-size: 16px;&quot;&gt;呵呵呵呵&lt;/span&gt;&lt;span style=&quot;font-size: 16px;&quot;&gt;呵呵呵呵&lt;/span&gt;&lt;span style=&quot;font-size: 16px;&quot;&gt;呵呵呵呵&lt;/span&gt;&lt;span style=&quot;font-size: 16px;&quot;&gt;呵呵呵呵&lt;/span&gt;&lt;span style=&quot;font-size: 16px;&quot;&gt;呵呵呵呵&lt;/span&gt;&lt;span style=&quot;font-size: 16px;&quot;&gt;呵呵呵呵&lt;/span&gt;&lt;span style=&quot;font-size: 16px;&quot;&gt;呵呵呵呵&lt;/span&gt;&lt;span style=&quot;font-size: 16px;&quot;&gt;呵呵呵呵&lt;/span&gt;&lt;span style=&quot;font-size: 16px;&quot;&gt;呵呵呵呵&lt;/span&gt;&lt;span style=&quot;font-size: 16px;&quot;&gt;呵呵呵呵&lt;/span&gt;&lt;span style=&quot;font-size: 16px;&quot;&gt;呵呵呵呵&lt;/span&gt;&lt;span style=&quot;font-size: 16px;&quot;&gt;呵呵呵呵&lt;/span&gt;&lt;span style=&quot;font-size: 16px;&quot;&gt;呵呵呵呵&lt;/span&gt;&lt;span style=&quot;font-size: 16px;&quot;&gt;呵呵呵呵&lt;/span&gt;&lt;span style=&quot;font-size: 16px;&quot;&gt;呵呵呵呵&lt;/span&gt;&lt;span style=&quot;font-size: 16px;&quot;&gt;呵呵呵呵&lt;/span&gt;&lt;span style=&quot;font-size: 16px;&quot;&gt;呵呵呵呵&lt;/span&gt;&lt;span style=&quot;font-size: 16px;&quot;&gt;呵呵呵呵&lt;/span&gt;&lt;span style=&quot;font-size: 16px;&quot;&gt;呵呵呵呵&lt;/span&gt;&lt;span style=&quot;font-size: 16px;&quot;&gt;呵呵呵呵&lt;/span&gt;&lt;span style=&quot;font-size: 16px;&quot;&gt;呵呵呵呵&lt;/span&gt;&lt;span style=&quot;font-size: 16px;&quot;&gt;呵呵呵呵&lt;/span&gt;&lt;span style=&quot;font-size: 16px;&quot;&gt;呵呵呵呵&lt;/span&gt;&lt;span style=&quot;font-size: 16px;&quot;&gt;呵呵呵呵&lt;/span&gt;&lt;span style=&quot;font-size: 16px;&quot;&gt;呵呵呵呵&lt;/span&gt;&lt;span style=&quot;font-size: 16px;&quot;&gt;呵呵呵呵&lt;/span&gt;&lt;span style=&quot;font-size: 16px;&quot;&gt;呵呵呵呵&lt;/span&gt;&lt;span style=&quot;font-size: 16px;&quot;&gt;呵呵呵呵&lt;/span&gt;&lt;span style=&quot;font-size: 16px;&quot;&gt;呵呵呵呵&lt;/span&gt;&lt;span style=&quot;font-size: 16px;&quot;&gt;呵呵呵呵&lt;/span&gt;&lt;span style=&quot;font-size: 16px;&quot;&gt;呵呵呵呵&lt;/span&gt;&lt;span style=&quot;font-size: 16px;&quot;&gt;呵呵呵呵&lt;/span&gt;&lt;span style=&quot;font-size: 16px;&quot;&gt;呵呵呵呵&lt;/span&gt;&lt;span style=&quot;font-size: 16px;&quot;&gt;呵呵呵呵&lt;/span&gt;&lt;span style=&quot;font-size: 16px;&quot;&gt;呵呵呵呵&lt;/span&gt;&lt;span style=&quot;font-size: 16px;&quot;&gt;呵呵呵呵&lt;/span&gt;&lt;span style=&quot;font-size: 16px;&quot;&gt;呵呵呵呵&lt;/span&gt;&lt;span style=&quot;font-size: 16px;&quot;&gt;呵呵呵呵&lt;/span&gt;&lt;span style=&quot;font-size: 16px;&quot;&gt;呵呵呵呵&lt;/span&gt;&lt;span style=&quot;font-size: 16px;&quot;&gt;呵呵呵呵&lt;/span&gt;&lt;span style=&quot;font-size: 16px;&quot;&gt;呵呵呵呵&lt;/span&gt;&lt;span style=&quot;font-size: 16px;&quot;&gt;呵呵呵呵&lt;/span&gt;&lt;span style=&quot;font-size: 16px;&quot;&gt;呵呵呵呵&lt;/span&gt;&lt;span style=&quot;font-size: 16px;&quot;&gt;呵呵呵呵&lt;/span&gt;&lt;span style=&quot;font-size: 16px;&quot;&gt;呵呵呵呵&lt;/span&gt;&lt;span style=&quot;font-size: 16px;&quot;&gt;呵呵呵呵&lt;/span&gt;&lt;span style=&quot;font-size: 16px;&quot;&gt;呵呵呵呵&lt;/span&gt;&lt;span style=&quot;font-size: 16px;&quot;&gt;呵呵呵呵&lt;/span&gt;&lt;span style=&quot;font-size: 16px;&quot;&gt;呵呵呵呵&lt;/span&gt;&lt;span style=&quot;font-size: 16px;&quot;&gt;呵呵呵呵&lt;/span&gt;&lt;span style=&quot;font-size: 16px;&quot;&gt;呵呵呵呵&lt;/span&gt;&lt;span style=&quot;font-size: 16px;&quot;&gt;呵呵呵呵&lt;/span&gt;&lt;span style=&quot;font-size: 16px;&quot;&gt;呵呵呵呵&lt;/span&gt;&lt;span style=&quot;font-size: 16px;&quot;&gt;呵呵呵呵&lt;/span&gt;&lt;span style=&quot;font-size: 16px;&quot;&gt;呵呵呵呵&lt;/span&gt;&lt;span style=&quot;font-size: 16px;&quot;&gt;呵呵呵呵&lt;/span&gt;&lt;span style=&quot;font-size: 16px;&quot;&gt;呵呵呵呵&lt;/span&gt;&lt;span style=&quot;font-size: 16px;&quot;&gt;呵呵呵呵&lt;/span&gt;&lt;span style=&quot;font-size: 16px;&quot;&gt;呵呵呵呵&lt;/span&gt;&lt;span style=&quot;font-size: 16px;&quot;&gt;呵呵呵呵&lt;/span&gt;&lt;span style=&quot;font-size: 16px;&quot;&gt;呵呵呵呵&lt;/span&gt;&lt;span style=&quot;font-size: 16px;&quot;&gt;呵呵呵呵&lt;/span&gt;&lt;span style=&quot;font-size: 16px;&quot;&gt;呵呵呵呵&lt;/span&gt;&lt;span style=&quot;font-size: 16px;&quot;&gt;呵呵呵呵&lt;/span&gt;&lt;span style=&quot;font-size: 16px;&quot;&gt;呵呵呵呵&lt;/span&gt;&lt;span style=&quot;font-size: 16px;&quot;&gt;呵呵呵呵&lt;/span&gt;&lt;span style=&quot;font-size: 16px;&quot;&gt;呵呵呵呵&lt;/span&gt;&lt;span style=&quot;font-size: 16px;&quot;&gt;呵呵呵呵&lt;/span&gt;&lt;span style=&quot;font-size: 16px;&quot;&gt;呵呵呵呵&lt;/span&gt;&lt;span style=&quot;font-size: 16px;&quot;&gt;呵呵呵呵&lt;/span&gt;&lt;span style=&quot;font-size: 16px;&quot;&gt;呵呵呵呵&lt;/span&gt;&lt;span style=&quot;font-size: 16px;&quot;&gt;呵呵呵呵&lt;/span&gt;&lt;span style=&quot;font-size: 16px;&quot;&gt;呵呵呵呵&lt;/span&gt;&lt;span style=&quot;font-size: 16px;&quot;&gt;呵呵呵呵&lt;/span&gt;&lt;span style=&quot;font-size: 16px;&quot;&gt;呵呵呵呵&lt;/span&gt;&lt;span style=&quot;font-size: 16px;&quot;&gt;呵呵呵呵&lt;/span&gt;&lt;span style=&quot;font-size: 16px;&quot;&gt;呵呵呵呵&lt;/span&gt;&lt;span style=&quot;font-size: 16px;&quot;&gt;呵呵呵呵&lt;/span&gt;&lt;span style=&quot;font-size: 16px;&quot;&gt;呵呵呵呵&lt;/span&gt;&lt;span style=&quot;font-size: 16px;&quot;&gt;呵呵呵呵&lt;/span&gt;&lt;span style=&quot;font-size: 16px;&quot;&gt;呵呵呵呵&lt;/span&gt;&lt;span style=&quot;font-size: 16px;&quot;&gt;呵呵呵呵&lt;/span&gt;&lt;span style=&quot;font-size: 16px;&quot;&gt;呵呵呵呵&lt;/span&gt;&lt;span style=&quot;font-size: 16px;&quot;&gt;呵呵呵呵&lt;/span&gt;&lt;span style=&quot;font-size: 16px;&quot;&gt;呵呵呵呵&lt;/span&gt;&lt;span style=&quot;font-size: 16px;&quot;&gt;呵呵呵呵&lt;/span&gt;&lt;span style=&quot;font-size: 16px;&quot;&gt;呵呵呵呵&lt;/span&gt;&lt;span style=&quot;font-size: 16px;&quot;&gt;呵呵呵呵&lt;/span&gt;&lt;span style=&quot;font-size: 16px;&quot;&gt;呵呵呵呵&lt;/span&gt;&lt;span style=&quot;font-size: 16px;&quot;&gt;呵呵呵呵&lt;/span&gt;&lt;span style=&quot;font-size: 16px;&quot;&gt;呵呵呵呵&lt;/span&gt;&lt;span style=&quot;font-size: 16px;&quot;&gt;呵呵呵呵&lt;/span&gt;&lt;span style=&quot;font-size: 16px;&quot;&gt;呵呵呵呵&lt;/span&gt;&lt;span style=&quot;font-size: 16px;&quot;&gt;呵呵呵呵&lt;/span&gt;&lt;span style=&quot;font-size: 16px;&quot;&gt;呵呵呵呵&lt;/span&gt;&lt;span style=&quot;font-size: 16px;&quot;&gt;呵呵呵呵&lt;/span&gt;&lt;span style=&quot;font-size: 16px;&quot;&gt;呵呵呵呵&lt;/span&gt;&lt;span style=&quot;font-size: 16px;&quot;&gt;呵呵呵呵&lt;/span&gt;&lt;span style=&quot;font-size: 16px;&quot;&gt;呵呵呵呵&lt;/span&gt;&lt;span style=&quot;font-size: 16px;&quot;&gt;呵呵呵呵&lt;/span&gt;&lt;span style=&quot;font-size: 16px;&quot;&gt;呵呵呵呵&lt;/span&gt;&lt;span style=&quot;font-size: 16px;&quot;&gt;呵呵呵呵&lt;/span&gt;&lt;span style=&quot;font-size: 16px;&quot;&gt;呵呵呵呵&lt;/span&gt;&lt;span style=&quot;font-size: 16px;&quot;&gt;呵呵呵呵&lt;/span&gt;&lt;span style=&quot;font-size: 16px;&quot;&gt;呵呵呵呵&lt;/span&gt;&lt;span style=&quot;font-size: 16px;&quot;&gt;呵呵呵呵&lt;/span&gt;&lt;span style=&quot;font-size: 16px;&quot;&gt;呵呵呵呵&lt;/span&gt;&lt;span style=&quot;font-size: 16px;&quot;&gt;呵呵呵呵&lt;/span&gt;&lt;span style=&quot;font-size: 16px;&quot;&gt;呵呵呵呵&lt;/span&gt;&lt;span style=&quot;font-size: 16px;&quot;&gt;呵呵呵呵&lt;/span&gt;&lt;span style=&quot;font-size: 16px;&quot;&gt;呵呵呵呵&lt;/span&gt;&lt;span style=&quot;font-size: 16px;&quot;&gt;呵呵呵呵&lt;/span&gt;&lt;span style=&quot;font-size: 16px;&quot;&gt;呵呵呵呵&lt;/span&gt;&lt;span style=&quot;font-size: 16px;&quot;&gt;呵呵呵呵&lt;/span&gt;&lt;span style=&quot;font-size: 16px;&quot;&gt;呵呵呵呵&lt;/span&gt;&lt;span style=&quot;font-size: 16px;&quot;&gt;呵呵呵呵&lt;/span&gt;&lt;span style=&quot;font-size: 16px;&quot;&gt;呵呵呵呵&lt;/span&gt;&lt;span style=&quot;font-size: 16px;&quot;&gt;呵呵呵呵&lt;/span&gt;&lt;span style=&quot;font-size: 16px;&quot;&gt;呵呵呵呵&lt;/span&gt;&lt;span style=&quot;font-size: 16px;&quot;&gt;呵呵呵呵&lt;/span&gt;&lt;span style=&quot;font-size: 16px;&quot;&gt;呵呵呵呵&lt;/span&gt;&lt;span style=&quot;font-size: 16px;&quot;&gt;呵呵呵呵&lt;/span&gt;&lt;span style=&quot;font-size: 16px;&quot;&gt;呵呵呵呵&lt;/span&gt;&lt;span style=&quot;font-size: 16px;&quot;&gt;呵呵呵呵&lt;/span&gt;&lt;span style=&quot;font-size: 16px;&quot;&gt;呵呵呵呵&lt;/span&gt;&lt;span style=&quot;font-size: 16px;&quot;&gt;呵呵呵呵&lt;/span&gt;&lt;span style=&quot;font-size: 16px;&quot;&gt;呵呵呵呵&lt;/span&gt;&lt;span style=&quot;font-size: 16px;&quot;&gt;呵呵呵呵&lt;/span&gt;&lt;span style=&quot;font-size: 16px;&quot;&gt;呵呵呵呵&lt;/span&gt;&lt;span style=&quot;font-size: 16px;&quot;&gt;呵呵呵呵&lt;/span&gt;&lt;span style=&quot;font-size: 16px;&quot;&gt;呵呵呵呵&lt;/span&gt;&lt;span style=&quot;font-size: 16px;&quot;&gt;呵呵呵呵&lt;/span&gt;&lt;span style=&quot;font-size: 16px;&quot;&gt;呵呵呵呵&lt;/span&gt;&lt;span style=&quot;font-size: 16px;&quot;&gt;呵呵呵呵&lt;/span&gt;&lt;span style=&quot;font-size: 16px;&quot;&gt;呵呵呵呵&lt;/span&gt;&lt;span style=&quot;font-size: 16px;&quot;&gt;呵呵呵呵&lt;/span&gt;&lt;span style=&quot;font-size: 16px;&quot;&gt;呵呵呵呵&lt;/span&gt;&lt;span style=&quot;font-size: 16px;&quot;&gt;呵呵呵呵&lt;/span&gt;&lt;span style=&quot;font-size: 16px;&quot;&gt;呵呵呵呵&lt;/span&gt;&lt;span style=&quot;font-size: 16px;&quot;&gt;呵呵呵呵&lt;/span&gt;&lt;span style=&quot;font-size: 16px;&quot;&gt;呵呵呵呵&lt;/span&gt;&lt;span style=&quot;font-size: 16px;&quot;&gt;呵呵呵呵&lt;/span&gt;&lt;span style=&quot;font-size: 16px;&quot;&gt;呵呵呵呵&lt;/span&gt;&lt;span style=&quot;font-size: 16px;&quot;&gt;呵呵呵呵&lt;/span&gt;&lt;span style=&quot;font-size: 16px;&quot;&gt;呵呵呵呵&lt;/span&gt;&lt;span style=&quot;font-size: 16px;&quot;&gt;呵呵呵呵&lt;/span&gt;&lt;span style=&quot;font-size: 16px;&quot;&gt;呵呵呵呵&lt;/span&gt;&lt;span style=&quot;font-size: 16px;&quot;&gt;呵呵呵呵&lt;/span&gt;&lt;span style=&quot;font-size: 16px;&quot;&gt;呵呵呵呵&lt;/span&gt;&lt;span style=&quot;font-size: 16px;&quot;&gt;呵呵呵呵&lt;/span&gt;&lt;span style=&quot;font-size: 16px;&quot;&gt;呵呵呵呵&lt;/span&gt;&lt;span style=&quot;font-size: 16px;&quot;&gt;呵呵呵呵&lt;/span&gt;&lt;span style=&quot;font-size: 16px;&quot;&gt;呵呵呵呵&lt;/span&gt;&lt;span style=&quot;font-size: 16px;&quot;&gt;呵呵呵呵&lt;/span&gt;&lt;span style=&quot;font-size: 16px;&quot;&gt;呵呵呵呵&lt;/span&gt;&lt;span style=&quot;font-size: 16px;&quot;&gt;呵呵呵呵&lt;/span&gt;&lt;img alt=&quot;Image&quot; src=&quot;http://www.1yx.xyz/logo/logo.gif&quot; width=&quot;246&quot; height=&quot;64&quot;&gt;&lt;/p&gt;',`img`='http://www.1yx.xyz/logo/logo.gif',`uptime`='1486867699' WHERE `pid` = 690 [ RunTime:0.3240s ]
INFO: [ view_parse ] --START--
INFO: [ template_filter ] --START--
INFO: Run Behavior\ContentReplaceBehavior [ RunTime:0.001000s ]
INFO: [ template_filter ] --END-- [ RunTime:0.001000s ]
INFO: Run Behavior\ParseTemplateBehavior [ RunTime:0.022001s ]
INFO: [ view_parse ] --END-- [ RunTime:0.022001s ]
INFO: [ view_filter ] --START--
INFO: Run Behavior\WriteHtmlCacheBehavior [ RunTime:0.001000s ]
INFO: [ view_filter ] --END-- [ RunTime:0.002000s ]
INFO: [ app_end ] --START--
INFO: Run Behavior\ShowPageTraceBehavior [ RunTime:0.002000s ]
INFO: [ app_end ] --END-- [ RunTime:0.002000s ]

[ 2017-02-12T10:48:21+08:00 ] 127.0.0.1 /Admin/Blog/index
INFO: [ app_init ] --START--
INFO: Run Behavior\BuildLiteBehavior [ RunTime:0.000000s ]
INFO: [ app_init ] --END-- [ RunTime:0.001000s ]
INFO: [ app_begin ] --START--
INFO: Run Behavior\ReadHtmlCacheBehavior [ RunTime:0.000000s ]
INFO: [ app_begin ] --END-- [ RunTime:0.001000s ]
SQL: SHOW COLUMNS FROM `admin` [ RunTime:0.0050s ]
SQL: SELECT * FROM `admin` WHERE `aid` = 1 LIMIT 1   [ RunTime:0.0000s ]
SQL: SHOW COLUMNS FROM `setting` [ RunTime:0.0060s ]
SQL: SELECT * FROM `setting`  [ RunTime:0.0000s ]
SQL: SHOW COLUMNS FROM `page` [ RunTime:0.0050s ]
SQL: SELECT COUNT(*) AS tp_count FROM `page` LIMIT 1   [ RunTime:0.0010s ]
SQL: SELECT * FROM `page` ORDER BY pid desc LIMIT 0,30   [ RunTime:0.0010s ]
INFO: [ view_parse ] --START--
INFO: [ template_filter ] --START--
INFO: Run Behavior\ContentReplaceBehavior [ RunTime:0.000000s ]
INFO: [ template_filter ] --END-- [ RunTime:0.000000s ]
INFO: Run Behavior\ParseTemplateBehavior [ RunTime:0.007001s ]
INFO: [ view_parse ] --END-- [ RunTime:0.007001s ]
INFO: [ view_filter ] --START--
INFO: Run Behavior\WriteHtmlCacheBehavior [ RunTime:0.001000s ]
INFO: [ view_filter ] --END-- [ RunTime:0.001000s ]
INFO: [ app_end ] --START--
INFO: Run Behavior\ShowPageTraceBehavior [ RunTime:0.000000s ]
INFO: [ app_end ] --END-- [ RunTime:0.000000s ]

[ 2017-02-12T11:11:11+08:00 ] 127.0.0.1 /index.php/Admin/Blog/add.html
INFO: [ app_init ] --START--
INFO: Run Behavior\BuildLiteBehavior [ RunTime:0.000000s ]
INFO: [ app_init ] --END-- [ RunTime:0.000000s ]
INFO: [ app_begin ] --START--
INFO: Run Behavior\ReadHtmlCacheBehavior [ RunTime:0.000000s ]
INFO: [ app_begin ] --END-- [ RunTime:0.000000s ]
SQL: SHOW COLUMNS FROM `admin` [ RunTime:0.0050s ]
SQL: SELECT * FROM `admin` WHERE `aid` = 1 LIMIT 1   [ RunTime:0.0000s ]
SQL: SHOW COLUMNS FROM `page` [ RunTime:0.0060s ]
INFO: [ view_parse ] --START--
INFO: [ template_filter ] --START--
INFO: Run Behavior\ContentReplaceBehavior [ RunTime:0.000000s ]
INFO: [ template_filter ] --END-- [ RunTime:0.000000s ]
INFO: Run Behavior\ParseTemplateBehavior [ RunTime:0.008000s ]
INFO: [ view_parse ] --END-- [ RunTime:0.008000s ]
INFO: [ view_filter ] --START--
INFO: Run Behavior\WriteHtmlCacheBehavior [ RunTime:0.001001s ]
INFO: [ view_filter ] --END-- [ RunTime:0.001001s ]
INFO: [ app_end ] --START--
INFO: Run Behavior\ShowPageTraceBehavior [ RunTime:0.001000s ]
INFO: [ app_end ] --END-- [ RunTime:0.001000s ]

[ 2017-02-12T11:11:22+08:00 ] 127.0.0.1 /index.php/Admin/Blog/images/image.png
INFO: [ app_init ] --START--
INFO: Run Behavior\BuildLiteBehavior [ RunTime:0.000000s ]
INFO: [ app_init ] --END-- [ RunTime:0.001001s ]

[ 2017-02-12T11:11:34+08:00 ] 127.0.0.1 /index.php/Admin/Blog/save.html?pid=0
INFO: [ app_init ] --START--
INFO: Run Behavior\BuildLiteBehavior [ RunTime:0.000000s ]
INFO: [ app_init ] --END-- [ RunTime:0.001001s ]
INFO: [ app_begin ] --START--
INFO: Run Behavior\ReadHtmlCacheBehavior [ RunTime:0.001000s ]
INFO: [ app_begin ] --END-- [ RunTime:0.001000s ]
SQL: SHOW COLUMNS FROM `admin` [ RunTime:0.0050s ]
SQL: SELECT * FROM `admin` WHERE `aid` = 1 LIMIT 1   [ RunTime:0.0010s ]
SQL: SHOW COLUMNS FROM `page` [ RunTime:0.0050s ]
SQL: SHOW COLUMNS FROM `num` [ RunTime:0.0060s ]
NOTIC: [8] Undefined index: auto C:\www\tpblog\ThinkPHP\Library\Think\Model.class.php 第 1128 行.
SQL: INSERT INTO `page` (`title`,`author`,`content`,`img`,`intime`) VALUES ('额','嗯嗯','&lt;p&gt;&lt;u&gt;&lt;b&gt;呵呵呵呵呵呵&lt;/b&gt;&lt;/u&gt;&lt;/p&gt;','','1486869094') [ RunTime:0.0060s ]
SQL: SELECT * FROM `num` WHERE `key` = 'page' LIMIT 1   [ RunTime:0.0000s ]
SQL: UPDATE `num` SET `val`='2' WHERE `key` = 'page' [ RunTime:0.0030s ]
INFO: [ view_parse ] --START--
INFO: [ template_filter ] --START--
INFO: Run Behavior\ContentReplaceBehavior [ RunTime:0.000000s ]
INFO: [ template_filter ] --END-- [ RunTime:0.000000s ]
INFO: Run Behavior\ParseTemplateBehavior [ RunTime:0.006000s ]
INFO: [ view_parse ] --END-- [ RunTime:0.006000s ]
INFO: [ view_filter ] --START--
INFO: Run Behavior\WriteHtmlCacheBehavior [ RunTime:0.000000s ]
INFO: [ view_filter ] --END-- [ RunTime:0.001000s ]
INFO: [ app_end ] --START--
INFO: Run Behavior\ShowPageTraceBehavior [ RunTime:0.001000s ]
INFO: [ app_end ] --END-- [ RunTime:0.001000s ]

[ 2017-02-12T11:11:35+08:00 ] 127.0.0.1 /Admin/Blog/index
INFO: [ app_init ] --START--
INFO: Run Behavior\BuildLiteBehavior [ RunTime:0.000000s ]
INFO: [ app_init ] --END-- [ RunTime:0.001000s ]
INFO: [ app_begin ] --START--
INFO: Run Behavior\ReadHtmlCacheBehavior [ RunTime:0.001000s ]
INFO: [ app_begin ] --END-- [ RunTime:0.001000s ]
SQL: SHOW COLUMNS FROM `admin` [ RunTime:0.0060s ]
SQL: SELECT * FROM `admin` WHERE `aid` = 1 LIMIT 1   [ RunTime:0.0030s ]
SQL: SHOW COLUMNS FROM `setting` [ RunTime:0.0050s ]
SQL: SELECT * FROM `setting`  [ RunTime:0.0000s ]
SQL: SHOW COLUMNS FROM `page` [ RunTime:0.0050s ]
SQL: SELECT COUNT(*) AS tp_count FROM `page` LIMIT 1   [ RunTime:0.0010s ]
SQL: SELECT * FROM `page` ORDER BY pid desc LIMIT 0,30   [ RunTime:0.0010s ]
INFO: [ view_parse ] --START--
INFO: [ template_filter ] --START--
INFO: Run Behavior\ContentReplaceBehavior [ RunTime:0.000000s ]
INFO: [ template_filter ] --END-- [ RunTime:0.000000s ]
INFO: Run Behavior\ParseTemplateBehavior [ RunTime:0.007001s ]
INFO: [ view_parse ] --END-- [ RunTime:0.007001s ]
INFO: [ view_filter ] --START--
INFO: Run Behavior\WriteHtmlCacheBehavior [ RunTime:0.001000s ]
INFO: [ view_filter ] --END-- [ RunTime:0.001000s ]
INFO: [ app_end ] --START--
INFO: Run Behavior\ShowPageTraceBehavior [ RunTime:0.001000s ]
INFO: [ app_end ] --END-- [ RunTime:0.001000s ]

