[ 2017-03-09T17:52:26+08:00 ] 127.0.0.1 /Admin
INFO: [ app_init ] --START--
INFO: Run Behavior\BuildLiteBehavior [ RunTime:0.000000s ]
INFO: [ app_init ] --END-- [ RunTime:0.000000s ]
INFO: [ app_begin ] --START--
INFO: Run Behavior\ReadHtmlCacheBehavior [ RunTime:0.001000s ]
INFO: [ app_begin ] --END-- [ RunTime:0.001000s ]
INFO: [ view_parse ] --START--
INFO: [ template_filter ] --START--
INFO: Run Behavior\ContentReplaceBehavior [ RunTime:0.000000s ]
INFO: [ template_filter ] --END-- [ RunTime:0.000000s ]
INFO: Run Behavior\ParseTemplateBehavior [ RunTime:0.009001s ]
INFO: [ view_parse ] --END-- [ RunTime:0.010001s ]
INFO: [ view_filter ] --START--
INFO: Run Behavior\WriteHtmlCacheBehavior [ RunTime:0.001000s ]
INFO: [ view_filter ] --END-- [ RunTime:0.001000s ]

[ 2017-03-09T17:52:29+08:00 ] 127.0.0.1 /Admin/Login/index
INFO: [ app_init ] --START--
INFO: Run Behavior\BuildLiteBehavior [ RunTime:0.000000s ]
INFO: [ app_init ] --END-- [ RunTime:0.000000s ]
INFO: [ app_begin ] --START--
INFO: Run Behavior\ReadHtmlCacheBehavior [ RunTime:0.001000s ]
INFO: [ app_begin ] --END-- [ RunTime:0.001000s ]
INFO: [ view_parse ] --START--
INFO: [ template_filter ] --START--
INFO: Run Behavior\ContentReplaceBehavior [ RunTime:0.000000s ]
INFO: [ template_filter ] --END-- [ RunTime:0.000000s ]
INFO: Run Behavior\ParseTemplateBehavior [ RunTime:0.007000s ]
INFO: [ view_parse ] --END-- [ RunTime:0.007000s ]
INFO: [ view_filter ] --START--
INFO: Run Behavior\WriteHtmlCacheBehavior [ RunTime:0.001001s ]
INFO: [ view_filter ] --END-- [ RunTime:0.001001s ]
INFO: [ app_end ] --START--
INFO: Run Behavior\ShowPageTraceBehavior [ RunTime:0.000000s ]
INFO: [ app_end ] --END-- [ RunTime:0.001000s ]

[ 2017-03-09T17:52:33+08:00 ] 127.0.0.1 /index.php/Admin/Login/index/act/chk.html
INFO: [ app_init ] --START--
INFO: Run Behavior\BuildLiteBehavior [ RunTime:0.000000s ]
INFO: [ app_init ] --END-- [ RunTime:0.001000s ]
INFO: [ app_begin ] --START--
INFO: Run Behavior\ReadHtmlCacheBehavior [ RunTime:0.001000s ]
INFO: [ app_begin ] --END-- [ RunTime:0.001000s ]
SQL: SHOW COLUMNS FROM `setting` [ RunTime:0.0040s ]
SQL: SELECT * FROM `setting` WHERE `key` = 'md5key' LIMIT 1   [ RunTime:0.0000s ]
SQL: SHOW COLUMNS FROM `admin` [ RunTime:0.0050s ]
SQL: SELECT * FROM `admin` WHERE `admin` = '121212' AND `adminpw` = 'f1f32e4d89276a6636f2e1243badd71d' LIMIT 1   [ RunTime:0.0010s ]
INFO: [ view_parse ] --START--
INFO: [ template_filter ] --START--
INFO: Run Behavior\ContentReplaceBehavior [ RunTime:0.000000s ]
INFO: [ template_filter ] --END-- [ RunTime:0.000000s ]
INFO: Run Behavior\ParseTemplateBehavior [ RunTime:0.006000s ]
INFO: [ view_parse ] --END-- [ RunTime:0.006000s ]
INFO: [ view_filter ] --START--
INFO: Run Behavior\WriteHtmlCacheBehavior [ RunTime:0.001000s ]
INFO: [ view_filter ] --END-- [ RunTime:0.001000s ]
INFO: [ app_end ] --START--
INFO: Run Behavior\ShowPageTraceBehavior [ RunTime:0.001000s ]
INFO: [ app_end ] --END-- [ RunTime:0.001000s ]

[ 2017-03-09T17:52:34+08:00 ] 127.0.0.1 /Admin/Index/index
INFO: [ app_init ] --START--
INFO: Run Behavior\BuildLiteBehavior [ RunTime:0.000000s ]
INFO: [ app_init ] --END-- [ RunTime:0.001001s ]
INFO: [ app_begin ] --START--
INFO: Run Behavior\ReadHtmlCacheBehavior [ RunTime:0.001000s ]
INFO: [ app_begin ] --END-- [ RunTime:0.001000s ]
SQL: SHOW COLUMNS FROM `admin` [ RunTime:0.0040s ]
SQL: SELECT * FROM `admin` WHERE `aid` = 30 LIMIT 1   [ RunTime:0.0000s ]
SQL: SHOW COLUMNS FROM `num` [ RunTime:0.0040s ]
NOTIC: [8] Undefined variable: submitinsert C:\www\tpblog\Application\Admin\Controller\IndexController.class.php 第 7 行.
SQL: SELECT * FROM `num` WHERE `key` = 'vst' LIMIT 1   [ RunTime:0.0010s ]
SQL: SELECT * FROM `num`  [ RunTime:0.0000s ]
SQL: SHOW COLUMNS FROM `setting` [ RunTime:0.0050s ]
SQL: SELECT * FROM `setting`  [ RunTime:0.0000s ]
INFO: [ view_parse ] --START--
INFO: [ template_filter ] --START--
INFO: Run Behavior\ContentReplaceBehavior [ RunTime:0.000000s ]
INFO: [ template_filter ] --END-- [ RunTime:0.000000s ]
INFO: Run Behavior\ParseTemplateBehavior [ RunTime:0.008001s ]
INFO: [ view_parse ] --END-- [ RunTime:0.008001s ]
INFO: [ view_filter ] --START--
INFO: Run Behavior\WriteHtmlCacheBehavior [ RunTime:0.001000s ]
INFO: [ view_filter ] --END-- [ RunTime:0.001000s ]
INFO: [ app_end ] --START--
INFO: Run Behavior\ShowPageTraceBehavior [ RunTime:0.001000s ]
INFO: [ app_end ] --END-- [ RunTime:0.001000s ]

[ 2017-03-09T17:53:29+08:00 ] 127.0.0.1 /index.php/Admin/Class/index.html
INFO: [ app_init ] --START--
INFO: Run Behavior\BuildLiteBehavior [ RunTime:0.000000s ]
INFO: [ app_init ] --END-- [ RunTime:0.001000s ]
INFO: [ app_begin ] --START--
INFO: Run Behavior\ReadHtmlCacheBehavior [ RunTime:0.001001s ]
INFO: [ app_begin ] --END-- [ RunTime:0.001001s ]
SQL: SHOW COLUMNS FROM `admin` [ RunTime:0.0060s ]
SQL: SELECT * FROM `admin` WHERE `aid` = 30 LIMIT 1   [ RunTime:0.0000s ]
SQL: SHOW COLUMNS FROM `setting` [ RunTime:0.0050s ]
SQL: SELECT * FROM `setting`  [ RunTime:0.0010s ]
SQL: SHOW COLUMNS FROM `classes` [ RunTime:0.0050s ]
SQL: SELECT COUNT(*) AS tp_count FROM `classes` LIMIT 1   [ RunTime:0.0010s ]
SQL: SELECT * FROM `classes` ORDER BY cid desc LIMIT 0,10   [ RunTime:0.0000s ]
INFO: [ view_parse ] --START--
INFO: [ template_filter ] --START--
INFO: Run Behavior\ContentReplaceBehavior [ RunTime:0.000000s ]
INFO: [ template_filter ] --END-- [ RunTime:0.000000s ]
INFO: Run Behavior\ParseTemplateBehavior [ RunTime:0.009000s ]
INFO: [ view_parse ] --END-- [ RunTime:0.009000s ]
INFO: [ view_filter ] --START--
INFO: Run Behavior\WriteHtmlCacheBehavior [ RunTime:0.001000s ]
INFO: [ view_filter ] --END-- [ RunTime:0.001000s ]
INFO: [ app_end ] --START--
INFO: Run Behavior\ShowPageTraceBehavior [ RunTime:0.001000s ]
INFO: [ app_end ] --END-- [ RunTime:0.001000s ]

[ 2017-03-09T17:53:30+08:00 ] 127.0.0.1 /index.php/Admin/Submit/index.html
INFO: [ app_init ] --START--
INFO: Run Behavior\BuildLiteBehavior [ RunTime:0.000000s ]
INFO: [ app_init ] --END-- [ RunTime:0.000000s ]
INFO: [ app_begin ] --START--
INFO: Run Behavior\ReadHtmlCacheBehavior [ RunTime:0.000000s ]
INFO: [ app_begin ] --END-- [ RunTime:0.000000s ]
SQL: SHOW COLUMNS FROM `admin` [ RunTime:0.0050s ]
SQL: SELECT * FROM `admin` WHERE `aid` = 30 LIMIT 1   [ RunTime:0.0000s ]
SQL: SHOW COLUMNS FROM `setting` [ RunTime:0.0050s ]
SQL: SELECT * FROM `setting`  [ RunTime:0.0010s ]
SQL: SHOW COLUMNS FROM `setting` [ RunTime:0.0050s ]
SQL: SHOW COLUMNS FROM `submit` [ RunTime:0.0050s ]
SQL: SELECT COUNT(*) AS tp_count FROM `submit` LIMIT 1   [ RunTime:0.0000s ]
NOTIC: [8] Undefined variable: username C:\www\tpblog\Application\Admin\Controller\SubmitController.class.php 第 22 行.
SQL: SELECT * FROM `submit` ORDER BY subid desc LIMIT 0,10   [ RunTime:0.0010s ]
INFO: [ view_parse ] --START--
INFO: [ template_filter ] --START--
INFO: Run Behavior\ContentReplaceBehavior [ RunTime:0.000000s ]
INFO: [ template_filter ] --END-- [ RunTime:0.000000s ]
SQL: SHOW COLUMNS FROM `classes` [ RunTime:0.0050s ]
SQL: SELECT * FROM `classes` WHERE `name` = '教程'  [ RunTime:0.0010s ]
SQL: SELECT * FROM `classes` WHERE `name` = '未分类'  [ RunTime:0.0010s ]
SQL: SELECT * FROM `classes` WHERE `name` = ''  [ RunTime:0.0010s ]
NOTIC: [8] Undefined offset: 0 C:\www\tpblog\Application\Runtime\Cache\Admin\15d1a640ea1b66fae453579aced03f87.php 第 38 行.
SQL: SELECT * FROM `classes` WHERE `name` = ''  [ RunTime:0.0010s ]
NOTIC: [8] Undefined offset: 0 C:\www\tpblog\Application\Runtime\Cache\Admin\15d1a640ea1b66fae453579aced03f87.php 第 38 行.
SQL: SELECT * FROM `classes` WHERE `name` = ''  [ RunTime:0.0010s ]
NOTIC: [8] Undefined offset: 0 C:\www\tpblog\Application\Runtime\Cache\Admin\15d1a640ea1b66fae453579aced03f87.php 第 38 行.
SQL: SELECT * FROM `classes` WHERE `name` = ''  [ RunTime:0.0000s ]
NOTIC: [8] Undefined offset: 0 C:\www\tpblog\Application\Runtime\Cache\Admin\15d1a640ea1b66fae453579aced03f87.php 第 38 行.
SQL: SELECT * FROM `classes` WHERE `name` = ''  [ RunTime:0.0000s ]
NOTIC: [8] Undefined offset: 0 C:\www\tpblog\Application\Runtime\Cache\Admin\15d1a640ea1b66fae453579aced03f87.php 第 38 行.
SQL: SELECT * FROM `classes` WHERE `name` = ''  [ RunTime:0.0000s ]
NOTIC: [8] Undefined offset: 0 C:\www\tpblog\Application\Runtime\Cache\Admin\15d1a640ea1b66fae453579aced03f87.php 第 38 行.
SQL: SELECT * FROM `classes` WHERE `name` = ''  [ RunTime:0.0000s ]
NOTIC: [8] Undefined offset: 0 C:\www\tpblog\Application\Runtime\Cache\Admin\15d1a640ea1b66fae453579aced03f87.php 第 38 行.
SQL: SELECT * FROM `classes` WHERE `name` = ''  [ RunTime:0.0000s ]
NOTIC: [8] Undefined offset: 0 C:\www\tpblog\Application\Runtime\Cache\Admin\15d1a640ea1b66fae453579aced03f87.php 第 38 行.
INFO: Run Behavior\ParseTemplateBehavior [ RunTime:0.023002s ]
INFO: [ view_parse ] --END-- [ RunTime:0.023002s ]
INFO: [ view_filter ] --START--
INFO: Run Behavior\WriteHtmlCacheBehavior [ RunTime:0.001000s ]
INFO: [ view_filter ] --END-- [ RunTime:0.001000s ]
INFO: [ app_end ] --START--
INFO: Run Behavior\ShowPageTraceBehavior [ RunTime:0.000000s ]
INFO: [ app_end ] --END-- [ RunTime:0.000000s ]

[ 2017-03-09T17:54:56+08:00 ] 127.0.0.1 /index.php/Admin/Submit/false.html?subid=11
INFO: [ app_init ] --START--
INFO: Run Behavior\BuildLiteBehavior [ RunTime:0.000000s ]
INFO: [ app_init ] --END-- [ RunTime:0.000000s ]
INFO: [ app_begin ] --START--
INFO: Run Behavior\ReadHtmlCacheBehavior [ RunTime:0.001000s ]
INFO: [ app_begin ] --END-- [ RunTime:0.001000s ]
SQL: SHOW COLUMNS FROM `admin` [ RunTime:0.0070s ]
SQL: SELECT * FROM `admin` WHERE `aid` = 30 LIMIT 1   [ RunTime:0.0010s ]
SQL: SHOW COLUMNS FROM `setting` [ RunTime:0.0060s ]
SQL: SELECT * FROM `setting`  [ RunTime:0.0000s ]
SQL: SHOW COLUMNS FROM `submit` [ RunTime:0.0050s ]
SQL: SELECT * FROM `submit` WHERE `subid` = 11  [ RunTime:0.0010s ]
SQL: SHOW COLUMNS FROM `num` [ RunTime:0.0050s ]
SQL: SHOW COLUMNS FROM `msg` [ RunTime:0.0050s ]
SQL: DELETE FROM `msg` WHERE `pid` = 47 [ RunTime:0.0000s ]
SQL: SHOW COLUMNS FROM `page` [ RunTime:0.0050s ]
SQL: SELECT * FROM `page` WHERE `pid` = 47 LIMIT 1   [ RunTime:0.0010s ]
SQL: DELETE FROM `page` WHERE `pid` = 47 [ RunTime:0.0050s ]
SQL: SELECT * FROM `num` WHERE `key` = 'page' LIMIT 1   [ RunTime:0.0010s ]
SQL: SELECT * FROM `num` WHERE `key` = 'msg' LIMIT 1   [ RunTime:0.0010s ]
SQL: SELECT * FROM `num` WHERE `key` = 'read' LIMIT 1   [ RunTime:0.0000s ]
SQL: SELECT * FROM `num` WHERE `key` = 'zan' LIMIT 1   [ RunTime:0.0010s ]
SQL: UPDATE `num` SET `val`='12' WHERE `key` = 'page' [ RunTime:0.0040s ]
SQL: UPDATE `num` SET `val`='2' WHERE `key` = 'msg' [ RunTime:0.0030s ]
SQL: UPDATE `num` SET `val`='-3' WHERE `key` = 'read' [ RunTime:0.0040s ]
SQL: UPDATE `num` SET `val`='0' WHERE `key` = 'zan' [ RunTime:0.0030s ]
SQL: UPDATE `submit` SET `state`='false',`pid`='' WHERE `subid` = 11 [ RunTime:0.0040s ]

[ 2017-03-09T17:54:56+08:00 ] 127.0.0.1 /index.php/Admin/Submit/index.html
INFO: [ app_init ] --START--
INFO: Run Behavior\BuildLiteBehavior [ RunTime:0.000000s ]
INFO: [ app_init ] --END-- [ RunTime:0.000000s ]
INFO: [ app_begin ] --START--
INFO: Run Behavior\ReadHtmlCacheBehavior [ RunTime:0.001000s ]
INFO: [ app_begin ] --END-- [ RunTime:0.001000s ]
SQL: SHOW COLUMNS FROM `admin` [ RunTime:0.0050s ]
SQL: SELECT * FROM `admin` WHERE `aid` = 30 LIMIT 1   [ RunTime:0.0000s ]
SQL: SHOW COLUMNS FROM `setting` [ RunTime:0.0050s ]
SQL: SELECT * FROM `setting`  [ RunTime:0.0010s ]
SQL: SHOW COLUMNS FROM `setting` [ RunTime:0.0050s ]
SQL: SHOW COLUMNS FROM `submit` [ RunTime:0.0060s ]
SQL: SELECT COUNT(*) AS tp_count FROM `submit` LIMIT 1   [ RunTime:0.0010s ]
NOTIC: [8] Undefined variable: username C:\www\tpblog\Application\Admin\Controller\SubmitController.class.php 第 22 行.
SQL: SELECT * FROM `submit` ORDER BY subid desc LIMIT 0,10   [ RunTime:0.0000s ]
INFO: [ view_parse ] --START--
INFO: [ template_filter ] --START--
INFO: Run Behavior\ContentReplaceBehavior [ RunTime:0.000000s ]
INFO: [ template_filter ] --END-- [ RunTime:0.000000s ]
SQL: SHOW COLUMNS FROM `classes` [ RunTime:0.0050s ]
SQL: SELECT * FROM `classes` WHERE `name` = '教程'  [ RunTime:0.0000s ]
SQL: SELECT * FROM `classes` WHERE `name` = '未分类'  [ RunTime:0.0010s ]
SQL: SELECT * FROM `classes` WHERE `name` = ''  [ RunTime:0.0010s ]
NOTIC: [8] Undefined offset: 0 C:\www\tpblog\Application\Runtime\Cache\Admin\15d1a640ea1b66fae453579aced03f87.php 第 38 行.
SQL: SELECT * FROM `classes` WHERE `name` = ''  [ RunTime:0.0000s ]
NOTIC: [8] Undefined offset: 0 C:\www\tpblog\Application\Runtime\Cache\Admin\15d1a640ea1b66fae453579aced03f87.php 第 38 行.
SQL: SELECT * FROM `classes` WHERE `name` = ''  [ RunTime:0.0000s ]
NOTIC: [8] Undefined offset: 0 C:\www\tpblog\Application\Runtime\Cache\Admin\15d1a640ea1b66fae453579aced03f87.php 第 38 行.
SQL: SELECT * FROM `classes` WHERE `name` = ''  [ RunTime:0.0010s ]
NOTIC: [8] Undefined offset: 0 C:\www\tpblog\Application\Runtime\Cache\Admin\15d1a640ea1b66fae453579aced03f87.php 第 38 行.
SQL: SELECT * FROM `classes` WHERE `name` = ''  [ RunTime:0.0010s ]
NOTIC: [8] Undefined offset: 0 C:\www\tpblog\Application\Runtime\Cache\Admin\15d1a640ea1b66fae453579aced03f87.php 第 38 行.
SQL: SELECT * FROM `classes` WHERE `name` = ''  [ RunTime:0.0000s ]
NOTIC: [8] Undefined offset: 0 C:\www\tpblog\Application\Runtime\Cache\Admin\15d1a640ea1b66fae453579aced03f87.php 第 38 行.
SQL: SELECT * FROM `classes` WHERE `name` = ''  [ RunTime:0.0000s ]
NOTIC: [8] Undefined offset: 0 C:\www\tpblog\Application\Runtime\Cache\Admin\15d1a640ea1b66fae453579aced03f87.php 第 38 行.
SQL: SELECT * FROM `classes` WHERE `name` = ''  [ RunTime:0.0010s ]
NOTIC: [8] Undefined offset: 0 C:\www\tpblog\Application\Runtime\Cache\Admin\15d1a640ea1b66fae453579aced03f87.php 第 38 行.
INFO: Run Behavior\ParseTemplateBehavior [ RunTime:0.021001s ]
INFO: [ view_parse ] --END-- [ RunTime:0.021001s ]
INFO: [ view_filter ] --START--
INFO: Run Behavior\WriteHtmlCacheBehavior [ RunTime:0.001000s ]
INFO: [ view_filter ] --END-- [ RunTime:0.001000s ]
INFO: [ app_end ] --START--
INFO: Run Behavior\ShowPageTraceBehavior [ RunTime:0.001000s ]
INFO: [ app_end ] --END-- [ RunTime:0.001000s ]

[ 2017-03-09T17:55:00+08:00 ] 127.0.0.1 /index.php/Admin/Submit/pass.html?subid=11
INFO: [ app_init ] --START--
INFO: Run Behavior\BuildLiteBehavior [ RunTime:0.000000s ]
INFO: [ app_init ] --END-- [ RunTime:0.001000s ]
INFO: [ app_begin ] --START--
INFO: Run Behavior\ReadHtmlCacheBehavior [ RunTime:0.001000s ]
INFO: [ app_begin ] --END-- [ RunTime:0.001000s ]
SQL: SHOW COLUMNS FROM `admin` [ RunTime:0.0050s ]
SQL: SELECT * FROM `admin` WHERE `aid` = 30 LIMIT 1   [ RunTime:0.0010s ]
SQL: SHOW COLUMNS FROM `setting` [ RunTime:0.0050s ]
SQL: SELECT * FROM `setting`  [ RunTime:0.0000s ]
SQL: SHOW COLUMNS FROM `submit` [ RunTime:0.0060s ]
SQL: UPDATE `submit` SET `state`='true',`uptime`='1489053300' WHERE `subid` = 11 [ RunTime:0.0050s ]
SQL: SELECT * FROM `submit` WHERE `subid` = 11  [ RunTime:0.0010s ]

[ 2017-03-09T17:55:42+08:00 ] 127.0.0.1 /index.php/Admin/Submit/pass.html?subid=11
INFO: [ app_init ] --START--
INFO: Run Behavior\BuildLiteBehavior [ RunTime:0.000000s ]
INFO: [ app_init ] --END-- [ RunTime:0.001000s ]
INFO: [ app_begin ] --START--
INFO: Run Behavior\ReadHtmlCacheBehavior [ RunTime:0.001000s ]
INFO: [ app_begin ] --END-- [ RunTime:0.001000s ]
SQL: SHOW COLUMNS FROM `admin` [ RunTime:0.0050s ]
SQL: SELECT * FROM `admin` WHERE `aid` = 30 LIMIT 1   [ RunTime:0.0000s ]
SQL: SHOW COLUMNS FROM `setting` [ RunTime:0.0050s ]
SQL: SELECT * FROM `setting`  [ RunTime:0.0010s ]
SQL: SHOW COLUMNS FROM `submit` [ RunTime:0.0050s ]
SQL: UPDATE `submit` SET `state`='true',`uptime`='1489053342' WHERE `subid` = 11 [ RunTime:0.0060s ]
SQL: SELECT * FROM `submit` WHERE `subid` = 11  [ RunTime:0.0010s ]
SQL: SHOW COLUMNS FROM `page` [ RunTime:0.0050s ]

[ 2017-03-09T17:55:50+08:00 ] 127.0.0.1 /index.php/Admin/Submit/pass.html?subid=11
INFO: [ app_init ] --START--
INFO: Run Behavior\BuildLiteBehavior [ RunTime:0.000000s ]
INFO: [ app_init ] --END-- [ RunTime:0.001000s ]
INFO: [ app_begin ] --START--
INFO: Run Behavior\ReadHtmlCacheBehavior [ RunTime:0.001000s ]
INFO: [ app_begin ] --END-- [ RunTime:0.001000s ]
SQL: SHOW COLUMNS FROM `admin` [ RunTime:0.0050s ]
SQL: SELECT * FROM `admin` WHERE `aid` = 30 LIMIT 1   [ RunTime:0.0000s ]
SQL: SHOW COLUMNS FROM `setting` [ RunTime:0.0050s ]
SQL: SELECT * FROM `setting`  [ RunTime:0.0010s ]
SQL: SHOW COLUMNS FROM `submit` [ RunTime:0.0060s ]
SQL: UPDATE `submit` SET `state`='true',`uptime`='1489053350' WHERE `subid` = 11 [ RunTime:0.0150s ]
SQL: SELECT * FROM `submit` WHERE `subid` = 11  [ RunTime:0.0010s ]
SQL: SHOW COLUMNS FROM `page` [ RunTime:0.0060s ]

[ 2017-03-09T17:56:20+08:00 ] 127.0.0.1 /index.php/Admin/Submit/index.html
INFO: [ app_init ] --START--
INFO: Run Behavior\BuildLiteBehavior [ RunTime:0.000000s ]
INFO: [ app_init ] --END-- [ RunTime:0.000000s ]
INFO: [ app_begin ] --START--
INFO: Run Behavior\ReadHtmlCacheBehavior [ RunTime:0.001000s ]
INFO: [ app_begin ] --END-- [ RunTime:0.001000s ]
SQL: SHOW COLUMNS FROM `admin` [ RunTime:0.0050s ]
SQL: SELECT * FROM `admin` WHERE `aid` = 30 LIMIT 1   [ RunTime:0.0000s ]
SQL: SHOW COLUMNS FROM `setting` [ RunTime:0.0050s ]
SQL: SELECT * FROM `setting`  [ RunTime:0.0010s ]
SQL: SHOW COLUMNS FROM `setting` [ RunTime:0.0050s ]
SQL: SHOW COLUMNS FROM `submit` [ RunTime:0.0050s ]
SQL: SELECT COUNT(*) AS tp_count FROM `submit` LIMIT 1   [ RunTime:0.0010s ]
NOTIC: [8] Undefined variable: username C:\www\tpblog\Application\Admin\Controller\SubmitController.class.php 第 22 行.
SQL: SELECT * FROM `submit` ORDER BY subid desc LIMIT 0,10   [ RunTime:0.0010s ]
INFO: [ view_parse ] --START--
INFO: [ template_filter ] --START--
INFO: Run Behavior\ContentReplaceBehavior [ RunTime:0.000000s ]
INFO: [ template_filter ] --END-- [ RunTime:0.000000s ]
SQL: SHOW COLUMNS FROM `classes` [ RunTime:0.0060s ]
SQL: SELECT * FROM `classes` WHERE `name` = '教程'  [ RunTime:0.0000s ]
SQL: SELECT * FROM `classes` WHERE `name` = '教程'  [ RunTime:0.0010s ]
SQL: SELECT * FROM `classes` WHERE `name` = '未分类'  [ RunTime:0.0010s ]
SQL: SELECT * FROM `classes` WHERE `name` = ''  [ RunTime:0.0010s ]
NOTIC: [8] Undefined offset: 0 C:\www\tpblog\Application\Runtime\Cache\Admin\15d1a640ea1b66fae453579aced03f87.php 第 38 行.
SQL: SELECT * FROM `classes` WHERE `name` = ''  [ RunTime:0.0000s ]
NOTIC: [8] Undefined offset: 0 C:\www\tpblog\Application\Runtime\Cache\Admin\15d1a640ea1b66fae453579aced03f87.php 第 38 行.
SQL: SELECT * FROM `classes` WHERE `name` = ''  [ RunTime:0.0000s ]
NOTIC: [8] Undefined offset: 0 C:\www\tpblog\Application\Runtime\Cache\Admin\15d1a640ea1b66fae453579aced03f87.php 第 38 行.
SQL: SELECT * FROM `classes` WHERE `name` = ''  [ RunTime:0.0010s ]
NOTIC: [8] Undefined offset: 0 C:\www\tpblog\Application\Runtime\Cache\Admin\15d1a640ea1b66fae453579aced03f87.php 第 38 行.
SQL: SELECT * FROM `classes` WHERE `name` = ''  [ RunTime:0.0010s ]
NOTIC: [8] Undefined offset: 0 C:\www\tpblog\Application\Runtime\Cache\Admin\15d1a640ea1b66fae453579aced03f87.php 第 38 行.
SQL: SELECT * FROM `classes` WHERE `name` = ''  [ RunTime:0.0000s ]
NOTIC: [8] Undefined offset: 0 C:\www\tpblog\Application\Runtime\Cache\Admin\15d1a640ea1b66fae453579aced03f87.php 第 38 行.
SQL: SELECT * FROM `classes` WHERE `name` = ''  [ RunTime:0.0000s ]
NOTIC: [8] Undefined offset: 0 C:\www\tpblog\Application\Runtime\Cache\Admin\15d1a640ea1b66fae453579aced03f87.php 第 38 行.
INFO: Run Behavior\ParseTemplateBehavior [ RunTime:0.021001s ]
INFO: [ view_parse ] --END-- [ RunTime:0.021001s ]
INFO: [ view_filter ] --START--
INFO: Run Behavior\WriteHtmlCacheBehavior [ RunTime:0.001000s ]
INFO: [ view_filter ] --END-- [ RunTime:0.001000s ]
INFO: [ app_end ] --START--
INFO: Run Behavior\ShowPageTraceBehavior [ RunTime:0.001000s ]
INFO: [ app_end ] --END-- [ RunTime:0.001000s ]

[ 2017-03-09T17:56:21+08:00 ] 127.0.0.1 /index.php/Admin/Submit/pass.html?subid=12
INFO: [ app_init ] --START--
INFO: Run Behavior\BuildLiteBehavior [ RunTime:0.000000s ]
INFO: [ app_init ] --END-- [ RunTime:0.000000s ]
INFO: [ app_begin ] --START--
INFO: Run Behavior\ReadHtmlCacheBehavior [ RunTime:0.001000s ]
INFO: [ app_begin ] --END-- [ RunTime:0.001000s ]
SQL: SHOW COLUMNS FROM `admin` [ RunTime:0.0050s ]
SQL: SELECT * FROM `admin` WHERE `aid` = 30 LIMIT 1   [ RunTime:0.0010s ]
SQL: SHOW COLUMNS FROM `setting` [ RunTime:0.0060s ]
SQL: SELECT * FROM `setting`  [ RunTime:0.0000s ]
SQL: SHOW COLUMNS FROM `submit` [ RunTime:0.0050s ]
SQL: UPDATE `submit` SET `state`='true',`uptime`='1489053381' WHERE `subid` = 12 [ RunTime:0.0060s ]
SQL: SELECT * FROM `submit` WHERE `subid` = 12  [ RunTime:0.0000s ]
SQL: SHOW COLUMNS FROM `page` [ RunTime:0.0050s ]

[ 2017-03-09T17:56:31+08:00 ] 127.0.0.1 /index.php/Admin/Submit/pass.html?subid=12
INFO: [ app_init ] --START--
INFO: Run Behavior\BuildLiteBehavior [ RunTime:0.000000s ]
INFO: [ app_init ] --END-- [ RunTime:0.001000s ]
INFO: [ app_begin ] --START--
INFO: Run Behavior\ReadHtmlCacheBehavior [ RunTime:0.000000s ]
INFO: [ app_begin ] --END-- [ RunTime:0.001000s ]
SQL: SHOW COLUMNS FROM `admin` [ RunTime:0.0050s ]
SQL: SELECT * FROM `admin` WHERE `aid` = 30 LIMIT 1   [ RunTime:0.0010s ]
SQL: SHOW COLUMNS FROM `setting` [ RunTime:0.0050s ]
SQL: SELECT * FROM `setting`  [ RunTime:0.0010s ]
SQL: SHOW COLUMNS FROM `submit` [ RunTime:0.0050s ]
SQL: UPDATE `submit` SET `state`='true',`uptime`='1489053391' WHERE `subid` = 12 [ RunTime:0.0040s ]
SQL: SELECT * FROM `submit` WHERE `subid` = 12  [ RunTime:0.0000s ]
SQL: SHOW COLUMNS FROM `page` [ RunTime:0.0060s ]
SQL: INSERT INTO `page` (`title`,`author`,`content`,`class`,`img`,`intime`,`uptime`) VALUES ('标题','121212','&lt;p&gt;正文&lt;/p&gt;','教程','','1489053379','1489053391') [ RunTime:0.0030s ]
SQL: UPDATE `submit` SET `pid`='51' WHERE `subid` = 12 [ RunTime:0.0040s ]

[ 2017-03-09T17:56:31+08:00 ] 127.0.0.1 /index.php/Admin/Submit/index.html
INFO: [ app_init ] --START--
INFO: Run Behavior\BuildLiteBehavior [ RunTime:0.000000s ]
INFO: [ app_init ] --END-- [ RunTime:0.000000s ]
INFO: [ app_begin ] --START--
INFO: Run Behavior\ReadHtmlCacheBehavior [ RunTime:0.001000s ]
INFO: [ app_begin ] --END-- [ RunTime:0.001000s ]
SQL: SHOW COLUMNS FROM `admin` [ RunTime:0.0050s ]
SQL: SELECT * FROM `admin` WHERE `aid` = 30 LIMIT 1   [ RunTime:0.0010s ]
SQL: SHOW COLUMNS FROM `setting` [ RunTime:0.0050s ]
SQL: SELECT * FROM `setting`  [ RunTime:0.0000s ]
SQL: SHOW COLUMNS FROM `setting` [ RunTime:0.0050s ]
SQL: SHOW COLUMNS FROM `submit` [ RunTime:0.0050s ]
SQL: SELECT COUNT(*) AS tp_count FROM `submit` LIMIT 1   [ RunTime:0.0010s ]
NOTIC: [8] Undefined variable: username C:\www\tpblog\Application\Admin\Controller\SubmitController.class.php 第 22 行.
SQL: SELECT * FROM `submit` ORDER BY subid desc LIMIT 0,10   [ RunTime:0.0010s ]
INFO: [ view_parse ] --START--
INFO: [ template_filter ] --START--
INFO: Run Behavior\ContentReplaceBehavior [ RunTime:0.000000s ]
INFO: [ template_filter ] --END-- [ RunTime:0.000000s ]
SQL: SHOW COLUMNS FROM `classes` [ RunTime:0.0050s ]
SQL: SELECT * FROM `classes` WHERE `name` = '教程'  [ RunTime:0.0010s ]
SQL: SELECT * FROM `classes` WHERE `name` = '教程'  [ RunTime:0.0010s ]
SQL: SELECT * FROM `classes` WHERE `name` = '未分类'  [ RunTime:0.0000s ]
SQL: SELECT * FROM `classes` WHERE `name` = ''  [ RunTime:0.0000s ]
NOTIC: [8] Undefined offset: 0 C:\www\tpblog\Application\Runtime\Cache\Admin\15d1a640ea1b66fae453579aced03f87.php 第 38 行.
SQL: SELECT * FROM `classes` WHERE `name` = ''  [ RunTime:0.0010s ]
NOTIC: [8] Undefined offset: 0 C:\www\tpblog\Application\Runtime\Cache\Admin\15d1a640ea1b66fae453579aced03f87.php 第 38 行.
SQL: SELECT * FROM `classes` WHERE `name` = ''  [ RunTime:0.0010s ]
NOTIC: [8] Undefined offset: 0 C:\www\tpblog\Application\Runtime\Cache\Admin\15d1a640ea1b66fae453579aced03f87.php 第 38 行.
SQL: SELECT * FROM `classes` WHERE `name` = ''  [ RunTime:0.0000s ]
NOTIC: [8] Undefined offset: 0 C:\www\tpblog\Application\Runtime\Cache\Admin\15d1a640ea1b66fae453579aced03f87.php 第 38 行.
SQL: SELECT * FROM `classes` WHERE `name` = ''  [ RunTime:0.0000s ]
NOTIC: [8] Undefined offset: 0 C:\www\tpblog\Application\Runtime\Cache\Admin\15d1a640ea1b66fae453579aced03f87.php 第 38 行.
SQL: SELECT * FROM `classes` WHERE `name` = ''  [ RunTime:0.0010s ]
NOTIC: [8] Undefined offset: 0 C:\www\tpblog\Application\Runtime\Cache\Admin\15d1a640ea1b66fae453579aced03f87.php 第 38 行.
SQL: SELECT * FROM `classes` WHERE `name` = ''  [ RunTime:0.0010s ]
NOTIC: [8] Undefined offset: 0 C:\www\tpblog\Application\Runtime\Cache\Admin\15d1a640ea1b66fae453579aced03f87.php 第 38 行.
INFO: Run Behavior\ParseTemplateBehavior [ RunTime:0.021001s ]
INFO: [ view_parse ] --END-- [ RunTime:0.021001s ]
INFO: [ view_filter ] --START--
INFO: Run Behavior\WriteHtmlCacheBehavior [ RunTime:0.001000s ]
INFO: [ view_filter ] --END-- [ RunTime:0.001000s ]
INFO: [ app_end ] --START--
INFO: Run Behavior\ShowPageTraceBehavior [ RunTime:0.001001s ]
INFO: [ app_end ] --END-- [ RunTime:0.001001s ]

[ 2017-03-09T17:56:33+08:00 ] 127.0.0.1 /index.php/Admin/Msg/index.html
INFO: [ app_init ] --START--
INFO: Run Behavior\BuildLiteBehavior [ RunTime:0.000000s ]
INFO: [ app_init ] --END-- [ RunTime:0.001000s ]
INFO: [ app_begin ] --START--
INFO: Run Behavior\ReadHtmlCacheBehavior [ RunTime:0.001000s ]
INFO: [ app_begin ] --END-- [ RunTime:0.001000s ]
SQL: SHOW COLUMNS FROM `admin` [ RunTime:0.0050s ]
SQL: SELECT * FROM `admin` WHERE `aid` = 30 LIMIT 1   [ RunTime:0.0010s ]
SQL: SHOW COLUMNS FROM `setting` [ RunTime:0.0060s ]
SQL: SELECT * FROM `setting`  [ RunTime:0.0000s ]
SQL: SHOW COLUMNS FROM `msg` [ RunTime:0.0060s ]
SQL: SELECT COUNT(*) AS tp_count FROM `msg` LIMIT 1   [ RunTime:0.0010s ]
SQL: SELECT * FROM `msg` ORDER BY mid desc LIMIT 0,10   [ RunTime:0.0000s ]
INFO: [ view_parse ] --START--
INFO: [ template_filter ] --START--
INFO: Run Behavior\ContentReplaceBehavior [ RunTime:0.000000s ]
INFO: [ template_filter ] --END-- [ RunTime:0.000000s ]
INFO: Run Behavior\ParseTemplateBehavior [ RunTime:0.012001s ]
INFO: [ view_parse ] --END-- [ RunTime:0.012001s ]
INFO: [ view_filter ] --START--
INFO: Run Behavior\WriteHtmlCacheBehavior [ RunTime:0.000000s ]
INFO: [ view_filter ] --END-- [ RunTime:0.000000s ]
INFO: [ app_end ] --START--
INFO: Run Behavior\ShowPageTraceBehavior [ RunTime:0.001000s ]
INFO: [ app_end ] --END-- [ RunTime:0.001000s ]

[ 2017-03-09T17:56:33+08:00 ] 127.0.0.1 /index.php/Admin/Blog/index.html
INFO: [ app_init ] --START--
INFO: Run Behavior\BuildLiteBehavior [ RunTime:0.000000s ]
INFO: [ app_init ] --END-- [ RunTime:0.000000s ]
INFO: [ app_begin ] --START--
INFO: Run Behavior\ReadHtmlCacheBehavior [ RunTime:0.001000s ]
INFO: [ app_begin ] --END-- [ RunTime:0.001000s ]
SQL: SHOW COLUMNS FROM `admin` [ RunTime:0.0060s ]
SQL: SELECT * FROM `admin` WHERE `aid` = 30 LIMIT 1   [ RunTime:0.0000s ]
SQL: SHOW COLUMNS FROM `setting` [ RunTime:0.0050s ]
SQL: SELECT * FROM `setting`  [ RunTime:0.0010s ]
SQL: SHOW COLUMNS FROM `page` [ RunTime:0.0060s ]
SQL: SELECT COUNT(*) AS tp_count FROM `page` LIMIT 1   [ RunTime:0.0000s ]
SQL: SELECT * FROM `page` ORDER BY pid desc LIMIT 0,10   [ RunTime:0.0010s ]
INFO: [ view_parse ] --START--
INFO: [ template_filter ] --START--
INFO: Run Behavior\ContentReplaceBehavior [ RunTime:0.000000s ]
INFO: [ template_filter ] --END-- [ RunTime:0.000000s ]
SQL: SHOW COLUMNS FROM `classes` [ RunTime:0.0050s ]
SQL: SELECT * FROM `classes` WHERE `name` = '教程'  [ RunTime:0.0010s ]
SQL: SELECT * FROM `classes` WHERE `name` = ''  [ RunTime:0.0010s ]
NOTIC: [8] Undefined offset: 0 C:\www\tpblog\Application\Runtime\Cache\Admin\b6cf4839fe914acb0a11e87da731a216.php 第 39 行.
SQL: SELECT * FROM `classes` WHERE `name` = ''  [ RunTime:0.0000s ]
NOTIC: [8] Undefined offset: 0 C:\www\tpblog\Application\Runtime\Cache\Admin\b6cf4839fe914acb0a11e87da731a216.php 第 39 行.
SQL: SELECT * FROM `classes` WHERE `name` = '未分类'  [ RunTime:0.0000s ]
SQL: SELECT * FROM `classes` WHERE `name` = '下载'  [ RunTime:0.0010s ]
SQL: SELECT * FROM `classes` WHERE `name` = '教程'  [ RunTime:0.0010s ]
SQL: SELECT * FROM `classes` WHERE `name` = '未分类'  [ RunTime:0.0000s ]
SQL: SELECT * FROM `classes` WHERE `name` = '未分类'  [ RunTime:0.0010s ]
SQL: SELECT * FROM `classes` WHERE `name` = '未分类'  [ RunTime:0.0010s ]
SQL: SELECT * FROM `classes` WHERE `name` = '未分类'  [ RunTime:0.0000s ]
INFO: Run Behavior\ParseTemplateBehavior [ RunTime:0.021001s ]
INFO: [ view_parse ] --END-- [ RunTime:0.021001s ]
INFO: [ view_filter ] --START--
INFO: Run Behavior\WriteHtmlCacheBehavior [ RunTime:0.000000s ]
INFO: [ view_filter ] --END-- [ RunTime:0.000000s ]
INFO: [ app_end ] --START--
INFO: Run Behavior\ShowPageTraceBehavior [ RunTime:0.001000s ]
INFO: [ app_end ] --END-- [ RunTime:0.001000s ]

